

Starting up. 10:57:18
---------------------


Starting up. 10:58:44
---------------------


Starting up. 11:09:49
---------------------


Starting up. 11:20:35
---------------------


Starting up. 11:21:30
---------------------
[11:30:39]ATTACK: monkey (686) slipped NON-EXISTENT SUBJECT with on PDA-Bonker (Clown)   
[11:34:35]ATTACK: monkey (55)(riki2321gamer) attacked monkey (55)(riki2321gamer) with frosted donut(INTENT: HARM) (DAMTYPE: BRUTE) (NEWHP: 100) (150,130,1)
[11:34:38]ATTACK: monkey (55)(riki2321gamer) attacked monkey (55)(riki2321gamer) with frosted donut(INTENT: HARM) (DAMTYPE: BRUTE) (NEWHP: 100) (150,130,1)
[11:34:39]ATTACK: monkey (55)(riki2321gamer) attacked monkey (55)(riki2321gamer) with frosted donut(INTENT: HARM) (DAMTYPE: BRUTE) (NEWHP: 100) (150,130,1)
[11:34:43]ATTACK: monkey (55)(riki2321gamer) attacked monkey (55)(riki2321gamer) with frosted donut(INTENT: HARM) (DAMTYPE: BRUTE) (NEWHP: 100) (150,130,1)
[11:39:41]ATTACK: NON-EXISTENT USER electrified maintenance access with    (82,160,1)
[11:39:41]ATTACK: NON-EXISTENT USER electrified maintenance access with    (73,163,1)
[11:39:42]ATTACK: NON-EXISTENT USER electrified maintenance access with    (88,143,1)
[11:40:30]ATTACK: hierophant struck with a vortex blast legion with  (NEWHP: 55) (211,202,5)
[11:40:30]ATTACK: hierophant struck with a vortex blast legion with  (NEWHP: 0) 
[11:40:34]ATTACK: hierophant struck with a vortex blast legion with  (NEWHP: 0) 
[11:40:38]ATTACK: hierophant attacked legion with  (NEWHP: 55) (210,201,5)
[11:40:38]ATTACK: hierophant struck with a vortex blast legion with  (NEWHP: 0) 
[11:40:39]ATTACK: hierophant struck with a vortex blast legion with  (NEWHP: 20) (211,202,5)
[11:40:40]ATTACK: hierophant attacked legion with  (NEWHP: 20) (212,203,5)
[11:40:41]ATTACK: hierophant struck with a vortex blast legion with  (NEWHP: 0) 
[11:40:41]ATTACK: hierophant struck with a vortex blast legion with  (NEWHP: 0) 
[11:40:44]ATTACK: legion attacked cockroach with  (NEWHP: 1) (121,76,5)
[11:40:47]ATTACK: hierophant attacked Unknown with  (NEWHP: -466.67) (212,203,5)
[11:41:08]ATTACK: monkey (48) slipped NON-EXISTENT SUBJECT with on floor   
[11:41:08]ATTACK: monkey (48) slipped NON-EXISTENT SUBJECT with on floor   
[11:41:08]ATTACK: monkey (48) slipped NON-EXISTENT SUBJECT with on floor   
[11:41:08]ATTACK: monkey (48) slipped NON-EXISTENT SUBJECT with on floor   


Starting up. 11:43:00
---------------------
[11:49:04]ATTACK: Spaceman attacked Omerta(riki2321gamer) with  (NEWHP: 100) (44,140,10)
[11:49:04]ATTACK: Spaceman attacked Omerta(riki2321gamer) with  (NEWHP: 90) (44,140,10)
[11:52:44]ATTACK: NON-EXISTENT USER electrified maintenance access with    (59,157,1)
[11:53:12]ATTACK: NON-EXISTENT USER electrified Firefighting equipment with    (170,158,1)
[11:53:12]ATTACK: NON-EXISTENT USER electrified Holding Area with    (191,138,1)
[11:53:22]ATTACK: NON-EXISTENT USER electrified Solar Maintenance with    (162,78,1)
[11:53:29]ATTACK: NON-EXISTENT USER electrified Air Supply Maintenance with    (181,84,1)
[11:53:39]ATTACK: NON-EXISTENT USER electrified MiniSat Maintenance with    (153,44,1)
[11:53:46]ATTACK: NON-EXISTENT USER electrified maintenance access with    (195,108,1)
[11:53:48]ATTACK: NON-EXISTENT USER electrified maintenance access with    (83,77,1)
[11:53:59]ATTACK: NON-EXISTENT USER electrified Escape Pod Airlock with    (33,152,1)


Starting up. 12:53:39
---------------------


Starting up. 12:55:12
---------------------


Starting up. 12:55:21
---------------------
[12:56:25]ATTACK: Jere Ratcliff slipped NON-EXISTENT SUBJECT with on floor   
[12:56:26]ATTACK: Chloe Osterwise slipped NON-EXISTENT SUBJECT with on floor   
[13:01:50]ATTACK: NON-EXISTENT USER electrified Centcom Security with    (164,74,2)


Starting up. 13:02:49
---------------------
[13:04:34]ATTACK: Raelene Zimmer slipped NON-EXISTENT SUBJECT with on floor   
[13:04:35]ATTACK: Cade Saylor slipped NON-EXISTENT SUBJECT with on floor   


Starting up. 13:44:10
---------------------


Starting up. 14:46:25
---------------------


Starting up. 14:55:06
---------------------
[15:02:46]ATTACK: NON-EXISTENT USER shot Joanna Watson with The electrode (NEWHP: 100) (110,132,1)
[15:02:47]ATTACK: NON-EXISTENT USER shot Joanna Watson with The electrode (NEWHP: 100) (110,132,1)
[15:02:47]ATTACK: NON-EXISTENT USER shot Joanna Watson with The electrode (NEWHP: 100) (110,132,1)
[15:02:52]ATTACK: NON-EXISTENT USER shot Netta Henry with The electrode (NEWHP: 100) (116,131,1)
[15:02:52]ATTACK: NON-EXISTENT USER shot Netta Henry with The electrode (NEWHP: 100) (116,131,1)
[15:02:53]ATTACK: NON-EXISTENT USER shot Netta Henry with The electrode (NEWHP: 100) (116,131,1)
[15:02:53]ATTACK: NON-EXISTENT USER shot Netta Henry with The electrode (NEWHP: 100) (116,131,1)
[15:03:01]ATTACK: NON-EXISTENT USER shot Joanna Watson with The electrode (NEWHP: 100) (110,132,1)
[15:03:01]ATTACK: NON-EXISTENT USER shot Joanna Watson with The electrode (NEWHP: 100) (110,132,1)
[15:03:01]ATTACK: NON-EXISTENT USER shot Joanna Watson with The electrode (NEWHP: 100) (110,132,1)
[15:03:07]ATTACK: NON-EXISTENT USER shot Netta Henry with The electrode (NEWHP: 100) (116,131,1)
[15:03:07]ATTACK: NON-EXISTENT USER shot Netta Henry with The electrode (NEWHP: 100) (116,131,1)
[15:03:08]ATTACK: NON-EXISTENT USER shot Netta Henry with The electrode (NEWHP: 100) (116,131,1)
[15:03:08]ATTACK: NON-EXISTENT USER shot Netta Henry with The electrode (NEWHP: 100) (116,131,1)
[15:03:13]ATTACK: Mech Bay electrocuted Ivan Jardine with  (NEWHP: 81) (169,128,1)
[15:03:16]ATTACK: Command Tool Storage electrocuted Melody Overstreet with  (NEWHP: 85) (109,149,1)
[15:03:16]ATTACK: NON-EXISTENT USER shot Joanna Watson with The electrode (NEWHP: 100) (110,132,1)
[15:03:16]ATTACK: NON-EXISTENT USER shot Joanna Watson with The electrode (NEWHP: 100) (110,132,1)
[15:03:16]ATTACK: NON-EXISTENT USER shot Joanna Watson with The electrode (NEWHP: 100) (110,132,1)
[15:03:22]ATTACK: NON-EXISTENT USER shot Netta Henry with The electrode (NEWHP: 100) (116,131,1)
[15:03:22]ATTACK: NON-EXISTENT USER shot Netta Henry with The electrode (NEWHP: 100) (116,131,1)
[15:03:22]ATTACK: NON-EXISTENT USER shot Netta Henry with The electrode (NEWHP: 100) (116,131,1)
[15:03:22]ATTACK: NON-EXISTENT USER shot Netta Henry with The electrode (NEWHP: 100) (116,131,1)
[15:03:30]ATTACK: NON-EXISTENT USER shot Joanna Watson with The electrode (NEWHP: 100) (114,132,1)
[15:03:30]ATTACK: NON-EXISTENT USER shot Joanna Watson with The electrode (NEWHP: 100) (114,132,1)
[15:03:30]ATTACK: NON-EXISTENT USER shot Joanna Watson with The electrode (NEWHP: 100) (114,132,1)
[15:03:30]ATTACK: NON-EXISTENT USER shot Joanna Watson with The electrode (NEWHP: 100) (114,132,1)
[15:03:32]ATTACK: NON-EXISTENT USER shot Netta Henry with The electrode (NEWHP: 100) (116,131,1)
[15:03:32]ATTACK: NON-EXISTENT USER shot Netta Henry with The electrode (NEWHP: 100) (116,131,1)
[15:03:32]ATTACK: NON-EXISTENT USER shot Netta Henry with The electrode (NEWHP: 100) (116,131,1)
[15:03:32]ATTACK: NON-EXISTENT USER shot Netta Henry with The electrode (NEWHP: 100) (116,131,1)
[15:03:45]ATTACK: NON-EXISTENT USER shot Joanna Watson with The electrode (NEWHP: 100) (114,132,1)
[15:03:45]ATTACK: NON-EXISTENT USER shot Netta Henry with The electrode (NEWHP: 100) (116,131,1)
[15:03:45]ATTACK: NON-EXISTENT USER shot Joanna Watson with The electrode (NEWHP: 100) (114,132,1)
[15:03:45]ATTACK: NON-EXISTENT USER shot Netta Henry with The electrode (NEWHP: 100) (116,131,1)
[15:03:59]ATTACK: NON-EXISTENT USER shot Netta Henry with The electrode (NEWHP: 100) (116,131,1)
[15:03:59]ATTACK: NON-EXISTENT USER shot Joanna Watson with The electrode (NEWHP: 100) (114,132,1)
[15:03:59]ATTACK: NON-EXISTENT USER shot Joanna Watson with The electrode (NEWHP: 100) (114,132,1)
[15:03:59]ATTACK: NON-EXISTENT USER shot Netta Henry with The electrode (NEWHP: 100) (116,131,1)
[15:04:12]ATTACK: NON-EXISTENT USER shot Netta Henry with The electrode (NEWHP: 100) (116,131,1)
[15:04:12]ATTACK: NON-EXISTENT USER shot Joanna Watson with The electrode (NEWHP: 100) (114,132,1)
[15:04:12]ATTACK: NON-EXISTENT USER shot Netta Henry with The electrode (NEWHP: 100) (116,131,1)
[15:04:12]ATTACK: NON-EXISTENT USER shot Netta Henry with The electrode (NEWHP: 100) (116,131,1)
[15:04:25]ATTACK: NON-EXISTENT USER shot Netta Henry with The electrode (NEWHP: 100) (116,131,1)
[15:04:25]ATTACK: NON-EXISTENT USER shot Joanna Watson with The electrode (NEWHP: 100) (114,132,1)
[15:04:25]ATTACK: NON-EXISTENT USER shot Netta Henry with The electrode (NEWHP: 100) (116,131,1)
[15:04:25]ATTACK: NON-EXISTENT USER shot Netta Henry with The electrode (NEWHP: 100) (116,131,1)
[15:04:30]ATTACK: Chapel Office electrocuted Braxton Shick with  (NEWHP: 82) (180,140,1)
[15:04:30]ATTACK: Hydroponics electrocuted Flossie Trovato with  (NEWHP: 77) (161,142,1)
[15:04:37]ATTACK: NON-EXISTENT USER shot Netta Henry with The electrode (NEWHP: 100) (116,131,1)
[15:04:37]ATTACK: NON-EXISTENT USER shot Netta Henry with The electrode (NEWHP: 100) (116,131,1)
[15:04:37]ATTACK: NON-EXISTENT USER shot Joanna Watson with The electrode (NEWHP: 100) (114,132,1)
[15:05:07]ATTACK: NON-EXISTENT USER electrified maintenance access with    (69,164,1)
[15:05:19]ATTACK: NON-EXISTENT USER electrified Solar Maintenance with    (64,167,1)
[15:05:26]ATTACK: NON-EXISTENT USER electrified maintenance access with    (87,96,1)
[15:05:28]ATTACK: NON-EXISTENT USER electrified maintenance access with    (80,87,1)
[15:05:56]ATTACK: Tech Storage electrocuted Samuel Sidower with  (NEWHP: 92) (112,105,1)
[15:05:59]ATTACK: NON-EXISTENT USER electrified Long-Term Cell 1 with    (106,180,1)
[15:06:00]ATTACK: NON-EXISTENT USER electrified Cargo Bay Warehouse Maintenance with    (84,133,1)
[15:06:01]ATTACK: NON-EXISTENT USER electrified maintenance access with    (97,143,1)
[15:06:06]ATTACK: NON-EXISTENT USER electrified Escape Pod Three with    (136,178,1)
[15:06:18]ATTACK: NON-EXISTENT USER electrified maintenance access with    (195,108,1)
[15:06:23]ATTACK: NON-EXISTENT USER electrified Escape Pod Three with    (134,178,1)
[15:06:29]ATTACK: NON-EXISTENT USER electrified MiniSat Chamber Observation with    (150,39,1)
[15:06:29]ATTACK: NON-EXISTENT USER electrified Research Delivery access with    (193,83,1)
[15:06:33]ATTACK: NON-EXISTENT USER electrified maintenance access with    (190,126,1)
[15:06:47]ATTACK: NON-EXISTENT USER electrified maintenance access with    (72,139,1)
[15:07:44]ATTACK: NON-EXISTENT USER shot Netta Henry with The electrode (NEWHP: 100) (110,130,1)
[15:07:45]ATTACK: NON-EXISTENT USER shot Netta Henry with The electrode (NEWHP: 100) (110,130,1)


Starting up. 18:15:49
---------------------
[18:16:54]ATTACK: Davion Stough slipped NON-EXISTENT SUBJECT with on floor   
[18:16:54]ATTACK: Marley Muller slipped NON-EXISTENT SUBJECT with on floor   


Starting up. 18:24:04
---------------------
[18:33:29]ATTACK: NON-EXISTENT USER electrified Cargo Bay Maintenance with    (74,123,1)
[18:33:31]ATTACK: NON-EXISTENT USER electrified Construction Zone with    (45,159,1)
[18:33:32]ATTACK: NON-EXISTENT USER electrified Solar Maintenance with    (74,81,1)
[18:33:46]ATTACK: NON-EXISTENT USER electrified Aft Starboard Solar Access with    (195,80,1)
[18:33:49]ATTACK: NON-EXISTENT USER electrified maintenance access with    (69,164,1)
[18:33:49]ATTACK: NON-EXISTENT USER electrified Firefighting equipment with    (199,84,1)
[18:33:50]ATTACK: NON-EXISTENT USER electrified Escape Pod Airlock with    (137,178,1)
[18:33:56]ATTACK: NON-EXISTENT USER electrified Labor Camp Shuttle Airlock with    (91,167,1)
[18:33:59]ATTACK: NON-EXISTENT USER electrified Captain's Office Maintenance with    (77,128,1)
[18:34:07]ATTACK: NON-EXISTENT USER electrified Escape Pod Airlock with    (131,72,1)
[18:34:07]ATTACK: NON-EXISTENT USER electrified Biohazard Disposals with    (157,79,1)
[18:34:14]ATTACK: NON-EXISTENT USER electrified Escape Pod Three with    (134,178,1)
[18:34:18]ATTACK: NON-EXISTENT USER electrified maintenance access with    (50,154,1)
[18:34:42]ATTACK: NON-EXISTENT USER electrified Research Delivery access with    (193,83,1)
[18:34:43]ATTACK: NON-EXISTENT USER electrified Chapel Office with    (180,141,1)
[18:34:48]ATTACK: NON-EXISTENT USER electrified MiniSat Maintenance with    (154,49,1)
[18:34:49]ATTACK: NON-EXISTENT USER electrified Labor Camp Shuttle Airlock with    (91,163,1)
[18:34:54]ATTACK: NON-EXISTENT USER electrified Crematorium Maintenance with    (175,146,1)
[18:34:58]ATTACK: NON-EXISTENT USER electrified Firefighting equipment with    (170,158,1)
[18:35:06]ATTACK: NON-EXISTENT USER electrified maintenance access with    (61,151,1)
[18:35:07]ATTACK: NON-EXISTENT USER electrified MiniSat Atmospherics with    (148,51,1)
[18:35:22]ATTACK: NON-EXISTENT USER electrified maintenance access with    (133,159,1)
[18:36:00]ATTACK: NON-EXISTENT USER electrified Captain's Office Maintenance with    (75,143,1)
[18:36:03]ATTACK: NON-EXISTENT USER electrified Mining Shuttle Airlock with    (80,105,1)
[18:36:13]ATTACK: NON-EXISTENT USER electrified External Access with    (155,158,1)
[18:36:26]ATTACK: NON-EXISTENT USER electrified Supermatter Engine Room with    (112,74,1)
[18:36:31]ATTACK: NON-EXISTENT USER electrified maintenance access with    (178,81,1)
[18:36:38]ATTACK: NON-EXISTENT USER electrified Research Division Access with    (180,126,1)
[18:36:42]ATTACK: NON-EXISTENT USER electrified Bar Storage Maintenance with    (144,145,1)
[18:36:49]ATTACK: NON-EXISTENT USER electrified Starboard Emergency Storage with    (159,126,1)
[18:36:54]ATTACK: NON-EXISTENT USER electrified Robotics Lab with    (170,126,1)
[18:37:03]ATTACK: NON-EXISTENT USER electrified Medbay Maintenance with    (156,103,1)
[18:37:23]ATTACK: NON-EXISTENT USER electrified Xenobiology Maintenance with    (164,102,1)
[18:37:29]ATTACK: NON-EXISTENT USER electrified maintenance access with    (115,154,1)
[18:37:32]ATTACK: NON-EXISTENT USER electrified Cargo Office with    (90,118,1)
[18:37:41]ATTACK: NON-EXISTENT USER electrified maintenance access with    (111,84,1)
[18:38:55]ATTACK: NON-EXISTENT USER electrified Medbay Reception with    (143,120,1)
