

Starting up. 16:32:39
---------------------
[16:40:55]ATTACK: Kayleigh Bashline(guest3622605515) attacked rabbit with pocket crowbar(INTENT: HELP) (DAMTYPE: BRUTE) (NEWHP: 10) (108,113,1)
[16:41:00]ATTACK: Kayleigh Bashline(guest3622605515) attacked rabbit with pocket crowbar(INTENT: HELP) (DAMTYPE: BRUTE) (NEWHP: 5) (108,112,1)
[16:41:01]ATTACK: Kayleigh Bashline(guest3622605515) attacked rabbit with pocket crowbar(INTENT: HELP) (DAMTYPE: BRUTE) (NEWHP: 0) (108,112,1)
[16:42:47]ATTACK: Kayleigh Bashline(guest3622605515) attacked Kayleigh Bashline(guest3622605515) with pocket crowbar(INTENT: HELP) (DAMTYPE: BRUTE) (NEWHP: 95) (123,134,1)
[16:43:16]ATTACK: NON-EXISTENT USER electrified maintenance access with    (178,81,1)
[16:43:17]ATTACK: NON-EXISTENT USER electrified Testing Lab Maintenance with    (187,84,1)
[16:43:24]ATTACK: NON-EXISTENT USER electrified Long-Term Cell 2 with    (102,180,1)
[16:43:34]ATTACK: NON-EXISTENT USER electrified Firefighting equipment with    (93,107,1)
[16:43:36]ATTACK: NON-EXISTENT USER electrified maintenance access with    (80,96,1)
[16:43:37]ATTACK: NON-EXISTENT USER electrified maintenance access with    (111,154,1)
[16:43:41]ATTACK: NON-EXISTENT USER electrified maintenance access with    (69,164,1)
[16:43:42]ATTACK: NON-EXISTENT USER electrified maintenance access with    (87,96,1)
[16:43:48]ATTACK: NON-EXISTENT USER electrified Holodeck Door with    (147,156,1)
[16:43:52]ATTACK: NON-EXISTENT USER electrified MiniSat Maintenance with    (154,49,1)
[16:43:52]ATTACK: NON-EXISTENT USER electrified Solar Maintenance with    (163,76,1)
[16:43:52]ATTACK: NON-EXISTENT USER electrified Security Maintenance with    (57,149,1)
[16:43:56]ATTACK: NON-EXISTENT USER electrified MiniSat Maintenance with    (146,49,1)
[16:44:01]ATTACK: NON-EXISTENT USER electrified External Access with    (155,158,1)
[16:44:14]ATTACK: NON-EXISTENT USER electrified Atmospherics Maintenance with    (136,161,1)
[16:44:15]ATTACK: NON-EXISTENT USER electrified Labor Shuttle with    (98,163,1)
[16:44:17]ATTACK: NON-EXISTENT USER electrified maintenance access with    (166,156,1)
[16:44:26]ATTACK: NON-EXISTENT USER electrified Captain's Office Maintenance with    (75,143,1)
[16:44:29]ATTACK: NON-EXISTENT USER electrified Atmospherics External Airlock with    (139,82,1)
[16:44:31]ATTACK: NON-EXISTENT USER electrified EVA Maintenance with    (98,151,1)
[16:44:31]ATTACK: NON-EXISTENT USER electrified Law Office with    (109,161,1)
[16:44:36]ATTACK: NON-EXISTENT USER electrified maintenance access with    (116,145,1)
[16:44:40]ATTACK: NON-EXISTENT USER electrified Cargo Bay Warehouse Maintenance with    (84,133,1)
[16:44:42]ATTACK: NON-EXISTENT USER electrified Theatre Maintenance with    (137,148,1)
[16:44:43]ATTACK: NON-EXISTENT USER electrified Mech Bay Maintenance with    (164,126,1)
[16:44:50]ATTACK: NON-EXISTENT USER electrified Chapel Office with    (180,141,1)
[16:44:51]ATTACK: NON-EXISTENT USER electrified Fitness with    (132,154,1)
[16:45:03]ATTACK: NON-EXISTENT USER electrified Detective Maintenance with    (87,130,1)
[16:45:05]ATTACK: NON-EXISTENT USER electrified Port Docking Bay 3 with    (45,127,1)
[16:45:22]ATTACK: NON-EXISTENT USER electrified Isolation B with    (161,95,1)
[16:54:33]ATTACK: Kayleigh Bashline(guest3622605515) attacked monkey (596) with Jaws of Life(INTENT: HELP) (DAMTYPE: BRUTE) (NEWHP: 10) (74,181,5)
[16:54:34]ATTACK: Kayleigh Bashline(guest3622605515) attacked monkey (596) with Jaws of Life(INTENT: HELP) (DAMTYPE: BRUTE) (NEWHP: -5) (74,181,5)
[16:54:35]ATTACK: Kayleigh Bashline(guest3622605515) attacked monkey (596) with Jaws of Life(INTENT: HELP) (DAMTYPE: BRUTE) (NEWHP: -20) (74,181,5)
[16:54:37]ATTACK: Kayleigh Bashline(guest3622605515) attacked monkey (596) with Jaws of Life(INTENT: HELP) (DAMTYPE: BRUTE) (NEWHP: -35) (74,181,5)
[16:54:38]ATTACK: Kayleigh Bashline(guest3622605515) attacked monkey (596) with Jaws of Life(INTENT: HELP) (DAMTYPE: BRUTE) (NEWHP: -50) (74,181,5)
[16:54:39]ATTACK: Kayleigh Bashline(guest3622605515) attacked monkey (596) with Jaws of Life(INTENT: HELP) (DAMTYPE: BRUTE) (NEWHP: -65) (74,181,5)
[16:54:40]ATTACK: Kayleigh Bashline(guest3622605515) attacked monkey (596) with Jaws of Life(INTENT: HELP) (DAMTYPE: BRUTE) (NEWHP: -80) (74,181,5)
[16:54:41]ATTACK: Kayleigh Bashline(guest3622605515) attacked monkey (596) with Jaws of Life(INTENT: HELP) (DAMTYPE: BRUTE) (NEWHP: -95) (74,181,5)
[16:54:42]ATTACK: Kayleigh Bashline(guest3622605515) attacked monkey (596) with Jaws of Life(INTENT: HELP) (DAMTYPE: BRUTE) (NEWHP: -111) (74,181,5)
[16:54:43]ATTACK: Kayleigh Bashline(guest3622605515) attacked monkey (596) with Jaws of Life(INTENT: HELP) (DAMTYPE: BRUTE) (NEWHP: -126) (74,181,5)
[16:54:44]ATTACK: Kayleigh Bashline(guest3622605515) attacked monkey (596) with Jaws of Life(INTENT: HELP) (DAMTYPE: BRUTE) (NEWHP: -141) (74,181,5)
[16:55:06]ATTACK: Kayleigh Bashline(guest3622605515) attacked monkey (298) with Jaws of Life(INTENT: HELP) (DAMTYPE: BRUTE) (NEWHP: 85) (78,177,5)
[16:55:07]ATTACK: Kayleigh Bashline(guest3622605515) attacked monkey (298) with Jaws of Life(INTENT: HELP) (DAMTYPE: BRUTE) (NEWHP: 70) (78,177,5)
[16:55:08]ATTACK: Kayleigh Bashline(guest3622605515) attacked monkey (298) with Jaws of Life(INTENT: HELP) (DAMTYPE: BRUTE) (NEWHP: 55) (78,177,5)
[16:55:09]ATTACK: monkey (298) attacked Kayleigh Bashline(guest3622605515) with  (NEWHP: 100) (77,177,5)
[16:55:10]ATTACK: Kayleigh Bashline(guest3622605515) attacked monkey (298) with Jaws of Life(INTENT: HELP) (DAMTYPE: BRUTE) (NEWHP: 40) (78,177,5)
[16:55:11]ATTACK: Kayleigh Bashline(guest3622605515) attacked monkey (298) with Jaws of Life(INTENT: HELP) (DAMTYPE: BRUTE) (NEWHP: 25) (78,177,5)
[16:55:12]ATTACK: Kayleigh Bashline(guest3622605515) attacked monkey (298) with Jaws of Life(INTENT: HELP) (DAMTYPE: BRUTE) (NEWHP: 10) (78,177,5)
[16:55:13]ATTACK: Kayleigh Bashline(guest3622605515) attacked monkey (298) with Jaws of Life(INTENT: HELP) (DAMTYPE: BRUTE) (NEWHP: -5) (78,177,5)
[16:55:15]ATTACK: Kayleigh Bashline(guest3622605515) attacked monkey (298) with Jaws of Life(INTENT: HELP) (DAMTYPE: BRUTE) (NEWHP: -20) (78,177,5)
[16:55:27]ATTACK: Kayleigh Bashline(guest3622605515) attacked monkey (865) with Jaws of Life(INTENT: HELP) (DAMTYPE: BRUTE) (NEWHP: 85) (78,181,5)
[16:55:28]ATTACK: Kayleigh Bashline(guest3622605515) attacked monkey (865) with Jaws of Life(INTENT: HELP) (DAMTYPE: BRUTE) (NEWHP: 70) (78,181,5)
[16:55:33]ATTACK: monkey (865) attacked Kayleigh Bashline(guest3622605515) with Jaws of Life(INTENT: HARM) (DAMTYPE: BRUTE) (NEWHP: 91.5) (77,180,5)
[16:55:41]ATTACK: monkey (865) attacked Kayleigh Bashline(guest3622605515) with Jaws of Life(INTENT: HARM) (DAMTYPE: BRUTE) (NEWHP: 76.5) (72,180,5)
[16:55:45]ATTACK: monkey (865) attacked Kayleigh Bashline(guest3622605515) with Jaws of Life(INTENT: HARM) (DAMTYPE: BRUTE) (NEWHP: 69) (70,179,5)
[16:55:48]ATTACK: monkey (865) attacked Kayleigh Bashline(guest3622605515) with Jaws of Life(INTENT: HARM) (DAMTYPE: BRUTE) (NEWHP: 61.5) (70,180,5)
[16:55:49]ATTACK: Kayleigh Bashline(guest3622605515) attacked monkey (865) with Jaws of Life(INTENT: HELP) (DAMTYPE: BRUTE) (NEWHP: 55) (71,179,5)
[16:55:49]ATTACK: Kayleigh Bashline(guest3622605515) attacked monkey (865) with Jaws of Life(INTENT: HELP) (DAMTYPE: BRUTE) (NEWHP: 40) (71,179,5)
[16:55:51]ATTACK: Kayleigh Bashline(guest3622605515) attacked monkey (865) with Jaws of Life(INTENT: HELP) (DAMTYPE: BRUTE) (NEWHP: 25) (71,179,5)
[16:55:52]ATTACK: Kayleigh Bashline(guest3622605515) attacked monkey (865) with Jaws of Life(INTENT: HELP) (DAMTYPE: BRUTE) (NEWHP: 10) (71,179,5)
[16:55:53]ATTACK: Kayleigh Bashline(guest3622605515) attacked monkey (865) with Jaws of Life(INTENT: HELP) (DAMTYPE: BRUTE) (NEWHP: -5) (71,179,5)
[16:55:57]ATTACK: Kayleigh Bashline(guest3622605515) attacked Rowan Goodman with Jaws of Life(INTENT: HELP) (DAMTYPE: BRUTE) (NEWHP: 85) (75,179,5)
[16:55:59]ATTACK: Kayleigh Bashline(guest3622605515) attacked Rowan Goodman with Jaws of Life(INTENT: HELP) (DAMTYPE: BRUTE) (NEWHP: 70) (75,179,5)
[16:57:37]ATTACK: Kayleigh Bashline(guest3622605515) attacked Caeser III with Jaws of Life(INTENT: HELP) (DAMTYPE: BRUTE) (NEWHP: 85) (73,179,5)
[16:57:42]ATTACK: Caeser III attacked Kayleigh Bashline(guest3622605515) with folder(INTENT: DISARM) (DAMTYPE: BRUTE) (NEWHP: 61.5) (70,179,5)
[16:57:42]ATTACK: monkey (132) attacked Kayleigh Bashline(guest3622605515) with paper bin(INTENT: DISARM) (DAMTYPE: BRUTE) (NEWHP: 61.5) (70,179,5)
[16:57:44]ATTACK: Caeser III attacked Kayleigh Bashline(guest3622605515) with  (NEWHP: 61.5) (71,180,5)
[16:57:46]ATTACK: Caeser III attacked Kayleigh Bashline(guest3622605515) with Jaws of Life(INTENT: HARM) (DAMTYPE: BRUTE) (NEWHP: 51) (72,178,5)
[16:57:46]ATTACK: Caeser III attacked Kayleigh Bashline(guest3622605515) with  (NEWHP: 51) (72,178,5)
[16:57:46]ATTACK: Caeser III attacked Kayleigh Bashline(guest3622605515) with  (NEWHP: 48) (72,178,5)
[16:57:48]ATTACK: Caeser III attacked Kayleigh Bashline(guest3622605515) with  (NEWHP: 17.5) (73,179,5)
[16:57:48]ATTACK: Caeser III attacked Kayleigh Bashline(guest3622605515) with  (NEWHP: 7) (73,179,5)
[16:57:48]ATTACK: monkey (54) attacked Kayleigh Bashline(guest3622605515) with  (NEWHP: 6) (73,179,5)
[16:57:48]ATTACK: Caeser III attacked Kayleigh Bashline(guest3622605515) with Jaws of Life(INTENT: HARM) (DAMTYPE: BRUTE) (NEWHP: 4) (73,179,5)
[16:57:48]ATTACK: Caeser III attacked Kayleigh Bashline(guest3622605515) with Jaws of Life(INTENT: HARM) (DAMTYPE: BRUTE) (NEWHP: 4) (73,179,5)
[16:57:48]ATTACK: Caeser III attacked Kayleigh Bashline(guest3622605515) with Jaws of Life(INTENT: HARM) (DAMTYPE: BRUTE) (NEWHP: 4) (73,179,5)
[16:57:50]ATTACK: Caeser III attacked Kayleigh Bashline(guest3622605515) with Jaws of Life(INTENT: HARM) (DAMTYPE: BRUTE) (NEWHP: -3.5) (73,179,5)
[17:04:02]ATTACK: monkey (203) slipped NON-EXISTENT SUBJECT with on floor   
[17:04:20]ATTACK: monkey (203) slipped NON-EXISTENT SUBJECT with on floor   
[17:04:21]ATTACK: monkey (203) slipped NON-EXISTENT SUBJECT with on floor   
[17:04:33]ATTACK: monkey (203) slipped NON-EXISTENT SUBJECT with on floor   
[17:04:35]ATTACK: monkey (203) slipped NON-EXISTENT SUBJECT with on floor   
[17:04:45]ATTACK: monkey (203) slipped NON-EXISTENT SUBJECT with on floor   
[17:48:59]ATTACK: hierophant struck with a vortex blast goliath with  (NEWHP: 280) (101,82,5)
[17:49:00]ATTACK: hierophant attacked goliath with  (NEWHP: 280) (101,83,5)
[17:49:00]ATTACK: goliath attacked hierophant with  (NEWHP: 2490) (100,84,5)
[17:49:01]ATTACK: hierophant struck with a vortex blast goliath with  (NEWHP: 245) (101,83,5)
[17:49:02]ATTACK: hierophant attacked goliath with  (NEWHP: 245) (101,83,5)
[17:49:02]ATTACK: goliath attacked hierophant with  (NEWHP: 2465) (100,84,5)
[17:49:03]ATTACK: hierophant struck with a vortex blast goliath with  (NEWHP: 210) (101,83,5)
[17:49:04]ATTACK: hierophant attacked goliath with  (NEWHP: 210) (101,83,5)
[17:49:04]ATTACK: goliath attacked hierophant with  (NEWHP: 2440) (100,84,5)
[17:49:05]ATTACK: hierophant struck with a vortex blast goliath with  (NEWHP: 175) (101,83,5)
[17:49:06]ATTACK: hierophant attacked goliath with  (NEWHP: 175) (101,83,5)
[17:49:06]ATTACK: goliath attacked hierophant with  (NEWHP: 2415) (100,84,5)
[17:49:07]ATTACK: hierophant struck with a vortex blast goliath with  (NEWHP: 140) (101,83,5)
[17:49:07]ATTACK: hierophant struck with a vortex blast goliath with  (NEWHP: 120) (101,83,5)
[17:49:08]ATTACK: hierophant attacked goliath with  (NEWHP: 120) (101,83,5)
[17:49:08]ATTACK: goliath attacked hierophant with  (NEWHP: 2390) (100,84,5)
[17:49:09]ATTACK: hierophant struck with a vortex blast goliath with  (NEWHP: 85) (101,83,5)
[17:49:11]ATTACK: hierophant attacked goliath with  (NEWHP: 85) (101,83,5)
[17:49:11]ATTACK: goliath attacked hierophant with  (NEWHP: 2365) (100,84,5)
[17:49:11]ATTACK: hierophant struck with a vortex blast goliath with  (NEWHP: 50) (101,83,5)
[17:49:11]ATTACK: hierophant struck with a vortex blast goliath with  (NEWHP: 30) (101,83,5)
[17:49:13]ATTACK: hierophant attacked goliath with  (NEWHP: 30) (101,83,5)
[17:49:13]ATTACK: goliath attacked hierophant with  (NEWHP: 2340) (100,84,5)
[17:49:14]ATTACK: hierophant struck with a vortex blast goliath with  (NEWHP: 0) (101,83,5)
[17:49:15]ATTACK: hierophant attacked goliath with  (NEWHP: 0) (101,83,5)
[18:24:49]ATTACK: hierophant struck with a vortex blast goliath with  (NEWHP: 280) (99,81,5)
[18:24:53]ATTACK: hierophant struck with a vortex blast goliath with  (NEWHP: 260) (97,81,5)
[18:24:54]ATTACK: hierophant attacked goliath with  (NEWHP: 260) (97,81,5)
[18:24:54]ATTACK: goliath attacked hierophant with  (NEWHP: 2487) (97,82,5)
[18:24:55]ATTACK: hierophant struck with a vortex blast goliath with  (NEWHP: 225) (97,81,5)
[18:24:56]ATTACK: hierophant attacked goliath with  (NEWHP: 225) (97,81,5)
[18:24:56]ATTACK: goliath attacked hierophant with  (NEWHP: 2462) (97,82,5)
[18:24:57]ATTACK: hierophant struck with a vortex blast goliath with  (NEWHP: 190) (97,81,5)
[18:24:58]ATTACK: hierophant attacked goliath with  (NEWHP: 190) (97,81,5)
[18:24:58]ATTACK: goliath attacked hierophant with  (NEWHP: 2437) (97,82,5)
[18:24:59]ATTACK: hierophant struck with a vortex blast goliath with  (NEWHP: 155) (97,81,5)
[18:24:59]ATTACK: hierophant struck with a vortex blast goliath with  (NEWHP: 135) (97,81,5)
[18:24:59]ATTACK: hierophant struck with a vortex blast goliath with  (NEWHP: 115) (97,81,5)
[18:25:00]ATTACK: hierophant attacked goliath with  (NEWHP: 115) (97,81,5)
[18:25:00]ATTACK: goliath attacked hierophant with  (NEWHP: 2412) (97,82,5)
[18:25:00]ATTACK: hierophant struck with a vortex blast goliath with  (NEWHP: 80) (97,81,5)
[18:25:01]ATTACK: hierophant struck with a vortex blast goliath with  (NEWHP: 60) (97,81,5)
[18:25:01]ATTACK: hierophant struck with a vortex blast goliath with  (NEWHP: 40) (97,81,5)
[18:25:02]ATTACK: hierophant struck with a vortex blast goliath with  (NEWHP: 20) (97,81,5)
[18:25:02]ATTACK: hierophant attacked goliath with  (NEWHP: 20) (97,81,5)
[18:25:02]ATTACK: goliath attacked hierophant with  (NEWHP: 2387) (97,82,5)
[18:25:03]ATTACK: hierophant struck with a vortex blast goliath with  (NEWHP: 0) (97,81,5)
[18:25:04]ATTACK: hierophant attacked goliath with  (NEWHP: 0) (97,81,5)


Starting up. 19:22:41
---------------------
[19:24:00]ATTACK: Ezra Feufer slipped NON-EXISTENT SUBJECT with on floor   
[19:24:00]ATTACK: Khloe Hutton slipped NON-EXISTENT SUBJECT with on floor   
[19:26:57]ATTACK: Zane Best(guest3622605515) slipped NON-EXISTENT SUBJECT with on soap   
[19:28:17]ATTACK: Zane Best(guest3622605515) slipped NON-EXISTENT SUBJECT with on soap   


Starting up. 19:50:22
---------------------
[19:51:26]ATTACK: Arnie Lord slipped NON-EXISTENT SUBJECT with on floor   
[19:51:27]ATTACK: Shane Kiefer slipped NON-EXISTENT SUBJECT with on floor   
