

Starting up. 13:18:50
---------------------


Starting up. 15:24:01
---------------------
[15:24:56]ATTACK: Sabella Tennant slipped NON-EXISTENT SUBJECT with on floor   
[15:24:57]ATTACK: Joetta Fiscina slipped NON-EXISTENT SUBJECT with on floor   
[15:49:22]ATTACK: NON-EXISTENT USER electrified Security External Airlock with    (135,182,1)
[16:54:38]ATTACK: Riki(riki2321gamer) fired at floor with The accelerator banana Aft Primary Hallway   (114,103,1)
[16:54:42]ATTACK: Riki(riki2321gamer) fired at Officer Beepsky with The accelerator banana Aft Primary Hallway (NEWHP: 999999) (114,108,1)
[16:54:42]ATTACK: Riki(riki2321gamer) shot Officer Beepsky with The accelerator banana (NEWHP: 999995) (114,108,1)
[16:54:48]ATTACK: Riki(riki2321gamer) fired at floor with The accelerator banana Central Primary Hallway   (123,113,1)
[16:54:48]ATTACK: Riki(riki2321gamer) fired at Officer Beepsky with The accelerator banana Central Primary Hallway (NEWHP: 999995) (124,113,1)
[16:54:49]ATTACK: Riki(riki2321gamer) shot Officer Beepsky with The accelerator banana (NEWHP: 999976) (124,113,1)
[16:54:49]ATTACK: Riki(riki2321gamer) fired at floor with The accelerator banana Central Primary Hallway   (124,113,1)
[16:54:52]ATTACK: Riki(riki2321gamer) fired at floor with The accelerator banana Central Primary Hallway   (130,120,1)
[16:54:53]ATTACK: Riki(riki2321gamer) fired at Officer Beepsky with The accelerator banana Central Primary Hallway (NEWHP: 999976) (130,120,1)
[16:54:53]ATTACK: Riki(riki2321gamer) shot Officer Beepsky with The accelerator banana (NEWHP: 999957) (130,121,1)
[16:54:53]ATTACK: Riki(riki2321gamer) fired at floor with The accelerator banana Central Primary Hallway   (130,120,1)
[16:55:17]ATTACK: Riki(riki2321gamer) fired at floor with The accelerator banana Central Primary Hallway   (121,112,1)
[16:55:20]ATTACK: Riki(riki2321gamer) fired at Officer Beepsky with The accelerator banana Central Primary Hallway (NEWHP: 999957) (118,112,1)
[16:55:20]ATTACK: Riki(riki2321gamer) shot Officer Beepsky with The accelerator banana (NEWHP: 999948) (118,112,1)
[16:55:28]ATTACK: Riki(riki2321gamer) fired at Officer Beepsky with The accelerator banana Central Primary Hallway (NEWHP: 999948) (126,113,1)
[16:55:28]ATTACK: Riki(riki2321gamer) shot Officer Beepsky with The accelerator banana (NEWHP: 999944) (126,113,1)
[16:55:29]ATTACK: Riki(riki2321gamer) fired at Officer Beepsky with The accelerator banana Central Primary Hallway (NEWHP: 999944) (126,113,1)
[16:55:29]ATTACK: Riki(riki2321gamer) shot Officer Beepsky with The accelerator banana (NEWHP: 999940) (126,113,1)
[16:55:29]ATTACK: Riki(riki2321gamer) fired at Officer Beepsky with The accelerator banana Central Primary Hallway (NEWHP: 999940) (126,113,1)
[16:55:29]ATTACK: Riki(riki2321gamer) shot Officer Beepsky with The accelerator banana (NEWHP: 999935) (126,113,1)
[16:55:30]ATTACK: Riki(riki2321gamer) fired at Officer Beepsky with The accelerator banana Central Primary Hallway (NEWHP: 999935) (126,113,1)
[16:55:30]ATTACK: Riki(riki2321gamer) shot Officer Beepsky with The accelerator banana (NEWHP: 999931) (126,113,1)
[16:55:30]ATTACK: Riki(riki2321gamer) fired at Officer Beepsky with The accelerator banana Central Primary Hallway (NEWHP: 999931) (126,113,1)
[16:55:30]ATTACK: Riki(riki2321gamer) shot Officer Beepsky with The accelerator banana (NEWHP: 999927) (126,113,1)
[16:55:31]ATTACK: Riki(riki2321gamer) fired at Officer Beepsky with The accelerator banana Central Primary Hallway (NEWHP: 999927) (126,113,1)
[16:55:31]ATTACK: Riki(riki2321gamer) shot Officer Beepsky with The accelerator banana (NEWHP: 999923) (126,113,1)
[16:55:32]ATTACK: Riki(riki2321gamer) fired at Officer Beepsky with The accelerator banana Central Primary Hallway (NEWHP: 999923) (126,113,1)
[16:55:32]ATTACK: Riki(riki2321gamer) shot Officer Beepsky with The accelerator banana (NEWHP: 999919) (126,113,1)
[16:55:32]ATTACK: Riki(riki2321gamer) fired at Officer Beepsky with The accelerator banana Central Primary Hallway (NEWHP: 999919) (126,113,1)
[16:55:32]ATTACK: Riki(riki2321gamer) shot Officer Beepsky with The accelerator banana (NEWHP: 999914) (126,113,1)
[16:55:32]ATTACK: Riki(riki2321gamer) fired at Officer Beepsky with The accelerator banana Central Primary Hallway (NEWHP: 999914) (126,113,1)
[16:55:32]ATTACK: Riki(riki2321gamer) shot Officer Beepsky with The accelerator banana (NEWHP: 999910) (126,113,1)
[16:55:35]ATTACK: Riki(riki2321gamer) fired at Officer Beepsky with The accelerator banana Central Primary Hallway (NEWHP: 999910) (126,113,1)
[16:55:35]ATTACK: Riki(riki2321gamer) shot Officer Beepsky with The accelerator banana (NEWHP: 999906) (126,113,1)
[16:55:48]ATTACK: Riki(riki2321gamer) fired at Officer Beepsky with The accelerator banana Central Primary Hallway (NEWHP: 999906) (126,113,1)
[16:55:48]ATTACK: Riki(riki2321gamer) shot Officer Beepsky with The accelerator banana (NEWHP: 999902) (126,113,1)
[17:24:10]ATTACK: hierophant struck with a vortex blast goliath with  (NEWHP: 280) (105,203,5)
[17:24:13]ATTACK: goliath attacked hierophant with  (NEWHP: 2489) (103,205,5)
[17:24:13]ATTACK: hierophant attacked goliath with  (NEWHP: 280) (104,204,5)
[17:24:14]ATTACK: hierophant struck with a vortex blast goliath with  (NEWHP: 245) (104,204,5)
[17:24:15]ATTACK: goliath attacked hierophant with  (NEWHP: 2464) (103,205,5)
[17:24:15]ATTACK: hierophant attacked goliath with  (NEWHP: 245) (104,204,5)
[17:24:16]ATTACK: hierophant struck with a vortex blast goliath with  (NEWHP: 210) (104,204,5)
[17:24:17]ATTACK: goliath attacked hierophant with  (NEWHP: 2439) (103,205,5)
[17:24:17]ATTACK: hierophant attacked goliath with  (NEWHP: 210) (104,204,5)
[17:24:18]ATTACK: hierophant struck with a vortex blast goliath with  (NEWHP: 175) (104,204,5)
[17:24:18]ATTACK: hierophant struck with a vortex blast goliath with  (NEWHP: 155) (104,204,5)
[17:24:19]ATTACK: goliath attacked hierophant with  (NEWHP: 2414) (103,205,5)
[17:24:19]ATTACK: hierophant attacked goliath with  (NEWHP: 155) (104,204,5)
[17:24:20]ATTACK: hierophant struck with a vortex blast goliath with  (NEWHP: 120) (104,204,5)
[17:24:21]ATTACK: goliath attacked hierophant with  (NEWHP: 2389) (103,205,5)
[17:24:21]ATTACK: hierophant attacked goliath with  (NEWHP: 120) (104,204,5)
[17:24:22]ATTACK: hierophant struck with a vortex blast goliath with  (NEWHP: 85) (104,204,5)
[17:24:22]ATTACK: hierophant struck with a vortex blast goliath with  (NEWHP: 65) (104,204,5)
[17:24:23]ATTACK: goliath attacked hierophant with  (NEWHP: 2364) (103,205,5)
[17:24:23]ATTACK: hierophant attacked goliath with  (NEWHP: 65) (104,204,5)
[17:24:24]ATTACK: hierophant struck with a vortex blast goliath with  (NEWHP: 30) (104,204,5)
[17:24:25]ATTACK: goliath attacked hierophant with  (NEWHP: 2339) (103,205,5)
[17:24:25]ATTACK: hierophant attacked goliath with  (NEWHP: 30) (104,204,5)
[17:24:26]ATTACK: hierophant struck with a vortex blast goliath with  (NEWHP: 0) (104,204,5)
[17:24:27]ATTACK: hierophant attacked goliath with  (NEWHP: 0) (104,204,5)
[17:55:43]ATTACK: monkey (372)(riki2321gamer) fired at floor with The accelerator banana Bridge   (108,135,1)
[17:56:04]ATTACK: monkey (372)(riki2321gamer) fired at THOT-PATROLV2.0 with The accelerator banana Central Primary Hallway (NEWHP: 999999) (115,112,1)
[17:56:04]ATTACK: monkey (372)(riki2321gamer) shot THOT-PATROLV2.0 with The accelerator banana (NEWHP: 999990) (115,112,1)
[17:56:08]ATTACK: THOT-PATROLV2.0 stunned monkey (372)(riki2321gamer) with  (NEWHP: 100) (116,112,1)
[17:56:31]ATTACK: monkey (372)(riki2321gamer) fired at wall with The accelerator banana Central Primary Hallway   (131,125,1)
[17:56:32]ATTACK: monkey (372)(riki2321gamer) fired at floor with The accelerator banana Central Primary Hallway   (130,138,1)
[18:30:21]ATTACK: monkey (372)(riki2321gamer) fired at reinforced window with The accelerator banana Central Primary Hallway   (127,139,1)
[18:30:32]ATTACK: monkey (372)(riki2321gamer) slipped NON-EXISTENT SUBJECT with on soap   
[18:30:45]ATTACK: monkey (372)(riki2321gamer) slipped NON-EXISTENT SUBJECT with on soap   
[18:31:11]ATTACK: monkey (372)(riki2321gamer) slipped NON-EXISTENT SUBJECT with on soap   
[18:31:25]ATTACK: monkey (372)(riki2321gamer) slipped NON-EXISTENT SUBJECT with on soap   
[18:31:53]ATTACK: monkey (372)(riki2321gamer) fired at floor with The accelerator banana Central Primary Hallway   (106,141,1)
[18:31:58]ATTACK: monkey (372)(riki2321gamer) fired at floor with The accelerator banana Central Primary Hallway   (124,141,1)
[18:31:58]ATTACK: monkey (372)(riki2321gamer) fired at floor with The accelerator banana Central Primary Hallway   (125,141,1)
[18:32:08]ATTACK: monkey (372)(riki2321gamer) fired at floor with The accelerator banana Starboard Primary Hallway   (155,129,1)
[18:32:49]ATTACK: monkey (372)(riki2321gamer) slipped NON-EXISTENT SUBJECT with on soap   
[18:33:13]ATTACK: NON-EXISTENT USER electrified Bar Maintenance with    (140,144,1)
[18:33:26]ATTACK: monkey (372)(riki2321gamer) slipped NON-EXISTENT SUBJECT with on soap   
[18:33:26]ATTACK: monkey (372)(riki2321gamer) hit monkey (372)(riki2321gamer) with Riki's ID Card (Captain) (NEWHP: 95) (103,142,1)
[18:33:40]ATTACK: Gage Stocker attacked monkey (372)(riki2321gamer) with  (NEWHP: 90) (112,142,1)
[18:33:42]ATTACK: Lalla Bousum attacked monkey (372)(riki2321gamer) with  (NEWHP: 81) (112,142,1)
[18:33:42]ATTACK: Danica Donkin attacked monkey (372)(riki2321gamer) with  (NEWHP: 72) (112,142,1)
[18:33:42]ATTACK: Cliff Lacon attacked monkey (372)(riki2321gamer) with  (NEWHP: 58) (112,142,1)
[18:33:42]ATTACK: Sergio Cook attacked monkey (372)(riki2321gamer) with  (NEWHP: 44) (112,142,1)
[18:33:42]ATTACK: Star Laurenzi attacked monkey (372)(riki2321gamer) with  (NEWHP: 38) (112,142,1)
[18:33:44]ATTACK: Kingston Foster attacked monkey (372)(riki2321gamer) with  (NEWHP: 28) (112,142,1)
[18:33:44]ATTACK: Trinity Richards attacked monkey (372)(riki2321gamer) with  (NEWHP: 14) (112,142,1)
[18:33:44]ATTACK: Saul Clarke attacked monkey (372)(riki2321gamer) with  (NEWHP: 4) (112,142,1)
[18:33:44]ATTACK: Mariah Power attacked monkey (372)(riki2321gamer) with  (NEWHP: -7) (112,142,1)
[18:34:43]ATTACK: monkey (372)(riki2321gamer) fired at Luis Greenwood with The accelerator banana Central Primary Hallway (NEWHP: 100) (112,142,1)
[18:34:43]ATTACK: monkey (372)(riki2321gamer) shot Gage Stocker with The accelerator banana (NEWHP: 73) (112,142,1)
[18:34:53]ATTACK: Gage Stocker pushed monkey (372)(riki2321gamer) with  (NEWHP: 100) (116,142,1)
[18:34:56]ATTACK: Gage Stocker attacked monkey (372)(riki2321gamer) with  (NEWHP: 85) (116,142,1)
[18:34:58]ATTACK: Gage Stocker attacked monkey (372)(riki2321gamer) with  (NEWHP: 76) (116,142,1)
[18:35:00]ATTACK: Gage Stocker attacked monkey (372)(riki2321gamer) with  (NEWHP: 70) (116,142,1)
[18:35:05]ATTACK: Gage Stocker attacked monkey (372)(riki2321gamer) with  (NEWHP: 64) (116,142,1)
[18:35:08]ATTACK: Gage Stocker attacked monkey (372)(riki2321gamer) with  (NEWHP: 54) (116,142,1)
[18:35:12]ATTACK: Gage Stocker attacked monkey (372)(riki2321gamer) with  (NEWHP: 41) (116,142,1)
[18:35:15]ATTACK: Gage Stocker attacked monkey (372)(riki2321gamer) with  (NEWHP: 31) (116,142,1)
[18:35:21]ATTACK: Gage Stocker attacked monkey (372)(riki2321gamer) with  (NEWHP: 20) (116,142,1)
[18:35:23]ATTACK: Gage Stocker attacked monkey (372)(riki2321gamer) with  (NEWHP: 11) (116,142,1)
[18:35:26]ATTACK: Gage Stocker attacked monkey (372)(riki2321gamer) with  (NEWHP: -3) (116,142,1)
[18:36:36]ATTACK: Gray Seven(weezyfdende) slipped NON-EXISTENT SUBJECT with on soap   
[18:36:37]ATTACK: Gray Seven(weezyfdende) slipped NON-EXISTENT SUBJECT with on soap   
[18:36:50]ATTACK: Gray Seven(weezyfdende) slipped NON-EXISTENT SUBJECT with on soap   
[18:36:50]ATTACK: Gray Seven(weezyfdende) slipped NON-EXISTENT SUBJECT with on soap   
[18:36:53]ATTACK: Gray Seven(weezyfdende) slipped NON-EXISTENT SUBJECT with on soap   
[18:36:58]ATTACK: Gray Seven(weezyfdende) slipped NON-EXISTENT SUBJECT with on soap   
[18:36:58]ATTACK: Gray Seven(weezyfdende) slipped NON-EXISTENT SUBJECT with on soap   
[18:37:11]ATTACK: Janette Osteen slipped NON-EXISTENT SUBJECT with on soap   
[18:37:11]ATTACK: Claribel Stocker slipped NON-EXISTENT SUBJECT with on soap   
[18:37:11]ATTACK: Diamond Clewett slipped NON-EXISTENT SUBJECT with on soap   
[18:37:11]ATTACK: Saul Clarke slipped NON-EXISTENT SUBJECT with on soap   
[18:37:11]ATTACK: Trinity Richards slipped NON-EXISTENT SUBJECT with on soap   
[18:37:11]ATTACK: Kingston Foster slipped NON-EXISTENT SUBJECT with on soap   
[18:37:11]ATTACK: Walter Wile slipped NON-EXISTENT SUBJECT with on soap   
[18:37:11]ATTACK: Star Wible slipped NON-EXISTENT SUBJECT with on soap   
[18:37:11]ATTACK: Dylan Stocker slipped NON-EXISTENT SUBJECT with on soap   
[18:37:46]ATTACK: Gray Seven(weezyfdende) stripped Cherette Picard with of the combat gloves (NEWHP: 100) (114,170,1)
[18:39:34]ATTACK: Dylan Stocker slipped NON-EXISTENT SUBJECT with on soap   
[18:39:34]ATTACK: Riki(riki2321gamer) slipped NON-EXISTENT SUBJECT with on soap   
[18:40:05]ATTACK: Gray Seven(weezyfdende) fired at floor with The meteor Brig   (121,170,1)
[18:40:05]ATTACK: Gray Seven(weezyfdende) fired at floor with The meteor Brig   (123,170,1)
[18:40:06]ATTACK: Gray Seven(weezyfdende) fired at floor with The meteor Brig   (124,170,1)
[18:40:09]ATTACK: Gray Seven(weezyfdende) fired at floor with The meteor Brig   (118,167,1)
[18:40:17]ATTACK: Gray Seven(weezyfdende) fired at floor with The meteor Brig   (118,163,1)
[18:40:25]ATTACK: Gray Seven(weezyfdende) fired at floor with The meteor Central Primary Hallway   (101,142,1)
[18:41:13]ATTACK: Gray Seven(weezyfdende) fired at floor with The meteor Auxillary Base Construction   (57,200,1)
[18:41:35]ATTACK: Gray Seven(weezyfdende) fired at floor with The meteor Auxillary Base Construction   (54,200,1)
[18:41:51]ATTACK: Gray Seven(weezyfdende) fired at floor with The meteor Auxillary Base Construction   (54,202,1)
[18:42:05]ATTACK: Gray Seven(weezyfdende) fired at floor with The meteor Auxillary Base Construction   (68,204,1)
[18:42:10]ATTACK: Gray Seven(weezyfdende) fired at space with The meteor Auxillary Base Construction   (76,201,1)
[18:42:12]ATTACK: Gray Seven(weezyfdende) fired at hyper-reinforced wall with The meteor Auxillary Base Construction   (75,201,1)
[18:42:13]ATTACK: Gray Seven(weezyfdende) fired at floor with The meteor Auxillary Base Construction   (71,201,1)
[18:42:21]ATTACK: Gray Seven(weezyfdende) fired at communications console with The meteor Auxillary Base Construction   (68,195,1)
[18:42:29]ATTACK: Gray Seven(weezyfdende) fired at floor with The meteor Auxillary Base Construction   (60,200,1)
[18:42:40]ATTACK: Gray Seven(weezyfdende) fired at floor with The meteor Auxillary Base Construction   (58,198,1)
[18:43:04]ATTACK: Gray Seven(weezyfdende) fired at Gray Seven(weezyfdende) with The meteor Auxillary Base Construction (NEWHP: 80) (63,197,1)
[18:43:04]ATTACK: Gray Seven(weezyfdende) shot Gray Seven(weezyfdende) with The meteor (NEWHP: 80) (63,197,1)
[18:43:27]ATTACK: Gray Seven(weezyfdende) fired at floor with The meteor Auxillary Base Construction   (58,199,1)
[18:43:31]ATTACK: Gray Seven(weezyfdende) fired at floor with The meteor Auxillary Base Construction   (46,200,1)
[18:43:35]ATTACK: Gray Seven(weezyfdende) fired at plating with The meteor Auxillary Base Construction   (46,201,1)
[18:43:37]ATTACK: Gray Seven(weezyfdende) fired at floor with The meteor Auxillary Base Construction   (43,200,1)
[18:43:43]ATTACK: Gray Seven(weezyfdende) fired at plating with The meteor Space   (33,205,1)
[18:43:50]ATTACK: Gray Seven(weezyfdende) fired at plating with The meteor Auxillary Base Construction   (35,207,1)
[18:45:28]ATTACK: NON-EXISTENT USER shot Riki(riki2321gamer) with The electrode (NEWHP: 100) (150,50,1)
[18:45:28]ATTACK: NON-EXISTENT USER shot Riki(riki2321gamer) with The electrode (NEWHP: 100) (150,50,1)
[18:45:38]ATTACK: NON-EXISTENT USER shot Riki(riki2321gamer) with The disabler beam (NEWHP: 100) (150,43,1)
[18:45:38]ATTACK: NON-EXISTENT USER shot Riki(riki2321gamer) with The disabler beam (NEWHP: 100) (150,43,1)
[18:45:39]ATTACK: NON-EXISTENT USER shot Riki(riki2321gamer) with The disabler beam (NEWHP: 100) (150,42,1)
[18:45:39]ATTACK: NON-EXISTENT USER shot Riki(riki2321gamer) with The disabler beam (NEWHP: 100) (150,42,1)
[18:45:50]ATTACK: NON-EXISTENT USER shot Riki(riki2321gamer) with The disabler beam (NEWHP: 100) (150,40,1)
[18:45:50]ATTACK: NON-EXISTENT USER shot Riki(riki2321gamer) with The disabler beam (NEWHP: 100) (150,40,1)
[18:45:51]ATTACK: NON-EXISTENT USER shot Riki(riki2321gamer) with The disabler beam (NEWHP: 100) (150,40,1)
[18:45:51]ATTACK: NON-EXISTENT USER shot Riki(riki2321gamer) with The disabler beam (NEWHP: 100) (150,40,1)
[18:46:02]ATTACK: NON-EXISTENT USER shot Riki(@riki2321gamer) with The disabler beam (NEWHP: 100) (150,40,1)
[18:46:02]ATTACK: NON-EXISTENT USER shot Riki(@riki2321gamer) with The disabler beam (NEWHP: 100) (150,40,1)
[18:46:03]ATTACK: NON-EXISTENT USER shot Riki(@riki2321gamer) with The disabler beam (NEWHP: 100) (150,40,1)
[18:46:03]ATTACK: NON-EXISTENT USER shot Riki(@riki2321gamer) with The disabler beam (NEWHP: 100) (150,40,1)
[18:46:15]ATTACK: NON-EXISTENT USER shot Riki(riki2321gamer) with The electrode (NEWHP: 100) (148,34,1)
[18:46:25]ATTACK: NON-EXISTENT USER shot Riki(@riki2321gamer) with The electrode (NEWHP: 100) (148,34,1)
[18:46:35]ATTACK: NON-EXISTENT USER shot Riki(riki2321gamer) with The electrode (NEWHP: 100) (150,29,1)
[18:46:35]ATTACK: NON-EXISTENT USER shot Riki(riki2321gamer) with The electrode (NEWHP: 100) (150,29,1)
[18:46:46]ATTACK: NON-EXISTENT USER shot Riki(riki2321gamer) with The electrode (NEWHP: 100) (150,29,1)
[18:46:46]ATTACK: NON-EXISTENT USER shot Riki(riki2321gamer) with The electrode (NEWHP: 100) (150,29,1)
[18:46:56]ATTACK: NON-EXISTENT USER shot Riki(riki2321gamer) with The electrode (NEWHP: 100) (150,29,1)
[18:46:56]ATTACK: NON-EXISTENT USER shot Riki(riki2321gamer) with The electrode (NEWHP: 100) (150,29,1)
[18:47:06]ATTACK: NON-EXISTENT USER shot Riki(riki2321gamer) with The electrode (NEWHP: 100) (150,29,1)
[18:47:06]ATTACK: NON-EXISTENT USER shot Riki(riki2321gamer) with The electrode (NEWHP: 100) (150,29,1)
[18:47:16]ATTACK: NON-EXISTENT USER shot Riki(riki2321gamer) with The electrode (NEWHP: 100) (150,29,1)
[18:47:16]ATTACK: NON-EXISTENT USER shot Riki(riki2321gamer) with The electrode (NEWHP: 100) (150,29,1)
[18:47:26]ATTACK: NON-EXISTENT USER shot Riki(riki2321gamer) with The electrode (NEWHP: 100) (150,29,1)
[18:47:26]ATTACK: NON-EXISTENT USER shot Riki(riki2321gamer) with The electrode (NEWHP: 100) (150,29,1)
[18:47:36]ATTACK: NON-EXISTENT USER shot Riki(riki2321gamer) with The electrode (NEWHP: 100) (150,29,1)
[18:47:36]ATTACK: NON-EXISTENT USER shot Riki(riki2321gamer) with The electrode (NEWHP: 100) (150,29,1)
[18:47:46]ATTACK: NON-EXISTENT USER shot Riki(riki2321gamer) with The electrode (NEWHP: 100) (150,29,1)
[18:47:46]ATTACK: NON-EXISTENT USER shot Riki(riki2321gamer) with The electrode (NEWHP: 100) (150,29,1)
[18:47:56]ATTACK: NON-EXISTENT USER shot Riki(riki2321gamer) with The electrode (NEWHP: 100) (150,29,1)
[18:47:56]ATTACK: NON-EXISTENT USER shot Riki(riki2321gamer) with The electrode (NEWHP: 100) (150,29,1)
[18:48:06]ATTACK: NON-EXISTENT USER shot Riki(riki2321gamer) with The electrode (NEWHP: 100) (150,29,1)
[18:48:06]ATTACK: NON-EXISTENT USER shot Riki(riki2321gamer) with The electrode (NEWHP: 100) (150,29,1)
[18:48:16]ATTACK: NON-EXISTENT USER shot Riki(riki2321gamer) with The electrode (NEWHP: 100) (150,29,1)
[18:48:16]ATTACK: NON-EXISTENT USER shot Riki(riki2321gamer) with The electrode (NEWHP: 100) (150,29,1)
[18:48:26]ATTACK: NON-EXISTENT USER shot Riki(riki2321gamer) with The electrode (NEWHP: 100) (150,29,1)
[18:48:26]ATTACK: NON-EXISTENT USER shot Riki(riki2321gamer) with The electrode (NEWHP: 100) (150,29,1)
[18:48:37]ATTACK: NON-EXISTENT USER shot Riki(riki2321gamer) with The electrode (NEWHP: 100) (150,29,1)
[18:48:37]ATTACK: NON-EXISTENT USER shot Riki(riki2321gamer) with The electrode (NEWHP: 100) (150,29,1)
[18:48:47]ATTACK: NON-EXISTENT USER shot Riki(riki2321gamer) with The electrode (NEWHP: 100) (150,29,1)
[18:48:47]ATTACK: NON-EXISTENT USER shot Riki(riki2321gamer) with The electrode (NEWHP: 100) (150,29,1)
[18:48:57]ATTACK: NON-EXISTENT USER shot Riki(riki2321gamer) with The electrode (NEWHP: 100) (150,29,1)
[18:48:57]ATTACK: NON-EXISTENT USER shot Riki(riki2321gamer) with The electrode (NEWHP: 100) (150,29,1)
[18:49:07]ATTACK: NON-EXISTENT USER shot Riki(riki2321gamer) with The electrode (NEWHP: 100) (150,29,1)
[18:49:07]ATTACK: NON-EXISTENT USER shot Riki(riki2321gamer) with The electrode (NEWHP: 100) (150,29,1)
[18:49:17]ATTACK: NON-EXISTENT USER shot Riki(riki2321gamer) with The electrode (NEWHP: 100) (150,29,1)
[18:49:17]ATTACK: NON-EXISTENT USER shot Riki(riki2321gamer) with The electrode (NEWHP: 100) (150,29,1)
[18:49:27]ATTACK: NON-EXISTENT USER shot Riki(riki2321gamer) with The electrode (NEWHP: 100) (150,29,1)
[18:49:27]ATTACK: NON-EXISTENT USER shot Riki(riki2321gamer) with The electrode (NEWHP: 100) (150,29,1)
[18:49:37]ATTACK: NON-EXISTENT USER shot Riki(riki2321gamer) with The electrode (NEWHP: 100) (150,29,1)
[18:49:37]ATTACK: NON-EXISTENT USER shot Riki(riki2321gamer) with The electrode (NEWHP: 100) (150,29,1)
[18:49:47]ATTACK: NON-EXISTENT USER shot Riki(riki2321gamer) with The electrode (NEWHP: 100) (150,29,1)
[18:49:47]ATTACK: NON-EXISTENT USER shot Riki(riki2321gamer) with The electrode (NEWHP: 100) (150,29,1)
[18:49:57]ATTACK: NON-EXISTENT USER shot Riki(riki2321gamer) with The electrode (NEWHP: 100) (150,29,1)
[18:49:57]ATTACK: NON-EXISTENT USER shot Riki(riki2321gamer) with The electrode (NEWHP: 100) (150,29,1)
[18:50:07]ATTACK: NON-EXISTENT USER shot Riki(riki2321gamer) with The electrode (NEWHP: 100) (150,29,1)
[18:50:07]ATTACK: NON-EXISTENT USER shot Riki(riki2321gamer) with The electrode (NEWHP: 100) (150,29,1)
[18:50:18]ATTACK: NON-EXISTENT USER shot Riki(riki2321gamer) with The electrode (NEWHP: 100) (150,29,1)
[18:50:18]ATTACK: NON-EXISTENT USER shot Riki(riki2321gamer) with The electrode (NEWHP: 100) (150,29,1)
[18:50:28]ATTACK: NON-EXISTENT USER shot Riki(riki2321gamer) with The electrode (NEWHP: 100) (150,29,1)
[18:50:28]ATTACK: NON-EXISTENT USER shot Riki(riki2321gamer) with The electrode (NEWHP: 100) (150,29,1)
[18:50:38]ATTACK: NON-EXISTENT USER shot Riki(riki2321gamer) with The electrode (NEWHP: 100) (150,29,1)
[18:50:38]ATTACK: NON-EXISTENT USER shot Riki(riki2321gamer) with The electrode (NEWHP: 100) (150,29,1)
[18:50:48]ATTACK: NON-EXISTENT USER shot Riki(riki2321gamer) with The electrode (NEWHP: 100) (150,29,1)
[18:50:48]ATTACK: NON-EXISTENT USER shot Riki(riki2321gamer) with The electrode (NEWHP: 100) (150,29,1)
[18:50:58]ATTACK: NON-EXISTENT USER shot Riki(riki2321gamer) with The electrode (NEWHP: 100) (150,29,1)
[18:50:58]ATTACK: NON-EXISTENT USER shot Riki(riki2321gamer) with The electrode (NEWHP: 100) (150,29,1)
[18:51:08]ATTACK: NON-EXISTENT USER shot Riki(riki2321gamer) with The electrode (NEWHP: 100) (150,29,1)
[18:51:08]ATTACK: NON-EXISTENT USER shot Riki(riki2321gamer) with The electrode (NEWHP: 100) (150,29,1)
[18:51:18]ATTACK: NON-EXISTENT USER shot Riki(riki2321gamer) with The electrode (NEWHP: 100) (150,29,1)
[18:51:18]ATTACK: NON-EXISTENT USER shot Riki(riki2321gamer) with The electrode (NEWHP: 100) (150,29,1)
[18:51:28]ATTACK: NON-EXISTENT USER shot Riki(riki2321gamer) with The electrode (NEWHP: 100) (150,29,1)
[18:51:28]ATTACK: NON-EXISTENT USER shot Riki(riki2321gamer) with The electrode (NEWHP: 100) (150,29,1)
[18:51:38]ATTACK: NON-EXISTENT USER shot Riki(riki2321gamer) with The electrode (NEWHP: 100) (150,29,1)
[18:51:38]ATTACK: NON-EXISTENT USER shot Riki(riki2321gamer) with The electrode (NEWHP: 100) (150,29,1)
[18:51:48]ATTACK: NON-EXISTENT USER shot Riki(riki2321gamer) with The electrode (NEWHP: 100) (150,29,1)
[18:51:48]ATTACK: NON-EXISTENT USER shot Riki(riki2321gamer) with The electrode (NEWHP: 100) (150,29,1)
[18:51:58]ATTACK: NON-EXISTENT USER shot Riki(riki2321gamer) with The electrode (NEWHP: 100) (150,29,1)
[18:51:58]ATTACK: NON-EXISTENT USER shot Riki(riki2321gamer) with The electrode (NEWHP: 100) (150,29,1)
[18:52:08]ATTACK: NON-EXISTENT USER shot Riki(riki2321gamer) with The electrode (NEWHP: 100) (150,29,1)
[18:52:08]ATTACK: NON-EXISTENT USER shot Riki(riki2321gamer) with The electrode (NEWHP: 100) (150,29,1)
[18:52:18]ATTACK: NON-EXISTENT USER shot Riki(riki2321gamer) with The electrode (NEWHP: 100) (150,29,1)
[18:52:18]ATTACK: NON-EXISTENT USER shot Riki(riki2321gamer) with The electrode (NEWHP: 100) (150,29,1)
[18:52:29]ATTACK: NON-EXISTENT USER shot Riki(riki2321gamer) with The electrode (NEWHP: 100) (150,29,1)
[18:52:29]ATTACK: NON-EXISTENT USER shot Riki(riki2321gamer) with The electrode (NEWHP: 100) (150,29,1)
[18:52:39]ATTACK: NON-EXISTENT USER shot Riki(riki2321gamer) with The electrode (NEWHP: 100) (150,29,1)
[18:52:39]ATTACK: NON-EXISTENT USER shot Riki(riki2321gamer) with The electrode (NEWHP: 100) (150,29,1)
[18:52:49]ATTACK: NON-EXISTENT USER shot Riki(riki2321gamer) with The electrode (NEWHP: 100) (150,29,1)
[18:52:49]ATTACK: NON-EXISTENT USER shot Riki(riki2321gamer) with The electrode (NEWHP: 100) (150,29,1)
[18:52:59]ATTACK: NON-EXISTENT USER shot Riki(riki2321gamer) with The electrode (NEWHP: 100) (150,29,1)
[18:52:59]ATTACK: NON-EXISTENT USER shot Riki(riki2321gamer) with The electrode (NEWHP: 100) (150,29,1)
[18:53:09]ATTACK: NON-EXISTENT USER shot Riki(riki2321gamer) with The electrode (NEWHP: 100) (150,29,1)
[18:53:09]ATTACK: NON-EXISTENT USER shot Riki(riki2321gamer) with The electrode (NEWHP: 100) (150,29,1)
[18:53:19]ATTACK: NON-EXISTENT USER shot Riki(riki2321gamer) with The electrode (NEWHP: 100) (150,29,1)
[18:53:19]ATTACK: NON-EXISTENT USER shot Riki(riki2321gamer) with The electrode (NEWHP: 100) (150,29,1)
[18:53:29]ATTACK: NON-EXISTENT USER shot Riki(riki2321gamer) with The electrode (NEWHP: 100) (150,29,1)
[18:53:29]ATTACK: NON-EXISTENT USER shot Riki(riki2321gamer) with The electrode (NEWHP: 100) (150,29,1)
[18:53:39]ATTACK: NON-EXISTENT USER shot Riki(riki2321gamer) with The electrode (NEWHP: 100) (148,29,1)
[18:53:39]ATTACK: NON-EXISTENT USER shot Riki(riki2321gamer) with The electrode (NEWHP: 100) (148,29,1)
[18:53:49]ATTACK: NON-EXISTENT USER shot Riki(riki2321gamer) with The electrode (NEWHP: 100) (148,29,1)
[18:53:49]ATTACK: NON-EXISTENT USER shot Riki(riki2321gamer) with The electrode (NEWHP: 100) (148,29,1)
[18:53:59]ATTACK: NON-EXISTENT USER shot Riki(riki2321gamer) with The electrode (NEWHP: 100) (148,29,1)
[18:53:59]ATTACK: NON-EXISTENT USER shot Riki(riki2321gamer) with The electrode (NEWHP: 100) (148,29,1)
[18:56:50]ATTACK: Water Flan attacked hatchling with  (NEWHP: 15) (191,114,4)
[18:56:53]ATTACK: Water Flan attacked hatchling with  (NEWHP: 5) (192,113,4)
[19:05:00]ATTACK: Riki(riki2321gamer) fired at floor with The laser Locker Room   (67,132,1)
[19:05:01]ATTACK: Riki(riki2321gamer) fired at floor with The laser Locker Room   (68,132,1)
[19:05:02]ATTACK: Riki(riki2321gamer) fired at floor with The laser Locker Room   (68,132,1)
[19:05:02]ATTACK: Riki(riki2321gamer) fired at floor with The laser Locker Room   (68,132,1)
[19:05:03]ATTACK: Riki(riki2321gamer) fired at floor with The laser Locker Room   (68,131,1)
[19:05:03]ATTACK: Riki(riki2321gamer) fired at floor with The laser Locker Room   (68,131,1)
[19:05:04]ATTACK: Riki(riki2321gamer) fired at floor with The laser Locker Room   (68,131,1)
[19:05:04]ATTACK: Riki(riki2321gamer) fired at Locker Toilets vent pump #1 with The laser Locker Toilets   (68,131,1)
[19:05:05]ATTACK: Riki(riki2321gamer) fired at floor with The laser Locker Toilets   (66,130,1)
[19:05:05]ATTACK: Riki(riki2321gamer) fired at floor with The laser Locker Toilets   (66,129,1)
[19:05:06]ATTACK: Riki(riki2321gamer) fired at floor with The laser Locker Toilets   (65,131,1)
[19:05:06]ATTACK: Riki(riki2321gamer) fired at floor with The laser Locker Toilets   (66,130,1)
[19:05:06]ATTACK: Riki(riki2321gamer) fired at floor with The laser Locker Room   (66,131,1)
[19:05:52]ATTACK: Riki(riki2321gamer) slipped NON-EXISTENT SUBJECT with on soap   
