

Starting up. 13:13:26
---------------------
[13:14:33]ATTACK: Stephen Hirleman slipped NON-EXISTENT SUBJECT with on floor   
[13:14:34]ATTACK: Alexis Bailey slipped NON-EXISTENT SUBJECT with on floor   
[13:19:30]ATTACK: Riki(riki2321gamer) grabbed Iantha Blyant(guest3622605515) with aggressively (NEWHP: 100) (39,144,1)
[13:19:32]ATTACK: Riki(riki2321gamer) devoured Iantha Blyant(guest3622605515) with  (NEWHP: 100) (38,144,1)
[13:25:22]ATTACK: Alden Bluetenberger(lezuskonrad) fed Iantha Blyant(guest3622605515) with adminordrazine(30 units);  (NEWHP: -93.667) (63,140,1)
[13:25:54]ATTACK: Riki(riki2321gamer) grabbed corgi puppy with aggressively (NEWHP: 20) (61,142,1)
[13:25:56]ATTACK: Riki(riki2321gamer) devoured corgi puppy with  (NEWHP: 20) (60,142,1)
[13:26:00]ATTACK: Clown attacked necropolis tendril with  (NEWHP: 250) (107,170,5)
[13:26:02]ATTACK: legion attacked Clown with  (NEWHP: 75) (106,169,5)
[13:26:02]ATTACK: Clown attacked necropolis tendril with  (NEWHP: 240) (107,170,5)
[13:26:04]ATTACK: legion attacked Clown with  (NEWHP: 63) (106,169,5)
[13:26:04]ATTACK: legion attacked Clown with  (NEWHP: 51) (106,169,5)
[13:26:04]ATTACK: Clown attacked legion with  (NEWHP: 5) (107,168,5)
[13:26:06]ATTACK: legion attacked Clown with  (NEWHP: 39) (106,169,5)
[13:26:06]ATTACK: legion attacked Clown with  (NEWHP: 27) (106,169,5)
[13:26:08]ATTACK: legion attacked Clown with  (NEWHP: 15) (106,169,5)
[13:26:08]ATTACK: legion attacked Clown with  (NEWHP: 3) (106,169,5)
[13:26:52]ATTACK: Riki(riki2321gamer) grabbed Baker IV with aggressively (NEWHP: 100) (140,137,1)
[13:26:54]ATTACK: Riki(riki2321gamer) devoured Baker IV with  (NEWHP: 100) (139,136,1)
[13:28:12]ATTACK: Riki(riki2321gamer) grabbed Riki(@riki2321gamer) with aggressively (NEWHP: 72.25) (142,128,1)
[13:28:15]ATTACK: Riki(riki2321gamer) devoured Riki(@riki2321gamer) with  (NEWHP: 72.25) (141,128,1)


Starting up. 14:07:09
---------------------
[14:10:58]ATTACK: Riki(riki2321gamer) grabbed corgi with aggressively (NEWHP: 20) (19,27,1)
[14:11:00]ATTACK: Riki(riki2321gamer) devoured corgi with  (NEWHP: 20) (18,27,1)
[14:12:34]ATTACK: Riki(riki2321gamer) grabbed mouse with aggressively (NEWHP: 5) (29,33,1)
[14:12:36]ATTACK: Riki(riki2321gamer) devoured mouse with  (NEWHP: 5) (28,33,1)


Starting up. 14:27:47
---------------------


Starting up. 15:36:57
---------------------
[15:39:56]ATTACK: Riki(riki2321gamer) grabbed corgi with aggressively (NEWHP: 20) (35,20,1)
[15:39:58]ATTACK: Riki(riki2321gamer) devoured corgi with  (NEWHP: 20) (34,20,1)
[15:40:08]ATTACK: Riki(riki2321gamer) grabbed corgi with aggressively (NEWHP: 20) (37,20,1)
[15:40:10]ATTACK: Riki(riki2321gamer) devoured corgi with  (NEWHP: 20) (38,20,1)


Starting up. 17:40:13
---------------------
[17:43:37]ATTACK: Space Pirate Gunner fired at turret with The laser The Unexplored Location   (95,65,8)
[17:43:38]ATTACK: Space Pirate Gunner fired at turret with The laser Space   (95,65,8)
[17:43:38]ATTACK: Space Pirate Gunner fired at turret with The laser Space   (95,65,8)
[17:45:28]ATTACK: Riki(riki2321gamer) grabbed mouse with aggressively (NEWHP: 5) (29,34,1)
[17:45:30]ATTACK: Riki(riki2321gamer) devoured mouse with  (NEWHP: 5) (29,33,1)
