

Starting up. 11:49:16
---------------------
[12:07:07]ATTACK: NON-EXISTENT USER shot Riki Alejandro(riki2321gamer) with The laser (NEWHP: 86) (150,33,1)
[12:07:07]ATTACK: NON-EXISTENT USER shot Riki Alejandro(riki2321gamer) with The laser (NEWHP: 86) (150,33,1)
[12:07:10]ATTACK: NON-EXISTENT USER shot Riki Alejandro(riki2321gamer) with The laser (NEWHP: 86) (150,33,1)
[12:07:10]ATTACK: NON-EXISTENT USER shot Riki Alejandro(riki2321gamer) with The laser (NEWHP: 86) (150,33,1)
[12:07:12]ATTACK: NON-EXISTENT USER shot Riki Alejandro(riki2321gamer) with The laser (NEWHP: 86) (150,33,1)
[12:07:12]ATTACK: NON-EXISTENT USER shot Riki Alejandro(riki2321gamer) with The laser (NEWHP: 86) (150,33,1)
[12:07:14]ATTACK: NON-EXISTENT USER shot Riki Alejandro(riki2321gamer) with The laser (NEWHP: 100) (150,33,1)
[12:07:14]ATTACK: NON-EXISTENT USER shot Riki Alejandro(riki2321gamer) with The laser (NEWHP: 100) (150,33,1)
[12:07:16]ATTACK: NON-EXISTENT USER shot Riki Alejandro(riki2321gamer) with The laser (NEWHP: 100) (150,33,1)
[12:07:16]ATTACK: NON-EXISTENT USER shot Riki Alejandro(riki2321gamer) with The laser (NEWHP: 100) (150,33,1)
[12:09:43]ATTACK: NON-EXISTENT USER shot Riki Alejandro(riki2321gamer) with The heavy laser (NEWHP: 100) (150,34,1)
[12:09:43]ATTACK: NON-EXISTENT USER shot Riki Alejandro(riki2321gamer) with The heavy laser (NEWHP: 100) (150,34,1)
[12:09:45]ATTACK: NON-EXISTENT USER shot Riki Alejandro(riki2321gamer) with The heavy laser (NEWHP: 100) (150,33,1)
[12:09:45]ATTACK: NON-EXISTENT USER shot Riki Alejandro(riki2321gamer) with The heavy laser (NEWHP: 100) (150,33,1)
[12:09:47]ATTACK: NON-EXISTENT USER shot Riki Alejandro(riki2321gamer) with The heavy laser (NEWHP: 100) (150,33,1)
[12:09:47]ATTACK: NON-EXISTENT USER shot Riki Alejandro(riki2321gamer) with The heavy laser (NEWHP: 100) (150,33,1)
[12:09:49]ATTACK: NON-EXISTENT USER shot Riki Alejandro(riki2321gamer) with The heavy laser (NEWHP: 100) (150,33,1)
[12:09:49]ATTACK: NON-EXISTENT USER shot Riki Alejandro(riki2321gamer) with The heavy laser (NEWHP: 100) (150,33,1)
[12:09:51]ATTACK: NON-EXISTENT USER shot Riki Alejandro(riki2321gamer) with The heavy laser (NEWHP: 100) (150,33,1)
[12:09:51]ATTACK: NON-EXISTENT USER shot Riki Alejandro(riki2321gamer) with The heavy laser (NEWHP: 100) (150,33,1)
[12:09:53]ATTACK: NON-EXISTENT USER shot Riki Alejandro(riki2321gamer) with The heavy laser (NEWHP: 100) (150,33,1)
[12:09:53]ATTACK: NON-EXISTENT USER shot Riki Alejandro(riki2321gamer) with The heavy laser (NEWHP: 100) (150,33,1)
[12:09:55]ATTACK: NON-EXISTENT USER shot Riki Alejandro(riki2321gamer) with The heavy laser (NEWHP: 100) (150,33,1)
[12:09:55]ATTACK: NON-EXISTENT USER shot Riki Alejandro(riki2321gamer) with The heavy laser (NEWHP: 100) (150,33,1)
[12:09:57]ATTACK: NON-EXISTENT USER shot Riki Alejandro(riki2321gamer) with The heavy laser (NEWHP: 100) (150,33,1)
[12:09:57]ATTACK: NON-EXISTENT USER shot Riki Alejandro(riki2321gamer) with The heavy laser (NEWHP: 100) (150,33,1)
[12:09:59]ATTACK: NON-EXISTENT USER shot Riki Alejandro(riki2321gamer) with The heavy laser (NEWHP: 100) (150,33,1)
[12:09:59]ATTACK: NON-EXISTENT USER shot Riki Alejandro(riki2321gamer) with The heavy laser (NEWHP: 100) (150,33,1)
[12:10:01]ATTACK: NON-EXISTENT USER shot Riki Alejandro(riki2321gamer) with The heavy laser (NEWHP: 100) (150,33,1)
[12:10:01]ATTACK: NON-EXISTENT USER shot Riki Alejandro(riki2321gamer) with The heavy laser (NEWHP: 100) (150,33,1)
[12:10:03]ATTACK: NON-EXISTENT USER shot Riki Alejandro(riki2321gamer) with The heavy laser (NEWHP: 100) (150,33,1)
[12:10:03]ATTACK: NON-EXISTENT USER shot Riki Alejandro(riki2321gamer) with The heavy laser (NEWHP: 100) (150,33,1)
[12:10:05]ATTACK: NON-EXISTENT USER shot Riki Alejandro(riki2321gamer) with The heavy laser (NEWHP: 100) (150,33,1)
[12:10:05]ATTACK: NON-EXISTENT USER shot Riki Alejandro(riki2321gamer) with The heavy laser (NEWHP: 100) (150,33,1)
[12:10:07]ATTACK: NON-EXISTENT USER shot Riki Alejandro(riki2321gamer) with The heavy laser (NEWHP: 100) (150,33,1)
[12:10:07]ATTACK: NON-EXISTENT USER shot Riki Alejandro(riki2321gamer) with The heavy laser (NEWHP: 72) (150,33,1)
[12:10:09]ATTACK: NON-EXISTENT USER shot Riki Alejandro(riki2321gamer) with The heavy laser (NEWHP: 72) (150,33,1)
[12:10:09]ATTACK: NON-EXISTENT USER shot Riki Alejandro(riki2321gamer) with The heavy laser (NEWHP: 72) (150,33,1)
[12:10:11]ATTACK: NON-EXISTENT USER shot Riki Alejandro(riki2321gamer) with The heavy laser (NEWHP: 72) (150,33,1)
[12:10:11]ATTACK: NON-EXISTENT USER shot Riki Alejandro(riki2321gamer) with The heavy laser (NEWHP: 72) (150,33,1)
[12:10:13]ATTACK: NON-EXISTENT USER shot Riki Alejandro(riki2321gamer) with The heavy laser (NEWHP: 72) (150,33,1)
[12:10:13]ATTACK: NON-EXISTENT USER shot Riki Alejandro(riki2321gamer) with The heavy laser (NEWHP: 72) (150,33,1)
[12:10:15]ATTACK: NON-EXISTENT USER shot Riki Alejandro(riki2321gamer) with The heavy laser (NEWHP: 72) (150,33,1)
[12:10:15]ATTACK: NON-EXISTENT USER shot Riki Alejandro(riki2321gamer) with The heavy laser (NEWHP: 72) (150,33,1)
[12:10:19]ATTACK: NON-EXISTENT USER shot Riki Alejandro(riki2321gamer) with The heavy laser (NEWHP: 100) (150,33,1)
[12:10:19]ATTACK: NON-EXISTENT USER shot Riki Alejandro(riki2321gamer) with The heavy laser (NEWHP: 100) (150,33,1)
[12:10:21]ATTACK: NON-EXISTENT USER shot Riki Alejandro(riki2321gamer) with The heavy laser (NEWHP: 100) (150,33,1)
[12:10:21]ATTACK: NON-EXISTENT USER shot Riki Alejandro(riki2321gamer) with The heavy laser (NEWHP: 100) (150,33,1)
[12:10:23]ATTACK: NON-EXISTENT USER shot Riki Alejandro(riki2321gamer) with The heavy laser (NEWHP: 100) (150,33,1)
[12:10:23]ATTACK: NON-EXISTENT USER shot Riki Alejandro(riki2321gamer) with The heavy laser (NEWHP: 100) (150,33,1)
[12:10:25]ATTACK: NON-EXISTENT USER shot Riki Alejandro(riki2321gamer) with The heavy laser (NEWHP: 100) (150,33,1)
[12:10:25]ATTACK: NON-EXISTENT USER shot Riki Alejandro(riki2321gamer) with The heavy laser (NEWHP: 100) (150,33,1)
[12:10:27]ATTACK: NON-EXISTENT USER shot Riki Alejandro(riki2321gamer) with The heavy laser (NEWHP: 100) (150,33,1)
[12:10:27]ATTACK: NON-EXISTENT USER shot Riki Alejandro(riki2321gamer) with The heavy laser (NEWHP: 100) (150,33,1)
[12:10:29]ATTACK: NON-EXISTENT USER shot Riki Alejandro(riki2321gamer) with The heavy laser (NEWHP: 100) (150,33,1)
[12:10:29]ATTACK: NON-EXISTENT USER shot Riki Alejandro(riki2321gamer) with The heavy laser (NEWHP: 100) (150,33,1)
[12:10:31]ATTACK: NON-EXISTENT USER shot Riki Alejandro(riki2321gamer) with The heavy laser (NEWHP: 100) (150,33,1)
[12:10:31]ATTACK: NON-EXISTENT USER shot Riki Alejandro(riki2321gamer) with The heavy laser (NEWHP: 100) (150,33,1)
[12:10:33]ATTACK: NON-EXISTENT USER shot Riki Alejandro(riki2321gamer) with The heavy laser (NEWHP: 100) (150,33,1)
[12:10:33]ATTACK: NON-EXISTENT USER shot Riki Alejandro(riki2321gamer) with The heavy laser (NEWHP: 100) (150,33,1)
[12:10:35]ATTACK: NON-EXISTENT USER shot Riki Alejandro(riki2321gamer) with The heavy laser (NEWHP: 100) (150,33,1)
[12:10:35]ATTACK: NON-EXISTENT USER shot Riki Alejandro(riki2321gamer) with The heavy laser (NEWHP: 100) (150,33,1)
[12:10:37]ATTACK: NON-EXISTENT USER shot Riki Alejandro(riki2321gamer) with The heavy laser (NEWHP: 100) (150,35,1)
[12:10:37]ATTACK: NON-EXISTENT USER shot Riki Alejandro(riki2321gamer) with The heavy laser (NEWHP: 100) (150,35,1)
[12:10:39]ATTACK: NON-EXISTENT USER shot Riki Alejandro(riki2321gamer) with The heavy laser (NEWHP: 100) (150,35,1)
[12:10:39]ATTACK: NON-EXISTENT USER shot Riki Alejandro(riki2321gamer) with The heavy laser (NEWHP: 100) (150,35,1)
[12:10:39]ATTACK: NON-EXISTENT USER shot Riki Alejandro(riki2321gamer) with The heavy laser (NEWHP: 100) (150,35,1)
[12:10:39]ATTACK: NON-EXISTENT USER shot Riki Alejandro(riki2321gamer) with The heavy laser (NEWHP: 100) (150,35,1)
[12:10:41]ATTACK: NON-EXISTENT USER shot Riki Alejandro(@riki2321gamer) with The heavy laser (NEWHP: 100) (150,35,1)
[12:10:41]ATTACK: NON-EXISTENT USER shot Riki Alejandro(@riki2321gamer) with The heavy laser (NEWHP: 100) (150,35,1)
[12:10:41]ATTACK: NON-EXISTENT USER shot Riki Alejandro(@riki2321gamer) with The heavy laser (NEWHP: 100) (150,35,1)
[12:10:41]ATTACK: NON-EXISTENT USER shot Riki Alejandro(@riki2321gamer) with The heavy laser (NEWHP: 100) (150,35,1)
[12:10:43]ATTACK: NON-EXISTENT USER shot Riki Alejandro(@riki2321gamer) with The heavy laser (NEWHP: 100) (150,35,1)
[12:10:43]ATTACK: NON-EXISTENT USER shot Riki Alejandro(@riki2321gamer) with The heavy laser (NEWHP: 100) (150,35,1)
[12:10:43]ATTACK: NON-EXISTENT USER shot Riki Alejandro(@riki2321gamer) with The heavy laser (NEWHP: 100) (150,35,1)
[12:10:43]ATTACK: NON-EXISTENT USER shot Riki Alejandro(@riki2321gamer) with The heavy laser (NEWHP: 100) (150,35,1)
[12:10:45]ATTACK: NON-EXISTENT USER shot Riki Alejandro(riki2321gamer) with The heavy laser (NEWHP: 100) (150,35,1)
[12:10:45]ATTACK: NON-EXISTENT USER shot Riki Alejandro(riki2321gamer) with The heavy laser (NEWHP: 100) (150,35,1)
[12:10:45]ATTACK: NON-EXISTENT USER shot Riki Alejandro(riki2321gamer) with The heavy laser (NEWHP: 100) (150,35,1)
[12:10:46]ATTACK: NON-EXISTENT USER shot Riki Alejandro(riki2321gamer) with The heavy laser (NEWHP: 100) (150,35,1)
[12:12:56]ATTACK: VirOS(jaketheblake) electrified AI Upload Access with    (113,133,1)
[12:13:11]ATTACK: NON-EXISTENT USER shot Captain(athirson) with The electrode (NEWHP: 100) (151,34,1)
[12:13:11]ATTACK: NON-EXISTENT USER shot Captain(athirson) with The electrode (NEWHP: 100) (151,34,1)
[12:13:11]ATTACK: NON-EXISTENT USER shot Captain(athirson) with The electrode (NEWHP: 100) (151,34,1)
[12:13:23]ATTACK: NON-EXISTENT USER shot Captain(athirson) with The electrode (NEWHP: 100) (151,55,1)
[12:15:23]ATTACK: NON-EXISTENT USER shot Captain(athirson) with The heavy laser (NEWHP: 100) (115,129,1)
[12:15:23]ATTACK: NON-EXISTENT USER shot Captain(athirson) with The heavy laser (NEWHP: 100) (115,129,1)
[12:15:23]ATTACK: NON-EXISTENT USER shot Captain(athirson) with The heavy laser (NEWHP: 100) (115,129,1)
[12:15:23]ATTACK: NON-EXISTENT USER shot Captain(athirson) with The heavy laser (NEWHP: 100) (115,129,1)
[12:16:26]ATTACK: NON-EXISTENT USER shot Riki Alejandro(riki2321gamer) with The electrode (NEWHP: 100) (150,56,1)
[12:16:28]ATTACK: NON-EXISTENT USER shot Riki Alejandro(riki2321gamer) with The electrode (NEWHP: 100) (150,51,1)
[12:16:28]ATTACK: NON-EXISTENT USER shot Riki Alejandro(riki2321gamer) with The electrode (NEWHP: 100) (150,51,1)
[12:17:06]ATTACK: NON-EXISTENT USER shot Riki Alejandro(riki2321gamer) with The heavy laser (NEWHP: 100) (150,34,1)
[12:17:08]ATTACK: NON-EXISTENT USER shot Riki Alejandro(riki2321gamer) with The heavy laser (NEWHP: 100) (149,33,1)
[12:17:08]ATTACK: NON-EXISTENT USER shot Riki Alejandro(riki2321gamer) with The heavy laser (NEWHP: 100) (149,33,1)
[12:17:08]ATTACK: NON-EXISTENT USER shot Riki Alejandro(riki2321gamer) with The heavy laser (NEWHP: 72) (149,33,1)
[12:17:10]ATTACK: NON-EXISTENT USER shot Riki Alejandro(riki2321gamer) with The heavy laser (NEWHP: 72) (149,33,1)
[12:17:10]ATTACK: NON-EXISTENT USER shot Riki Alejandro(riki2321gamer) with The heavy laser (NEWHP: 72) (149,33,1)
[12:17:10]ATTACK: NON-EXISTENT USER shot Riki Alejandro(riki2321gamer) with The heavy laser (NEWHP: 72) (149,33,1)
[12:17:12]ATTACK: NON-EXISTENT USER shot Riki Alejandro(riki2321gamer) with The heavy laser (NEWHP: 72) (149,33,1)
[12:17:12]ATTACK: NON-EXISTENT USER shot Riki Alejandro(riki2321gamer) with The heavy laser (NEWHP: 72) (149,33,1)
[12:17:14]ATTACK: NON-EXISTENT USER shot Riki Alejandro(riki2321gamer) with The heavy laser (NEWHP: 72) (149,33,1)
[12:17:14]ATTACK: NON-EXISTENT USER shot Riki Alejandro(riki2321gamer) with The heavy laser (NEWHP: 72) (149,33,1)
[12:17:14]ATTACK: NON-EXISTENT USER shot Captain(athirson) with The heavy laser (NEWHP: 100) (150,33,1)
[12:17:43]ATTACK: Riki Alejandro(riki2321gamer) fired at MiniSat Foyer with GREYTIDE TOOLBOX!!!!!! AI Satellite Antechamber   (150,60,1)
[12:17:44]ATTACK: Riki Alejandro(riki2321gamer) fired at airtight hatch assembly with GREYTIDE TOOLBOX!!!!!! AI Satellite Antechamber   (150,60,1)
[12:19:22]ATTACK: Frank Holdeman(xxproxx10) electrified Engineering with    (116,86,1)
[12:19:22]ATTACK: Engineering electrocuted Frank Holdeman(xxproxx10) with  (NEWHP: 28) (117,86,1)
[12:19:29]ATTACK: Flamescale Zakuto(firesho) fired at Officer Pingsky with The ion bolt AI Satellite Antechamber (NEWHP: 999999) (150,51,1)
[12:19:29]ATTACK: Flamescale Zakuto(firesho) shot Officer Pingsky with The ion bolt (NEWHP: 999999) (150,51,1)
[12:20:39]ATTACK: Riki Alejandro(riki2321gamer) carded VirOS(jaketheblake) with The intelliCard- VirOS (NEWHP: 100) (132,130,1)
[12:22:09]ATTACK: Captain(thepenatrator) hit Frank Holdeman(xxproxx10) with The flask of unholy water (NEWHP: 89.5) (143,126,1)
[12:22:23]ATTACK: Captain(thepenatrator) hit Frank Holdeman(xxproxx10) with The flask of unholy water (NEWHP: 79) (143,126,1)
[12:22:37]ATTACK: Frank Holdeman(xxproxx10) fired at window with The bullet Starboard Primary Hallway   (141,127,1)
[12:22:39]ATTACK: NON-EXISTENT USER shot Riki Alejandro(riki2321gamer) with The disabler beam (NEWHP: 100) (150,45,1)
[12:22:39]ATTACK: NON-EXISTENT USER shot Riki Alejandro(riki2321gamer) with The disabler beam (NEWHP: 100) (150,45,1)
[12:22:39]ATTACK: NON-EXISTENT USER shot Riki Alejandro(riki2321gamer) with The disabler beam (NEWHP: 100) (150,45,1)
[12:22:39]ATTACK: NON-EXISTENT USER shot Riki Alejandro(riki2321gamer) with The disabler beam (NEWHP: 100) (150,45,1)
[12:22:41]ATTACK: NON-EXISTENT USER shot Riki Alejandro(riki2321gamer) with The disabler beam (NEWHP: 100) (150,45,1)
[12:22:41]ATTACK: NON-EXISTENT USER shot Riki Alejandro(riki2321gamer) with The disabler beam (NEWHP: 100) (150,45,1)
[12:22:41]ATTACK: NON-EXISTENT USER shot Riki Alejandro(riki2321gamer) with The disabler beam (NEWHP: 100) (150,45,1)
[12:22:41]ATTACK: NON-EXISTENT USER shot Riki Alejandro(riki2321gamer) with The disabler beam (NEWHP: 100) (150,45,1)
[12:22:41]ATTACK: Frank Holdeman(xxproxx10) fired at floor with The bullet Starboard Primary Hallway   (137,132,1)
[12:22:41]ATTACK: Frank Holdeman(xxproxx10) shot Captain(thepenatrator) with The bullet (NEWHP: 98) (137,132,1)
[12:22:43]ATTACK: NON-EXISTENT USER shot Riki Alejandro(riki2321gamer) with The disabler beam (NEWHP: 100) (150,48,1)
[12:22:43]ATTACK: NON-EXISTENT USER shot Riki Alejandro(riki2321gamer) with The disabler beam (NEWHP: 100) (150,48,1)
[12:23:14]ATTACK: Captain(thepenatrator) attacked Frank Holdeman(xxproxx10) with super-sharpened null rod(INTENT: HARM) (DAMTYPE: BRUTE) (NEWHP: -61) (143,135,1)
[12:23:25]ATTACK: Flamescale Zakuto(firesho) attacked Flamescale Zakuto(firesho) with DNA-keyed firing pin(INTENT: HELP) (DAMTYPE: BRUTE) (NEWHP: 100) (112,181,1)
[12:23:34]ATTACK: Flamescale Zakuto(firesho) climbed onto table with    (111,181,1)
[12:24:46]ATTACK: Captain(thepenatrator) electrified Morgue with    (153,127,1)
[12:24:58]ATTACK: Frank Holdeman(xxproxx10) slipped NON-EXISTENT SUBJECT with on floor   
[12:25:11]ATTACK: Flamescale Zakuto(firesho) fired at station self-destruct terminal with The pulse Dormitory Toilets   (127,149,1)
[12:25:12]ATTACK: Flamescale Zakuto(firesho) fired at station self-destruct terminal with The pulse Dormitory Toilets   (127,149,1)
[12:25:13]ATTACK: Captain(athirson) fired at space with The hook Fore Starboard Solar Array   (166,168,1)
[12:25:13]ATTACK: Flamescale Zakuto(firesho) fired at station self-destruct terminal with The pulse Dormitory Toilets   (127,149,1)
[12:25:13]ATTACK: Captain(athirson) fired at space with The hook Fore Starboard Solar Array   (166,168,1)
[12:25:13]ATTACK: Captain(athirson) fired at space with The hook Fore Starboard Solar Array   (166,168,1)
[12:25:14]ATTACK: Flamescale Zakuto(firesho) fired at station self-destruct terminal with The pulse Dormitory Toilets   (127,149,1)
[12:25:31]ATTACK: Captain(thepenatrator) attacked Pun Pun XV with super-sharpened null rod(INTENT: HARM) (DAMTYPE: BRUTE) (NEWHP: -100) (137,136,1)
[12:26:58]ATTACK: Riki Alejandro(riki2321gamer) fired at VirOS(jaketheblake) with GREYTIDE TOOLBOX!!!!!! AI Satellite Hallway (NEWHP: 100) (150,43,1)
[12:26:58]ATTACK: Riki Alejandro(riki2321gamer) shot VirOS(jaketheblake) with GREYTIDE TOOLBOX!!!!!! (NEWHP: 100) (150,43,1)
[12:27:04]ATTACK: Riki Alejandro(riki2321gamer) fired at VirOS(jaketheblake) with GREYTIDE TOOLBOX!!!!!! AI Satellite Hallway (NEWHP: 100) (150,43,1)
[12:27:04]ATTACK: Riki Alejandro(riki2321gamer) shot VirOS(jaketheblake) with GREYTIDE TOOLBOX!!!!!! (NEWHP: 100) (150,43,1)
[12:27:14]ATTACK: Riki Alejandro(riki2321gamer) fired at floor with GREYTIDE TOOLBOX!!!!!! AI Satellite Antechamber   (150,47,1)
[12:27:14]ATTACK: Riki Alejandro(riki2321gamer) shot VirOS(jaketheblake) with GREYTIDE TOOLBOX!!!!!! (NEWHP: 100) (150,43,1)
[12:27:15]ATTACK: Riki Alejandro(riki2321gamer) fired at floor with GREYTIDE TOOLBOX!!!!!! AI Satellite Antechamber   (150,47,1)
[12:27:15]ATTACK: Riki Alejandro(riki2321gamer) shot VirOS(jaketheblake) with GREYTIDE TOOLBOX!!!!!! (NEWHP: 100) (150,43,1)
[12:27:15]ATTACK: Riki Alejandro(riki2321gamer) fired at floor with GREYTIDE TOOLBOX!!!!!! AI Satellite Hallway   (150,45,1)
[12:27:16]ATTACK: Riki Alejandro(riki2321gamer) shot VirOS(jaketheblake) with GREYTIDE TOOLBOX!!!!!! (NEWHP: 100) (150,43,1)
[12:27:16]ATTACK: Riki Alejandro(riki2321gamer) fired at floor with GREYTIDE TOOLBOX!!!!!! AI Satellite Hallway   (150,44,1)
[12:27:16]ATTACK: Riki Alejandro(riki2321gamer) shot VirOS(jaketheblake) with GREYTIDE TOOLBOX!!!!!! (NEWHP: 100) (150,43,1)
[12:27:18]ATTACK: Riki Alejandro(riki2321gamer) fired at floor with GREYTIDE TOOLBOX!!!!!! AI Satellite Hallway   (150,44,1)
[12:27:18]ATTACK: Riki Alejandro(riki2321gamer) shot VirOS(jaketheblake) with GREYTIDE TOOLBOX!!!!!! (NEWHP: 100) (150,43,1)
[12:27:21]ATTACK: Captain(thepenatrator) hit Frank Holdeman(xxproxx10) with The banana cream pie (NEWHP: 100) (143,137,1)
[12:27:24]ATTACK: Riki Alejandro(riki2321gamer) fired at reinforced window with GREYTIDE TOOLBOX!!!!!! AI Satellite Hallway   (151,46,1)
[12:27:26]ATTACK: Riki Alejandro(riki2321gamer) fired at turret with GREYTIDE TOOLBOX!!!!!! AI Satellite Hallway   (152,46,1)
[12:27:28]ATTACK: Riki Alejandro(riki2321gamer) fired at turret with GREYTIDE TOOLBOX!!!!!! AI Satellite Hallway   (148,46,1)
[12:27:28]ATTACK: Riki Alejandro(riki2321gamer) fired at floor with GREYTIDE TOOLBOX!!!!!! AI Satellite Hallway   (148,46,1)
[12:27:31]ATTACK: Riki Alejandro(riki2321gamer) fired at turret with GREYTIDE TOOLBOX!!!!!! AI Satellite Hallway   (148,42,1)
[12:27:32]ATTACK: Riki Alejandro(riki2321gamer) fired at turret with GREYTIDE TOOLBOX!!!!!! AI Satellite Hallway   (152,42,1)
[12:27:40]ATTACK: Riki Alejandro(riki2321gamer) fired at metal with GREYTIDE TOOLBOX!!!!!! AI Satellite Antechamber   (150,60,1)
[12:27:50]ATTACK: Riki Alejandro(riki2321gamer) fired at floor with GREYTIDE TOOLBOX!!!!!! AI Satellite Antechamber   (151,56,1)
[12:27:53]ATTACK: Riki Alejandro(riki2321gamer) fired at floor with GREYTIDE TOOLBOX!!!!!! AI Satellite Antechamber   (150,58,1)
[12:27:56]ATTACK: Riki Alejandro(riki2321gamer) fired at floor with GREYTIDE TOOLBOX!!!!!! AI Satellite Antechamber   (154,57,1)
[12:27:58]ATTACK: Riki Alejandro(riki2321gamer) fired at MiniSat Teleporter with GREYTIDE TOOLBOX!!!!!! AI Satellite Antechamber   (153,57,1)
[12:28:03]ATTACK: Captain(thepenatrator) electrified Kitchen with    (146,133,1)
[12:28:07]ATTACK: Riki Alejandro(riki2321gamer) fired at space with GREYTIDE TOOLBOX!!!!!! AI Satellite Antechamber   (157,58,1)
[12:28:19]ATTACK: Captain(thepenatrator) attacked Frank Holdeman(xxproxx10) with lightly-fried super-sharpened null rod(INTENT: HARM) (DAMTYPE: BRUTE) (NEWHP: 100) (144,139,1)
[12:28:21]ATTACK: Captain(thepenatrator) attacked Frank Holdeman(xxproxx10) with lightly-fried super-sharpened null rod(INTENT: HARM) (DAMTYPE: BRUTE) (NEWHP: 100) (144,138,1)
[12:28:23]ATTACK: Captain(thepenatrator) attacked Frank Holdeman(xxproxx10) with lightly-fried super-sharpened null rod(INTENT: HARM) (DAMTYPE: BRUTE) (NEWHP: 100) (144,139,1)
[12:28:24]ATTACK: Captain(thepenatrator) attacked Frank Holdeman(xxproxx10) with lightly-fried super-sharpened null rod(INTENT: HARM) (DAMTYPE: BRUTE) (NEWHP: 100) (144,139,1)
[12:28:25]ATTACK: Riki Alejandro(riki2321gamer) fired at floor with GREYTIDE TOOLBOX!!!!!! AI Satellite Hallway   (150,44,1)
[12:28:27]ATTACK: Captain(athirson) fired at Captain(thepenatrator) with The hook Bar (NEWHP: 98) (144,136,1)
[12:28:27]ATTACK: Captain(athirson) shot Captain(thepenatrator) with The hook (NEWHP: 73) (144,136,1)
[12:28:32]ATTACK: Riki Alejandro(riki2321gamer) fired at MiniSat Maintenance with GREYTIDE TOOLBOX!!!!!! AI Satellite Hallway   (153,44,1)
[12:28:34]ATTACK: Riki Alejandro(riki2321gamer) fired at MiniSat Maintenance with GREYTIDE TOOLBOX!!!!!! AI Satellite Hallway   (147,44,1)
[12:28:46]ATTACK: Riki Alejandro(riki2321gamer) fired at floor with GREYTIDE TOOLBOX!!!!!! AI Satellite Antechamber   (150,59,1)
[12:28:52]ATTACK: Riki Alejandro(riki2321gamer) fired at reinforced window with GREYTIDE TOOLBOX!!!!!! AI Satellite Antechamber   (152,63,1)
[12:28:54]ATTACK: Riki Alejandro(riki2321gamer) fired at reinforced window with GREYTIDE TOOLBOX!!!!!! AI Satellite Antechamber   (152,65,1)
[12:29:02]ATTACK: Riki Alejandro(riki2321gamer) fired at turret with GREYTIDE TOOLBOX!!!!!! AI Satellite Service   (155,50,1)
[12:29:02]ATTACK: NON-EXISTENT USER shot Riki Alejandro(riki2321gamer) with The electrode (NEWHP: 100) (154,53,1)
[12:29:07]ATTACK: NON-EXISTENT USER shot Riki Alejandro(riki2321gamer) with The electrode (NEWHP: 100) (150,51,1)
[12:29:09]ATTACK: NON-EXISTENT USER shot Riki Alejandro(riki2321gamer) with The electrode (NEWHP: 100) (150,51,1)
[12:29:11]ATTACK: NON-EXISTENT USER shot Riki Alejandro(riki2321gamer) with The electrode (NEWHP: 100) (150,51,1)
[12:29:13]ATTACK: NON-EXISTENT USER shot Riki Alejandro(riki2321gamer) with The electrode (NEWHP: 100) (150,51,1)
[12:29:15]ATTACK: NON-EXISTENT USER shot Riki Alejandro(riki2321gamer) with The electrode (NEWHP: 100) (150,51,1)
[12:29:17]ATTACK: NON-EXISTENT USER shot Riki Alejandro(riki2321gamer) with The electrode (NEWHP: 100) (150,51,1)
[12:29:19]ATTACK: NON-EXISTENT USER shot Riki Alejandro(riki2321gamer) with The electrode (NEWHP: 100) (150,51,1)
[12:29:41]ATTACK: NON-EXISTENT USER shot Riki Alejandro(riki2321gamer) with The electrode (NEWHP: 100) (146,50,1)
[12:29:42]ATTACK: Riki Alejandro(riki2321gamer) fired at floor with GREYTIDE TOOLBOX!!!!!! AI Satellite Atmospherics   (145,50,1)
[12:29:52]ATTACK: Riki Alejandro(riki2321gamer) hit VirOS(jaketheblake) with The infinite laser gun (NEWHP: 100) (150,40,1)
[12:30:34]ATTACK: Riki Alejandro(riki2321gamer) fired at floor with GREYTIDE TOOLBOX!!!!!! Bar   (144,125,1)
[12:30:58]ATTACK: Riki Alejandro(riki2321gamer) fired at floor with GREYTIDE TOOLBOX!!!!!! Central Primary Hallway   (128,131,1)
[12:30:59]ATTACK: Riki Alejandro(riki2321gamer) fired at floor with GREYTIDE TOOLBOX!!!!!! Central Primary Hallway   (128,135,1)
[12:31:00]ATTACK: Riki Alejandro(riki2321gamer) fired at space with GREYTIDE TOOLBOX!!!!!! Central Primary Hallway   (122,138,1)
[12:31:00]ATTACK: Riki Alejandro(riki2321gamer) fired at reinforced table with GREYTIDE TOOLBOX!!!!!! Central Primary Hallway   (118,138,1)
[12:31:01]ATTACK: Riki Alejandro(riki2321gamer) fired at Mining Shuttle Console with GREYTIDE TOOLBOX!!!!!! Central Primary Hallway   (114,138,1)
[12:31:01]ATTACK: Riki Alejandro(riki2321gamer) fired at floor with GREYTIDE TOOLBOX!!!!!! Central Primary Hallway   (111,138,1)
[12:31:02]ATTACK: Riki Alejandro(riki2321gamer) fired at floor with GREYTIDE TOOLBOX!!!!!! Central Primary Hallway   (109,137,1)
[12:31:03]ATTACK: Riki Alejandro(riki2321gamer) fired at floor with GREYTIDE TOOLBOX!!!!!! Central Primary Hallway   (110,137,1)
[12:31:03]ATTACK: Riki Alejandro(riki2321gamer) fired at labor shuttle console with GREYTIDE TOOLBOX!!!!!! Central Primary Hallway   (112,138,1)
[12:31:04]ATTACK: Riki Alejandro(riki2321gamer) fired at computer frame with GREYTIDE TOOLBOX!!!!!! Central Primary Hallway   (112,138,1)
[12:31:05]ATTACK: Riki Alejandro(riki2321gamer) fired at computer frame with GREYTIDE TOOLBOX!!!!!! Central Primary Hallway   (110,138,1)
[12:31:14]ATTACK: Riki Alejandro(riki2321gamer) fired at floor with GREYTIDE TOOLBOX!!!!!! Central Primary Hallway   (114,136,1)
[12:31:18]ATTACK: Riki Alejandro(riki2321gamer) fired at wall with GREYTIDE TOOLBOX!!!!!! Central Primary Hallway   (133,131,1)
[12:31:30]ATTACK: Frank Holdeman(xxproxx10) fired at Captain(thepenatrator) with The bullet Bar (NEWHP: 73) (140,135,1)
[12:31:30]ATTACK: Frank Holdeman(xxproxx10) shot Captain(thepenatrator) with The bullet (NEWHP: 73) (140,135,1)
[12:31:34]ATTACK: Frank Holdeman(xxproxx10) fired at Captain(thepenatrator) with The bullet Bar (NEWHP: 73) (140,135,1)
[12:31:34]ATTACK: Frank Holdeman(xxproxx10) shot Captain(thepenatrator) with The bullet (NEWHP: 73) (140,135,1)
[12:31:46]ATTACK: Frank Holdeman(xxproxx10) fired at floor with The bullet Bar   (140,135,1)
[12:31:46]ATTACK: Frank Holdeman(xxproxx10) shot Captain(thepenatrator) with The bullet (NEWHP: 73) (140,135,1)
[12:31:46]ATTACK: Frank Holdeman(xxproxx10) fired at floor with The bullet Bar   (140,135,1)
[12:31:46]ATTACK: Frank Holdeman(xxproxx10) shot Captain(thepenatrator) with The bullet (NEWHP: 73) (140,135,1)
[12:31:58]ATTACK: Riki Alejandro(riki2321gamer) fired at floor with GREYTIDE TOOLBOX!!!!!! AI Satellite Hallway   (150,41,1)
[12:31:58]ATTACK: Riki Alejandro(riki2321gamer) shot VirOS(jaketheblake) with GREYTIDE TOOLBOX!!!!!! (NEWHP: 100) (150,44,1)
[12:31:59]ATTACK: Riki Alejandro(riki2321gamer) fired at floor with GREYTIDE TOOLBOX!!!!!! AI Satellite Hallway   (150,43,1)
[12:31:59]ATTACK: Riki Alejandro(riki2321gamer) shot VirOS(jaketheblake) with GREYTIDE TOOLBOX!!!!!! (NEWHP: 100) (150,44,1)
[12:31:59]ATTACK: Riki Alejandro(riki2321gamer) fired at floor with GREYTIDE TOOLBOX!!!!!! AI Satellite Hallway   (150,43,1)
[12:31:59]ATTACK: Riki Alejandro(riki2321gamer) shot VirOS(jaketheblake) with GREYTIDE TOOLBOX!!!!!! (NEWHP: 100) (150,44,1)
[12:32:00]ATTACK: Riki Alejandro(riki2321gamer) fired at floor with GREYTIDE TOOLBOX!!!!!! AI Satellite Hallway   (150,43,1)
[12:32:00]ATTACK: Riki Alejandro(riki2321gamer) shot VirOS(jaketheblake) with GREYTIDE TOOLBOX!!!!!! (NEWHP: 100) (150,44,1)
[12:32:00]ATTACK: Riki Alejandro(riki2321gamer) fired at floor with GREYTIDE TOOLBOX!!!!!! AI Satellite Hallway   (150,43,1)
[12:32:00]ATTACK: Riki Alejandro(riki2321gamer) shot VirOS(jaketheblake) with GREYTIDE TOOLBOX!!!!!! (NEWHP: 100) (150,44,1)
[12:32:07]ATTACK: Frank Holdeman(xxproxx10) fired at Captain(thepenatrator) with The bullet Bar (NEWHP: 73) (140,135,1)
[12:32:07]ATTACK: Frank Holdeman(xxproxx10) shot Captain(thepenatrator) with The bullet (NEWHP: 73) (140,135,1)
[12:32:07]ATTACK: Frank Holdeman(xxproxx10) fired at Captain(thepenatrator) with The bullet Bar (NEWHP: 73) (140,135,1)
[12:32:07]ATTACK: Frank Holdeman(xxproxx10) shot Captain(thepenatrator) with The bullet (NEWHP: 73) (140,135,1)
[12:32:18]ATTACK: Riki Alejandro(riki2321gamer) fired at floor with GREYTIDE TOOLBOX!!!!!! Arrival Shuttle   (20,193,2)
[12:32:54]ATTACK: Captain(athirson) fired at floor with The stunshot Bar   (140,135,1)
[12:32:54]ATTACK: Captain(athirson) shot Captain(thepenatrator) with The stunshot (NEWHP: 73) (140,135,1)
[12:32:55]ATTACK: Captain(athirson) fired at Captain(thepenatrator) with The stunshot Bar (NEWHP: 73) (140,135,1)
[12:32:56]ATTACK: Captain(athirson) shot Captain(thepenatrator) with The stunshot (NEWHP: 73) (140,135,1)
[12:32:57]ATTACK: Captain(athirson) fired at Captain(thepenatrator) with The stunshot Bar (NEWHP: 73) (140,135,1)
[12:32:57]ATTACK: Captain(athirson) shot Captain(thepenatrator) with The stunshot (NEWHP: 73) (140,135,1)
[12:32:58]ATTACK: Riki Alejandro(riki2321gamer) fired at hyper-reinforced wall with GREYTIDE TOOLBOX!!!!!! Arrival Shuttle   (63,198,1)
[12:33:01]ATTACK: Riki Alejandro(riki2321gamer) fired at hyper-reinforced wall with GREYTIDE TOOLBOX!!!!!! Arrival Shuttle   (55,197,1)
[12:33:02]ATTACK: Riki Alejandro(riki2321gamer) fired at heater with GREYTIDE TOOLBOX!!!!!! Arrival Shuttle   (63,203,1)
[12:33:03]ATTACK: Riki Alejandro(riki2321gamer) fired at heater with GREYTIDE TOOLBOX!!!!!! Arrival Shuttle   (63,203,1)
[12:33:04]ATTACK: Riki Alejandro(riki2321gamer) fired at heater with GREYTIDE TOOLBOX!!!!!! Arrival Shuttle   (63,203,1)
[12:33:04]ATTACK: Riki Alejandro(riki2321gamer) fired at heater with GREYTIDE TOOLBOX!!!!!! Arrival Shuttle   (63,203,1)
[12:33:05]ATTACK: Riki Alejandro(riki2321gamer) fired at heater with GREYTIDE TOOLBOX!!!!!! Arrival Shuttle   (63,203,1)
[12:33:05]ATTACK: Riki Alejandro(riki2321gamer) fired at wall with GREYTIDE TOOLBOX!!!!!! Arrival Shuttle   (50,205,1)
[12:33:06]ATTACK: Riki Alejandro(riki2321gamer) fired at floor with GREYTIDE TOOLBOX!!!!!! Arrival Shuttle   (52,204,1)
[12:33:06]ATTACK: Riki Alejandro(riki2321gamer) fired at wall with GREYTIDE TOOLBOX!!!!!! Arrival Shuttle   (53,204,1)
[12:33:07]ATTACK: Riki Alejandro(riki2321gamer) fired at floor with GREYTIDE TOOLBOX!!!!!! Arrival Shuttle   (55,205,1)
[12:33:11]ATTACK: Riki Alejandro(riki2321gamer) fired at floor with GREYTIDE TOOLBOX!!!!!! Arrival Shuttle   (59,204,1)
[12:33:12]ATTACK: Riki Alejandro(riki2321gamer) fired at black wardrobe with GREYTIDE TOOLBOX!!!!!! Arrival Shuttle   (58,205,1)
[12:33:12]ATTACK: Riki Alejandro(riki2321gamer) fired at green wardrobe with GREYTIDE TOOLBOX!!!!!! Arrival Shuttle   (57,205,1)
[12:33:13]ATTACK: Riki Alejandro(riki2321gamer) fired at floor with GREYTIDE TOOLBOX!!!!!! Arrival Shuttle   (60,205,1)
[12:33:13]ATTACK: Riki Alejandro(riki2321gamer) fired at computer frame with GREYTIDE TOOLBOX!!!!!! Arrival Shuttle   (61,205,1)
[12:33:14]ATTACK: Riki Alejandro(riki2321gamer) fired at floor with GREYTIDE TOOLBOX!!!!!! Arrival Shuttle   (61,205,1)
[12:33:15]ATTACK: Riki Alejandro(riki2321gamer) fired at computer frame with GREYTIDE TOOLBOX!!!!!! Arrival Shuttle   (62,205,1)
[12:33:16]ATTACK: Riki Alejandro(riki2321gamer) fired at first-aid kit with GREYTIDE TOOLBOX!!!!!! Arrival Shuttle   (54,205,1)
[12:33:17]ATTACK: Riki Alejandro(riki2321gamer) fired at Super Mario Flash with GREYTIDE TOOLBOX!!!!!! Arrival Shuttle   (55,205,1)
[12:33:18]ATTACK: Riki Alejandro(riki2321gamer) fired at carpet with GREYTIDE TOOLBOX!!!!!! Arrival Shuttle   (55,198,1)
[12:33:19]ATTACK: Riki Alejandro(riki2321gamer) fired at carpet with GREYTIDE TOOLBOX!!!!!! Arrival Shuttle   (55,198,1)
[12:33:40]ATTACK: Frank Holdeman(xxproxx10) fired at floor with The stunshot Bar   (140,135,1)
[12:33:40]ATTACK: Frank Holdeman(xxproxx10) shot Captain(thepenatrator) with The stunshot (NEWHP: 73) (139,135,1)
[12:33:40]ATTACK: Frank Holdeman(xxproxx10) fired at floor with The stunshot Bar   (140,135,1)
[12:33:40]ATTACK: Frank Holdeman(xxproxx10) shot Captain(thepenatrator) with The stunshot (NEWHP: 73) (139,135,1)
[12:33:41]ATTACK: Frank Holdeman(xxproxx10) fired at floor with The stunshot Bar   (140,135,1)
[12:33:41]ATTACK: Frank Holdeman(xxproxx10) shot Captain(thepenatrator) with The stunshot (NEWHP: 73) (139,135,1)
[12:33:41]ATTACK: Frank Holdeman(xxproxx10) fired at floor with The stunshot Bar   (140,135,1)
[12:33:41]ATTACK: Frank Holdeman(xxproxx10) shot Captain(thepenatrator) with The stunshot (NEWHP: 73) (139,135,1)
[12:33:42]ATTACK: Frank Holdeman(xxproxx10) fired at floor with The stunshot Bar   (140,135,1)
[12:33:42]ATTACK: Frank Holdeman(xxproxx10) shot Captain(thepenatrator) with The stunshot (NEWHP: 73) (139,135,1)
[12:35:12]ATTACK: Captain(athirson) fired at Syndicate Operative with The instagib laser Listening Post (NEWHP: 100) (210,184,10)
[12:35:12]ATTACK: Captain(athirson) shot Syndicate Operative with The instagib laser (NEWHP: 90) (210,184,10)
[12:35:13]ATTACK: Captain(athirson) fired at floor with The instagib laser Listening Post   (210,185,10)
[12:35:13]ATTACK: Captain(athirson) shot Syndicate Operative with The instagib laser (NEWHP: 80) (210,184,10)
[12:35:13]ATTACK: Syndicate Operative attacked Captain(athirson) with  (NEWHP: 100) (210,183,10)
[12:35:14]ATTACK: Captain(athirson) fired at floor with The instagib laser Listening Post   (210,185,10)
[12:35:14]ATTACK: Captain(athirson) shot Syndicate Operative with The instagib laser (NEWHP: 70) (210,184,10)
[12:35:15]ATTACK: Captain(athirson) fired at floor with The instagib laser Listening Post   (210,185,10)
[12:35:15]ATTACK: Captain(athirson) shot Syndicate Operative with The instagib laser (NEWHP: 60) (210,184,10)
[12:35:15]ATTACK: Syndicate Operative attacked Captain(athirson) with  (NEWHP: 100) (210,183,10)
[12:35:15]ATTACK: Captain(athirson) fired at floor with The instagib laser Listening Post   (210,185,10)
[12:35:15]ATTACK: Captain(athirson) shot Syndicate Operative with The instagib laser (NEWHP: 50) (210,184,10)
[12:35:16]ATTACK: Captain(athirson) fired at floor with The instagib laser Listening Post   (210,185,10)
[12:35:16]ATTACK: Captain(athirson) shot Syndicate Operative with The instagib laser (NEWHP: 40) (210,184,10)
[12:35:17]ATTACK: Captain(athirson) fired at floor with The instagib laser Listening Post   (210,185,10)
[12:35:17]ATTACK: Captain(athirson) shot Syndicate Operative with The instagib laser (NEWHP: 30) (210,184,10)
[12:35:17]ATTACK: Syndicate Operative attacked Captain(athirson) with  (NEWHP: 100) (210,183,10)
[12:35:17]ATTACK: Captain(athirson) fired at floor with The instagib laser Listening Post   (210,185,10)
[12:35:17]ATTACK: Captain(athirson) shot Syndicate Operative with The instagib laser (NEWHP: 20) (210,184,10)
[12:35:18]ATTACK: Captain(athirson) fired at floor with The instagib laser Listening Post   (210,185,10)
[12:35:18]ATTACK: Captain(athirson) shot Syndicate Operative with The instagib laser (NEWHP: 10) (210,184,10)
[12:35:19]ATTACK: Captain(athirson) fired at floor with The instagib laser Listening Post   (210,185,10)
[12:35:19]ATTACK: Captain(athirson) shot Syndicate Operative with The instagib laser (NEWHP: 0) 
[12:35:19]ATTACK: Captain(athirson) fired at floor with The instagib laser Listening Post   (210,185,10)
[12:35:22]ATTACK: Captain(athirson) fired at floor with The instagib laser Listening Post   (210,185,10)
[12:35:31]ATTACK: Frank Holdeman(xxproxx10) slipped NON-EXISTENT SUBJECT with on foam   
[12:35:44]ATTACK: Captain(athirson) stuffed Monica Leslie with into the disposal unit (NEWHP: 100) (211,184,10)
[12:36:29]ATTACK: Captain(thepenatrator) attacked Frank Holdeman(xxproxx10) with super-sharpened high frequency blade(INTENT: HARM) (DAMTYPE: BRUTE) (NEWHP: -147.32) (145,130,1)
[12:36:30]ATTACK: Captain(thepenatrator) attacked Frank Holdeman with super-sharpened high frequency blade(INTENT: HARM) (DAMTYPE: BRUTE) (NEWHP: -147.32) (145,130,1)
[12:36:31]ATTACK: Captain(thepenatrator) attacked Frank Holdeman with super-sharpened high frequency blade(INTENT: HARM) (DAMTYPE: BRUTE) (NEWHP: -147.32) (145,130,1)
[12:36:32]ATTACK: Captain(thepenatrator) attacked Frank Holdeman with super-sharpened high frequency blade(INTENT: HARM) (DAMTYPE: BRUTE) (NEWHP: -147.32) (145,130,1)
[12:36:32]ATTACK: Captain(thepenatrator) attacked Frank Holdeman with super-sharpened high frequency blade(INTENT: HARM) (DAMTYPE: BRUTE) (NEWHP: -147.32) (145,130,1)
[12:41:28]ATTACK: Captain(thepenatrator) attacked Officer Beepsky with super-sharpened high frequency blade(INTENT: HELP) (DAMTYPE: BRUTE) (NEWHP: 999899) (129,122,1)
[12:41:28]ATTACK: Officer Beepsky stunned Captain(thepenatrator) with  (NEWHP: 70) (128,122,1)
[12:42:00]ATTACK: Frank Holdeman(xxproxx10) fired at floor with The bolt of change Port Primary Hallway   (81,141,1)
[12:42:00]ATTACK: Frank Holdeman(xxproxx10) fired at floor with The bolt of change Port Primary Hallway   (81,141,1)
[12:42:18]ATTACK: Frank Holdeman(xxproxx10) fired at status display with The bolt of change Central Primary Hallway   (116,139,1)
[12:42:21]ATTACK: Frank Holdeman(xxproxx10) fired at floor with The bolt of change Central Primary Hallway   (120,141,1)
[12:42:27]ATTACK: Frank Holdeman(xxproxx10) fired at Pun Pun XV with The bolt of change Starboard Primary Hallway (NEWHP: -100) (137,136,1)
[12:42:28]ATTACK: Frank Holdeman(xxproxx10) shot Pun Pun XV with The bolt of change (NEWHP: -100) (137,136,1)
[12:43:05]ATTACK: Frank Holdeman(xxproxx10) fired at floor with The bolt of fireball Starboard Primary Hallway   (166,128,1)
[12:43:10]ATTACK: Frank Holdeman(xxproxx10) fired at mech bay with The bolt of fireball Starboard Primary Hallway   (167,127,1)
[12:43:11]ATTACK: Frank Holdeman(xxproxx10) fired at mech bay with The bolt of fireball Starboard Primary Hallway   (167,127,1)
[12:43:14]ATTACK: Frank Holdeman(xxproxx10) fired at reinforced window with The bolt of fireball Starboard Primary Hallway   (160,132,1)
[12:43:25]ATTACK: Frank Holdeman(xxproxx10) fired at firelock with The bolt of teleportation Starboard Primary Hallway   (155,129,1)
[12:43:28]ATTACK: Frank Holdeman(xxproxx10) fired at floor with The bolt of teleportation Starboard Primary Hallway   (154,131,1)
[12:43:36]ATTACK: Frank Holdeman(xxproxx10) fired at Pun Pun XV with The bolt of teleportation Starboard Primary Hallway (NEWHP: -100) (137,136,1)
[12:43:36]ATTACK: Frank Holdeman(xxproxx10) shot Pun Pun XV with The bolt of teleportation (NEWHP: -100) (137,136,1)
[12:44:09]ATTACK: Frank Holdeman(xxproxx10) fired at floor with The bolt of resurrection Starboard Primary Hallway   (169,128,1)
[12:44:09]ATTACK: Frank Holdeman(xxproxx10) fired at floor with The bolt of resurrection Starboard Primary Hallway   (169,128,1)
[12:44:12]ATTACK: Frank Holdeman(xxproxx10) fired at floor with The bolt of resurrection Starboard Primary Hallway   (180,132,1)
[12:44:16]ATTACK: Frank Holdeman(xxproxx10) fired at floor with The bolt of resurrection Starboard Primary Hallway   (184,127,1)
[12:44:17]ATTACK: Frank Holdeman(xxproxx10) fired at floor with The bolt of resurrection Starboard Primary Hallway   (184,127,1)
[12:52:35]ATTACK: Riki Alejandro(riki2321gamer) stabbed Riki Alejandro(riki2321gamer) with The pen (NEWHP: 100) (180,133,1)
[12:53:51]ATTACK: Frank Holdeman(xxproxx10) fired at reinforced table with The laser Starboard Primary Hallway   (150,132,1)
[12:53:52]ATTACK: Frank Holdeman(xxproxx10) fired at reinforced table with The laser Starboard Primary Hallway   (150,132,1)
[12:53:53]ATTACK: Frank Holdeman(xxproxx10) fired at floor with The laser Starboard Primary Hallway   (150,133,1)
[12:53:53]ATTACK: Frank Holdeman(xxproxx10) fired at floor with The laser Starboard Primary Hallway   (150,133,1)
[12:53:54]ATTACK: Frank Holdeman(xxproxx10) fired at floor with The laser Starboard Primary Hallway   (151,133,1)
[12:53:56]ATTACK: Frank Holdeman(xxproxx10) fired at floor with The electrode Starboard Primary Hallway   (150,134,1)
[12:53:57]ATTACK: Frank Holdeman(xxproxx10) fired at floor with The electrode Starboard Primary Hallway   (150,134,1)
[12:54:53]ATTACK: Riki Alejandro(riki2321gamer) fired at floor with The electrode Monkey Base Station   (38,186,1)
[12:54:56]ATTACK: Riki Alejandro(riki2321gamer) fired at paper - 'Riki Station Update' with GREYTIDE TOOLBOX!!!!!! Monkey Base Station   (39,190,1)
[12:54:57]ATTACK: Olive Snyder (as Captain)(borksin) fired at floor with GREYTIDE TOOLBOX!!!!!! Captain's Office   (126,131,1)
[12:54:57]ATTACK: Riki Alejandro(riki2321gamer) fired at supply console with GREYTIDE TOOLBOX!!!!!! Monkey Base Station   (38,190,1)
[12:55:02]ATTACK: Riki Alejandro(riki2321gamer) fired at magical power storage unit with GREYTIDE TOOLBOX!!!!!! Monkey Base Station   (32,180,1)
[12:55:03]ATTACK: Olive Snyder (as Captain)(borksin) fired at reinforced wall with GREYTIDE TOOLBOX!!!!!! Central Primary Hallway   (127,130,1)
[12:55:05]ATTACK: Riki Alejandro(riki2321gamer) fired at magical power storage unit with GREYTIDE TOOLBOX!!!!!! Monkey Base Station   (29,198,1)
[12:55:06]ATTACK: Riki Alejandro(riki2321gamer) fired at capacitor with GREYTIDE TOOLBOX!!!!!! Monkey Base Station   (30,198,1)
[12:55:06]ATTACK: Olive Snyder (as Captain)(borksin) fired at plating with GREYTIDE TOOLBOX!!!!!! Starboard Primary Hallway   (137,131,1)
[12:55:07]ATTACK: Riki Alejandro(riki2321gamer) fired at magical power storage unit with GREYTIDE TOOLBOX!!!!!! Monkey Base Station   (29,198,1)
[12:55:07]ATTACK: Olive Snyder (as Captain)(borksin) fired at metal with GREYTIDE TOOLBOX!!!!!! Starboard Primary Hallway   (139,131,1)
[12:55:07]ATTACK: Olive Snyder (as Captain)(borksin) fired at wall with GREYTIDE TOOLBOX!!!!!! Starboard Primary Hallway   (139,131,1)
[12:55:07]ATTACK: Riki Alejandro(riki2321gamer) fired at magical power storage unit with GREYTIDE TOOLBOX!!!!!! Monkey Base Station   (31,198,1)
[12:55:08]ATTACK: Riki Alejandro(riki2321gamer) fired at magical power storage unit with GREYTIDE TOOLBOX!!!!!! Monkey Base Station   (32,198,1)
[12:55:08]ATTACK: Olive Snyder (as Captain)(borksin) fired at wall with GREYTIDE TOOLBOX!!!!!! Starboard Primary Hallway   (133,131,1)
[12:55:08]ATTACK: Riki Alejandro(riki2321gamer) fired at magical power storage unit with GREYTIDE TOOLBOX!!!!!! Monkey Base Station   (33,198,1)
[12:55:09]ATTACK: Riki Alejandro(riki2321gamer) fired at magical power storage unit with GREYTIDE TOOLBOX!!!!!! Monkey Base Station   (34,198,1)
[12:55:09]ATTACK: Riki Alejandro(riki2321gamer) fired at magical power storage unit with GREYTIDE TOOLBOX!!!!!! Monkey Base Station   (35,198,1)
[12:55:10]ATTACK: Olive Snyder (as Captain)(borksin) fired at wall with GREYTIDE TOOLBOX!!!!!! Starboard Primary Hallway   (136,127,1)
[12:55:11]ATTACK: Olive Snyder (as Captain)(borksin) fired at floor with GREYTIDE TOOLBOX!!!!!! Starboard Primary Hallway   (142,127,1)
[12:55:11]ATTACK: Olive Snyder (as Captain)(borksin) fired at table with GREYTIDE TOOLBOX!!!!!! Starboard Primary Hallway   (146,126,1)
[12:55:11]ATTACK: Riki Alejandro(riki2321gamer) fired at magical power storage unit with GREYTIDE TOOLBOX!!!!!! Monkey Base Station   (36,198,1)
[12:55:12]ATTACK: Olive Snyder (as Captain)(borksin) fired at wall with GREYTIDE TOOLBOX!!!!!! Starboard Primary Hallway   (144,131,1)
[12:55:13]ATTACK: Olive Snyder (as Captain)(borksin) fired at floor with GREYTIDE TOOLBOX!!!!!! Starboard Primary Hallway   (146,130,1)
[12:55:14]ATTACK: Olive Snyder (as Captain)(borksin) fired at wall with GREYTIDE TOOLBOX!!!!!! Starboard Primary Hallway   (143,131,1)
[12:55:15]ATTACK: Olive Snyder (as Captain)(borksin) fired at Diner with GREYTIDE TOOLBOX!!!!!! Starboard Primary Hallway   (138,131,1)
[12:55:45]ATTACK: Captain(thepenatrator) hit Olive Snyder (as Captain)(borksin) with The incendiary grenade (NEWHP: 99) (158,129,1)
[12:56:20]ATTACK: Riki Alejandro(riki2321gamer) fired at fuel tank with GREYTIDE TOOLBOX!!!!!! Central Primary Hallway   (129,121,1)
[12:56:20]ATTACK: Riki Alejandro(riki2321gamer) fired at fuel tank with GREYTIDE TOOLBOX!!!!!! Central Primary Hallway   (129,121,1)
[12:56:42]ATTACK: Captain(thepenatrator) attacked Olive Snyder (as Captain)(borksin) with super-sharpened high frequency blade(INTENT: HELP) (DAMTYPE: BRUTE) (NEWHP: 24.5) (190,129,1)
[12:56:51]ATTACK: Captain(thepenatrator) attacked Olive Snyder (as Captain)(borksin) with super-sharpened high frequency blade(INTENT: HELP) (DAMTYPE: BRUTE) (NEWHP: -0.5) (188,130,1)
[12:56:59]ATTACK: Riki Alejandro(riki2321gamer) fired at space with GREYTIDE TOOLBOX!!!!!! Central Primary Hallway   (104,138,1)
[12:56:59]ATTACK: Riki Alejandro(riki2321gamer) fired at space with GREYTIDE TOOLBOX!!!!!! Central Primary Hallway   (104,138,1)
[12:57:16]ATTACK: Riki Alejandro(riki2321gamer) fired at floor with GREYTIDE TOOLBOX!!!!!! Central Primary Hallway   (112,138,1)
[12:57:16]ATTACK: Riki Alejandro(riki2321gamer) fired at floor with GREYTIDE TOOLBOX!!!!!! Central Primary Hallway   (112,138,1)
[12:57:30]ATTACK: Riki Alejandro(riki2321gamer) fired at floor with GREYTIDE TOOLBOX!!!!!! Central Primary Hallway   (121,134,1)
[12:57:30]ATTACK: Riki Alejandro(riki2321gamer) fired at floor with GREYTIDE TOOLBOX!!!!!! Central Primary Hallway   (121,134,1)
[12:57:31]ATTACK: Riki Alejandro(riki2321gamer) fired at floor with GREYTIDE TOOLBOX!!!!!! Bridge   (114,134,1)
[12:57:31]ATTACK: Riki Alejandro(riki2321gamer) fired at floor with GREYTIDE TOOLBOX!!!!!! Bridge   (114,134,1)
[12:57:31]ATTACK: Riki Alejandro(riki2321gamer) shot Frank Holdeman(xxproxx10) with GREYTIDE TOOLBOX!!!!!! (NEWHP: -100) (116,134,1)
[12:57:44]ATTACK: Riki Alejandro(riki2321gamer) fired at fire alarm with GREYTIDE TOOLBOX!!!!!! Starboard Primary Hallway   (146,130,1)
[12:57:47]ATTACK: Riki Alejandro(riki2321gamer) fired at Kitchen Shutters Control with GREYTIDE TOOLBOX!!!!!! Starboard Primary Hallway   (153,133,1)
[12:57:47]ATTACK: Riki Alejandro(riki2321gamer) fired at Kitchen Shutters Control with GREYTIDE TOOLBOX!!!!!! Starboard Primary Hallway   (153,133,1)
[12:57:55]ATTACK: Riki Alejandro(riki2321gamer) fired at All-In-One Grinder with GREYTIDE TOOLBOX!!!!!! Kitchen   (154,134,1)
[12:57:55]ATTACK: Riki Alejandro(riki2321gamer) fired at All-In-One Grinder with GREYTIDE TOOLBOX!!!!!! Kitchen   (154,134,1)
[12:57:58]ATTACK: Frank Holdeman(xxproxx10) punched Frank Holdeman(xxproxx10) with  (NEWHP: 99) (116,134,1)


Starting up. 13:03:38
---------------------
[13:27:25]ATTACK: Frank Holdeman(xxproxx10) attacked Frank Holdeman(xxproxx10) with toy sword(INTENT: HELP) (DAMTYPE: BRUTE) (NEWHP: 100) (42,192,1)
[13:27:26]ATTACK: Frank Holdeman(xxproxx10) attacked Frank Holdeman(xxproxx10) with toy sword(INTENT: HELP) (DAMTYPE: BRUTE) (NEWHP: 100) (42,192,1)
[13:27:27]ATTACK: Frank Holdeman(xxproxx10) attacked Frank Holdeman(xxproxx10) with toy sword(INTENT: HELP) (DAMTYPE: BRUTE) (NEWHP: 100) (42,192,1)
[13:31:47]ATTACK: Mjor the Creative(thepenatrator) fired at Angry Stick Man with The freeze beam The Unexplored Location (NEWHP: 100) (112,131,4)
[13:31:47]ATTACK: Mjor the Creative(thepenatrator) shot Angry Stick Man with The freeze beam (NEWHP: 100) (112,131,4)
[13:31:49]ATTACK: Mjor the Creative(thepenatrator) attacked Angry Stick Man with  (NEWHP: 85) (112,131,4)
[13:31:50]ATTACK: Mjor the Creative(thepenatrator) attacked Angry Stick Man with  (NEWHP: 70) (112,131,4)
[13:31:51]ATTACK: Mjor the Creative(thepenatrator) attacked Angry Stick Man with  (NEWHP: 44) (112,131,4)
[13:31:52]ATTACK: Mjor the Creative(thepenatrator) attacked Angry Stick Man with  (NEWHP: 28) (112,131,4)
[13:31:53]ATTACK: Mjor the Creative(thepenatrator) attacked Angry Stick Man with  (NEWHP: 0) (112,131,4)
[13:31:54]ATTACK: Mjor the Creative(thepenatrator) attacked Angry Stick Man with  (NEWHP: 100) (114,131,4)
[13:31:55]ATTACK: Mjor the Creative(thepenatrator) attacked Angry Stick Man with  (NEWHP: 80) (114,131,4)
[13:31:56]ATTACK: Mjor the Creative(thepenatrator) attacked Angry Stick Man with  (NEWHP: 60) (114,131,4)
[13:31:57]ATTACK: Mjor the Creative(thepenatrator) attacked Angry Stick Man with  (NEWHP: 49) (114,131,4)
[13:31:57]ATTACK: Mjor the Creative(thepenatrator) attacked Angry Stick Man with  (NEWHP: 39) (114,131,4)
[13:31:58]ATTACK: Mjor the Creative(thepenatrator) attacked Angry Stick Man with  (NEWHP: 27) (114,131,4)
[13:31:59]ATTACK: Mjor the Creative(thepenatrator) attacked Angry Stick Man with  (NEWHP: 17) (114,131,4)
[13:32:00]ATTACK: Mjor the Creative(thepenatrator) attacked Angry Stick Man with  (NEWHP: 2) (114,131,4)
[13:32:02]ATTACK: Mjor the Creative(thepenatrator) fired at Angry Stick Man with The freeze beam The Unexplored Location (NEWHP: 100) (113,134,4)
[13:32:02]ATTACK: Mjor the Creative(thepenatrator) shot Angry Stick Man with The freeze beam (NEWHP: 100) (113,134,4)
[13:32:02]ATTACK: Mjor the Creative(thepenatrator) attacked Angry Stick Man with  (NEWHP: 100) (113,134,4)
[13:32:03]ATTACK: Mjor the Creative(thepenatrator) attacked Angry Stick Man with  (NEWHP: 72) (113,134,4)
[13:32:04]ATTACK: Mjor the Creative(thepenatrator) attacked Angry Stick Man with  (NEWHP: 57) (113,134,4)
[13:32:05]ATTACK: Mjor the Creative(thepenatrator) attacked Angry Stick Man with  (NEWHP: 23) (113,134,4)
[13:32:06]ATTACK: Mjor the Creative(thepenatrator) attacked Angry Stick Man with  (NEWHP: 10) (113,134,4)
[13:32:07]ATTACK: Mjor the Creative(thepenatrator) fired at Angry Stick Dog with The freeze beam The Unexplored Location (NEWHP: 100) (111,131,4)
[13:32:07]ATTACK: Mjor the Creative(thepenatrator) shot Angry Stick Dog with The freeze beam (NEWHP: 100) (111,131,4)
[13:32:10]ATTACK: Mjor the Creative(thepenatrator) fired at Angry Stick Dog with The freeze beam The Unexplored Location (NEWHP: 85) (111,131,4)
[13:32:10]ATTACK: Mjor the Creative(thepenatrator) shot Angry Stick Dog with The freeze beam (NEWHP: 85) (111,131,4)
[13:32:12]ATTACK: Frank Holdeman(xxproxx10) attacked Frank Holdeman(xxproxx10) with space carp plushie(INTENT: HELP) (DAMTYPE: BRUTE) (NEWHP: 100) (48,193,1)
[13:32:13]ATTACK: Mjor the Creative(thepenatrator) attacked Angry Stick Dog with  (NEWHP: 55) (110,131,4)
[13:32:13]ATTACK: Frank Holdeman(xxproxx10) attacked Frank Holdeman(xxproxx10) with space carp plushie(INTENT: HELP) (DAMTYPE: BRUTE) (NEWHP: 100) (48,193,1)
[13:32:14]ATTACK: Mjor the Creative(thepenatrator) attacked Angry Stick Dog with  (NEWHP: 39) (110,131,4)
[13:32:15]ATTACK: Mjor the Creative(thepenatrator) attacked Angry Stick Dog with  (NEWHP: 4) (110,131,4)
[13:32:16]ATTACK: Mjor the Creative(thepenatrator) fired at thick paper wall with The freeze beam The Unexplored Location   (113,128,4)
[13:32:19]ATTACK: Riki Alejandro(riki2321gamer) attacked Riki Alejandro(riki2321gamer) with space carp plushie(INTENT: HARM) (DAMTYPE: BRUTE) (NEWHP: 100) (45,193,1)
[13:32:19]ATTACK: Frank Holdeman(xxproxx10) attacked Frank Holdeman(xxproxx10) with space carp plushie(INTENT: HELP) (DAMTYPE: BRUTE) (NEWHP: 100) (48,193,1)
[13:32:20]ATTACK: Frank Holdeman(xxproxx10) attacked Frank Holdeman(xxproxx10) with space carp plushie(INTENT: HELP) (DAMTYPE: BRUTE) (NEWHP: 100) (48,193,1)
[13:32:20]ATTACK: Mjor the Creative(thepenatrator) attacked Angry Stick Dog with  (NEWHP: 100) (113,129,4)
[13:32:21]ATTACK: Frank Holdeman(xxproxx10) attacked Frank Holdeman(xxproxx10) with space carp plushie(INTENT: HELP) (DAMTYPE: BRUTE) (NEWHP: 100) (48,193,1)
[13:32:21]ATTACK: Frank Holdeman(xxproxx10) attacked Frank Holdeman(xxproxx10) with space carp plushie(INTENT: HELP) (DAMTYPE: BRUTE) (NEWHP: 100) (48,193,1)
[13:32:22]ATTACK: Mjor the Creative(thepenatrator) attacked Angry Stick Dog with  (NEWHP: 83) (113,129,4)
[13:32:23]ATTACK: Mjor the Creative(thepenatrator) attacked Angry Stick Dog with  (NEWHP: 71) (113,129,4)
[13:32:24]ATTACK: Mjor the Creative(thepenatrator) attacked Angry Stick Dog with  (NEWHP: 58) (113,129,4)
[13:32:25]ATTACK: Mjor the Creative(thepenatrator) attacked Angry Stick Dog with  (NEWHP: 43) (113,129,4)
[13:32:26]ATTACK: Mjor the Creative(thepenatrator) attacked Angry Stick Dog with  (NEWHP: 25) (113,129,4)
[13:32:27]ATTACK: Mjor the Creative(thepenatrator) attacked Angry Stick Dog with  (NEWHP: 13) (113,129,4)
[13:32:28]ATTACK: Mjor the Creative(thepenatrator) attacked Angry Stick Dog with  (NEWHP: 2) (113,129,4)
[13:32:30]ATTACK: Mjor the Creative(thepenatrator) fired at Angry Stick Man with The freeze beam The Unexplored Location (NEWHP: 100) (111,134,4)
[13:32:30]ATTACK: Mjor the Creative(thepenatrator) shot Angry Stick Man with The freeze beam (NEWHP: 100) (111,134,4)
[13:32:35]ATTACK: Mjor the Creative(thepenatrator) attacked Angry Stick Man with  (NEWHP: 55) (110,135,4)
[13:32:36]ATTACK: Mjor the Creative(thepenatrator) attacked Angry Stick Man with  (NEWHP: 38) (110,135,4)
[13:32:37]ATTACK: Mjor the Creative(thepenatrator) attacked Angry Stick Man with  (NEWHP: 9) (110,135,4)
[13:32:39]ATTACK: Mjor the Creative(thepenatrator) attacked Angry Stick Man with  (NEWHP: 100) (108,135,4)
[13:32:40]ATTACK: Mjor the Creative(thepenatrator) attacked Angry Stick Man with  (NEWHP: 86) (108,135,4)
[13:32:41]ATTACK: Mjor the Creative(thepenatrator) attacked Angry Stick Man with  (NEWHP: 74) (108,135,4)
[13:32:42]ATTACK: Mjor the Creative(thepenatrator) attacked Angry Stick Man with  (NEWHP: 59) (108,135,4)
[13:32:43]ATTACK: Mjor the Creative(thepenatrator) fired at Angry Stick Man with The freeze beam The Unexplored Location (NEWHP: 49) (107,135,4)
[13:32:43]ATTACK: Mjor the Creative(thepenatrator) shot Angry Stick Man with The freeze beam (NEWHP: 49) (107,135,4)
[13:32:45]ATTACK: Mjor the Creative(thepenatrator) attacked Angry Stick Man with  (NEWHP: 34) (106,135,4)
[13:32:46]ATTACK: Mjor the Creative(thepenatrator) attacked Angry Stick Man with  (NEWHP: 14) (106,135,4)
[13:32:47]ATTACK: Mjor the Creative(thepenatrator) attacked Angry Stick Man with  (NEWHP: 0) (106,135,4)
[13:32:50]ATTACK: Mjor the Creative(thepenatrator) attacked Angry Stick Dog with  (NEWHP: 100) (105,137,4)
[13:32:51]ATTACK: Mjor the Creative(thepenatrator) attacked Angry Stick Dog with  (NEWHP: 89) (105,137,4)
[13:32:51]ATTACK: Mjor the Creative(thepenatrator) attacked Angry Stick Dog with  (NEWHP: 70) (105,137,4)
[13:32:52]ATTACK: Mjor the Creative(thepenatrator) attacked Angry Stick Dog with  (NEWHP: 52) (105,137,4)
[13:32:53]ATTACK: Mjor the Creative(thepenatrator) attacked Angry Stick Dog with  (NEWHP: 40) (105,137,4)
[13:33:18]ATTACK: Frank Holdeman(xxproxx10) attacked Frank Holdeman(xxproxx10) with holoparasite injector(INTENT: HELP) (DAMTYPE: BRUTE) (NEWHP: 100) (48,194,1)
[13:33:19]ATTACK: Frank Holdeman(xxproxx10) attacked Frank Holdeman(xxproxx10) with holoparasite injector(INTENT: HELP) (DAMTYPE: BRUTE) (NEWHP: 100) (48,194,1)
[13:41:00]ATTACK: Angry Stick Dog attacked Woodrow Seidner(thepenatrator) with  (NEWHP: 100) (112,132,4)
[13:41:02]ATTACK: Angry Stick Dog attacked Woodrow Seidner(thepenatrator) with  (NEWHP: 90) (112,132,4)
[13:41:04]ATTACK: Angry Stick Dog attacked Woodrow Seidner(thepenatrator) with  (NEWHP: 80) (112,132,4)
[13:41:06]ATTACK: Angry Stick Dog attacked Woodrow Seidner(thepenatrator) with  (NEWHP: 70) (112,132,4)
[13:41:08]ATTACK: Angry Stick Dog attacked Woodrow Seidner(thepenatrator) with  (NEWHP: 60) (112,132,4)
[13:41:10]ATTACK: Angry Stick Dog attacked Woodrow Seidner(thepenatrator) with  (NEWHP: 50) (112,132,4)
[13:41:12]ATTACK: Angry Stick Dog attacked Woodrow Seidner(thepenatrator) with  (NEWHP: 40) (112,132,4)
[13:41:14]ATTACK: Angry Stick Dog attacked Woodrow Seidner(thepenatrator) with  (NEWHP: 30) (112,132,4)
[13:41:16]ATTACK: Angry Stick Dog attacked Woodrow Seidner(thepenatrator) with  (NEWHP: 20) (112,132,4)
[13:41:18]ATTACK: Angry Stick Dog attacked Woodrow Seidner(thepenatrator) with  (NEWHP: 10) (112,132,4)
[13:41:20]ATTACK: Angry Stick Dog attacked Woodrow Seidner(thepenatrator) with  (NEWHP: 0) (112,132,4)
[13:41:22]ATTACK: Angry Stick Dog attacked Woodrow Seidner(thepenatrator) with  (NEWHP: -10.6667) (112,132,4)
[13:41:24]ATTACK: Angry Stick Dog attacked Woodrow Seidner(thepenatrator) with  (NEWHP: -21.3333) (112,132,4)
[13:41:26]ATTACK: Angry Stick Dog attacked Woodrow Seidner(thepenatrator) with  (NEWHP: -32) (112,132,4)
[13:41:28]ATTACK: Angry Stick Dog attacked Woodrow Seidner(thepenatrator) with  (NEWHP: -42.6667) (112,132,4)
[13:41:30]ATTACK: Angry Stick Dog attacked Woodrow Seidner(thepenatrator) with  (NEWHP: -53.3333) (112,132,4)
[13:41:32]ATTACK: Angry Stick Dog attacked Woodrow Seidner(thepenatrator) with  (NEWHP: -64) (112,132,4)
[13:41:34]ATTACK: Angry Stick Dog attacked Woodrow Seidner(thepenatrator) with  (NEWHP: -64.6667) (112,132,4)
[13:41:36]ATTACK: Angry Stick Dog attacked Woodrow Seidner(thepenatrator) with  (NEWHP: -65.3333) (112,132,4)
[13:41:38]ATTACK: Angry Stick Dog attacked Woodrow Seidner(thepenatrator) with  (NEWHP: -66) (112,132,4)
[13:41:40]ATTACK: Angry Stick Dog attacked Woodrow Seidner(thepenatrator) with  (NEWHP: -76.6667) (112,132,4)
[13:41:42]ATTACK: Angry Stick Dog attacked Woodrow Seidner(thepenatrator) with  (NEWHP: -87.3333) (112,132,4)
[13:41:44]ATTACK: Angry Stick Dog attacked Woodrow Seidner(thepenatrator) with  (NEWHP: -98) (112,132,4)
[13:53:26]ATTACK: Holden Hoopengarner (as Captain)(unixian) fired at floor with GREYTIDE TOOLBOX!!!!!! Monkey Base Station   (45,187,1)
[13:53:26]ATTACK: Holden Hoopengarner (as Captain)(unixian) shot Ian with GREYTIDE TOOLBOX!!!!!! (NEWHP: 0) (43,187,1)
[13:53:26]ATTACK: Holden Hoopengarner (as Captain)(unixian) fired at floor with GREYTIDE TOOLBOX!!!!!! Monkey Base Station   (45,187,1)
[13:53:26]ATTACK: Holden Hoopengarner (as Captain)(unixian) fired at floor with GREYTIDE TOOLBOX!!!!!! Monkey Base Station   (45,187,1)
[13:53:36]ATTACK: Holden Hoopengarner (as Captain)(unixian) fired at Ian with GREYTIDE TOOLBOX!!!!!! Monkey Base Station (NEWHP: 0) (43,187,1)
[13:53:36]ATTACK: Holden Hoopengarner (as Captain)(unixian) shot Ian with GREYTIDE TOOLBOX!!!!!! (NEWHP: 0) (43,187,1)
[13:53:52]ATTACK: Holden Hoopengarner(unixian) fired at Ian with GREYTIDE TOOLBOX!!!!!! Monkey Base Station (NEWHP: 0) (43,187,1)
[13:53:53]ATTACK: Holden Hoopengarner(unixian) shot Ian with GREYTIDE TOOLBOX!!!!!! (NEWHP: 0) (43,187,1)
[13:53:54]ATTACK: Holden Hoopengarner(unixian) fired at Ian with GREYTIDE TOOLBOX!!!!!! Monkey Base Station (NEWHP: 0) (43,187,1)
[13:53:54]ATTACK: Holden Hoopengarner(unixian) shot Ian with GREYTIDE TOOLBOX!!!!!! (NEWHP: 0) (43,187,1)
[13:53:55]ATTACK: Holden Hoopengarner(unixian) fired at Ian with GREYTIDE TOOLBOX!!!!!! Monkey Base Station (NEWHP: 0) (43,187,1)
[13:53:55]ATTACK: Holden Hoopengarner(unixian) shot Ian with GREYTIDE TOOLBOX!!!!!! (NEWHP: 0) (43,187,1)
[13:53:55]ATTACK: Holden Hoopengarner(unixian) fired at Ian with GREYTIDE TOOLBOX!!!!!! Monkey Base Station (NEWHP: 0) (43,187,1)
[13:53:55]ATTACK: Holden Hoopengarner(unixian) shot Ian with GREYTIDE TOOLBOX!!!!!! (NEWHP: 0) (43,187,1)
[13:54:44]ATTACK: Holden Hoopengarner(unixian) attacked Holden Hoopengarner(unixian) with holoparasite injector(INTENT: HELP) (DAMTYPE: BRUTE) (NEWHP: 100) (44,195,1)
[13:54:48]ATTACK: Holden Hoopengarner(unixian) attacked Holden Hoopengarner(unixian) with holoparasite injector(INTENT: HELP) (DAMTYPE: BRUTE) (NEWHP: 100) (44,195,1)
[13:55:06]ATTACK: Flamescale Zakuto(firesho) fired at volcanic floor with The pulse Lavaland Wastes   (102,30,5)
[13:55:07]ATTACK: Flamescale Zakuto(firesho) fired at volcanic floor with The pulse Lavaland Wastes   (102,31,5)
[13:55:08]ATTACK: Flamescale Zakuto(firesho) fired at volcanic floor with The pulse Lavaland Wastes   (104,32,5)
[13:55:08]ATTACK: Flamescale Zakuto(firesho) fired at volcanic floor with The pulse Lavaland Wastes   (103,32,5)
[13:55:08]ATTACK: Flamescale Zakuto(firesho) shot legion with The pulse (NEWHP: 25) (103,33,5)
[13:55:09]ATTACK: Flamescale Zakuto(firesho) fired at legion with The pulse Lavaland Wastes (NEWHP: 25) (103,33,5)
[13:55:09]ATTACK: Flamescale Zakuto(firesho) shot legion with The pulse (NEWHP: 0) 
[13:55:09]ATTACK: Flamescale Zakuto(firesho) shot legion with The pulse (NEWHP: 0) 
[13:58:57]ATTACK: Flamescale Zakuto(firesho) fired at goliath with The pulse Lavaland Wastes (NEWHP: 300) (117,14,5)
[13:58:57]ATTACK: Flamescale Zakuto(firesho) shot goliath with The pulse (NEWHP: 250) (117,14,5)
[13:58:58]ATTACK: Flamescale Zakuto(firesho) fired at goliath with The pulse Lavaland Wastes (NEWHP: 250) (117,14,5)
[13:58:58]ATTACK: Flamescale Zakuto(firesho) shot goliath with The pulse (NEWHP: 200) (117,14,5)
[13:58:58]ATTACK: Flamescale Zakuto(firesho) fired at goliath with The pulse Lavaland Wastes (NEWHP: 200) (117,14,5)
[13:58:58]ATTACK: Flamescale Zakuto(firesho) shot goliath with The pulse (NEWHP: 150) (117,14,5)
[13:58:59]ATTACK: Flamescale Zakuto(firesho) fired at goliath with The pulse Lavaland Wastes (NEWHP: 150) (117,14,5)
[13:58:59]ATTACK: Flamescale Zakuto(firesho) shot goliath with The pulse (NEWHP: 100) (117,14,5)
[13:58:59]ATTACK: Flamescale Zakuto(firesho) fired at goliath with The pulse Lavaland Wastes (NEWHP: 100) (117,14,5)
[13:58:59]ATTACK: Flamescale Zakuto(firesho) shot goliath with The pulse (NEWHP: 50) (117,14,5)
[13:59:00]ATTACK: Flamescale Zakuto(firesho) fired at goliath with The pulse Lavaland Wastes (NEWHP: 50) (116,15,5)
[13:59:00]ATTACK: Flamescale Zakuto(firesho) shot goliath with The pulse (NEWHP: 0) (116,15,5)
[13:59:00]ATTACK: Flamescale Zakuto(firesho) fired at volcanic floor with The pulse Lavaland Wastes   (117,14,5)
[14:00:12]ATTACK: Unknown(unixian) attacked Unknown(unixian) with SRM-8 missile rack(INTENT: HELP) (DAMTYPE: BRUTE) (NEWHP: 87.5) (41,193,1)
[14:00:42]ATTACK: goliath attacked Flamescale Zakuto(firesho) with  (NEWHP: 100) (136,32,5)
[14:00:55]ATTACK: Flamescale Zakuto(firesho) fired at volcanic floor with The electrode Lavaland Wastes   (136,33,5)
[14:00:55]ATTACK: Flamescale Zakuto(firesho) fired at volcanic floor with The electrode Lavaland Wastes   (136,31,5)
[14:00:56]ATTACK: Flamescale Zakuto(firesho) fired at volcanic floor with The electrode Lavaland Wastes   (136,27,5)
[14:01:00]ATTACK: Flamescale Zakuto(firesho) fired at volcanic floor with The pulse Lavaland Wastes   (136,28,5)
[14:01:00]ATTACK: Flamescale Zakuto(firesho) fired at volcanic floor with The pulse Lavaland Wastes   (136,28,5)
[14:01:00]ATTACK: Flamescale Zakuto(firesho) shot legion with The pulse (NEWHP: 25) (136,31,5)
[14:01:01]ATTACK: Flamescale Zakuto(firesho) shot legion with The pulse (NEWHP: 0) 
[14:01:01]ATTACK: Flamescale Zakuto(firesho) fired at volcanic floor with The pulse Lavaland Wastes   (136,28,5)
[14:01:01]ATTACK: Flamescale Zakuto(firesho) shot legion with The pulse (NEWHP: 0) 
[14:01:01]ATTACK: Flamescale Zakuto(firesho) fired at goliath with The pulse Lavaland Wastes (NEWHP: 300) (136,32,5)
[14:01:02]ATTACK: Flamescale Zakuto(firesho) shot goliath with The pulse (NEWHP: 250) (136,32,5)
[14:01:02]ATTACK: Flamescale Zakuto(firesho) fired at goliath with The pulse Lavaland Wastes (NEWHP: 250) (136,32,5)
[14:01:02]ATTACK: Flamescale Zakuto(firesho) fired at goliath with The pulse Lavaland Wastes (NEWHP: 250) (136,32,5)
[14:01:03]ATTACK: Flamescale Zakuto(firesho) shot goliath with The pulse (NEWHP: 200) (136,32,5)
[14:01:03]ATTACK: Flamescale Zakuto(firesho) fired at volcanic floor with The pulse Lavaland Wastes   (136,31,5)
[14:01:03]ATTACK: Flamescale Zakuto(firesho) fired at volcanic floor with The pulse Lavaland Wastes   (136,31,5)
[14:01:05]ATTACK: Flamescale Zakuto(firesho) fired at goliath with The pulse Lavaland Wastes (NEWHP: 200) (137,32,5)
[14:01:05]ATTACK: Flamescale Zakuto(firesho) shot goliath with The pulse (NEWHP: 150) (137,32,5)
[14:01:05]ATTACK: Flamescale Zakuto(firesho) fired at goliath with The pulse Lavaland Wastes (NEWHP: 150) (137,32,5)
[14:01:05]ATTACK: Flamescale Zakuto(firesho) shot goliath with The pulse (NEWHP: 100) (137,32,5)
[14:01:06]ATTACK: Flamescale Zakuto(firesho) fired at volcanic floor with The pulse Lavaland Wastes   (137,31,5)
[14:01:07]ATTACK: Flamescale Zakuto(firesho) fired at volcanic floor with The pulse Lavaland Wastes   (136,33,5)
[14:01:07]ATTACK: Flamescale Zakuto(firesho) shot goliath with The pulse (NEWHP: 50) (136,31,5)
[14:01:08]ATTACK: Flamescale Zakuto(firesho) fired at volcanic floor with The pulse Lavaland Wastes   (136,33,5)
[14:01:08]ATTACK: Flamescale Zakuto(firesho) fired at volcanic floor with The pulse Lavaland Wastes   (136,32,5)
[14:01:08]ATTACK: Flamescale Zakuto(firesho) shot goliath with The pulse (NEWHP: 0) (136,31,5)
[14:01:08]ATTACK: Flamescale Zakuto(firesho) fired at volcanic floor with The pulse Lavaland Wastes   (136,26,5)
[14:01:09]ATTACK: Flamescale Zakuto(firesho) fired at volcanic floor with The pulse Lavaland Wastes   (136,23,5)
[14:01:09]ATTACK: Flamescale Zakuto(firesho) fired at volcanic floor with The pulse Lavaland Wastes   (136,21,5)
[14:01:10]ATTACK: Flamescale Zakuto(firesho) fired at volcanic floor with The pulse Lavaland Wastes   (136,27,5)
[14:01:10]ATTACK: Flamescale Zakuto(firesho) fired at volcanic floor with The pulse Lavaland Wastes   (136,29,5)
[14:01:14]ATTACK: Flamescale Zakuto(firesho) fired at watcher with The pulse Lavaland Wastes (NEWHP: 200) (141,36,5)
[14:01:15]ATTACK: Flamescale Zakuto(firesho) fired at watcher with The pulse Lavaland Wastes (NEWHP: 200) (141,36,5)
[14:01:15]ATTACK: Flamescale Zakuto(firesho) fired at volcanic floor with The pulse Lavaland Wastes   (141,36,5)
[14:01:16]ATTACK: Flamescale Zakuto(firesho) fired at rock with The pulse Lavaland Wastes   (141,33,5)
[14:01:16]ATTACK: Flamescale Zakuto(firesho) fired at volcanic floor with The pulse Lavaland Wastes   (141,34,5)
[14:01:17]ATTACK: watcher fired at Flamescale Zakuto(firesho) with The freezing blast Lavaland Wastes (NEWHP: 100) (136,30,5)
[14:01:17]ATTACK: Flamescale Zakuto(firesho) shot watcher with The pulse (NEWHP: 150) (141,36,5)
[14:01:17]ATTACK: watcher shot Flamescale Zakuto(firesho) with The freezing blast (NEWHP: 100) (136,30,5)
[14:01:17]ATTACK: Flamescale Zakuto(firesho) fired at volcanic floor with The pulse Lavaland Wastes   (141,36,5)
[14:01:17]ATTACK: Flamescale Zakuto(firesho) fired at watcher with The pulse Lavaland Wastes (NEWHP: 150) (141,36,5)
[14:01:17]ATTACK: Flamescale Zakuto(firesho) shot watcher with The pulse (NEWHP: 100) (141,36,5)
[14:01:18]ATTACK: Flamescale Zakuto(firesho) shot watcher with The pulse (NEWHP: 50) (141,36,5)
[14:01:18]ATTACK: Flamescale Zakuto(firesho) fired at volcanic floor with The pulse Lavaland Wastes   (141,35,5)
[14:01:19]ATTACK: Flamescale Zakuto(firesho) shot watcher with The pulse (NEWHP: 0) (140,35,5)
[14:01:19]ATTACK: Flamescale Zakuto(firesho) fired at volcanic floor with The pulse Lavaland Wastes   (141,35,5)
[14:01:19]ATTACK: Flamescale Zakuto(firesho) fired at volcanic floor with The pulse Lavaland Wastes   (141,35,5)
[14:02:03]ATTACK: Holden Hoopengarner(unixian) fired at floor with GREYTIDE TOOLBOX!!!!!! NSS O Green World.   (13,185,1)
[14:02:04]ATTACK: Holden Hoopengarner(unixian) fired at solar panel with GREYTIDE TOOLBOX!!!!!! NSS O Green World.   (13,185,1)
[14:02:04]ATTACK: Holden Hoopengarner(unixian) fired at solar panel with GREYTIDE TOOLBOX!!!!!! NSS O Green World.   (13,185,1)
[14:02:17]ATTACK: Holden Hoopengarner(unixian) fired at closet with GREYTIDE TOOLBOX!!!!!! NSS O Green World.   (24,175,1)
[14:02:20]ATTACK: Holden Hoopengarner(unixian) fired at reinforced window with GREYTIDE TOOLBOX!!!!!! NSS O Green World.   (25,176,1)
[14:02:21]ATTACK: Holden Hoopengarner(unixian) fired at asteroid sand with GREYTIDE TOOLBOX!!!!!! NSS O Green World.   (26,176,1)
[14:02:21]ATTACK: Holden Hoopengarner(unixian) fired at shard with GREYTIDE TOOLBOX!!!!!! NSS O Green World.   (26,176,1)
[14:02:22]ATTACK: Holden Hoopengarner(unixian) fired at reinforced window with GREYTIDE TOOLBOX!!!!!! NSS O Green World.   (25,177,1)
[14:02:23]ATTACK: Holden Hoopengarner(unixian) fired at wall with GREYTIDE TOOLBOX!!!!!! NSS O Green World.   (25,178,1)
[14:02:40]ATTACK: Holden Hoopengarner(unixian) fired at floor with GREYTIDE TOOLBOX!!!!!! Monkey Base Station   (32,174,1)
[14:02:40]ATTACK: Holden Hoopengarner(unixian) fired at floor with GREYTIDE TOOLBOX!!!!!! Monkey Base Station   (32,174,1)
[14:02:41]ATTACK: Holden Hoopengarner(unixian) fired at floor with GREYTIDE TOOLBOX!!!!!! Monkey Base Station   (32,174,1)
[14:02:41]ATTACK: Holden Hoopengarner(unixian) fired at floor with GREYTIDE TOOLBOX!!!!!! Monkey Base Station   (32,174,1)
[14:02:41]ATTACK: Holden Hoopengarner(unixian) fired at floor with GREYTIDE TOOLBOX!!!!!! Monkey Base Station   (32,174,1)
[14:02:42]ATTACK: Holden Hoopengarner(unixian) fired at floor with GREYTIDE TOOLBOX!!!!!! Monkey Base Station   (32,174,1)
[14:12:04]ATTACK: Blade Tatham (as Captain)(kakashiisawsome9) attacked Blade Tatham (as Captain)(kakashiisawsome9) with holoparasite injector(INTENT: HELP) (DAMTYPE: BRUTE) (NEWHP: 100) (43,196,1)
[14:12:25]ATTACK: Riki Alejandro(riki2321gamer) fired at space with GREYTIDE TOOLBOX!!!!!! Cargo Bay   (68,118,1)
[14:12:26]ATTACK: Riki Alejandro(riki2321gamer) fired at plating with GREYTIDE TOOLBOX!!!!!! Cargo Bay   (70,118,1)
[14:12:27]ATTACK: Riki Alejandro(riki2321gamer) fired at plating with GREYTIDE TOOLBOX!!!!!! Cargo Bay   (70,118,1)
[14:12:29]ATTACK: Riki Alejandro(riki2321gamer) fired at plating with GREYTIDE TOOLBOX!!!!!! Cargo Bay   (70,118,1)
[14:13:45]ATTACK: Holden Hoopengarner(unixian) hit Riki Alejandro(riki2321gamer) with The station bounced radio (NEWHP: 100) (88,119,1)
[14:14:10]ATTACK: Blade Tatham (as Captain)(kakashiisawsome9) hit Holden Hoopengarner(unixian) with The station bounced radio (NEWHP: 87.5) (86,119,1)
[14:17:47]ATTACK: Holden Hoopengarner(unixian) fired at Blade Tatham(kakashiisawsome9) with GREYTIDE TOOLBOX!!!!!! Cargo Office (NEWHP: 62.04) (89,118,1)
[14:17:47]ATTACK: Holden Hoopengarner(unixian) shot Blade Tatham(kakashiisawsome9) with GREYTIDE TOOLBOX!!!!!! (NEWHP: -131.63) (89,118,1)
[14:18:02]ATTACK: Holden Hoopengarner(unixian) fired at Blade Tatham(kakashiisawsome9) with GREYTIDE TOOLBOX!!!!!! Cargo Office (NEWHP: 100) (89,118,1)
[14:18:02]ATTACK: Holden Hoopengarner(unixian) shot Blade Tatham(kakashiisawsome9) with GREYTIDE TOOLBOX!!!!!! (NEWHP: -100) (89,118,1)
[14:18:12]ATTACK: Holden Hoopengarner(unixian) fired at Blade Tatham(kakashiisawsome9) with GREYTIDE TOOLBOX!!!!!! Cargo Office (NEWHP: 100) (89,118,1)
[14:18:12]ATTACK: Holden Hoopengarner(unixian) shot Blade Tatham(kakashiisawsome9) with GREYTIDE TOOLBOX!!!!!! (NEWHP: -100) (89,118,1)
[14:18:12]ATTACK: Holden Hoopengarner(unixian) fired at Blade Tatham(kakashiisawsome9) with GREYTIDE TOOLBOX!!!!!! Cargo Office (NEWHP: -100) (89,118,1)
[14:18:12]ATTACK: Holden Hoopengarner(unixian) shot Blade Tatham(kakashiisawsome9) with GREYTIDE TOOLBOX!!!!!! (NEWHP: -150) (89,118,1)
[14:18:13]ATTACK: Holden Hoopengarner(unixian) fired at Blade Tatham(kakashiisawsome9) with GREYTIDE TOOLBOX!!!!!! Cargo Office (NEWHP: -150) (89,118,1)
[14:18:14]ATTACK: Holden Hoopengarner(unixian) shot Blade Tatham(kakashiisawsome9) with GREYTIDE TOOLBOX!!!!!! (NEWHP: -100) (89,118,1)
[14:18:15]ATTACK: Holden Hoopengarner(unixian) fired at Blade Tatham(kakashiisawsome9) with GREYTIDE TOOLBOX!!!!!! Cargo Office (NEWHP: -100) (89,118,1)
[14:18:15]ATTACK: Holden Hoopengarner(unixian) shot Blade Tatham(kakashiisawsome9) with GREYTIDE TOOLBOX!!!!!! (NEWHP: -100) (89,118,1)
[14:18:15]ATTACK: Holden Hoopengarner(unixian) fired at Blade Tatham(kakashiisawsome9) with GREYTIDE TOOLBOX!!!!!! Cargo Office (NEWHP: -100) (89,118,1)
[14:18:15]ATTACK: Holden Hoopengarner(unixian) shot Blade Tatham(kakashiisawsome9) with GREYTIDE TOOLBOX!!!!!! (NEWHP: -150) (89,118,1)
[14:18:16]ATTACK: Holden Hoopengarner(unixian) fired at Blade Tatham(kakashiisawsome9) with GREYTIDE TOOLBOX!!!!!! Cargo Office (NEWHP: -150) (89,118,1)
[14:18:16]ATTACK: Holden Hoopengarner(unixian) shot Blade Tatham(kakashiisawsome9) with GREYTIDE TOOLBOX!!!!!! (NEWHP: -150) (89,118,1)
[14:18:16]ATTACK: Holden Hoopengarner(unixian) fired at Blade Tatham(kakashiisawsome9) with GREYTIDE TOOLBOX!!!!!! Cargo Office (NEWHP: -150) (89,118,1)
[14:18:16]ATTACK: Holden Hoopengarner(unixian) shot Blade Tatham(kakashiisawsome9) with GREYTIDE TOOLBOX!!!!!! (NEWHP: -150) (89,118,1)
[14:18:17]ATTACK: Holden Hoopengarner(unixian) fired at Blade Tatham(kakashiisawsome9) with GREYTIDE TOOLBOX!!!!!! Cargo Office (NEWHP: -150) (89,118,1)
[14:18:17]ATTACK: Holden Hoopengarner(unixian) shot Blade Tatham(kakashiisawsome9) with GREYTIDE TOOLBOX!!!!!! (NEWHP: -100) (89,118,1)
[14:18:30]ATTACK: Blade Tatham(kakashiisawsome9) fired at floor with The electrode Cargo Office   (87,120,1)
[14:18:31]ATTACK: Blade Tatham(kakashiisawsome9) fired at floor with The electrode Cargo Office   (87,118,1)
[14:18:31]ATTACK: Blade Tatham(kakashiisawsome9) shot Holden Hoopengarner(unixian) with The electrode (NEWHP: 87.5) (87,119,1)
[14:18:31]ATTACK: Blade Tatham(kakashiisawsome9) fired at floor with The electrode Cargo Office   (87,119,1)
[14:18:32]ATTACK: Blade Tatham(kakashiisawsome9) fired at floor with The electrode Cargo Office   (87,119,1)
[14:18:34]ATTACK: Blade Tatham(kakashiisawsome9) fired at Holden Hoopengarner(unixian) with The laser Cargo Office (NEWHP: 87.5) (87,119,1)
[14:18:34]ATTACK: Blade Tatham(kakashiisawsome9) shot Holden Hoopengarner(unixian) with The laser (NEWHP: 77.5) (87,119,1)
[14:18:35]ATTACK: Blade Tatham(kakashiisawsome9) fired at Holden Hoopengarner(unixian) with The laser Cargo Office (NEWHP: 77.5) (87,119,1)
[14:18:35]ATTACK: Blade Tatham(kakashiisawsome9) shot Holden Hoopengarner(unixian) with The laser (NEWHP: 67.5) (87,119,1)
[14:18:35]ATTACK: Blade Tatham(kakashiisawsome9) fired at Holden Hoopengarner(unixian) with The laser Cargo Office (NEWHP: 67.5) (87,119,1)
[14:18:35]ATTACK: Blade Tatham(kakashiisawsome9) shot Holden Hoopengarner(unixian) with The laser (NEWHP: 57.5) (87,119,1)
[14:18:41]ATTACK: Blade Tatham(kakashiisawsome9) fired at Holden Hoopengarner(unixian) with The pulse Cargo Office (NEWHP: 57.5) (87,119,1)
[14:18:46]ATTACK: Blade Tatham(kakashiisawsome9) fired at floor with The pulse Cargo Office   (88,117,1)
[14:22:23]ATTACK: Holden Hoopengarner(unixian) fired at floor with GREYTIDE TOOLBOX!!!!!! Cargo Office   (92,118,1)
[14:22:23]ATTACK: Holden Hoopengarner(unixian) shot Blade Tatham(kakashiisawsome9) with GREYTIDE TOOLBOX!!!!!! (NEWHP: 97) (89,118,1)


Starting up. 14:29:36
---------------------
[14:34:42]ATTACK: Captain(kakashiisawsome9) attacked Pun Pun XVI with fire axe(INTENT: HELP) (DAMTYPE: BRUTE) (NEWHP: 95) (145,137,1)
[14:34:44]ATTACK: Pun Pun XVI attacked Captain(kakashiisawsome9) with  (NEWHP: 100) (144,137,1)
[14:34:46]ATTACK: Pun Pun XVI attacked Captain(kakashiisawsome9) with  (NEWHP: 99) (144,137,1)
[14:34:47]ATTACK: Captain(kakashiisawsome9) attacked Pun Pun XVI with fire axe(INTENT: HELP) (DAMTYPE: BRUTE) (NEWHP: 90) (145,137,1)
[14:34:48]ATTACK: Captain(kakashiisawsome9) attacked Pun Pun XVI with fire axe(INTENT: HELP) (DAMTYPE: BRUTE) (NEWHP: 85) (145,137,1)
[14:34:52]ATTACK: Captain(kakashiisawsome9) attacked Pun Pun XVI with fire axe(INTENT: HELP) (DAMTYPE: BRUTE) (NEWHP: 80) (145,137,1)
[14:34:54]ATTACK: Captain(kakashiisawsome9) attacked Pun Pun XVI with fire axe(INTENT: HELP) (DAMTYPE: BRUTE) (NEWHP: 75) (144,136,1)
[14:34:55]ATTACK: Pun Pun XVI attacked Captain(kakashiisawsome9) with fire axe(INTENT: HARM) (DAMTYPE: BRUTE) (NEWHP: 91) (143,137,1)
[14:34:55]ATTACK: Captain(kakashiisawsome9) attacked Pun Pun XVI with fire axe(INTENT: HELP) (DAMTYPE: BRUTE) (NEWHP: 70) (144,136,1)
[14:34:56]ATTACK: Pun Pun XVI attacked Captain(kakashiisawsome9) with fire axe(INTENT: DISARM) (DAMTYPE: BRUTE) (NEWHP: 86) (143,137,1)
[14:34:57]ATTACK: Captain(kakashiisawsome9) attacked Pun Pun XVI with fire axe(INTENT: HELP) (DAMTYPE: BRUTE) (NEWHP: 65) (144,136,1)
[14:34:59]ATTACK: Captain(kakashiisawsome9) attacked Pun Pun XVI with fire axe(INTENT: HELP) (DAMTYPE: BRUTE) (NEWHP: 60) (144,136,1)
[14:34:59]ATTACK: Captain(kakashiisawsome9) attacked Pun Pun XVI with fire axe(INTENT: HELP) (DAMTYPE: BRUTE) (NEWHP: 55) (144,136,1)
[14:35:00]ATTACK: Pun Pun XVI attacked Captain(kakashiisawsome9) with fire axe(INTENT: DISARM) (DAMTYPE: BRUTE) (NEWHP: 81) (143,137,1)
[14:35:00]ATTACK: Captain(kakashiisawsome9) attacked Pun Pun XVI with fire axe(INTENT: HELP) (DAMTYPE: BRUTE) (NEWHP: 50) (144,136,1)
[14:35:01]ATTACK: Captain(kakashiisawsome9) attacked Pun Pun XVI with fire axe(INTENT: HELP) (DAMTYPE: BRUTE) (NEWHP: 45) (144,136,1)
[14:35:02]ATTACK: Captain(kakashiisawsome9) attacked Pun Pun XVI with fire axe(INTENT: HELP) (DAMTYPE: BRUTE) (NEWHP: 40) (144,136,1)
[14:35:03]ATTACK: Captain(kakashiisawsome9) attacked Pun Pun XVI with fire axe(INTENT: HELP) (DAMTYPE: BRUTE) (NEWHP: 35) (144,136,1)
[14:35:04]ATTACK: Captain(kakashiisawsome9) attacked Pun Pun XVI with fire axe(INTENT: HELP) (DAMTYPE: BRUTE) (NEWHP: 30) (144,136,1)
[14:35:04]ATTACK: Captain(kakashiisawsome9) attacked Pun Pun XVI with fire axe(INTENT: HELP) (DAMTYPE: BRUTE) (NEWHP: 25) (144,136,1)
[14:35:05]ATTACK: Captain(kakashiisawsome9) attacked Pun Pun XVI with fire axe(INTENT: HELP) (DAMTYPE: BRUTE) (NEWHP: 20) (144,136,1)
[14:35:06]ATTACK: Captain(kakashiisawsome9) attacked Pun Pun XVI with fire axe(INTENT: HELP) (DAMTYPE: BRUTE) (NEWHP: 15) (144,136,1)
[14:35:09]ATTACK: Captain(kakashiisawsome9) attacked Pun Pun XVI with fire axe(INTENT: HELP) (DAMTYPE: BRUTE) (NEWHP: 10) (144,135,1)
[14:35:29]ATTACK: Captain(kakashiisawsome9) attacked Pun Pun XVI with fire axe(INTENT: HELP) (DAMTYPE: BRUTE) (NEWHP: 5) (144,138,1)
[14:35:34]ATTACK: Captain(kakashiisawsome9) attacked Pun Pun XVI with fire axe(INTENT: HELP) (DAMTYPE: BRUTE) (NEWHP: 0) (144,138,1)
[14:35:46]ATTACK: Captain(kakashiisawsome9) attacked Pun Pun XVI with fire axe (Wielded)(INTENT: HELP) (DAMTYPE: BRUTE) (NEWHP: -29) (144,139,1)
[14:35:47]ATTACK: Captain(kakashiisawsome9) attacked Pun Pun XVI with fire axe (Wielded)(INTENT: HELP) (DAMTYPE: BRUTE) (NEWHP: -54) (144,139,1)
[14:35:48]ATTACK: Captain(kakashiisawsome9) attacked Pun Pun XVI with fire axe (Wielded)(INTENT: HELP) (DAMTYPE: BRUTE) (NEWHP: -78) (144,139,1)
[14:35:49]ATTACK: Captain(kakashiisawsome9) attacked Pun Pun XVI with fire axe (Wielded)(INTENT: HELP) (DAMTYPE: BRUTE) (NEWHP: -103) (144,139,1)
[14:35:49]ATTACK: Captain(kakashiisawsome9) attacked Pun Pun XVI with fire axe (Wielded)(INTENT: HELP) (DAMTYPE: BRUTE) (NEWHP: -127) (144,139,1)
[14:35:50]ATTACK: Captain(kakashiisawsome9) attacked Pun Pun XVI with fire axe (Wielded)(INTENT: HELP) (DAMTYPE: BRUTE) (NEWHP: -151) (144,139,1)
[14:35:51]ATTACK: Captain(kakashiisawsome9) attacked Pun Pun XVI with fire axe (Wielded)(INTENT: HELP) (DAMTYPE: BRUTE) (NEWHP: -215) (144,139,1)
[14:35:52]ATTACK: Captain(kakashiisawsome9) attacked Pun Pun XVI with fire axe (Wielded)(INTENT: HELP) (DAMTYPE: BRUTE) (NEWHP: -39) (144,139,1)
[14:39:23]ATTACK: Pete attacked Captain(kakashiisawsome9) with  (NEWHP: 81) (151,141,1)
[14:39:25]ATTACK: Pete attacked Captain(kakashiisawsome9) with  (NEWHP: 79) (151,141,1)
[14:39:27]ATTACK: Pete attacked Captain(kakashiisawsome9) with  (NEWHP: 77) (151,141,1)
