

Starting up. 07:27:04
---------------------
[07:47:23]ATTACK: Colton Sanders(athirson) attacked Pun Pun XXIV with claw(INTENT: HELP) (DAMTYPE: BRUTE) (NEWHP: 100) (150,136,1)
[07:47:24]ATTACK: Colton Sanders(athirson) attacked Pun Pun XXIV with claw(INTENT: HELP) (DAMTYPE: BRUTE) (NEWHP: 100) (150,137,1)
[07:47:25]ATTACK: Colton Sanders(athirson) attacked Pun Pun XXIV with claw(INTENT: HELP) (DAMTYPE: BRUTE) (NEWHP: 100) (150,137,1)
[07:47:26]ATTACK: Colton Sanders(athirson) attacked Pun Pun XXIV with claw(INTENT: HELP) (DAMTYPE: BRUTE) (NEWHP: 100) (150,137,1)
[07:47:26]ATTACK: Colton Sanders(athirson) attacked Pun Pun XXIV with claw(INTENT: HELP) (DAMTYPE: BRUTE) (NEWHP: 100) (150,137,1)
[07:47:27]ATTACK: Colton Sanders(athirson) attacked Pun Pun XXIV with claw(INTENT: HELP) (DAMTYPE: BRUTE) (NEWHP: 100) (150,137,1)
[07:47:28]ATTACK: Colton Sanders(athirson) attacked Pun Pun XXIV with claw(INTENT: HELP) (DAMTYPE: BRUTE) (NEWHP: 100) (150,137,1)
[07:47:29]ATTACK: Colton Sanders(athirson) attacked Pun Pun XXIV with claw(INTENT: HELP) (DAMTYPE: BRUTE) (NEWHP: 100) (150,137,1)
[07:48:18]ATTACK: Colton Sanders(athirson) fired at Pun Pun XXIV with The bullet Kitchen (NEWHP: 100) (149,135,1)
[07:48:20]ATTACK: Colton Sanders(athirson) fired at table with The bullet Kitchen   (149,135,1)
[07:48:22]ATTACK: Colton Sanders(athirson) fired at table with The bullet Kitchen   (149,136,1)
[07:48:24]ATTACK: Colton Sanders(athirson) fired at Pun Pun XXIV with The bullet Kitchen (NEWHP: 100) (150,136,1)
[07:48:24]ATTACK: Colton Sanders(athirson) shot Pun Pun XXIV with The bullet (NEWHP: 40) (150,136,1)
[07:48:26]ATTACK: Colton Sanders(athirson) fired at Pun Pun XXIV with The bullet Kitchen (NEWHP: 40) (150,136,1)
[07:48:26]ATTACK: Colton Sanders(athirson) shot Pun Pun XXIV with The bullet (NEWHP: -10) (150,136,1)
[07:48:37]ATTACK: Colton Sanders(athirson) fired at Pun Pun XXIV with The bullet Kitchen (NEWHP: -12) (150,136,1)
[07:48:37]ATTACK: Colton Sanders(athirson) shot Pun Pun XXIV with The bullet (NEWHP: -72) (150,136,1)
[07:48:39]ATTACK: Colton Sanders(athirson) fired at Pun Pun XXIV with The bullet Kitchen (NEWHP: -73) (150,136,1)
[07:48:39]ATTACK: Colton Sanders(athirson) shot Pun Pun XXIV with The bullet (NEWHP: -73) (150,136,1)
[07:50:32]ATTACK: Colton Sanders(athirson) attacked Pun Pun XXIV with electric razor(INTENT: HELP) (DAMTYPE: BRUTE) (NEWHP: -100) (150,136,1)
[07:50:33]ATTACK: Colton Sanders(athirson) attacked Pun Pun XXIV with electric razor(INTENT: HELP) (DAMTYPE: BRUTE) (NEWHP: -100) (150,136,1)
[07:50:35]ATTACK: Colton Sanders(athirson) attacked Pun Pun XXIV with electric razor(INTENT: HELP) (DAMTYPE: BRUTE) (NEWHP: -100) (150,136,1)
[07:50:36]ATTACK: Colton Sanders(athirson) attacked Pun Pun XXIV with electric razor(INTENT: HELP) (DAMTYPE: BRUTE) (NEWHP: -100) (150,136,1)
[07:50:39]ATTACK: Colton Sanders(athirson) attacked Pun Pun XXIV with electric razor(INTENT: HELP) (DAMTYPE: BRUTE) (NEWHP: -100) (150,136,1)
[10:25:25]ATTACK: Flamescale Zakuto(firesho) attempted to inject Flamescale Zakuto(firesho) with The DNA injector (Xray) (NEWHP: 100) (132,148,1)
[10:25:25]ATTACK: Flamescale Zakuto(firesho) injected Flamescale Zakuto(firesho) with The DNA injector (Xray) (NEWHP: 100) (132,148,1)
[10:25:25]ATTACK: Firesho/(Flamescale Zakuto) injected Firesho/(Flamescale Zakuto) with the DNA injector (Xray)
[10:36:40]ATTACK: Flamescale Zakuto(firesho) attempted to inject Flamescale Zakuto(firesho) with The DNA injector (Xray) (NEWHP: 100) (123,140,1)
[10:36:40]ATTACK: Flamescale Zakuto(firesho) injected Flamescale Zakuto(firesho) with The DNA injector (Xray) (NEWHP: 100) (123,140,1)
[10:36:40]ATTACK: Firesho/(Flamescale Zakuto) injected Firesho/(Flamescale Zakuto) with the DNA injector (Xray)
[10:41:28]ATTACK: Flamescale Zakuto(firesho) fired at rock with The pulse Lavaland Wastes   (174,161,5)
[10:41:29]ATTACK: Flamescale Zakuto(firesho) fired at rock with The pulse Lavaland Wastes   (174,162,5)
[10:41:29]ATTACK: Flamescale Zakuto(firesho) fired at rock with The pulse Lavaland Wastes   (174,162,5)
[10:41:30]ATTACK: Flamescale Zakuto(firesho) fired at rock with The pulse Lavaland Wastes   (174,162,5)
[10:41:30]ATTACK: Flamescale Zakuto(firesho) fired at rock with The pulse Lavaland Wastes   (174,164,5)
[10:41:31]ATTACK: Flamescale Zakuto(firesho) fired at rock with The pulse Lavaland Wastes   (174,166,5)
[10:41:31]ATTACK: Flamescale Zakuto(firesho) fired at rock with The pulse Lavaland Wastes   (174,167,5)
[10:41:31]ATTACK: Flamescale Zakuto(firesho) fired at rock with The pulse Lavaland Wastes   (174,167,5)
[10:41:32]ATTACK: Flamescale Zakuto(firesho) fired at rock with The pulse Lavaland Wastes   (174,167,5)
[10:41:32]ATTACK: Flamescale Zakuto(firesho) fired at rock with The pulse Lavaland Wastes   (174,167,5)
[10:41:33]ATTACK: Flamescale Zakuto(firesho) fired at rock with The pulse Lavaland Wastes   (174,167,5)
[10:41:33]ATTACK: Flamescale Zakuto(firesho) fired at rock with The pulse Lavaland Wastes   (174,167,5)
[10:41:34]ATTACK: Flamescale Zakuto(firesho) fired at rock with The pulse Lavaland Wastes   (174,170,5)
[10:41:34]ATTACK: Flamescale Zakuto(firesho) fired at rock with The pulse Lavaland Wastes   (174,170,5)
[10:41:36]ATTACK: Flamescale Zakuto(firesho) fired at rock with The pulse Lavaland Wastes   (171,167,5)
[10:41:37]ATTACK: Flamescale Zakuto(firesho) fired at rock with The pulse Lavaland Wastes   (171,167,5)
[10:41:37]ATTACK: Flamescale Zakuto(firesho) fired at rock with The pulse Lavaland Wastes   (171,167,5)
[10:41:39]ATTACK: Flamescale Zakuto(firesho) fired at rock with The pulse Lavaland Wastes   (171,167,5)
[10:41:39]ATTACK: Flamescale Zakuto(firesho) fired at rock with The pulse Lavaland Wastes   (172,167,5)
[10:41:40]ATTACK: Flamescale Zakuto(firesho) fired at rock with The pulse Lavaland Wastes   (172,167,5)
[10:41:40]ATTACK: Flamescale Zakuto(firesho) fired at rock with The pulse Lavaland Wastes   (172,167,5)
[10:41:42]ATTACK: Flamescale Zakuto(firesho) fired at rock with The pulse Lavaland Wastes   (171,166,5)
[10:41:43]ATTACK: Flamescale Zakuto(firesho) fired at rock with The pulse Lavaland Wastes   (171,167,5)
[10:45:03]ATTACK: Flamescale Zakuto(firesho) attacked ash drake with energy axe(INTENT: HELP) (DAMTYPE: BRUTE) (NEWHP: 2350) (112,13,5)
[10:45:04]ATTACK: Flamescale Zakuto(firesho) attacked ash drake with energy axe(INTENT: HELP) (DAMTYPE: BRUTE) (NEWHP: 2200) (112,13,5)
[10:45:05]ATTACK: Flamescale Zakuto(firesho) attacked ash drake with energy axe(INTENT: HELP) (DAMTYPE: BRUTE) (NEWHP: 2050) (112,13,5)
[10:45:06]ATTACK: Flamescale Zakuto(firesho) attacked ash drake with energy axe(INTENT: HELP) (DAMTYPE: BRUTE) (NEWHP: 1900) (112,13,5)
[10:45:07]ATTACK: Flamescale Zakuto(firesho) attacked ash drake with energy axe(INTENT: HELP) (DAMTYPE: BRUTE) (NEWHP: 1750) (112,12,5)
[10:45:08]ATTACK: Flamescale Zakuto(firesho) attacked ash drake with energy axe(INTENT: HELP) (DAMTYPE: BRUTE) (NEWHP: 1600) (112,12,5)
[10:45:10]ATTACK: Flamescale Zakuto(firesho) attacked ash drake with energy axe(INTENT: HELP) (DAMTYPE: BRUTE) (NEWHP: 1450) (112,11,5)
[10:45:10]ATTACK: Flamescale Zakuto(firesho) attacked ash drake with energy axe(INTENT: HELP) (DAMTYPE: BRUTE) (NEWHP: 1300) (112,11,5)
[10:45:11]ATTACK: Flamescale Zakuto(firesho) attacked ash drake with energy axe(INTENT: HELP) (DAMTYPE: BRUTE) (NEWHP: 1150) (112,10,5)
[10:45:14]ATTACK: Flamescale Zakuto(firesho) attacked ash drake with energy axe(INTENT: HELP) (DAMTYPE: BRUTE) (NEWHP: 1000) (113,10,5)
[10:45:15]ATTACK: Flamescale Zakuto(firesho) attacked ash drake with energy axe(INTENT: HELP) (DAMTYPE: BRUTE) (NEWHP: 850) (113,10,5)
[10:45:16]ATTACK: Flamescale Zakuto(firesho) attacked ash drake with energy axe(INTENT: HELP) (DAMTYPE: BRUTE) (NEWHP: 700) (113,10,5)
[10:45:17]ATTACK: Flamescale Zakuto(firesho) attacked ash drake with energy axe(INTENT: HELP) (DAMTYPE: BRUTE) (NEWHP: 550) (113,10,5)
[10:45:18]ATTACK: Flamescale Zakuto(firesho) attacked ash drake with energy axe(INTENT: HELP) (DAMTYPE: BRUTE) (NEWHP: 400) (112,10,5)
[10:45:18]ATTACK: Flamescale Zakuto(firesho) attacked ash drake with energy axe(INTENT: HELP) (DAMTYPE: BRUTE) (NEWHP: 250) (112,10,5)
[10:45:20]ATTACK: Flamescale Zakuto(firesho) attacked ash drake with energy axe(INTENT: HELP) (DAMTYPE: BRUTE) (NEWHP: 100) (112,10,5)
[10:45:20]ATTACK: Flamescale Zakuto(firesho) attacked ash drake with energy axe(INTENT: HELP) (DAMTYPE: BRUTE) (NEWHP: 0) (112,10,5)
[10:45:25]ATTACK: Flamescale Zakuto(firesho) attacked watcher with energy axe(INTENT: HELP) (DAMTYPE: BRUTE) (NEWHP: 50) (112,16,5)
[10:45:26]ATTACK: Flamescale Zakuto(firesho) attacked watcher with energy axe(INTENT: HELP) (DAMTYPE: BRUTE) (NEWHP: 0) (112,16,5)
[10:46:19]ATTACK: Flamescale Zakuto(firesho) attacked legion with energy axe(INTENT: HELP) (DAMTYPE: BRUTE) (NEWHP: 0) 
[12:59:14]ATTACK: Flamescale Zakuto(firesho) fired at reinforced wall with The pulse Port Primary Hallway   (71,141,1)
[12:59:15]ATTACK: Flamescale Zakuto(firesho) fired at plasteel with The pulse Port Primary Hallway   (71,141,1)
[13:10:49]ATTACK: Flamescale Zakuto(firesho) fired at glowing purple bones with The pulse Flamescale Zakuto's ship   (38,116,1)
[13:10:51]ATTACK: Flamescale Zakuto(firesho) fired at glowing purple bones with The pulse Flamescale Zakuto's ship   (38,116,1)
[13:10:52]ATTACK: Flamescale Zakuto(firesho) fired at glowing purple bones with The pulse Flamescale Zakuto's ship   (38,116,1)
[13:10:53]ATTACK: Flamescale Zakuto(firesho) fired at glowing purple bones with The pulse Flamescale Zakuto's ship   (38,116,1)
[13:10:53]ATTACK: Flamescale Zakuto(firesho) fired at glowing purple bones with The pulse Flamescale Zakuto's ship   (38,116,1)
[13:10:54]ATTACK: Flamescale Zakuto(firesho) fired at glowing purple bones with The pulse Flamescale Zakuto's ship   (38,116,1)
[13:11:29]ATTACK: Flamescale Zakuto(firesho) fired at glowing purple bones with The pulse Flamescale Zakuto's ship   (38,116,1)
[13:11:30]ATTACK: Flamescale Zakuto(firesho) fired at glowing purple bones with The pulse Flamescale Zakuto's ship   (38,116,1)
[13:11:30]ATTACK: Flamescale Zakuto(firesho) fired at glowing purple bones with The pulse Flamescale Zakuto's ship   (38,116,1)
[13:11:31]ATTACK: Flamescale Zakuto(firesho) fired at glowing purple bones with The pulse Flamescale Zakuto's ship   (38,116,1)
[13:11:31]ATTACK: Flamescale Zakuto(firesho) fired at glowing purple bones with The pulse Flamescale Zakuto's ship   (38,116,1)
[13:11:32]ATTACK: Flamescale Zakuto(firesho) fired at glowing purple bones with The pulse Flamescale Zakuto's ship   (38,116,1)
[13:11:32]ATTACK: Flamescale Zakuto(firesho) fired at glowing purple bones with The pulse Flamescale Zakuto's ship   (38,116,1)
[13:11:33]ATTACK: Flamescale Zakuto(firesho) fired at glowing purple bones with The pulse Flamescale Zakuto's ship   (38,116,1)
[13:11:33]ATTACK: Flamescale Zakuto(firesho) fired at glowing purple bones with The pulse Flamescale Zakuto's ship   (38,116,1)
[13:11:34]ATTACK: Flamescale Zakuto(firesho) fired at glowing purple bones with The pulse Flamescale Zakuto's ship   (38,116,1)
[13:11:34]ATTACK: Flamescale Zakuto(firesho) fired at glowing purple bones with The pulse Flamescale Zakuto's ship   (38,116,1)
[13:11:35]ATTACK: Flamescale Zakuto(firesho) fired at glowing purple bones with The pulse Flamescale Zakuto's ship   (38,116,1)
[13:11:35]ATTACK: Flamescale Zakuto(firesho) fired at glowing purple bones with The pulse Flamescale Zakuto's ship   (38,116,1)
[13:11:36]ATTACK: Flamescale Zakuto(firesho) fired at glowing purple bones with The pulse Flamescale Zakuto's ship   (38,116,1)
[13:11:36]ATTACK: Flamescale Zakuto(firesho) fired at glowing purple bones with The pulse Flamescale Zakuto's ship   (38,116,1)
[13:11:37]ATTACK: Flamescale Zakuto(firesho) fired at glowing purple bones with The pulse Flamescale Zakuto's ship   (38,116,1)
[13:11:37]ATTACK: Flamescale Zakuto(firesho) fired at glowing purple bones with The pulse Flamescale Zakuto's ship   (38,116,1)
[13:11:38]ATTACK: Flamescale Zakuto(firesho) fired at glowing purple bones with The pulse Flamescale Zakuto's ship   (38,116,1)
[13:11:38]ATTACK: Flamescale Zakuto(firesho) fired at glowing purple bones with The pulse Flamescale Zakuto's ship   (38,116,1)
[13:11:39]ATTACK: Flamescale Zakuto(firesho) fired at glowing purple bones with The pulse Flamescale Zakuto's ship   (38,116,1)
[13:11:40]ATTACK: Flamescale Zakuto(firesho) fired at glowing purple bones with The pulse Flamescale Zakuto's ship   (38,116,1)
[13:11:40]ATTACK: Flamescale Zakuto(firesho) fired at glowing purple bones with The pulse Flamescale Zakuto's ship   (38,116,1)
[13:11:41]ATTACK: Flamescale Zakuto(firesho) fired at glowing purple bones with The pulse Flamescale Zakuto's ship   (38,116,1)
[13:11:42]ATTACK: Flamescale Zakuto(firesho) fired at glowing purple bones with The pulse Flamescale Zakuto's ship   (38,116,1)
[13:11:42]ATTACK: Flamescale Zakuto(firesho) fired at glowing purple bones with The pulse Flamescale Zakuto's ship   (38,116,1)
[13:11:43]ATTACK: Flamescale Zakuto(firesho) fired at glowing purple bones with The pulse Flamescale Zakuto's ship   (38,116,1)
[13:11:43]ATTACK: Flamescale Zakuto(firesho) fired at glowing purple bones with The pulse Flamescale Zakuto's ship   (38,116,1)
[13:11:44]ATTACK: Flamescale Zakuto(firesho) fired at glowing purple bones with The pulse Flamescale Zakuto's ship   (38,116,1)
[13:11:44]ATTACK: Flamescale Zakuto(firesho) fired at glowing purple bones with The pulse Flamescale Zakuto's ship   (38,116,1)
[13:11:45]ATTACK: Flamescale Zakuto(firesho) fired at glowing purple bones with The pulse Flamescale Zakuto's ship   (38,116,1)
[13:11:45]ATTACK: Flamescale Zakuto(firesho) fired at glowing purple bones with The pulse Flamescale Zakuto's ship   (38,116,1)
[13:11:46]ATTACK: Flamescale Zakuto(firesho) fired at glowing purple bones with The pulse Flamescale Zakuto's ship   (38,116,1)
[13:11:46]ATTACK: Flamescale Zakuto(firesho) fired at glowing purple bones with The pulse Flamescale Zakuto's ship   (38,116,1)
[13:11:47]ATTACK: Flamescale Zakuto(firesho) fired at glowing purple bones with The pulse Flamescale Zakuto's ship   (38,116,1)
[13:11:47]ATTACK: Flamescale Zakuto(firesho) fired at glowing purple bones with The pulse Flamescale Zakuto's ship   (38,116,1)
[13:11:48]ATTACK: Flamescale Zakuto(firesho) fired at glowing purple bones with The pulse Flamescale Zakuto's ship   (38,116,1)
[13:11:48]ATTACK: Flamescale Zakuto(firesho) fired at glowing purple bones with The pulse Flamescale Zakuto's ship   (38,116,1)
[13:11:49]ATTACK: Flamescale Zakuto(firesho) fired at glowing purple bones with The pulse Flamescale Zakuto's ship   (38,116,1)
[13:11:49]ATTACK: Flamescale Zakuto(firesho) fired at glowing purple bones with The pulse Flamescale Zakuto's ship   (38,116,1)
[13:11:50]ATTACK: Flamescale Zakuto(firesho) fired at glowing purple bones with The pulse Flamescale Zakuto's ship   (38,116,1)
[13:11:50]ATTACK: Flamescale Zakuto(firesho) fired at glowing purple bones with The pulse Flamescale Zakuto's ship   (38,116,1)
[13:11:51]ATTACK: Flamescale Zakuto(firesho) fired at glowing purple bones with The pulse Flamescale Zakuto's ship   (38,116,1)
[13:11:51]ATTACK: Flamescale Zakuto(firesho) fired at glowing purple bones with The pulse Flamescale Zakuto's ship   (38,116,1)
[13:11:52]ATTACK: Flamescale Zakuto(firesho) fired at glowing purple bones with The pulse Flamescale Zakuto's ship   (38,116,1)
[13:11:53]ATTACK: Flamescale Zakuto(firesho) fired at glowing purple bones with The pulse Flamescale Zakuto's ship   (38,116,1)
[13:11:53]ATTACK: Flamescale Zakuto(firesho) fired at glowing purple bones with The pulse Flamescale Zakuto's ship   (38,116,1)
[13:11:54]ATTACK: Flamescale Zakuto(firesho) fired at glowing purple bones with The pulse Flamescale Zakuto's ship   (38,116,1)
[13:11:54]ATTACK: Flamescale Zakuto(firesho) fired at glowing purple bones with The pulse Flamescale Zakuto's ship   (38,116,1)
[13:11:55]ATTACK: Flamescale Zakuto(firesho) fired at glowing purple bones with The pulse Flamescale Zakuto's ship   (38,116,1)
[13:11:55]ATTACK: Flamescale Zakuto(firesho) fired at glowing purple bones with The pulse Flamescale Zakuto's ship   (38,116,1)
[13:11:56]ATTACK: Flamescale Zakuto(firesho) fired at glowing purple bones with The pulse Flamescale Zakuto's ship   (38,116,1)
[13:11:56]ATTACK: Flamescale Zakuto(firesho) fired at glowing purple bones with The pulse Flamescale Zakuto's ship   (38,116,1)
[13:11:57]ATTACK: Flamescale Zakuto(firesho) fired at glowing purple bones with The pulse Flamescale Zakuto's ship   (38,116,1)
[13:11:57]ATTACK: Flamescale Zakuto(firesho) fired at glowing purple bones with The pulse Flamescale Zakuto's ship   (38,116,1)
[13:11:58]ATTACK: Flamescale Zakuto(firesho) fired at glowing purple bones with The pulse Flamescale Zakuto's ship   (38,116,1)
[13:11:58]ATTACK: Flamescale Zakuto(firesho) fired at glowing purple bones with The pulse Flamescale Zakuto's ship   (38,116,1)
[13:11:59]ATTACK: Flamescale Zakuto(firesho) fired at glowing purple bones with The pulse Flamescale Zakuto's ship   (38,116,1)
[13:11:59]ATTACK: Flamescale Zakuto(firesho) fired at glowing purple bones with The pulse Flamescale Zakuto's ship   (38,116,1)
[13:12:00]ATTACK: Flamescale Zakuto(firesho) fired at glowing purple bones with The pulse Flamescale Zakuto's ship   (38,116,1)
[13:12:00]ATTACK: Flamescale Zakuto(firesho) fired at glowing purple bones with The pulse Flamescale Zakuto's ship   (38,116,1)
[13:12:01]ATTACK: Flamescale Zakuto(firesho) fired at glowing purple bones with The pulse Flamescale Zakuto's ship   (38,116,1)
[13:12:01]ATTACK: Flamescale Zakuto(firesho) fired at glowing purple bones with The pulse Flamescale Zakuto's ship   (38,116,1)
[13:12:02]ATTACK: Flamescale Zakuto(firesho) fired at glowing purple bones with The pulse Flamescale Zakuto's ship   (38,116,1)
[13:12:02]ATTACK: Flamescale Zakuto(firesho) fired at glowing purple bones with The pulse Flamescale Zakuto's ship   (38,116,1)
[13:12:03]ATTACK: Flamescale Zakuto(firesho) fired at glowing purple bones with The pulse Flamescale Zakuto's ship   (38,116,1)
[13:12:03]ATTACK: Flamescale Zakuto(firesho) fired at glowing purple bones with The pulse Flamescale Zakuto's ship   (38,116,1)
[13:12:04]ATTACK: Flamescale Zakuto(firesho) fired at glowing purple bones with The pulse Flamescale Zakuto's ship   (38,116,1)
[13:12:04]ATTACK: Flamescale Zakuto(firesho) fired at glowing purple bones with The pulse Flamescale Zakuto's ship   (38,116,1)
[13:12:05]ATTACK: Flamescale Zakuto(firesho) fired at glowing purple bones with The pulse Flamescale Zakuto's ship   (38,116,1)
[13:12:05]ATTACK: Flamescale Zakuto(firesho) fired at glowing purple bones with The pulse Flamescale Zakuto's ship   (38,116,1)
[13:12:06]ATTACK: Flamescale Zakuto(firesho) fired at glowing purple bones with The pulse Flamescale Zakuto's ship   (38,116,1)
[13:12:06]ATTACK: Flamescale Zakuto(firesho) fired at glowing purple bones with The pulse Flamescale Zakuto's ship   (38,116,1)
[13:12:06]ATTACK: Flamescale Zakuto(firesho) fired at glowing purple bones with The pulse Flamescale Zakuto's ship   (38,116,1)
[13:12:07]ATTACK: Flamescale Zakuto(firesho) fired at glowing purple bones with The pulse Flamescale Zakuto's ship   (38,116,1)
[13:12:07]ATTACK: Flamescale Zakuto(firesho) fired at glowing purple bones with The pulse Flamescale Zakuto's ship   (38,116,1)
[13:12:08]ATTACK: Flamescale Zakuto(firesho) fired at glowing purple bones with The pulse Flamescale Zakuto's ship   (38,116,1)
[13:12:08]ATTACK: Flamescale Zakuto(firesho) fired at glowing purple bones with The pulse Flamescale Zakuto's ship   (38,116,1)
[13:12:09]ATTACK: Flamescale Zakuto(firesho) fired at glowing purple bones with The pulse Flamescale Zakuto's ship   (38,116,1)
[13:12:09]ATTACK: Flamescale Zakuto(firesho) fired at glowing purple bones with The pulse Flamescale Zakuto's ship   (38,116,1)
[13:12:09]ATTACK: Flamescale Zakuto(firesho) fired at glowing purple bones with The pulse Flamescale Zakuto's ship   (38,116,1)
[13:12:10]ATTACK: Flamescale Zakuto(firesho) fired at glowing purple bones with The pulse Flamescale Zakuto's ship   (38,116,1)
[13:12:11]ATTACK: Flamescale Zakuto(firesho) fired at glowing purple bones with The pulse Flamescale Zakuto's ship   (38,116,1)
[13:12:11]ATTACK: Flamescale Zakuto(firesho) fired at glowing purple bones with The pulse Flamescale Zakuto's ship   (38,116,1)
[13:12:12]ATTACK: Flamescale Zakuto(firesho) fired at glowing purple bones with The pulse Flamescale Zakuto's ship   (38,116,1)
[13:12:12]ATTACK: Flamescale Zakuto(firesho) fired at glowing purple bones with The pulse Flamescale Zakuto's ship   (38,116,1)
[13:12:12]ATTACK: Flamescale Zakuto(firesho) fired at glowing purple bones with The pulse Flamescale Zakuto's ship   (38,116,1)
[13:12:13]ATTACK: Flamescale Zakuto(firesho) fired at glowing purple bones with The pulse Flamescale Zakuto's ship   (38,116,1)
[13:12:13]ATTACK: Flamescale Zakuto(firesho) fired at glowing purple bones with The pulse Flamescale Zakuto's ship   (38,116,1)
[13:12:14]ATTACK: Flamescale Zakuto(firesho) fired at glowing purple bones with The pulse Flamescale Zakuto's ship   (38,116,1)
[13:12:14]ATTACK: Flamescale Zakuto(firesho) fired at glowing purple bones with The pulse Flamescale Zakuto's ship   (38,116,1)
[13:12:15]ATTACK: Flamescale Zakuto(firesho) fired at glowing purple bones with The pulse Flamescale Zakuto's ship   (38,116,1)
[13:12:15]ATTACK: Flamescale Zakuto(firesho) fired at glowing purple bones with The pulse Flamescale Zakuto's ship   (38,116,1)
[13:12:16]ATTACK: Flamescale Zakuto(firesho) fired at glowing purple bones with The pulse Flamescale Zakuto's ship   (38,116,1)
[13:12:16]ATTACK: Flamescale Zakuto(firesho) fired at glowing purple bones with The pulse Flamescale Zakuto's ship   (38,116,1)
[13:12:17]ATTACK: Flamescale Zakuto(firesho) fired at glowing purple bones with The pulse Flamescale Zakuto's ship   (38,116,1)
[13:12:17]ATTACK: Flamescale Zakuto(firesho) fired at glowing purple bones with The pulse Flamescale Zakuto's ship   (38,116,1)
[13:12:17]ATTACK: Flamescale Zakuto(firesho) fired at glowing purple bones with The pulse Flamescale Zakuto's ship   (38,116,1)
[13:12:18]ATTACK: Flamescale Zakuto(firesho) fired at glowing purple bones with The pulse Flamescale Zakuto's ship   (38,116,1)
[13:12:18]ATTACK: Flamescale Zakuto(firesho) fired at glowing purple bones with The pulse Flamescale Zakuto's ship   (38,116,1)
[13:12:19]ATTACK: Flamescale Zakuto(firesho) fired at glowing purple bones with The pulse Flamescale Zakuto's ship   (38,116,1)
[13:12:19]ATTACK: Flamescale Zakuto(firesho) fired at glowing purple bones with The pulse Flamescale Zakuto's ship   (38,116,1)
[13:12:20]ATTACK: Flamescale Zakuto(firesho) fired at glowing purple bones with The pulse Flamescale Zakuto's ship   (38,116,1)
[13:12:20]ATTACK: Flamescale Zakuto(firesho) fired at glowing purple bones with The pulse Flamescale Zakuto's ship   (38,116,1)
[13:12:21]ATTACK: Flamescale Zakuto(firesho) fired at glowing purple bones with The pulse Flamescale Zakuto's ship   (38,116,1)
[13:12:21]ATTACK: Flamescale Zakuto(firesho) fired at glowing purple bones with The pulse Flamescale Zakuto's ship   (38,116,1)
[13:12:22]ATTACK: Flamescale Zakuto(firesho) fired at glowing purple bones with The pulse Flamescale Zakuto's ship   (38,116,1)
[13:12:22]ATTACK: Flamescale Zakuto(firesho) fired at glowing purple bones with The pulse Flamescale Zakuto's ship   (38,116,1)
[13:12:22]ATTACK: Flamescale Zakuto(firesho) fired at glowing purple bones with The pulse Flamescale Zakuto's ship   (38,116,1)
[13:12:23]ATTACK: Flamescale Zakuto(firesho) fired at glowing purple bones with The pulse Flamescale Zakuto's ship   (38,116,1)
[13:12:23]ATTACK: Flamescale Zakuto(firesho) fired at glowing purple bones with The pulse Flamescale Zakuto's ship   (38,116,1)
[13:12:24]ATTACK: Flamescale Zakuto(firesho) fired at glowing purple bones with The pulse Flamescale Zakuto's ship   (38,116,1)
[13:12:24]ATTACK: Flamescale Zakuto(firesho) fired at glowing purple bones with The pulse Flamescale Zakuto's ship   (38,116,1)
[13:12:25]ATTACK: Flamescale Zakuto(firesho) fired at glowing purple bones with The pulse Flamescale Zakuto's ship   (38,116,1)
[13:12:25]ATTACK: Flamescale Zakuto(firesho) fired at glowing purple bones with The pulse Flamescale Zakuto's ship   (38,116,1)
[13:13:21]ATTACK: Flamescale Zakuto(firesho) fired at table with The pulse Flamescale Zakuto's ship   (36,117,1)
[13:13:22]ATTACK: Flamescale Zakuto(firesho) fired at table with The pulse Flamescale Zakuto's ship   (37,117,1)
[13:13:24]ATTACK: Flamescale Zakuto(firesho) fired at table with The pulse Flamescale Zakuto's ship   (40,117,1)
[13:13:25]ATTACK: Flamescale Zakuto(firesho) fired at table with The pulse Flamescale Zakuto's ship   (41,117,1)
[13:18:15]ATTACK: Aglap Zorklan(emanresu123) grabbed Pun Pun XXIV with aggressively (NEWHP: -100) (150,136,1)
[13:35:21]ATTACK: Aglap Zorklan(emanresu123) attacked Aglap Zorklan(emanresu123) with Flask of Holy Water (NEWHP: 98.5) (182,136,1)
[13:43:11]ATTACK: NON-EXISTENT USER shot pine tree with The bullet (NEWHP: 190) (65,96,2)
[13:43:12]ATTACK: NON-EXISTENT USER shot pine tree with The bullet (NEWHP: 190) (61,99,2)
[13:43:14]ATTACK: NON-EXISTENT USER shot pine tree with The bullet (NEWHP: 130) (65,96,2)
[13:43:14]ATTACK: NON-EXISTENT USER shot pine tree with The bullet (NEWHP: 130) (61,99,2)
[13:43:15]ATTACK: NON-EXISTENT USER shot pine tree with The bullet (NEWHP: 190) (61,94,2)
[13:43:18]ATTACK: NON-EXISTENT USER shot pine tree with The bullet (NEWHP: 190) (64,84,2)
[13:43:19]ATTACK: NON-EXISTENT USER shot pine tree with The bullet (NEWHP: 130) (64,84,2)
[13:43:22]ATTACK: NON-EXISTENT USER shot pine tree with The bullet (NEWHP: 70) (64,84,2)
[13:43:31]ATTACK: NON-EXISTENT USER shot pine tree with The bullet (NEWHP: 190) (63,88,2)
[13:43:42]ATTACK: NON-EXISTENT USER shot pine tree with The bullet (NEWHP: 130) (61,88,2)
[13:43:44]ATTACK: NON-EXISTENT USER shot pine tree with The bullet (NEWHP: 70) (61,88,2)
[13:43:46]ATTACK: NON-EXISTENT USER shot pine tree with The bullet (NEWHP: 10) (61,88,2)
[13:43:48]ATTACK: NON-EXISTENT USER shot pine tree with The bullet (NEWHP: 0) 
[13:43:48]ATTACK: NON-EXISTENT USER shot pine tree with The bullet (NEWHP: 0) 
[13:43:50]ATTACK: NON-EXISTENT USER shot pine tree with The bullet (NEWHP: 70) (61,88,2)
[13:45:23]ATTACK: magicarp fired at Tom with The blade energy Prison Wing (NEWHP: 5) (98,183,1)
[13:45:29]ATTACK: magicarp attacked Tom with  (NEWHP: 5) (98,183,1)
[13:46:01]ATTACK: Aglap Zorklan(emanresu123) attacked Aglap Zorklan(emanresu123) with bottle of dragons blood(INTENT: HELP) (DAMTYPE: BRUTE) (NEWHP: 89.5) (133,134,1)
[13:46:26]ATTACK: NON-EXISTENT USER shot pine tree with The bullet (NEWHP: 70) (59,97,2)
[13:47:34]ATTACK: NON-EXISTENT USER shot pine tree with The bullet (NEWHP: 10) (58,96,2)
[13:47:36]ATTACK: NON-EXISTENT USER shot pine tree with The bullet (NEWHP: 0) 
[13:47:36]ATTACK: NON-EXISTENT USER shot pine tree with The bullet (NEWHP: 0) 
[13:47:51]ATTACK: magicarp fired at Water Flan with The bolt of change Space (NEWHP: 50) (221,145,1)
[13:47:51]ATTACK: magicarp shot Water Flan with The bolt of change (NEWHP: 50) (220,145,1)
[13:47:51]ATTACK: magicarp shot Water Flan with The bolt of change (NEWHP: 50) 
[13:47:56]ATTACK: magicarp fired at Water Flan with The bolt of change Space (NEWHP: 92.59) (220,145,1)
[13:47:57]ATTACK: magicarp shot Water Flan with The bolt of change (NEWHP: 92.59) (220,145,1)
[13:47:57]ATTACK: magicarp shot Water Flan with The bolt of change (NEWHP: 92.59) 
[13:48:01]ATTACK: magicarp fired at Water Flan with The bolt of change Space (NEWHP: 30) (220,145,1)
[13:48:02]ATTACK: magicarp shot Water Flan with The bolt of change (NEWHP: 30) (220,145,1)
[13:48:02]ATTACK: magicarp shot Water Flan with The bolt of change (NEWHP: 30) 
[13:48:07]ATTACK: NON-EXISTENT USER shot pine tree with The bullet (NEWHP: 130) (60,97,2)
[13:48:08]ATTACK: magicarp fired at Water Flan with The bolt of change Space (NEWHP: 100) (220,145,1)
[13:48:08]ATTACK: magicarp shot Water Flan with The bolt of change (NEWHP: 100) (220,145,1)
[13:48:08]ATTACK: magicarp shot Water Flan with The bolt of change (NEWHP: 100) 
[13:48:14]ATTACK: magicarp fired at Water Flan with The bolt of change Space (NEWHP: 98.34) (220,145,1)
[13:48:14]ATTACK: magicarp shot Water Flan with The bolt of change (NEWHP: 98.34) (220,145,1)
[13:48:14]ATTACK: magicarp shot Water Flan with The bolt of change (NEWHP: 98.34) 
[13:48:20]ATTACK: magicarp fired at Water Flan with The bolt of change Space (NEWHP: 97.32) (220,144,1)
[13:48:20]ATTACK: magicarp shot Water Flan with The bolt of change (NEWHP: 97.32) (220,144,1)
[13:48:20]ATTACK: magicarp shot Water Flan with The bolt of change (NEWHP: 97.32) 
[13:48:23]ATTACK: magicarp fired at Cleanbot with The arcane bolt Space (NEWHP: 25) (151,59,1)
[13:48:25]ATTACK: magicarp attacked Cleanbot with  (NEWHP: 25) (151,59,1)
[13:48:25]ATTACK: magicarp fired at Water Flan with The bolt of change Space (NEWHP: 100) (220,144,1)
[13:48:26]ATTACK: magicarp shot Water Flan with The bolt of change (NEWHP: 100) (220,144,1)
[13:48:28]ATTACK: magicarp fired at Cleanbot with The arcane bolt AI Satellite Antechamber (NEWHP: 10) (151,59,1)
[13:48:28]ATTACK: magicarp attacked Water Flan with  (NEWHP: 100) (220,144,1)
[13:48:30]ATTACK: magicarp attacked Cleanbot with  (NEWHP: 10) (151,59,1)
[13:48:33]ATTACK: magicarp fired at Water Flan with The bolt of change Space (NEWHP: 85) (220,144,1)
[13:48:33]ATTACK: magicarp shot Water Flan with The bolt of change (NEWHP: 85) (220,144,1)
[13:48:33]ATTACK: magicarp shot Water Flan with The bolt of change (NEWHP: 85) 


Starting up. 13:49:01
---------------------


Starting up. 13:53:41
---------------------


Starting up. 14:01:01
---------------------
[14:13:06]ATTACK: NON-EXISTENT USER shot Water Flan with The electrode (NEWHP: 50) (42,214,4)
[14:13:08]ATTACK: NON-EXISTENT USER shot Water Flan with The electrode (NEWHP: 50) (43,215,4)
[14:13:10]ATTACK: NON-EXISTENT USER shot Water Flan with The electrode (NEWHP: 50) (42,214,4)
[14:13:12]ATTACK: NON-EXISTENT USER shot Water Flan with The electrode (NEWHP: 50) (43,215,4)
[14:13:14]ATTACK: NON-EXISTENT USER shot Water Flan with The electrode (NEWHP: 50) (42,214,4)
[14:13:16]ATTACK: NON-EXISTENT USER shot Water Flan with The electrode (NEWHP: 50) (43,215,4)
[14:13:18]ATTACK: NON-EXISTENT USER shot Water Flan with The electrode (NEWHP: 50) (42,214,4)
[14:13:20]ATTACK: NON-EXISTENT USER shot Water Flan with The electrode (NEWHP: 50) (43,215,4)
[14:13:22]ATTACK: NON-EXISTENT USER shot Water Flan with The electrode (NEWHP: 50) (42,214,4)
[14:13:24]ATTACK: NON-EXISTENT USER shot Water Flan with The electrode (NEWHP: 50) (43,215,4)
[14:13:26]ATTACK: NON-EXISTENT USER shot Water Flan with The electrode (NEWHP: 50) (42,214,4)
[14:13:28]ATTACK: NON-EXISTENT USER shot Water Flan with The electrode (NEWHP: 50) (43,215,4)
[14:13:30]ATTACK: NON-EXISTENT USER shot Water Flan with The electrode (NEWHP: 50) (42,214,4)
[14:13:32]ATTACK: NON-EXISTENT USER shot Water Flan with The electrode (NEWHP: 50) (43,215,4)
[14:13:34]ATTACK: NON-EXISTENT USER shot Water Flan with The electrode (NEWHP: 50) (42,214,4)
[14:13:36]ATTACK: NON-EXISTENT USER shot Water Flan with The electrode (NEWHP: 50) (42,214,4)
[14:13:38]ATTACK: NON-EXISTENT USER shot Water Flan with The electrode (NEWHP: 50) (42,214,4)
[14:13:40]ATTACK: NON-EXISTENT USER shot Water Flan with The electrode (NEWHP: 50) (43,215,4)
[14:13:42]ATTACK: NON-EXISTENT USER shot Water Flan with The electrode (NEWHP: 50) (42,214,4)
[14:13:44]ATTACK: NON-EXISTENT USER shot Water Flan with The electrode (NEWHP: 50) (43,215,4)
[14:13:46]ATTACK: NON-EXISTENT USER shot Water Flan with The electrode (NEWHP: 50) (42,214,4)
[14:13:48]ATTACK: NON-EXISTENT USER shot Water Flan with The electrode (NEWHP: 50) (43,215,4)
[14:13:50]ATTACK: NON-EXISTENT USER shot Water Flan with The electrode (NEWHP: 50) (42,214,4)
[14:13:52]ATTACK: NON-EXISTENT USER shot Water Flan with The electrode (NEWHP: 50) (43,215,4)
[14:13:54]ATTACK: NON-EXISTENT USER shot Water Flan with The electrode (NEWHP: 50) (42,214,4)
[14:13:56]ATTACK: NON-EXISTENT USER shot Water Flan with The electrode (NEWHP: 50) (43,215,4)
[14:13:58]ATTACK: NON-EXISTENT USER shot Water Flan with The electrode (NEWHP: 50) (42,214,4)
[14:14:00]ATTACK: NON-EXISTENT USER shot Water Flan with The electrode (NEWHP: 50) (43,215,4)
[14:14:02]ATTACK: NON-EXISTENT USER shot Water Flan with The electrode (NEWHP: 50) (42,214,4)
[14:14:04]ATTACK: NON-EXISTENT USER shot Water Flan with The electrode (NEWHP: 50) (43,215,4)
[14:14:06]ATTACK: NON-EXISTENT USER shot Water Flan with The electrode (NEWHP: 50) (42,214,4)
[14:14:08]ATTACK: NON-EXISTENT USER shot Water Flan with The electrode (NEWHP: 50) (42,214,4)
[14:14:10]ATTACK: NON-EXISTENT USER shot Water Flan with The electrode (NEWHP: 50) (42,214,4)
[14:14:12]ATTACK: NON-EXISTENT USER shot Water Flan with The electrode (NEWHP: 50) (43,215,4)
[14:14:14]ATTACK: NON-EXISTENT USER shot Water Flan with The electrode (NEWHP: 50) (42,214,4)
[14:14:16]ATTACK: NON-EXISTENT USER shot Water Flan with The electrode (NEWHP: 50) (43,215,4)
[14:14:18]ATTACK: NON-EXISTENT USER shot Water Flan with The electrode (NEWHP: 50) (42,214,4)
[14:14:20]ATTACK: NON-EXISTENT USER shot Water Flan with The electrode (NEWHP: 50) (43,215,4)
[14:14:22]ATTACK: NON-EXISTENT USER shot Water Flan with The electrode (NEWHP: 50) (42,214,4)
[14:14:24]ATTACK: NON-EXISTENT USER shot Water Flan with The electrode (NEWHP: 50) (43,215,4)
[14:14:26]ATTACK: NON-EXISTENT USER shot Water Flan with The electrode (NEWHP: 50) (42,214,4)
[14:14:28]ATTACK: NON-EXISTENT USER shot Water Flan with The electrode (NEWHP: 50) (43,215,4)
[14:14:30]ATTACK: NON-EXISTENT USER shot Water Flan with The electrode (NEWHP: 50) (42,214,4)
[14:14:32]ATTACK: NON-EXISTENT USER shot Water Flan with The electrode (NEWHP: 50) (43,215,4)
[14:14:34]ATTACK: NON-EXISTENT USER shot Water Flan with The electrode (NEWHP: 50) (42,214,4)
[14:14:36]ATTACK: NON-EXISTENT USER shot Water Flan with The electrode (NEWHP: 50) (43,215,4)
[14:14:38]ATTACK: NON-EXISTENT USER shot Water Flan with The electrode (NEWHP: 50) (42,214,4)
[14:14:40]ATTACK: NON-EXISTENT USER shot Water Flan with The electrode (NEWHP: 50) (42,214,4)
[14:14:54]ATTACK: NON-EXISTENT USER shot Water Flan with The electrode (NEWHP: 50) (42,214,4)
[14:14:56]ATTACK: NON-EXISTENT USER shot Water Flan with The electrode (NEWHP: 50) (43,215,4)
[14:14:58]ATTACK: NON-EXISTENT USER shot Water Flan with The electrode (NEWHP: 50) (42,214,4)
[14:15:00]ATTACK: NON-EXISTENT USER shot Water Flan with The electrode (NEWHP: 50) (43,215,4)
[14:15:02]ATTACK: NON-EXISTENT USER shot Water Flan with The electrode (NEWHP: 50) (42,214,4)
[14:15:04]ATTACK: NON-EXISTENT USER shot Water Flan with The electrode (NEWHP: 50) (43,215,4)
[14:15:06]ATTACK: NON-EXISTENT USER shot Water Flan with The electrode (NEWHP: 50) (42,214,4)
[14:15:08]ATTACK: NON-EXISTENT USER shot Water Flan with The electrode (NEWHP: 50) (43,215,4)
[14:15:10]ATTACK: NON-EXISTENT USER shot Water Flan with The electrode (NEWHP: 50) (42,214,4)
[14:15:12]ATTACK: NON-EXISTENT USER shot Water Flan with The electrode (NEWHP: 50) (43,215,4)
[14:15:14]ATTACK: NON-EXISTENT USER shot Water Flan with The electrode (NEWHP: 50) (42,214,4)
[14:15:16]ATTACK: NON-EXISTENT USER shot Water Flan with The electrode (NEWHP: 50) (43,215,4)
[14:15:18]ATTACK: NON-EXISTENT USER shot Water Flan with The electrode (NEWHP: 50) (42,214,4)
[14:15:20]ATTACK: NON-EXISTENT USER shot Water Flan with The electrode (NEWHP: 50) (43,215,4)
[14:15:22]ATTACK: NON-EXISTENT USER shot Water Flan with The electrode (NEWHP: 50) (42,214,4)
[14:15:24]ATTACK: NON-EXISTENT USER shot Water Flan with The electrode (NEWHP: 50) (43,215,4)
[14:15:26]ATTACK: NON-EXISTENT USER shot Water Flan with The electrode (NEWHP: 50) (42,214,4)
[14:15:28]ATTACK: NON-EXISTENT USER shot Water Flan with The electrode (NEWHP: 50) (42,214,4)
[14:15:30]ATTACK: NON-EXISTENT USER shot Water Flan with The electrode (NEWHP: 50) (43,215,4)
[14:15:32]ATTACK: NON-EXISTENT USER shot Water Flan with The electrode (NEWHP: 50) (42,214,4)
[14:15:34]ATTACK: NON-EXISTENT USER shot Water Flan with The electrode (NEWHP: 50) (43,215,4)
[14:15:36]ATTACK: NON-EXISTENT USER shot Water Flan with The electrode (NEWHP: 50) (42,214,4)
[14:15:38]ATTACK: NON-EXISTENT USER shot Water Flan with The electrode (NEWHP: 50) (43,215,4)
[14:15:40]ATTACK: NON-EXISTENT USER shot Water Flan with The electrode (NEWHP: 50) (42,214,4)
[14:15:42]ATTACK: NON-EXISTENT USER shot Water Flan with The electrode (NEWHP: 50) (43,215,4)
[14:15:44]ATTACK: NON-EXISTENT USER shot Water Flan with The electrode (NEWHP: 50) (42,214,4)
[14:15:46]ATTACK: NON-EXISTENT USER shot Water Flan with The electrode (NEWHP: 50) (43,215,4)
[14:15:48]ATTACK: NON-EXISTENT USER shot Water Flan with The electrode (NEWHP: 50) (42,214,4)
[14:15:50]ATTACK: NON-EXISTENT USER shot Water Flan with The electrode (NEWHP: 50) (43,215,4)
[14:15:52]ATTACK: NON-EXISTENT USER shot Water Flan with The electrode (NEWHP: 50) (42,214,4)
[14:15:54]ATTACK: NON-EXISTENT USER shot Water Flan with The electrode (NEWHP: 50) (43,215,4)
[14:15:56]ATTACK: NON-EXISTENT USER shot Water Flan with The electrode (NEWHP: 50) (42,214,4)
[14:15:58]ATTACK: NON-EXISTENT USER shot Water Flan with The electrode (NEWHP: 50) (42,214,4)
[14:16:00]ATTACK: NON-EXISTENT USER shot Water Flan with The electrode (NEWHP: 50) (42,214,4)
[14:16:02]ATTACK: NON-EXISTENT USER shot Water Flan with The electrode (NEWHP: 50) (42,215,4)
[14:16:04]ATTACK: NON-EXISTENT USER shot Water Flan with The electrode (NEWHP: 50) (42,215,4)
[14:16:06]ATTACK: NON-EXISTENT USER shot Water Flan with The electrode (NEWHP: 50) (42,215,4)
[14:16:08]ATTACK: NON-EXISTENT USER shot Water Flan with The electrode (NEWHP: 50) (42,215,4)
[14:16:10]ATTACK: NON-EXISTENT USER shot Water Flan with The electrode (NEWHP: 50) (42,215,4)
[14:16:12]ATTACK: NON-EXISTENT USER shot Water Flan with The electrode (NEWHP: 50) (42,215,4)
[14:16:14]ATTACK: NON-EXISTENT USER shot Water Flan with The electrode (NEWHP: 50) (42,215,4)
[14:16:16]ATTACK: NON-EXISTENT USER shot Water Flan with The electrode (NEWHP: 50) (42,215,4)
[14:16:18]ATTACK: NON-EXISTENT USER shot Water Flan with The electrode (NEWHP: 50) (42,215,4)
[14:16:20]ATTACK: NON-EXISTENT USER shot Water Flan with The electrode (NEWHP: 50) (42,215,4)
[14:16:22]ATTACK: NON-EXISTENT USER shot Water Flan with The electrode (NEWHP: 50) (42,215,4)
[14:16:24]ATTACK: NON-EXISTENT USER shot Water Flan with The electrode (NEWHP: 50) (42,215,4)
[14:16:26]ATTACK: NON-EXISTENT USER shot Water Flan with The electrode (NEWHP: 50) (42,215,4)
[14:16:28]ATTACK: NON-EXISTENT USER shot Water Flan with The electrode (NEWHP: 50) (42,215,4)
[14:16:30]ATTACK: NON-EXISTENT USER shot Water Flan with The electrode (NEWHP: 50) (42,215,4)
[14:16:32]ATTACK: NON-EXISTENT USER shot Water Flan with The electrode (NEWHP: 50) (42,215,4)
[14:16:34]ATTACK: NON-EXISTENT USER shot Water Flan with The electrode (NEWHP: 50) (42,215,4)
[14:16:36]ATTACK: NON-EXISTENT USER shot Water Flan with The electrode (NEWHP: 50) (42,215,4)
[14:16:38]ATTACK: NON-EXISTENT USER shot Water Flan with The electrode (NEWHP: 50) (42,215,4)
[14:16:40]ATTACK: NON-EXISTENT USER shot Water Flan with The electrode (NEWHP: 50) (42,215,4)
[14:16:42]ATTACK: NON-EXISTENT USER shot Water Flan with The electrode (NEWHP: 50) (42,215,4)
[14:16:44]ATTACK: NON-EXISTENT USER shot Water Flan with The electrode (NEWHP: 50) (42,215,4)
[14:16:46]ATTACK: NON-EXISTENT USER shot Water Flan with The electrode (NEWHP: 50) (42,215,4)
[14:16:48]ATTACK: NON-EXISTENT USER shot Water Flan with The electrode (NEWHP: 50) (42,215,4)
[14:16:50]ATTACK: NON-EXISTENT USER shot Water Flan with The electrode (NEWHP: 50) (42,215,4)
[14:16:52]ATTACK: NON-EXISTENT USER shot Water Flan with The electrode (NEWHP: 50) (42,215,4)
[14:16:54]ATTACK: NON-EXISTENT USER shot Water Flan with The electrode (NEWHP: 50) (42,215,4)
[14:16:56]ATTACK: NON-EXISTENT USER shot Water Flan with The electrode (NEWHP: 50) (42,215,4)
[14:16:58]ATTACK: NON-EXISTENT USER shot Water Flan with The electrode (NEWHP: 50) (42,215,4)
[14:17:00]ATTACK: NON-EXISTENT USER shot Water Flan with The electrode (NEWHP: 50) (42,215,4)
[14:17:02]ATTACK: NON-EXISTENT USER shot Water Flan with The electrode (NEWHP: 50) (42,215,4)
[14:17:04]ATTACK: NON-EXISTENT USER shot Water Flan with The electrode (NEWHP: 50) (42,215,4)
[14:17:06]ATTACK: NON-EXISTENT USER shot Water Flan with The electrode (NEWHP: 50) (42,215,4)
[14:17:08]ATTACK: NON-EXISTENT USER shot Water Flan with The electrode (NEWHP: 50) (42,215,4)
[14:17:10]ATTACK: NON-EXISTENT USER shot Water Flan with The electrode (NEWHP: 50) (42,215,4)
[14:17:12]ATTACK: NON-EXISTENT USER shot Water Flan with The electrode (NEWHP: 50) (42,215,4)
[14:17:14]ATTACK: NON-EXISTENT USER shot Water Flan with The electrode (NEWHP: 50) (42,215,4)
[14:17:16]ATTACK: NON-EXISTENT USER shot Water Flan with The electrode (NEWHP: 50) (42,215,4)
[14:17:18]ATTACK: NON-EXISTENT USER shot Water Flan with The electrode (NEWHP: 50) (42,215,4)
[14:17:20]ATTACK: NON-EXISTENT USER shot Water Flan with The electrode (NEWHP: 50) (42,215,4)
[14:17:22]ATTACK: NON-EXISTENT USER shot Water Flan with The electrode (NEWHP: 50) (42,215,4)
[14:17:24]ATTACK: NON-EXISTENT USER shot Water Flan with The electrode (NEWHP: 50) (42,215,4)
[14:17:26]ATTACK: NON-EXISTENT USER shot Water Flan with The electrode (NEWHP: 50) (42,215,4)
[14:17:28]ATTACK: NON-EXISTENT USER shot Water Flan with The electrode (NEWHP: 50) (42,215,4)
[14:17:30]ATTACK: NON-EXISTENT USER shot Water Flan with The electrode (NEWHP: 50) (42,215,4)
[14:17:32]ATTACK: NON-EXISTENT USER shot Water Flan with The electrode (NEWHP: 50) (42,215,4)
[14:17:34]ATTACK: NON-EXISTENT USER shot Water Flan with The electrode (NEWHP: 50) (42,215,4)
[14:17:36]ATTACK: NON-EXISTENT USER shot Water Flan with The electrode (NEWHP: 50) (41,215,4)
[14:17:38]ATTACK: NON-EXISTENT USER shot Water Flan with The electrode (NEWHP: 50) (41,215,4)
[14:17:40]ATTACK: NON-EXISTENT USER shot Water Flan with The electrode (NEWHP: 50) (41,215,4)
[14:17:42]ATTACK: NON-EXISTENT USER shot Water Flan with The electrode (NEWHP: 50) (41,215,4)
[14:17:44]ATTACK: NON-EXISTENT USER shot Water Flan with The electrode (NEWHP: 50) (41,215,4)
[14:17:46]ATTACK: NON-EXISTENT USER shot Water Flan with The electrode (NEWHP: 50) (41,215,4)
[14:17:48]ATTACK: NON-EXISTENT USER shot Water Flan with The electrode (NEWHP: 50) (41,215,4)
[14:17:50]ATTACK: NON-EXISTENT USER shot Water Flan with The electrode (NEWHP: 50) (41,215,4)
[14:17:52]ATTACK: NON-EXISTENT USER shot Water Flan with The electrode (NEWHP: 50) (41,215,4)
[14:17:54]ATTACK: NON-EXISTENT USER shot Water Flan with The electrode (NEWHP: 50) (41,215,4)
[14:17:56]ATTACK: NON-EXISTENT USER shot Water Flan with The electrode (NEWHP: 50) (41,215,4)
[14:17:58]ATTACK: NON-EXISTENT USER shot Water Flan with The electrode (NEWHP: 50) (41,215,4)


Starting up. 14:22:06
---------------------
