

Starting up. 17:26:34
---------------------


Starting up. 17:27:37
---------------------
[17:36:17]ATTACK: The Faithless attacked legion with  (NEWHP: 75) (198,48,5)
[17:36:21]ATTACK: legion attacked The Faithless with  (NEWHP: 80) (197,47,5)
[17:36:21]ATTACK: The Faithless attacked necropolis tendril with  (NEWHP: 250) (198,47,5)
[17:36:23]ATTACK: legion attacked The Faithless with  (NEWHP: 68) (197,47,5)
[17:36:23]ATTACK: legion attacked The Faithless with  (NEWHP: 56) (197,47,5)
[17:36:24]ATTACK: The Faithless attacked necropolis tendril with  (NEWHP: 235) (198,47,5)
[17:36:25]ATTACK: legion attacked The Faithless with  (NEWHP: 44) (197,47,5)
[17:36:25]ATTACK: legion attacked The Faithless with  (NEWHP: 32) (197,47,5)
[17:36:25]ATTACK: legion attacked The Faithless with  (NEWHP: 20) (197,47,5)
[17:36:26]ATTACK: The Faithless attacked legion with  (NEWHP: 5) (197,48,5)
[17:36:31]ATTACK: legion attacked The Faithless with  (NEWHP: 8) (197,46,5)
[17:40:01]ATTACK: Redieeus-Anoo(pauls4eva) fired at plating with GREYTIDE TOOLBOX!!!!!! Arrival Shuttle   (44,141,1)
[17:40:02]ATTACK: Redieeus-Anoo(pauls4eva) fired at plating with GREYTIDE TOOLBOX!!!!!! Arrival Shuttle   (44,141,1)
[17:40:02]ATTACK: Redieeus-Anoo(pauls4eva) fired at reinforced window with GREYTIDE TOOLBOX!!!!!! Arrival Shuttle   (43,141,1)
[17:40:03]ATTACK: Redieeus-Anoo(pauls4eva) fired at reinforced window with GREYTIDE TOOLBOX!!!!!! Arrival Shuttle   (43,141,1)
[17:40:05]ATTACK: Redieeus-Anoo(pauls4eva) fired at shuttle window with GREYTIDE TOOLBOX!!!!!! Arrival Shuttle   (43,142,1)
[17:40:07]ATTACK: Redieeus-Anoo(pauls4eva) fired at shuttle window with GREYTIDE TOOLBOX!!!!!! Arrival Shuttle   (42,142,1)
[17:40:07]ATTACK: Redieeus-Anoo(pauls4eva) fired at shuttle window with GREYTIDE TOOLBOX!!!!!! Arrival Shuttle   (41,142,1)
[17:40:08]ATTACK: Redieeus-Anoo(pauls4eva) fired at grille with GREYTIDE TOOLBOX!!!!!! Arrival Shuttle   (41,142,1)
[17:40:09]ATTACK: Redieeus-Anoo(pauls4eva) fired at shuttle window with GREYTIDE TOOLBOX!!!!!! Arrival Shuttle   (40,142,1)
[17:40:10]ATTACK: Redieeus-Anoo(pauls4eva) fired at reinforced window with GREYTIDE TOOLBOX!!!!!! Arrival Shuttle   (41,141,1)
[17:41:45]ATTACK: Redieeus-Anoo(pauls4eva) fired at floor with The bullet Arrival Shuttle Hallway   (45,137,1)
[17:41:45]ATTACK: Redieeus-Anoo(pauls4eva) fired at floor with The bullet Arrival Shuttle Hallway   (45,137,1)
[17:41:45]ATTACK: Redieeus-Anoo(pauls4eva) fired at floor with The bullet Arrival Shuttle Hallway   (45,137,1)
[17:41:45]ATTACK: Redieeus-Anoo(pauls4eva) fired at floor with The bullet Arrival Shuttle Hallway   (45,137,1)
[17:41:46]ATTACK: Redieeus-Anoo(pauls4eva) fired at reinforced window with The bullet Arrival Shuttle Hallway   (45,136,1)
[17:41:46]ATTACK: Redieeus-Anoo(pauls4eva) fired at reinforced window with The bullet Arrival Shuttle Hallway   (45,136,1)
[17:41:46]ATTACK: Redieeus-Anoo(pauls4eva) fired at reinforced window with The bullet Arrival Shuttle Hallway   (45,136,1)
[17:41:46]ATTACK: Redieeus-Anoo(pauls4eva) fired at reinforced window with The bullet Arrival Shuttle Hallway   (45,136,1)
[17:41:47]ATTACK: Redieeus-Anoo(pauls4eva) fired at shard with The bullet Arrival Shuttle Hallway   (45,135,1)
[17:41:47]ATTACK: Redieeus-Anoo(pauls4eva) fired at shard with The bullet Arrival Shuttle Hallway   (45,135,1)
[17:41:47]ATTACK: Redieeus-Anoo(pauls4eva) fired at shard with The bullet Arrival Shuttle Hallway   (45,135,1)
[17:41:48]ATTACK: Redieeus-Anoo(pauls4eva) fired at space with The bullet Arrival Shuttle Hallway   (45,135,1)
[17:41:48]ATTACK: Redieeus-Anoo(pauls4eva) fired at space with The bullet Arrival Shuttle Hallway   (45,135,1)
[17:41:48]ATTACK: Redieeus-Anoo(pauls4eva) fired at space with The bullet Arrival Shuttle Hallway   (45,135,1)
[17:41:48]ATTACK: Redieeus-Anoo(pauls4eva) fired at space with The bullet Arrival Shuttle Hallway   (45,135,1)
[17:41:48]ATTACK: Redieeus-Anoo(pauls4eva) fired at space with The bullet Arrival Shuttle Hallway   (45,135,1)
[17:41:48]ATTACK: Redieeus-Anoo(pauls4eva) fired at space with The bullet Arrival Shuttle Hallway   (45,135,1)
[17:41:49]ATTACK: Redieeus-Anoo(pauls4eva) fired at space with The bullet Arrival Shuttle Hallway   (45,135,1)
[17:41:49]ATTACK: Redieeus-Anoo(pauls4eva) fired at space with The bullet Arrival Shuttle Hallway   (45,135,1)
[17:41:49]ATTACK: Redieeus-Anoo(pauls4eva) fired at floor with The bullet Arrival Shuttle Hallway   (50,135,1)
[17:41:49]ATTACK: Redieeus-Anoo(pauls4eva) fired at floor with The bullet Arrival Shuttle Hallway   (50,135,1)
[17:41:49]ATTACK: Redieeus-Anoo(pauls4eva) fired at floor with The bullet Arrival Shuttle Hallway   (50,135,1)
[17:41:49]ATTACK: Redieeus-Anoo(pauls4eva) fired at floor with The bullet Arrival Shuttle Hallway   (50,135,1)
[17:41:50]ATTACK: Redieeus-Anoo(pauls4eva) fired at floor with The bullet Arrival Shuttle Hallway   (59,135,1)
[17:41:50]ATTACK: Redieeus-Anoo(pauls4eva) fired at floor with The bullet Arrival Shuttle Hallway   (59,135,1)
[17:41:50]ATTACK: Redieeus-Anoo(pauls4eva) fired at floor with The bullet Arrival Shuttle Hallway   (59,135,1)
[17:41:50]ATTACK: Redieeus-Anoo(pauls4eva) fired at floor with The bullet Arrival Shuttle Hallway   (59,135,1)
[17:41:51]ATTACK: Redieeus-Anoo(pauls4eva) fired at floor with The bullet Arrival Shuttle Hallway   (60,135,1)
[17:41:51]ATTACK: Redieeus-Anoo(pauls4eva) fired at floor with The bullet Arrival Shuttle Hallway   (60,135,1)
[17:41:51]ATTACK: Redieeus-Anoo(pauls4eva) fired at floor with The bullet Arrival Shuttle Hallway   (60,135,1)
[17:41:51]ATTACK: Redieeus-Anoo(pauls4eva) fired at floor with The bullet Arrival Shuttle Hallway   (60,135,1)
[17:41:52]ATTACK: Redieeus-Anoo(pauls4eva) fired at floor with The bullet Arrival Shuttle Hallway   (60,135,1)
[17:41:52]ATTACK: Redieeus-Anoo(pauls4eva) fired at floor with The bullet Arrival Shuttle Hallway   (60,135,1)
[17:41:52]ATTACK: Redieeus-Anoo(pauls4eva) fired at floor with The bullet Arrival Shuttle Hallway   (60,135,1)
[17:41:52]ATTACK: Redieeus-Anoo(pauls4eva) fired at floor with The bullet Arrival Shuttle Hallway   (60,135,1)
[17:41:53]ATTACK: Redieeus-Anoo(pauls4eva) fired at reinforced wall with The bullet Arrival Shuttle Hallway   (60,136,1)
[17:41:53]ATTACK: Redieeus-Anoo(pauls4eva) fired at reinforced wall with The bullet Arrival Shuttle Hallway   (60,136,1)
[17:41:53]ATTACK: Redieeus-Anoo(pauls4eva) fired at reinforced wall with The bullet Arrival Shuttle Hallway   (60,136,1)
[17:41:53]ATTACK: Redieeus-Anoo(pauls4eva) fired at reinforced wall with The bullet Arrival Shuttle Hallway   (60,136,1)
[17:41:53]ATTACK: Redieeus-Anoo(pauls4eva) fired at reinforced wall with The bullet Arrival Shuttle Hallway   (60,136,1)
[17:41:54]ATTACK: Redieeus-Anoo(pauls4eva) fired at reinforced wall with The bullet Arrival Shuttle Hallway   (60,136,1)
[17:41:54]ATTACK: Redieeus-Anoo(pauls4eva) fired at reinforced wall with The bullet Arrival Shuttle Hallway   (60,136,1)
[17:41:54]ATTACK: Redieeus-Anoo(pauls4eva) fired at reinforced wall with The bullet Arrival Shuttle Hallway   (60,136,1)
[17:41:54]ATTACK: Redieeus-Anoo(pauls4eva) fired at reinforced wall with The bullet Arrival Shuttle Hallway   (60,136,1)
[17:41:54]ATTACK: Redieeus-Anoo(pauls4eva) fired at reinforced wall with The bullet Arrival Shuttle Hallway   (60,136,1)
[17:41:54]ATTACK: Redieeus-Anoo(pauls4eva) fired at reinforced wall with The bullet Arrival Shuttle Hallway   (60,136,1)
[17:41:55]ATTACK: Redieeus-Anoo(pauls4eva) fired at reinforced wall with The bullet Arrival Shuttle Hallway   (60,136,1)
[17:41:55]ATTACK: Redieeus-Anoo(pauls4eva) fired at reinforced wall with The bullet Arrival Shuttle Hallway   (60,136,1)
[17:41:55]ATTACK: Redieeus-Anoo(pauls4eva) fired at reinforced wall with The bullet Arrival Shuttle Hallway   (60,136,1)
[17:41:55]ATTACK: Redieeus-Anoo(pauls4eva) fired at reinforced wall with The bullet Arrival Shuttle Hallway   (60,136,1)
[17:50:42]ATTACK: Riki(riki2321gamer) grabbed Mojo with aggressively (NEWHP: 100) (150,138,1)
[17:50:45]ATTACK: Riki(riki2321gamer) devoured Mojo with  (NEWHP: 100) (145,137,1)
[17:51:29]ATTACK: Riki(riki2321gamer) attacked Mojo with  (NEWHP: 56) (113,164,1)
[17:51:31]ATTACK: Mojo attacked Riki(riki2321gamer) with  (NEWHP: 100) (114,164,1)
[17:51:31]ATTACK: Riki(riki2321gamer) attacked Mojo with  (NEWHP: 46) (113,164,1)
[17:51:32]ATTACK: Riki(riki2321gamer) attacked Mojo with  (NEWHP: 33) (113,164,1)
[17:51:34]ATTACK: Riki(riki2321gamer) attacked Mojo with  (NEWHP: 20) (113,164,1)
[17:51:36]ATTACK: Riki(riki2321gamer) attacked Mojo with  (NEWHP: 13) (113,164,1)
[17:51:36]ATTACK: Riki(riki2321gamer) attacked Mojo with  (NEWHP: 3) (113,164,1)
[17:51:37]ATTACK: Riki(riki2321gamer) attacked Mojo with  (NEWHP: -5) (113,164,1)
[17:51:40]ATTACK: Riki(riki2321gamer) attacked Mojo with  (NEWHP: -12) (113,164,1)
[17:51:41]ATTACK: Riki(riki2321gamer) attacked Mojo with  (NEWHP: -24) (113,164,1)
[17:51:42]ATTACK: Riki(riki2321gamer) attacked Mojo with  (NEWHP: -36) (113,164,1)
[17:51:44]ATTACK: Riki(riki2321gamer) attacked Mojo with  (NEWHP: -46) (113,164,1)
[17:51:45]ATTACK: Riki(riki2321gamer) attacked Mojo with  (NEWHP: -61) (113,164,1)
[17:51:46]ATTACK: Riki(riki2321gamer) attacked Mojo with  (NEWHP: -76) (113,164,1)
[17:51:47]ATTACK: Riki(riki2321gamer) attacked Mojo with  (NEWHP: -85) (113,164,1)
[17:51:48]ATTACK: Riki(riki2321gamer) attacked Mojo with  (NEWHP: -101) (113,164,1)
[17:53:19]ATTACK: Riki(riki2321gamer) fed Alden Bluetenberger(lezuskonrad) with nutriment(68.5714 units); vitamin(11.4286 units);  (NEWHP: 100) (124,140,1)
[17:53:22]ATTACK: Riki(riki2321gamer) fed Alden Bluetenberger(lezuskonrad) with nutriment(65.1429 units); vitamin(10.8571 units);  (NEWHP: 100) (124,140,1)
[17:53:26]ATTACK: Riki(riki2321gamer) fed Alden Bluetenberger(lezuskonrad) with nutriment(61.7143 units); vitamin(10.2857 units);  (NEWHP: 100) (124,140,1)
[17:53:29]ATTACK: Riki(riki2321gamer) fed Alden Bluetenberger(lezuskonrad) with nutriment(58.2857 units); vitamin(9.71429 units);  (NEWHP: 100) (124,140,1)
[17:53:48]ATTACK: Alden Bluetenberger(lezuskonrad) fired at floor with The instagib laser Central Primary Hallway   (126,142,1)
[17:53:48]ATTACK: Alden Bluetenberger(lezuskonrad) shot Riki(riki2321gamer) with The instagib laser (NEWHP: 0) (125,141,1)
[17:54:06]ATTACK: Officer Beepsky(riki2321gamer) stunned Alden Bluetenberger(lezuskonrad) with  (NEWHP: 100) (103,140,1)
[17:54:42]ATTACK: Officer Beepsky(riki2321gamer) stunned Redieeus-Anoo(pauls4eva) with  (NEWHP: 100) (104,142,1)
[17:55:16]ATTACK: Officer Beepsky(riki2321gamer) stunned Bojangles with  (NEWHP: 100) (137,133,1)
[17:55:47]ATTACK: Officer Beepsky(riki2321gamer) stunned Unknown(pauls4eva) with  (NEWHP: -300) (104,142,1)
[17:55:56]ATTACK: Officer Beepsky(riki2321gamer) stunned Nevaeh Huey(guest3622605515) with  (NEWHP: 100) (73,146,1)
[17:55:59]ATTACK: Syndicate Salvage Worker fired at Space Pirate with The bullet Space (NEWHP: 100) (132,71,3)
[17:55:59]ATTACK: NON-EXISTENT USER shot Space Pirate with The bullet (NEWHP: 80) (132,71,3)
[17:55:59]ATTACK: Syndicate Salvage Worker shot Space Pirate with The bullet (NEWHP: 50) (132,71,3)
[17:55:59]ATTACK: Syndicate Salvage Worker fired at Space Pirate with The bullet Space (NEWHP: 50) (132,71,3)
[17:55:59]ATTACK: Syndicate Salvage Worker fired at Space Pirate with The bullet Space (NEWHP: 50) (132,71,3)
[17:56:00]ATTACK: Syndicate Salvage Worker shot Space Pirate with The bullet (NEWHP: 20) (132,71,3)
[17:56:00]ATTACK: Syndicate Salvage Worker shot Space Pirate with The bullet (NEWHP: 0) 
[17:56:00]ATTACK: Syndicate Salvage Worker shot Space Pirate with The bullet (NEWHP: 0) 
[17:56:48]ATTACK: Officer Beepsky(riki2321gamer) stunned Tim Quirin(hercbeet) with  (NEWHP: 92) (122,147,1)
[17:57:22]ATTACK: Syndicate Salvage Worker fired at Space Pirate with The bullet Space (NEWHP: 100) (112,79,3)
[17:57:23]ATTACK: Syndicate Salvage Worker fired at Space Pirate with The bullet Space (NEWHP: 100) (111,80,3)
[17:57:23]ATTACK: Syndicate Salvage Worker fired at Space Pirate with The bullet Space (NEWHP: 100) (110,81,3)
[17:57:23]ATTACK: Syndicate Salvage Worker shot Space Pirate with The bullet (NEWHP: 70) (110,81,3)
[17:57:23]ATTACK: Syndicate Salvage Worker shot Space Pirate with The bullet (NEWHP: 40) (109,82,3)
[17:57:23]ATTACK: Syndicate Salvage Worker shot Space Pirate with The bullet (NEWHP: 10) (109,82,3)
[17:57:25]ATTACK: Space Pirate attacked Syndicate Salvage Worker with  (NEWHP: 100) (106,84,3)
[17:57:25]ATTACK: Syndicate Salvage Worker attacked Space Pirate with  (NEWHP: 10) (107,84,3)
[17:59:34]ATTACK: Redieeus-Anoo(pauls4eva) slipped NON-EXISTENT SUBJECT with on foam   
[17:59:47]ATTACK: Nevaeh Huey(guest3622605515) slipped NON-EXISTENT SUBJECT with on foam   
[17:59:50]ATTACK: Redieeus-Anoo(pauls4eva) slipped NON-EXISTENT SUBJECT with on foam   
[17:59:52]ATTACK: Nevaeh Huey(guest3622605515) slipped NON-EXISTENT SUBJECT with on foam   
[18:00:06]ATTACK: Nevaeh Huey(guest3622605515) slipped NON-EXISTENT SUBJECT with on foam   
[18:00:15]ATTACK: Redieeus-Anoo(pauls4eva) slipped NON-EXISTENT SUBJECT with on foam   
[18:00:35]ATTACK: Redieeus-Anoo(pauls4eva) slipped NON-EXISTENT SUBJECT with on foam   
[18:00:50]ATTACK: security monkey (791)(@riki2321gamer) slipped NON-EXISTENT SUBJECT with on foam   
[18:00:58]ATTACK: Redieeus-Anoo(pauls4eva) slipped NON-EXISTENT SUBJECT with on foam   
[18:01:45]ATTACK: security monkey (791)(@riki2321gamer) slipped NON-EXISTENT SUBJECT with on foam   
[18:01:48]ATTACK: security monkey (791)(@riki2321gamer) slipped NON-EXISTENT SUBJECT with on foam   
[18:01:54]ATTACK: security monkey (791)(@riki2321gamer) slipped NON-EXISTENT SUBJECT with on foam   
[18:02:00]ATTACK: security monkey (791)(@riki2321gamer) slipped NON-EXISTENT SUBJECT with on foam   
[18:03:34]ATTACK: Space Pirate Gunner fired at Syndicate Salvage Worker with The laser Space (NEWHP: 70) (104,82,3)
[18:03:34]ATTACK: Syndicate Salvage Worker fired at Space Pirate Gunner with The bullet Space (NEWHP: 100) (113,83,3)
[18:03:34]ATTACK: Space Pirate Gunner fired at Syndicate Salvage Worker with The laser Space (NEWHP: 70) (105,82,3)
[18:03:34]ATTACK: Syndicate Salvage Worker fired at Space Pirate Gunner with The bullet Space (NEWHP: 100) (112,82,3)
[18:03:34]ATTACK: Space Pirate Gunner shot Syndicate Salvage Worker with The laser (NEWHP: 50) (106,82,3)
[18:03:34]ATTACK: Space Pirate Gunner fired at Syndicate Salvage Worker with The laser Space (NEWHP: 50) (106,82,3)
[18:03:34]ATTACK: Syndicate Salvage Worker fired at Space Pirate Gunner with The bullet Space (NEWHP: 100) (111,82,3)
[18:03:34]ATTACK: Space Pirate Gunner shot Syndicate Salvage Worker with The laser (NEWHP: 30) (106,82,3)
[18:03:34]ATTACK: Syndicate Salvage Worker shot Space Pirate Gunner with The bullet (NEWHP: 70) (111,82,3)
[18:03:35]ATTACK: Space Pirate Gunner shot Syndicate Salvage Worker with The laser (NEWHP: 10) (106,82,3)
[18:03:35]ATTACK: Syndicate Salvage Worker shot Space Pirate Gunner with The bullet (NEWHP: 40) (111,82,3)
[18:03:38]ATTACK: Space Pirate Gunner fired at Syndicate Salvage Worker with The laser Space (NEWHP: 10) (106,82,3)
[18:03:38]ATTACK: Syndicate Salvage Worker fired at Space Pirate Gunner with The bullet Space (NEWHP: 40) (112,82,3)
[18:03:39]ATTACK: Syndicate Salvage Worker shot Space Pirate Gunner with The bullet (NEWHP: 10) (111,82,3)
[18:03:39]ATTACK: Space Pirate Gunner fired at Syndicate Salvage Worker with The laser Space (NEWHP: 10) (106,82,3)
[18:03:39]ATTACK: Syndicate Salvage Worker fired at Space Pirate Gunner with The bullet Space (NEWHP: 10) (111,82,3)
[18:03:39]ATTACK: Space Pirate Gunner shot Syndicate Salvage Worker with The laser (NEWHP: 0) 
[18:03:39]ATTACK: Space Pirate Gunner shot Syndicate Salvage Worker with The laser (NEWHP: 0) 
[18:03:39]ATTACK: Syndicate Salvage Worker shot Space Pirate Gunner with The bullet (NEWHP: 0) 
[18:03:39]ATTACK: Syndicate Salvage Worker shot Space Pirate Gunner with The bullet (NEWHP: 0) 
[18:03:59]ATTACK: Tim Quirin(hercbeet) slipped NON-EXISTENT SUBJECT with on foam   
[18:04:01]ATTACK: Tim Quirin(hercbeet) slipped NON-EXISTENT SUBJECT with on foam   
[18:04:08]ATTACK: Tim Quirin(hercbeet) slipped NON-EXISTENT SUBJECT with on foam   
[18:04:12]ATTACK: Tim Quirin(hercbeet) slipped NON-EXISTENT SUBJECT with on foam   
[18:04:19]ATTACK: Tim Quirin(hercbeet) slipped NON-EXISTENT SUBJECT with on foam   
[18:04:30]ATTACK: Tim Quirin(hercbeet) slipped NON-EXISTENT SUBJECT with on foam   
[18:04:52]ATTACK: Tim Quirin(hercbeet) slipped NON-EXISTENT SUBJECT with on foam   
[18:08:10]ATTACK: Riki(riki2321gamer) attacked corgi puppy with  (NEWHP: 17) (40,120,1)
[18:08:28]ATTACK: Space Pirate Gunner fired at Syndicate Salvage Leader with The laser The Unexplored Location (NEWHP: 340) (120,80,3)
[18:08:28]ATTACK: Space Pirate Gunner fired at Syndicate Salvage Leader with The laser The Unexplored Location (NEWHP: 340) (120,80,3)
[18:08:28]ATTACK: Space Pirate Gunner shot Space Pirate with The laser (NEWHP: 80) (121,80,3)
[18:08:28]ATTACK: Space Pirate Gunner fired at Syndicate Salvage Leader with The laser The Unexplored Location (NEWHP: 340) (120,80,3)
[18:08:28]ATTACK: Space Pirate Gunner shot Space Pirate Gunner with The laser (NEWHP: 80) (125,78,3)
[18:08:28]ATTACK: Space Pirate Gunner fired at Syndicate Salvage Leader with The laser The Unexplored Location (NEWHP: 340) (120,80,3)
[18:08:28]ATTACK: Space Pirate Gunner fired at Syndicate Salvage Leader with The laser The Unexplored Location (NEWHP: 340) (120,80,3)
[18:08:28]ATTACK: Space Pirate Gunner fired at Syndicate Salvage Leader with The laser The Unexplored Location (NEWHP: 340) (120,80,3)
[18:08:28]ATTACK: Space Pirate Gunner shot Space Pirate with The laser (NEWHP: 60) (121,80,3)
[18:08:28]ATTACK: Space Pirate Gunner shot Space Pirate with The laser (NEWHP: 40) (121,80,3)
[18:08:29]ATTACK: Space Pirate Gunner shot Space Pirate with The laser (NEWHP: 20) (121,80,3)
[18:08:30]ATTACK: Space Pirate attacked Syndicate Salvage Leader with  (NEWHP: 340) (120,80,3)
[18:08:30]ATTACK: Syndicate Salvage Leader attacked Space Pirate with  (NEWHP: 20) (121,80,3)
[18:08:32]ATTACK: Space Pirate Gunner fired at Syndicate Salvage Leader with The laser The Unexplored Location (NEWHP: 310) (120,80,3)
[18:08:32]ATTACK: Space Pirate Gunner shot Space Pirate Gunner with The laser (NEWHP: 60) (125,78,3)
[18:08:32]ATTACK: Space Pirate Gunner fired at Syndicate Salvage Leader with The laser The Unexplored Location (NEWHP: 310) (120,80,3)
[18:08:33]ATTACK: Space Pirate Gunner fired at Syndicate Salvage Leader with The laser The Unexplored Location (NEWHP: 310) (120,80,3)
[18:08:33]ATTACK: Space Pirate Gunner shot Space Pirate Gunner with The laser (NEWHP: 40) (125,78,3)
[18:08:33]ATTACK: Space Pirate Gunner shot Syndicate Salvage Leader with The laser (NEWHP: 290) (120,80,3)
[18:08:33]ATTACK: Space Pirate Gunner fired at Syndicate Salvage Leader with The laser The Unexplored Location (NEWHP: 290) (120,80,3)
[18:08:33]ATTACK: Space Pirate Gunner fired at Syndicate Salvage Leader with The laser The Unexplored Location (NEWHP: 290) (120,80,3)
[18:08:33]ATTACK: Space Pirate Gunner fired at Syndicate Salvage Leader with The laser The Unexplored Location (NEWHP: 290) (120,80,3)
[18:08:37]ATTACK: Space Pirate attacked Syndicate Salvage Leader with  (NEWHP: 290) (126,78,3)
[18:08:37]ATTACK: Space Pirate Gunner attacked Syndicate Salvage Leader with  (NEWHP: 260) (126,78,3)
[18:08:37]ATTACK: Syndicate Salvage Leader attacked Space Pirate Gunner with  (NEWHP: 40) (127,78,3)
[18:08:39]ATTACK: Space Pirate Gunner attacked Syndicate Salvage Leader with  (NEWHP: 230) (128,82,3)
[18:08:39]ATTACK: Syndicate Salvage Leader attacked Space Pirate Gunner with  (NEWHP: 13) (128,83,3)
[18:08:39]ATTACK: Syndicate Salvage Worker fired at Space Pirate with The bullet Space (NEWHP: 100) (129,80,3)
[18:08:39]ATTACK: Syndicate Salvage Worker fired at Space Pirate with The bullet Space (NEWHP: 100) (128,81,3)
[18:08:40]ATTACK: Syndicate Salvage Worker fired at Space Pirate with The bullet Space (NEWHP: 100) (128,81,3)
[18:08:41]ATTACK: Space Pirate attacked Syndicate Salvage Leader with  (NEWHP: 200) (128,82,3)
[18:08:41]ATTACK: Space Pirate Gunner fired at Syndicate Salvage Worker with The laser Space (NEWHP: 100) (133,78,3)
[18:08:42]ATTACK: Space Pirate Gunner fired at Syndicate Salvage Worker with The laser The Unexplored Location (NEWHP: 100) (134,77,3)
[18:08:42]ATTACK: Space Pirate Gunner fired at Syndicate Salvage Worker with The laser The Unexplored Location (NEWHP: 100) (134,77,3)
[18:08:44]ATTACK: Space Pirate attacked Syndicate Salvage Leader with  (NEWHP: 170) (128,82,3)
[18:08:44]ATTACK: Syndicate Salvage Leader attacked Space Pirate with  (NEWHP: 100) (128,81,3)
[18:08:44]ATTACK: Syndicate Salvage Worker fired at Space Pirate with The bullet Space (NEWHP: 70) (128,81,3)
[18:08:44]ATTACK: Syndicate Salvage Worker fired at Space Pirate with The bullet Space (NEWHP: 70) (128,81,3)
[18:08:44]ATTACK: Syndicate Salvage Worker fired at Space Pirate with The bullet Space (NEWHP: 70) (128,81,3)
[18:08:46]ATTACK: Space Pirate attacked Syndicate Salvage Leader with  (NEWHP: 140) (128,82,3)
[18:08:46]ATTACK: Syndicate Salvage Leader attacked Space Pirate with  (NEWHP: 70) (128,81,3)
[18:08:46]ATTACK: Space Pirate Gunner fired at Syndicate Salvage Worker with The laser Space (NEWHP: 100) (133,78,3)
[18:08:46]ATTACK: Space Pirate Gunner shot Syndicate Salvage Worker with The laser (NEWHP: 80) (133,78,3)
[18:08:46]ATTACK: Space Pirate Gunner fired at Syndicate Salvage Worker with The laser Space (NEWHP: 80) (134,77,3)
[18:08:46]ATTACK: Space Pirate Gunner fired at Syndicate Salvage Worker with The laser Space (NEWHP: 80) (134,77,3)
[18:08:48]ATTACK: Space Pirate attacked Syndicate Salvage Leader with  (NEWHP: 110) (128,82,3)
[18:08:48]ATTACK: Syndicate Salvage Leader attacked Space Pirate with  (NEWHP: 43) (128,81,3)
[18:08:48]ATTACK: Syndicate Salvage Worker fired at Space Pirate with The bullet Space (NEWHP: 15) (128,81,3)
[18:08:49]ATTACK: Syndicate Salvage Worker fired at Space Pirate with The bullet Space (NEWHP: 15) (128,81,3)
[18:08:49]ATTACK: Syndicate Salvage Worker fired at Space Pirate with The bullet Space (NEWHP: 15) (128,81,3)
[18:08:51]ATTACK: Space Pirate attacked Syndicate Salvage Leader with  (NEWHP: 80) (128,82,3)
[18:08:51]ATTACK: Syndicate Salvage Leader attacked Space Pirate with  (NEWHP: 15) (128,81,3)
[18:08:51]ATTACK: Space Pirate Gunner fired at Syndicate Salvage Worker with The laser Space (NEWHP: 80) (132,79,3)
[18:08:51]ATTACK: Space Pirate Gunner shot Syndicate Salvage Worker with The laser (NEWHP: 60) (132,79,3)
[18:08:51]ATTACK: Space Pirate Gunner fired at Syndicate Salvage Worker with The laser Space (NEWHP: 60) (132,79,3)
[18:08:52]ATTACK: Space Pirate Gunner fired at Syndicate Salvage Worker with The laser Space (NEWHP: 60) (132,79,3)
[18:08:52]ATTACK: Space Pirate Gunner shot Syndicate Salvage Worker with The laser (NEWHP: 40) (132,79,3)
[18:08:52]ATTACK: Space Pirate Gunner shot Syndicate Salvage Worker with The laser (NEWHP: 20) (132,79,3)
[18:08:53]ATTACK: Syndicate Salvage Worker fired at Space Pirate Gunner with The bullet Space (NEWHP: 100) (132,84,3)
[18:08:54]ATTACK: Syndicate Salvage Worker shot Space Pirate Gunner with The bullet (NEWHP: 70) (132,84,3)
[18:08:54]ATTACK: Syndicate Salvage Worker fired at Space Pirate Gunner with The bullet Space (NEWHP: 70) (132,84,3)
[18:08:54]ATTACK: Syndicate Salvage Worker fired at Space Pirate Gunner with The bullet Space (NEWHP: 70) (132,84,3)
[18:08:54]ATTACK: Syndicate Salvage Worker shot Space Pirate Gunner with The bullet (NEWHP: 40) (132,84,3)
[18:08:54]ATTACK: Syndicate Salvage Worker shot Space Pirate Gunner with The bullet (NEWHP: 10) (132,84,3)
[18:08:56]ATTACK: Space Pirate Gunner fired at Syndicate Salvage Worker with The laser Space (NEWHP: 20) (132,78,3)
[18:08:56]ATTACK: Space Pirate Gunner fired at Syndicate Salvage Worker with The laser Space (NEWHP: 20) (132,78,3)
[18:08:56]ATTACK: Space Pirate Gunner shot Syndicate Salvage Worker with The laser (NEWHP: 0) 
[18:08:56]ATTACK: Space Pirate Gunner shot Syndicate Salvage Worker with The laser (NEWHP: 0) 
[18:09:05]ATTACK: Space Pirate Gunner attacked Syndicate Salvage Leader with  (NEWHP: 50) (131,84,3)
[18:09:09]ATTACK: Space Pirate Gunner attacked Syndicate Salvage Leader with  (NEWHP: 20) (136,84,3)
[18:12:37]ATTACK: Riki(riki2321gamer) hit Alden Bluetenberger(lezuskonrad) with Mojo III's head (NEWHP: 97) (135,125,1)
[18:13:15]ATTACK: Space Pirate Gunner fired at turret with The laser Space   (136,68,3)
[18:13:16]ATTACK: Space Pirate Gunner fired at turret with The laser Space   (136,68,3)
[18:13:16]ATTACK: Space Pirate Gunner fired at turret with The laser Space   (136,68,3)
[18:13:16]ATTACK: NON-EXISTENT USER shot Space Pirate Gunner with The bullet (NEWHP: 0) 
[18:13:16]ATTACK: NON-EXISTENT USER shot Space Pirate Gunner with The bullet (NEWHP: 0) 
[18:13:25]ATTACK: Riki(riki2321gamer) hit Alden Bluetenberger(lezuskonrad) with Mojo III's head (NEWHP: 94) (134,125,1)
[18:14:22]ATTACK: Riki(riki2321gamer) grabbed Able with aggressively (NEWHP: 100) (151,140,1)
[18:14:35]ATTACK: Alden Bluetenberger(lezuskonrad) stabbed Alden Bluetenberger(lezuskonrad) with The pen (NEWHP: 94) (135,125,1)
[18:14:40]ATTACK: Able tackled Riki(riki2321gamer) with  (NEWHP: 100) (152,140,1)
[18:14:50]ATTACK: Riki(riki2321gamer) gibbed Bubbles with  (NEWHP: 100) (153,140,1)
[18:15:00]ATTACK: Riki(riki2321gamer) gibbed Able with  (NEWHP: 100) (153,140,1)
[18:15:13]ATTACK: Able tackled Riki(riki2321gamer) with  (NEWHP: 100) (150,140,1)
[18:15:25]ATTACK: Able tackled Riki(riki2321gamer) with  (NEWHP: 100) (150,140,1)
[18:15:41]ATTACK: Able tackled Riki(riki2321gamer) with  (NEWHP: 100) (152,140,1)
[18:15:55]ATTACK: Able tackled Riki(riki2321gamer) with  (NEWHP: 100) (152,140,1)
[18:16:26]ATTACK: Terk tackled Riki(riki2321gamer) with  (NEWHP: 100) (152,141,1)
[18:16:37]ATTACK: Terk tackled Riki(riki2321gamer) with  (NEWHP: 100) (152,141,1)
[18:16:48]ATTACK: Terk tackled Riki(riki2321gamer) with  (NEWHP: 100) (152,140,1)
[18:17:31]ATTACK: Geh-Rareel(emanresu123) slipped NON-EXISTENT SUBJECT with on floor   
[18:18:02]ATTACK: Alden Bluetenberger(lezuskonrad) slipped NON-EXISTENT SUBJECT with on floor   
[18:18:20]ATTACK: Able tackled Riki(riki2321gamer) with  (NEWHP: 100) (152,140,1)
[18:18:34]ATTACK: Riki(riki2321gamer) stunned Riki(riki2321gamer) with The electrically-charged arm(INTENT: GRAB) (NEWHP: 100) (152,140,1)
[18:18:50]ATTACK: Riki(riki2321gamer) stunned Terk with The electrically-charged arm(INTENT: GRAB) (NEWHP: 100) (152,140,1)
[18:18:52]ATTACK: Riki(riki2321gamer) stunned Terk with The electrically-charged arm(INTENT: GRAB) (NEWHP: 100) (152,140,1)
[18:19:02]ATTACK: Riki(riki2321gamer) gibbed Terk with  (NEWHP: 100) (153,140,1)
[18:19:49]ATTACK: Tim Quirin(hercbeet) attacked Riki(riki2321gamer) with emergency oxygen tank(INTENT: HARM) (DAMTYPE: BRUTE) (NEWHP: 97.6) (151,141,1)
[18:25:16]ATTACK: blob zombie attacked mouse with  (NEWHP: 5) (75,153,1)


Starting up. 18:25:52
---------------------
[18:31:44]ATTACK: NON-EXISTENT USER electrified external airlock with    (176,199,9)
[18:35:51]ATTACK: Alden Bluetenberger(lezuskonrad) shaked Geh-Rareel(emanresu123) with  (NEWHP: 100) (93,73,1)
[18:37:20]ATTACK: Unknown(emanresu123) grabbed Alden Bluetenberger(lezuskonrad) with aggressively (NEWHP: 100) (92,73,1)
[18:38:26]ATTACK: Alden Bluetenberger(lezuskonrad) stabbed Unknown(emanresu123) with The pen (NEWHP: 100) (90,76,1)
[18:42:58]ATTACK: Alden Bluetenberger(lezuskonrad) fired at Flame Flan(emanresu123) with GREYTIDE TOOLBOX!!!!!! Auxillary Base Construction (NEWHP: 50) (45,184,1)
[18:42:58]ATTACK: Alden Bluetenberger(lezuskonrad) shot Flame Flan(emanresu123) with GREYTIDE TOOLBOX!!!!!! (NEWHP: 0) (45,184,1)
[18:42:59]ATTACK: Alden Bluetenberger(lezuskonrad) fired at Flame Flan(emanresu123) with GREYTIDE TOOLBOX!!!!!! Auxillary Base Construction (NEWHP: 0) (45,184,1)
[18:42:59]ATTACK: Alden Bluetenberger(lezuskonrad) shot Flame Flan(emanresu123) with GREYTIDE TOOLBOX!!!!!! (NEWHP: 0) (45,184,1)
[18:43:00]ATTACK: Alden Bluetenberger(lezuskonrad) fired at floor with GREYTIDE TOOLBOX!!!!!! Auxillary Base Construction   (45,184,1)
[18:43:04]ATTACK: Alden Bluetenberger(lezuskonrad) fired at reinforced wall with GREYTIDE TOOLBOX!!!!!! Auxillary Base Construction   (39,185,1)
[18:43:28]ATTACK: Alden Bluetenberger(lezuskonrad) fired at floor with GREYTIDE TOOLBOX!!!!!! Auxillary Base Construction   (49,184,1)
[18:43:28]ATTACK: Alden Bluetenberger(lezuskonrad) shot Flame Flan(emanresu123) with GREYTIDE TOOLBOX!!!!!! (NEWHP: 0) (49,184,1)
[18:44:26]ATTACK: colossus(emanresu123) fired at floor with The death bolt Central Primary Hallway   (94,140,1)
[18:44:26]ATTACK: colossus(emanresu123) fired at floor with The death bolt Central Primary Hallway   (94,140,1)
[18:44:26]ATTACK: colossus(emanresu123) fired at floor with The death bolt Central Primary Hallway   (94,140,1)
[18:44:26]ATTACK: colossus(emanresu123) fired at floor with The death bolt Central Primary Hallway   (94,140,1)
[18:44:26]ATTACK: colossus(emanresu123) fired at floor with The death bolt Central Primary Hallway   (94,140,1)
[18:44:26]ATTACK: colossus(emanresu123) fired at floor with The death bolt Central Primary Hallway   (94,140,1)
[18:44:26]ATTACK: colossus(emanresu123) fired at floor with The death bolt Central Primary Hallway   (94,140,1)
[18:44:26]ATTACK: colossus(emanresu123) fired at floor with The death bolt Central Primary Hallway   (94,140,1)
[18:44:26]ATTACK: colossus(emanresu123) fired at floor with The death bolt Central Primary Hallway   (94,140,1)
[18:44:26]ATTACK: colossus(emanresu123) fired at floor with The death bolt Central Primary Hallway   (94,140,1)
[18:44:27]ATTACK: colossus(emanresu123) fired at floor with The death bolt Central Primary Hallway   (94,140,1)
[18:44:27]ATTACK: colossus(emanresu123) fired at floor with The death bolt Central Primary Hallway   (94,140,1)
[18:44:27]ATTACK: colossus(emanresu123) fired at floor with The death bolt Central Primary Hallway   (94,140,1)
[18:44:27]ATTACK: colossus(emanresu123) fired at floor with The death bolt Central Primary Hallway   (94,140,1)
[18:44:27]ATTACK: colossus(emanresu123) fired at floor with The death bolt Central Primary Hallway   (94,140,1)
[18:44:27]ATTACK: colossus(emanresu123) fired at floor with The death bolt Central Primary Hallway   (94,140,1)
[18:44:27]ATTACK: colossus(emanresu123) fired at floor with The death bolt Central Primary Hallway   (94,140,1)
[18:44:27]ATTACK: colossus(emanresu123) fired at floor with The death bolt Central Primary Hallway   (94,140,1)
[18:44:27]ATTACK: colossus(emanresu123) fired at floor with The death bolt Central Primary Hallway   (94,140,1)
[18:44:27]ATTACK: colossus(emanresu123) fired at floor with The death bolt Central Primary Hallway   (94,140,1)
[18:44:28]ATTACK: colossus(emanresu123) fired at floor with The death bolt Central Primary Hallway   (94,140,1)
[18:44:28]ATTACK: colossus(emanresu123) fired at floor with The death bolt Central Primary Hallway   (94,140,1)
[18:44:28]ATTACK: colossus(emanresu123) fired at floor with The death bolt Central Primary Hallway   (94,140,1)
[18:44:28]ATTACK: colossus(emanresu123) fired at floor with The death bolt Central Primary Hallway   (94,140,1)
[18:44:28]ATTACK: colossus(emanresu123) fired at floor with The death bolt Central Primary Hallway   (94,140,1)
[18:44:28]ATTACK: colossus(emanresu123) fired at floor with The death bolt Central Primary Hallway   (94,140,1)
[18:44:28]ATTACK: colossus(emanresu123) fired at floor with The death bolt Central Primary Hallway   (94,140,1)
[18:44:28]ATTACK: colossus(emanresu123) fired at floor with The death bolt Central Primary Hallway   (94,140,1)
[18:44:28]ATTACK: colossus(emanresu123) fired at floor with The death bolt Central Primary Hallway   (94,140,1)
[18:44:28]ATTACK: colossus(emanresu123) fired at floor with The death bolt Central Primary Hallway   (94,140,1)
[18:44:29]ATTACK: colossus(emanresu123) fired at floor with The death bolt Central Primary Hallway   (94,140,1)
[18:44:29]ATTACK: colossus(emanresu123) fired at floor with The death bolt Central Primary Hallway   (94,140,1)
[18:44:29]ATTACK: colossus(emanresu123) fired at floor with The death bolt Central Primary Hallway   (94,140,1)
[18:44:29]ATTACK: colossus(emanresu123) fired at floor with The death bolt Central Primary Hallway   (94,140,1)
[18:44:29]ATTACK: colossus(emanresu123) fired at floor with The death bolt Central Primary Hallway   (94,140,1)
[18:44:29]ATTACK: colossus(emanresu123) fired at floor with The death bolt Central Primary Hallway   (94,140,1)
[18:44:29]ATTACK: colossus(emanresu123) fired at floor with The death bolt Central Primary Hallway   (94,140,1)
[18:44:29]ATTACK: colossus(emanresu123) fired at floor with The death bolt Central Primary Hallway   (94,140,1)
[18:44:29]ATTACK: colossus(emanresu123) fired at floor with The death bolt Central Primary Hallway   (94,140,1)
[18:44:30]ATTACK: colossus(emanresu123) fired at floor with The death bolt Central Primary Hallway   (94,140,1)
[18:44:30]ATTACK: colossus(emanresu123) fired at floor with The death bolt Central Primary Hallway   (94,140,1)
[18:44:30]ATTACK: colossus(emanresu123) fired at floor with The death bolt Central Primary Hallway   (94,140,1)
[18:44:30]ATTACK: colossus(emanresu123) fired at floor with The death bolt Central Primary Hallway   (94,140,1)
[18:44:30]ATTACK: colossus(emanresu123) fired at floor with The death bolt Central Primary Hallway   (94,140,1)
[18:44:30]ATTACK: colossus(emanresu123) fired at floor with The death bolt Central Primary Hallway   (94,140,1)
[18:44:30]ATTACK: colossus(emanresu123) fired at floor with The death bolt Central Primary Hallway   (94,140,1)
[18:44:30]ATTACK: colossus(emanresu123) fired at floor with The death bolt Central Primary Hallway   (94,140,1)
[18:44:30]ATTACK: colossus(emanresu123) fired at floor with The death bolt Central Primary Hallway   (94,140,1)
[18:44:30]ATTACK: colossus(emanresu123) fired at floor with The death bolt Central Primary Hallway   (94,140,1)
[18:44:31]ATTACK: colossus(emanresu123) fired at floor with The death bolt Central Primary Hallway   (94,140,1)
[18:44:31]ATTACK: colossus(emanresu123) fired at floor with The death bolt Central Primary Hallway   (94,140,1)
[18:44:31]ATTACK: colossus(emanresu123) fired at floor with The death bolt Central Primary Hallway   (94,140,1)
[18:44:31]ATTACK: colossus(emanresu123) fired at floor with The death bolt Central Primary Hallway   (94,140,1)
[18:44:31]ATTACK: colossus(emanresu123) fired at floor with The death bolt Central Primary Hallway   (94,140,1)
[18:44:31]ATTACK: colossus(emanresu123) fired at floor with The death bolt Central Primary Hallway   (94,140,1)
[18:44:31]ATTACK: colossus(emanresu123) fired at floor with The death bolt Central Primary Hallway   (94,140,1)
[18:44:31]ATTACK: colossus(emanresu123) fired at floor with The death bolt Central Primary Hallway   (94,140,1)
[18:44:31]ATTACK: colossus(emanresu123) fired at floor with The death bolt Central Primary Hallway   (94,140,1)
[18:44:31]ATTACK: colossus(emanresu123) fired at floor with The death bolt Central Primary Hallway   (94,140,1)
[18:44:32]ATTACK: colossus(emanresu123) fired at floor with The death bolt Central Primary Hallway   (94,140,1)
[18:44:32]ATTACK: colossus(emanresu123) fired at floor with The death bolt Central Primary Hallway   (94,140,1)
[18:44:32]ATTACK: colossus(emanresu123) fired at floor with The death bolt Central Primary Hallway   (94,140,1)
[18:44:32]ATTACK: colossus(emanresu123) fired at floor with The death bolt Central Primary Hallway   (94,140,1)
[18:44:32]ATTACK: colossus(emanresu123) fired at floor with The death bolt Central Primary Hallway   (94,140,1)
[18:44:32]ATTACK: colossus(emanresu123) fired at floor with The death bolt Central Primary Hallway   (94,140,1)
[18:44:32]ATTACK: colossus(emanresu123) fired at floor with The death bolt Central Primary Hallway   (94,140,1)
[18:44:32]ATTACK: colossus(emanresu123) fired at floor with The death bolt Central Primary Hallway   (94,140,1)
[18:44:32]ATTACK: colossus(emanresu123) fired at floor with The death bolt Central Primary Hallway   (94,140,1)
[18:44:32]ATTACK: colossus(emanresu123) fired at floor with The death bolt Central Primary Hallway   (94,140,1)
[18:44:33]ATTACK: colossus(emanresu123) fired at floor with The death bolt Central Primary Hallway   (94,140,1)
[18:44:33]ATTACK: colossus(emanresu123) fired at floor with The death bolt Central Primary Hallway   (94,140,1)
[18:44:33]ATTACK: colossus(emanresu123) fired at floor with The death bolt Central Primary Hallway   (94,140,1)
[18:44:33]ATTACK: colossus(emanresu123) fired at floor with The death bolt Central Primary Hallway   (94,140,1)
[18:44:33]ATTACK: colossus(emanresu123) fired at floor with The death bolt Central Primary Hallway   (94,140,1)
[18:44:33]ATTACK: colossus(emanresu123) fired at floor with The death bolt Central Primary Hallway   (94,140,1)
[18:44:33]ATTACK: colossus(emanresu123) fired at floor with The death bolt Central Primary Hallway   (94,140,1)
[18:44:33]ATTACK: colossus(emanresu123) fired at floor with The death bolt Central Primary Hallway   (94,140,1)
[18:44:33]ATTACK: colossus(emanresu123) fired at floor with The death bolt Central Primary Hallway   (94,140,1)
[18:44:33]ATTACK: colossus(emanresu123) fired at floor with The death bolt Central Primary Hallway   (94,140,1)
[18:44:34]ATTACK: colossus(emanresu123) fired at floor with The death bolt Central Primary Hallway   (94,140,1)


Starting up. 18:47:28
---------------------
[19:21:37]ATTACK: Slime (Not as Eternal Flame) (as Eternal Flame)(emanresu123) stripped monkey (847) with of the electric razor (NEWHP: 100) (7,238,1)
[19:26:33]ATTACK: slaughterling attacked Officer Beepsky with  (NEWHP: 999999) (139,129,1)
[19:26:35]ATTACK: slaughterling attacked Officer Beepsky with  (NEWHP: 999998) (139,129,1)
[19:28:18]ATTACK: chaos magicarp(emanresu123) fired at wall with The bolt of teleportation Central Primary Hallway   (129,146,1)
[19:28:23]ATTACK: chaos magicarp(emanresu123) fired at floor with The bolt of teleportation Central Primary Hallway   (112,146,1)
[19:29:05]ATTACK: chaos magicarp(emanresu123) fired at wall with The blade energy Research Division   (179,126,1)
[19:29:08]ATTACK: chaos magicarp(emanresu123) fired at floor with The blade energy Research Division   (180,118,1)
[19:29:12]ATTACK: chaos magicarp(emanresu123) fired at Research Division Access with The bolt of teleportation Research Division   (180,122,1)
[19:29:15]ATTACK: chaos magicarp(emanresu123) fired at Research Division Access with The bolt of change Research Division   (180,122,1)
[19:29:47]ATTACK: Mjor the Creative fired at Protolathe(emanresu123) with The freeze beam Secret Base (NEWHP: 80) (131,133,6)
[19:29:47]ATTACK: Angry Stick Man fired at Protolathe(emanresu123) with The bullet Secret Base (NEWHP: 80) (131,133,6)
[19:29:47]ATTACK: Angry Stick Man fired at Protolathe(emanresu123) with The bullet Secret Base (NEWHP: 80) (131,133,6)
[19:29:47]ATTACK: Angry Stick Man fired at Protolathe(emanresu123) with The bullet Secret Base (NEWHP: 80) (131,133,6)
[19:29:48]ATTACK: Angry Stick Man shot Protolathe(emanresu123) with The bullet (NEWHP: 50) (131,133,6)
[19:29:48]ATTACK: Angry Stick Man shot Protolathe(emanresu123) with The bullet (NEWHP: 20) (131,133,6)
[19:29:49]ATTACK: Mjor the Creative attacked Protolathe(emanresu123) with  (NEWHP: 20) (131,133,6)
[19:29:49]ATTACK: Angry Stick Dog attacked Protolathe(emanresu123) with  (NEWHP: 5) (131,133,6)
[19:30:18]ATTACK: Mjor the Creative(emanresu123) fired at Angry Stick Dog with The freeze beam Secret Base (NEWHP: 100) (134,130,6)
[19:30:18]ATTACK: Mjor the Creative(emanresu123) shot Angry Stick Dog with The freeze beam (NEWHP: 100) (134,130,6)
[19:30:21]ATTACK: Mjor the Creative(emanresu123) fired at Angry Stick Dog with The freeze beam Secret Base (NEWHP: 85) (134,130,6)
[19:30:21]ATTACK: Mjor the Creative(emanresu123) shot Angry Stick Dog with The freeze beam (NEWHP: 85) (134,130,6)
[19:35:05]ATTACK: venus human trap attacked Geh-Rareel(emanresu123) with  (NEWHP: 64) (166,129,1)
[19:35:07]ATTACK: venus human trap attacked Geh-Rareel(emanresu123) with  (NEWHP: 36) (164,128,1)
[19:35:09]ATTACK: venus human trap attacked Geh-Rareel(emanresu123) with  (NEWHP: 8) (164,128,1)
[19:35:21]ATTACK: venus human trap(emanresu123) attacked Geh-Rareel with  (NEWHP: -100) (164,128,1)
[19:38:08]ATTACK: venus human trap(emanresu123) attacked venus human trap with  (NEWHP: 50) (107,142,1)
[19:38:08]ATTACK: venus human trap(emanresu123) attacked venus human trap with  (NEWHP: 25) (107,142,1)
[19:39:30]ATTACK: Flan(emanresu123) attacked Flan(emanresu123) with  (NEWHP: 50) (119,140,1)
[19:39:51]ATTACK: Flan(emanresu123) attacked Lane Faqua with  (NEWHP: 100) (130,111,1)
[19:40:21]ATTACK: Flan attacked Alden Bluetenberger(lezuskonrad) with  (NEWHP: 100) (34,144,1)
[19:40:39]ATTACK: Flan attacked Alden Bluetenberger(lezuskonrad) with  (NEWHP: 31) (35,146,1)
[19:41:42]ATTACK: Flan attacked Alden Bluetenberger(lezuskonrad) with  (NEWHP: 100) (35,145,1)
[19:41:50]ATTACK: Flan attacked Alden Bluetenberger(lezuskonrad) with  (NEWHP: 60) (39,144,1)
[19:41:50]ATTACK: Flan attacked Alden Bluetenberger(lezuskonrad) with  (NEWHP: 55) (40,144,1)
