

Starting up. 13:23:06
---------------------


Starting up. 15:19:32
---------------------
[17:26:55]ATTACK: NON-EXISTENT USER shot Flamescale Zakuto(firesho) with The accelerator laser (NEWHP: 90) (68,135,3)
[17:26:55]ATTACK: NON-EXISTENT USER shot Flamescale Zakuto(firesho) with The accelerator laser (NEWHP: 80) (68,135,3)
[17:29:40]ATTACK: Flamescale Zakuto(firesho) fired at turret with The laser Aft Block   (96,159,3)
[17:29:40]ATTACK: Flamescale Zakuto(firesho) fired at turret with The laser Aft Block   (96,159,3)
[17:29:41]ATTACK: Flamescale Zakuto(firesho) fired at turret with The laser Aft Block   (96,159,3)
[17:29:41]ATTACK: NON-EXISTENT USER shot Flamescale Zakuto(firesho) with The accelerator laser (NEWHP: 100) (98,160,3)
[17:29:41]ATTACK: NON-EXISTENT USER shot Flamescale Zakuto(firesho) with The accelerator laser (NEWHP: 100) (98,160,3)
[17:29:41]ATTACK: Flamescale Zakuto(firesho) fired at turret with The laser Aft Block   (96,159,3)
[17:29:42]ATTACK: Flamescale Zakuto(firesho) fired at turret with The laser Aft Block   (96,159,3)
[17:29:42]ATTACK: Flamescale Zakuto(firesho) fired at turret with The laser Aft Block   (96,159,3)
[17:29:42]ATTACK: Flamescale Zakuto(firesho) fired at turret with The laser Aft Block   (96,159,3)
[17:29:43]ATTACK: NON-EXISTENT USER shot Flamescale Zakuto(firesho) with The accelerator laser (NEWHP: 100) (98,160,3)
[17:29:43]ATTACK: Flamescale Zakuto(firesho) fired at turret with The laser Aft Block   (96,161,3)
[17:29:44]ATTACK: Flamescale Zakuto(firesho) fired at turret with The laser Aft Block   (96,161,3)
[17:29:44]ATTACK: Flamescale Zakuto(firesho) fired at turret with The laser Aft Block   (96,161,3)
[17:29:45]ATTACK: Flamescale Zakuto(firesho) fired at turret with The laser Aft Block   (96,161,3)
[17:29:45]ATTACK: NON-EXISTENT USER shot Flamescale Zakuto(firesho) with The accelerator laser (NEWHP: 100) (98,160,3)
[17:29:45]ATTACK: Flamescale Zakuto(firesho) fired at turret with The laser Aft Block   (96,161,3)
[17:29:46]ATTACK: Flamescale Zakuto(firesho) fired at turret with The laser Aft Block   (96,161,3)
[17:29:46]ATTACK: Flamescale Zakuto(firesho) fired at turret with The laser Aft Block   (96,161,3)
[17:30:44]ATTACK: Flamescale Zakuto(firesho) fired at turret with The laser BMP Asteroids   (96,130,3)
[17:30:44]ATTACK: Flamescale Zakuto(firesho) fired at turret with The laser BMP Asteroids   (96,130,3)
[17:30:45]ATTACK: Flamescale Zakuto(firesho) fired at turret with The laser BMP Asteroids   (96,130,3)
[17:30:45]ATTACK: Flamescale Zakuto(firesho) fired at turret with The laser BMP Asteroids   (96,130,3)
[17:30:46]ATTACK: Flamescale Zakuto(firesho) fired at turret with The laser BMP Asteroids   (96,130,3)
[17:30:46]ATTACK: Flamescale Zakuto(firesho) fired at turret with The laser BMP Asteroids   (96,130,3)
[17:30:47]ATTACK: Flamescale Zakuto(firesho) fired at turret with The laser BMP Asteroids   (96,130,3)
[17:30:47]ATTACK: Flamescale Zakuto(firesho) fired at turret with The laser BMP Asteroids   (96,130,3)
[17:30:48]ATTACK: Flamescale Zakuto(firesho) fired at turret with The laser BMP Asteroids   (96,130,3)
[17:30:49]ATTACK: Flamescale Zakuto(firesho) fired at turret with The laser BMP Asteroids   (96,128,3)
[17:30:49]ATTACK: Flamescale Zakuto(firesho) fired at turret with The laser BMP Asteroids   (96,128,3)
[17:30:49]ATTACK: Flamescale Zakuto(firesho) fired at turret with The laser BMP Asteroids   (96,128,3)
[17:30:50]ATTACK: Flamescale Zakuto(firesho) fired at turret with The laser BMP Asteroids   (96,128,3)
[17:30:50]ATTACK: Flamescale Zakuto(firesho) fired at turret with The laser BMP Asteroids   (96,128,3)
[17:30:51]ATTACK: Flamescale Zakuto(firesho) fired at turret with The laser BMP Asteroids   (96,128,3)
[17:30:52]ATTACK: Flamescale Zakuto(firesho) fired at turret with The laser BMP Asteroids   (96,128,3)
[17:31:09]ATTACK: NON-EXISTENT USER shot Flamescale Zakuto(firesho) with The accelerator laser (NEWHP: 100) (67,135,3)
[17:31:09]ATTACK: NON-EXISTENT USER shot Flamescale Zakuto(firesho) with The accelerator laser (NEWHP: 100) (67,135,3)
[17:31:09]ATTACK: Flamescale Zakuto(firesho) fired at turret with The laser Fore Block   (65,136,3)
[17:31:10]ATTACK: Flamescale Zakuto(firesho) fired at turret with The laser Fore Block   (65,136,3)
[17:31:10]ATTACK: Flamescale Zakuto(firesho) fired at reinforced floor with The laser Fore Block   (66,136,3)
[17:31:11]ATTACK: NON-EXISTENT USER shot Flamescale Zakuto(firesho) with The accelerator laser (NEWHP: 100) (65,135,3)
[17:31:11]ATTACK: NON-EXISTENT USER shot Flamescale Zakuto(firesho) with The accelerator laser (NEWHP: 100) (65,135,3)
[17:31:12]ATTACK: Flamescale Zakuto(firesho) fired at computer frame with The laser Fore Block   (65,138,3)
[17:31:12]ATTACK: Flamescale Zakuto(firesho) fired at computer frame with The laser Fore Block   (65,138,3)
[17:31:12]ATTACK: Flamescale Zakuto(firesho) fired at lattice with The laser Fore Block   (65,139,3)
[17:31:13]ATTACK: NON-EXISTENT USER shot Flamescale Zakuto(firesho) with The accelerator laser (NEWHP: 100) (65,135,3)
[17:31:13]ATTACK: NON-EXISTENT USER shot Flamescale Zakuto(firesho) with The accelerator laser (NEWHP: 100) (65,135,3)
[17:31:13]ATTACK: Flamescale Zakuto(firesho) fired at lattice with The laser Fore Block   (65,139,3)
[17:31:13]ATTACK: Flamescale Zakuto(firesho) fired at lattice with The laser Fore Block   (65,139,3)
[17:31:14]ATTACK: Flamescale Zakuto(firesho) fired at lattice with The laser Fore Block   (65,139,3)
[17:31:14]ATTACK: Flamescale Zakuto(firesho) fired at lattice with The laser Fore Block   (65,139,3)
[17:31:15]ATTACK: Flamescale Zakuto(firesho) fired at lattice with The laser Fore Block   (65,139,3)
[17:31:15]ATTACK: NON-EXISTENT USER shot Flamescale Zakuto(firesho) with The accelerator laser (NEWHP: 100) (65,135,3)
[17:31:15]ATTACK: Flamescale Zakuto(firesho) fired at lattice with The laser Fore Block   (65,139,3)
[17:31:16]ATTACK: Flamescale Zakuto(firesho) fired at wall with The laser Fore Block   (65,133,3)
[17:31:16]ATTACK: Flamescale Zakuto(firesho) fired at wall with The laser Fore Block   (65,133,3)
[17:31:17]ATTACK: Flamescale Zakuto(firesho) fired at wall with The laser Fore Block   (65,133,3)
[17:31:17]ATTACK: NON-EXISTENT USER shot Flamescale Zakuto(firesho) with The accelerator laser (NEWHP: 100) (65,135,3)
[17:31:17]ATTACK: Flamescale Zakuto(firesho) fired at wall with The laser Fore Block   (65,133,3)
[17:31:18]ATTACK: Flamescale Zakuto(firesho) fired at wall with The laser Fore Block   (65,133,3)
[17:31:18]ATTACK: Flamescale Zakuto(firesho) fired at wall with The laser Fore Block   (65,133,3)
[17:31:19]ATTACK: Flamescale Zakuto(firesho) fired at wall with The laser Fore Block   (65,133,3)
[17:31:19]ATTACK: Flamescale Zakuto(firesho) fired at wall with The laser Fore Block   (65,133,3)
[17:31:20]ATTACK: Flamescale Zakuto(firesho) fired at wall with The laser Fore Block   (65,133,3)
[17:31:20]ATTACK: Flamescale Zakuto(firesho) fired at wall with The laser Fore Block   (65,133,3)
[17:31:21]ATTACK: Flamescale Zakuto(firesho) fired at wall with The laser Fore Block   (65,133,3)
[17:31:21]ATTACK: Flamescale Zakuto(firesho) fired at wall with The laser Fore Block   (65,133,3)
[17:31:22]ATTACK: Flamescale Zakuto(firesho) fired at wall with The laser Fore Block   (65,133,3)
[17:31:22]ATTACK: Flamescale Zakuto(firesho) fired at wall with The laser Fore Block   (65,133,3)
[17:31:23]ATTACK: Flamescale Zakuto(firesho) fired at wall with The laser Fore Block   (65,137,3)
[17:31:24]ATTACK: Flamescale Zakuto(firesho) fired at wall with The laser Fore Block   (65,137,3)
[17:31:24]ATTACK: Flamescale Zakuto(firesho) fired at wall with The laser Fore Block   (65,137,3)
[17:31:25]ATTACK: Flamescale Zakuto(firesho) fired at wall with The laser Fore Block   (65,137,3)
[17:31:25]ATTACK: Flamescale Zakuto(firesho) fired at wall with The laser Fore Block   (65,137,3)
[18:01:17]ATTACK: Flamescale Zakuto(firesho) slipped NON-EXISTENT SUBJECT with on foam   
[18:04:37]ATTACK: Flamescale Zakuto(firesho) slipped NON-EXISTENT SUBJECT with on foam   
[18:04:59]ATTACK: Flamescale Zakuto(firesho) slipped NON-EXISTENT SUBJECT with on foam   
[18:06:08]ATTACK: Tim Quirin(hercbeet) attacked mouse with multitool(INTENT: HELP) (DAMTYPE: BRUTE) (NEWHP: 0) 
[18:06:49]ATTACK: Flamescale Zakuto(firesho) slipped NON-EXISTENT SUBJECT with on foam   
[18:08:40]ATTACK: basilisk fired at monkey (571) with The freezing blast Monkey Base Station (NEWHP: 100) (9,242,1)
[18:08:40]ATTACK: basilisk shot monkey (571) with The freezing blast (NEWHP: 100) (9,242,1)
[18:08:43]ATTACK: basilisk attacked monkey (571) with  (NEWHP: 97) (9,241,1)
[18:08:45]ATTACK: basilisk attacked monkey (571) with  (NEWHP: 83.5) (9,241,1)
[18:08:48]ATTACK: basilisk attacked monkey (571) with  (NEWHP: 70) (9,242,1)
[18:08:50]ATTACK: basilisk attacked monkey (571) with  (NEWHP: 57.5) (9,242,1)
[18:08:53]ATTACK: basilisk attacked monkey (571) with  (NEWHP: 45) (9,242,1)
[18:08:55]ATTACK: basilisk attacked monkey (571) with  (NEWHP: 32.5) (9,242,1)
[18:08:57]ATTACK: basilisk attacked monkey (571) with  (NEWHP: 20.5) (9,242,1)
[18:09:00]ATTACK: basilisk attacked monkey (571) with  (NEWHP: 8.5) (9,243,1)
[18:09:02]ATTACK: basilisk attacked monkey (571) with  (NEWHP: 6.5) (8,243,1)
[18:09:04]ATTACK: basilisk fired at monkey (835) with The freezing blast Monkey Base Station (NEWHP: 100) (16,233,1)
[18:09:09]ATTACK: basilisk fired at monkey (835) with The freezing blast Monkey Base Station (NEWHP: 100) (17,233,1)
[18:09:18]ATTACK: basilisk fired at monkey (835) with The freezing blast Monkey Base Station (NEWHP: 100) (17,233,1)
[18:09:23]ATTACK: basilisk fired at monkey (835) with The freezing blast Monkey Base Station (NEWHP: 100) (17,233,1)
[18:09:23]ATTACK: basilisk shot monkey (835) with The freezing blast (NEWHP: 100) (17,233,1)
[18:09:28]ATTACK: basilisk fired at monkey (835) with The freezing blast Monkey Base Station (NEWHP: 97) (17,233,1)
[18:09:28]ATTACK: basilisk shot monkey (490) with The freezing blast (NEWHP: 100) (17,234,1)
[18:09:33]ATTACK: basilisk attacked monkey (835) with  (NEWHP: 94) (17,233,1)
[18:09:35]ATTACK: basilisk attacked monkey (835) with  (NEWHP: 81.5) (17,233,1)
[18:09:38]ATTACK: basilisk attacked monkey (835) with  (NEWHP: 69) (17,234,1)
[18:09:40]ATTACK: basilisk attacked monkey (835) with  (NEWHP: 56.5) (17,234,1)
[18:09:42]ATTACK: basilisk attacked monkey (835) with  (NEWHP: 44.5) (17,234,1)
[18:09:45]ATTACK: basilisk fired at monkey (835) with The freezing blast Monkey Base Station (NEWHP: 32.5) (14,236,1)
[18:09:45]ATTACK: basilisk shot monkey (835) with The freezing blast (NEWHP: 32.5) (14,236,1)
[18:09:47]ATTACK: basilisk attacked monkey (835) with  (NEWHP: 29.5) (14,236,1)
[18:09:49]ATTACK: basilisk attacked monkey (835) with  (NEWHP: 16) (14,236,1)
[18:09:52]ATTACK: basilisk attacked monkey (835) with  (NEWHP: 2.5) (14,236,1)
[18:09:54]ATTACK: basilisk fired at monkey (270) with The freezing blast Monkey Base Station (NEWHP: 100) (9,243,1)
[18:09:58]ATTACK: basilisk fired at monkey (270) with The freezing blast Monkey Base Station (NEWHP: 100) (8,243,1)
[18:10:02]ATTACK: basilisk fired at monkey (270) with The freezing blast Monkey Base Station (NEWHP: 100) (9,243,1)
[18:10:06]ATTACK: basilisk fired at monkey (270) with The freezing blast Monkey Base Station (NEWHP: 100) (9,243,1)
[18:10:10]ATTACK: basilisk fired at monkey (270) with The freezing blast Monkey Base Station (NEWHP: 100) (9,242,1)
[18:10:14]ATTACK: basilisk fired at monkey (270) with The freezing blast Monkey Base Station (NEWHP: 100) (9,242,1)
[18:10:19]ATTACK: basilisk fired at monkey (270) with The freezing blast Monkey Base Station (NEWHP: 100) (9,242,1)
[18:10:24]ATTACK: basilisk fired at monkey (270) with The freezing blast Monkey Base Station (NEWHP: 100) (9,243,1)
[18:10:28]ATTACK: basilisk fired at monkey (267) with The freezing blast Monkey Base Station (NEWHP: 100) (12,234,1)
[18:10:28]ATTACK: basilisk shot monkey (267) with The freezing blast (NEWHP: 100) (12,234,1)
[18:10:33]ATTACK: basilisk fired at monkey (267) with The freezing blast Monkey Base Station (NEWHP: 95.5) (13,234,1)
[18:10:33]ATTACK: basilisk shot monkey (267) with The freezing blast (NEWHP: 95.5) (13,234,1)
[18:10:35]ATTACK: basilisk attacked monkey (267) with  (NEWHP: 92.5) (13,233,1)
[18:10:37]ATTACK: basilisk attacked monkey (267) with  (NEWHP: 79) (13,233,1)
[18:10:39]ATTACK: basilisk attacked monkey (267) with  (NEWHP: 65.5) (13,232,1)
[18:10:41]ATTACK: basilisk attacked monkey (267) with  (NEWHP: 53) (13,232,1)
[18:10:43]ATTACK: basilisk attacked monkey (267) with  (NEWHP: 40.5) (13,232,1)
[18:10:45]ATTACK: basilisk attacked monkey (267) with  (NEWHP: 28) (12,232,1)
[18:10:47]ATTACK: basilisk attacked monkey (267) with  (NEWHP: 16) (12,232,1)
[18:10:49]ATTACK: basilisk attacked monkey (267) with  (NEWHP: 4) (11,232,1)
[18:10:51]ATTACK: basilisk fired at monkey (85) with The freezing blast Monkey Base Station (NEWHP: 100) (8,230,1)
[18:10:51]ATTACK: basilisk shot monkey (85) with The freezing blast (NEWHP: 100) (8,230,1)
[18:10:55]ATTACK: basilisk fired at monkey (85) with The freezing blast Monkey Base Station (NEWHP: 95.5) (8,230,1)
[18:10:55]ATTACK: basilisk shot monkey (85) with The freezing blast (NEWHP: 95.5) (8,230,1)
[18:10:57]ATTACK: basilisk attacked monkey (85) with  (NEWHP: 92.5) (8,230,1)
[18:10:59]ATTACK: basilisk attacked monkey (85) with  (NEWHP: 79) (8,230,1)
[18:11:01]ATTACK: basilisk attacked monkey (85) with  (NEWHP: 65.5) (8,230,1)
[18:11:03]ATTACK: basilisk attacked monkey (85) with  (NEWHP: 53) (8,229,1)
[18:11:05]ATTACK: basilisk attacked monkey (85) with  (NEWHP: 40.5) (7,229,1)
[18:11:07]ATTACK: basilisk attacked monkey (85) with  (NEWHP: 28) (6,229,1)
[18:11:09]ATTACK: basilisk attacked monkey (85) with  (NEWHP: 16) (6,229,1)
[18:11:11]ATTACK: basilisk attacked monkey (85) with  (NEWHP: 4) (6,229,1)
[18:11:13]ATTACK: basilisk fired at monkey (115) with The freezing blast Monkey Base Station (NEWHP: 100) (9,230,1)
[18:11:13]ATTACK: basilisk shot monkey (115) with The freezing blast (NEWHP: 100) (9,230,1)
[18:11:17]ATTACK: basilisk attacked monkey (115) with  (NEWHP: 95.5) (9,230,1)
[18:11:19]ATTACK: basilisk attacked monkey (115) with  (NEWHP: 82) (9,230,1)
[18:11:21]ATTACK: basilisk attacked monkey (115) with  (NEWHP: 69.5) (9,230,1)
[18:11:23]ATTACK: basilisk attacked monkey (115) with  (NEWHP: 57) (10,231,1)
[18:11:25]ATTACK: basilisk attacked monkey (115) with  (NEWHP: 44.5) (10,231,1)
[18:11:27]ATTACK: basilisk attacked monkey (115) with  (NEWHP: 32.5) (10,230,1)
[18:11:29]ATTACK: basilisk attacked monkey (115) with  (NEWHP: 20.5) (11,230,1)
[18:11:31]ATTACK: basilisk attacked monkey (115) with  (NEWHP: 8.5) (11,230,1)
[18:11:33]ATTACK: basilisk fired at monkey (779) with The freezing blast Monkey Base Station (NEWHP: 100) (11,235,1)
[18:11:37]ATTACK: basilisk fired at monkey (779) with The freezing blast Monkey Base Station (NEWHP: 100) (12,236,1)
[18:11:38]ATTACK: basilisk shot monkey (779) with The freezing blast (NEWHP: 100) (12,236,1)
[18:11:41]ATTACK: basilisk fired at monkey (779) with The freezing blast Monkey Base Station (NEWHP: 97) (12,235,1)
[18:11:41]ATTACK: basilisk shot monkey (779) with The freezing blast (NEWHP: 97) (12,235,1)
[18:11:45]ATTACK: basilisk fired at monkey (779) with The freezing blast Monkey Base Station (NEWHP: 92.5) (13,236,1)
[18:11:45]ATTACK: basilisk shot monkey (779) with The freezing blast (NEWHP: 92.5) (13,236,1)
[18:11:47]ATTACK: basilisk attacked monkey (779) with  (NEWHP: 89.5) (14,236,1)
[18:11:49]ATTACK: basilisk attacked monkey (779) with  (NEWHP: 76) (14,236,1)
[18:11:51]ATTACK: basilisk attacked monkey (779) with  (NEWHP: 62.5) (14,236,1)
[18:11:53]ATTACK: basilisk attacked monkey (779) with  (NEWHP: 50) (14,236,1)
[18:11:55]ATTACK: basilisk attacked monkey (779) with  (NEWHP: 37.5) (14,236,1)
[18:11:57]ATTACK: basilisk attacked monkey (779) with  (NEWHP: 25) (14,236,1)
[18:11:59]ATTACK: basilisk attacked monkey (779) with  (NEWHP: 13) (14,236,1)
[18:12:01]ATTACK: basilisk attacked monkey (779) with  (NEWHP: 1) (14,236,1)
[18:12:03]ATTACK: basilisk fired at monkey (175) with The freezing blast Monkey Base Station (NEWHP: 100) (14,243,1)
[18:12:09]ATTACK: basilisk fired at monkey (175) with The freezing blast Monkey Base Station (NEWHP: 100) (13,244,1)
[18:12:13]ATTACK: basilisk fired at monkey (175) with The freezing blast Monkey Base Station (NEWHP: 100) (13,243,1)
[18:12:17]ATTACK: basilisk fired at monkey (175) with The freezing blast Monkey Base Station (NEWHP: 100) (13,242,1)
[18:12:21]ATTACK: basilisk fired at monkey (175) with The freezing blast Monkey Base Station (NEWHP: 100) (13,242,1)
[18:12:25]ATTACK: basilisk fired at monkey (175) with The freezing blast Monkey Base Station (NEWHP: 100) (13,242,1)
[18:12:31]ATTACK: basilisk fired at monkey (175) with The freezing blast Monkey Base Station (NEWHP: 100) (14,242,1)
[18:12:37]ATTACK: basilisk attacked monkey (490) with  (NEWHP: 92.5) (16,236,1)
[18:12:39]ATTACK: basilisk attacked monkey (490) with  (NEWHP: 80.5) (16,236,1)
[18:12:41]ATTACK: basilisk attacked monkey (490) with  (NEWHP: 68.5) (16,237,1)
[18:12:43]ATTACK: basilisk attacked monkey (490) with  (NEWHP: 56.5) (16,237,1)
[18:12:45]ATTACK: basilisk attacked monkey (490) with  (NEWHP: 44.5) (16,236,1)
[18:12:47]ATTACK: basilisk attacked monkey (490) with  (NEWHP: 32.5) (16,237,1)
[18:12:50]ATTACK: basilisk attacked monkey (490) with  (NEWHP: 20.5) (16,238,1)
[18:12:52]ATTACK: basilisk attacked monkey (490) with  (NEWHP: 8.5) (15,238,1)
[18:12:55]ATTACK: basilisk fired at monkey (270) with The freezing blast Monkey Base Station (NEWHP: 100) (7,241,1)
[18:13:00]ATTACK: basilisk fired at monkey (270) with The freezing blast Monkey Base Station (NEWHP: 100) (6,241,1)
[18:13:04]ATTACK: basilisk fired at monkey (270) with The freezing blast Monkey Base Station (NEWHP: 100) (6,240,1)
[18:13:04]ATTACK: basilisk shot monkey (270) with The freezing blast (NEWHP: 100) (6,240,1)
[18:13:08]ATTACK: basilisk fired at monkey (270) with The freezing blast Monkey Base Station (NEWHP: 97) (7,240,1)
[18:13:08]ATTACK: basilisk shot monkey (270) with The freezing blast (NEWHP: 97) (7,240,1)
[18:13:12]ATTACK: basilisk attacked monkey (270) with  (NEWHP: 92.5) (7,240,1)
[18:13:14]ATTACK: basilisk attacked monkey (270) with  (NEWHP: 79) (7,241,1)
[18:13:16]ATTACK: basilisk attacked monkey (270) with  (NEWHP: 66.5) (7,241,1)
[18:13:18]ATTACK: basilisk attacked monkey (270) with  (NEWHP: 54) (7,241,1)
[18:13:20]ATTACK: basilisk attacked monkey (270) with  (NEWHP: 41.5) (7,241,1)
[18:13:22]ATTACK: basilisk attacked monkey (270) with  (NEWHP: 29.5) (7,241,1)
[18:13:24]ATTACK: basilisk attacked monkey (270) with  (NEWHP: 17.5) (7,241,1)
[18:13:26]ATTACK: basilisk attacked monkey (270) with  (NEWHP: 5.5) (7,241,1)
[18:13:28]ATTACK: basilisk fired at monkey (927) with The freezing blast Monkey Base Station (NEWHP: 100) (7,243,1)
[18:13:28]ATTACK: basilisk shot monkey (927) with The freezing blast (NEWHP: 100) (7,243,1)
[18:13:32]ATTACK: basilisk fired at monkey (927) with The freezing blast Monkey Base Station (NEWHP: 95.5) (7,243,1)
[18:13:32]ATTACK: basilisk shot monkey (927) with The freezing blast (NEWHP: 95.5) (7,243,1)
[18:13:34]ATTACK: basilisk attacked monkey (927) with  (NEWHP: 92.5) (7,242,1)
[18:13:36]ATTACK: basilisk attacked monkey (927) with  (NEWHP: 79) (8,242,1)
[18:13:39]ATTACK: basilisk attacked monkey (927) with  (NEWHP: 65.5) (8,242,1)
[18:13:41]ATTACK: basilisk attacked monkey (927) with  (NEWHP: 53) (8,242,1)
[18:13:43]ATTACK: basilisk attacked monkey (927) with  (NEWHP: 40.5) (8,242,1)
[18:13:45]ATTACK: basilisk attacked monkey (927) with  (NEWHP: 28) (8,242,1)
[18:13:47]ATTACK: basilisk attacked monkey (927) with  (NEWHP: 16) (8,242,1)
[18:13:49]ATTACK: basilisk attacked monkey (927) with  (NEWHP: 4) (8,242,1)
[18:13:51]ATTACK: basilisk fired at monkey (175) with The freezing blast Monkey Base Station (NEWHP: 100) (13,244,1)
[18:13:55]ATTACK: basilisk fired at monkey (175) with The freezing blast Monkey Base Station (NEWHP: 100) (13,244,1)
[18:13:59]ATTACK: basilisk fired at monkey (175) with The freezing blast Monkey Base Station (NEWHP: 100) (13,244,1)
[18:14:03]ATTACK: basilisk fired at monkey (175) with The freezing blast Monkey Base Station (NEWHP: 100) (13,244,1)
[18:14:07]ATTACK: basilisk fired at monkey (175) with The freezing blast Monkey Base Station (NEWHP: 100) (13,244,1)
[18:14:11]ATTACK: basilisk attacked monkey (175) with  (NEWHP: 100) (14,243,1)
[18:14:13]ATTACK: basilisk attacked monkey (175) with  (NEWHP: 88) (14,243,1)
[18:14:15]ATTACK: basilisk attacked monkey (175) with  (NEWHP: 76) (14,243,1)
[18:14:17]ATTACK: basilisk attacked monkey (175) with  (NEWHP: 64) (14,243,1)
[18:14:19]ATTACK: basilisk attacked monkey (175) with  (NEWHP: 52) (14,243,1)
[18:14:21]ATTACK: basilisk attacked monkey (175) with  (NEWHP: 40) (14,243,1)
[18:14:23]ATTACK: basilisk attacked monkey (175) with  (NEWHP: 28) (14,243,1)
[18:14:25]ATTACK: basilisk attacked monkey (175) with  (NEWHP: 16) (14,243,1)
[18:14:27]ATTACK: basilisk attacked monkey (175) with  (NEWHP: 4) (13,244,1)
[18:14:31]ATTACK: basilisk attacked monkey (843) with  (NEWHP: 100) (13,242,1)
[18:14:33]ATTACK: basilisk attacked monkey (843) with  (NEWHP: 88) (13,242,1)
[18:14:35]ATTACK: basilisk attacked monkey (843) with  (NEWHP: 76) (13,242,1)
[18:14:37]ATTACK: basilisk attacked monkey (843) with  (NEWHP: 64) (13,242,1)
[18:14:39]ATTACK: basilisk attacked monkey (843) with  (NEWHP: 52) (13,242,1)
[18:14:41]ATTACK: basilisk attacked monkey (843) with  (NEWHP: 40) (13,242,1)
[18:14:43]ATTACK: basilisk attacked monkey (843) with  (NEWHP: 28) (13,242,1)
[18:14:45]ATTACK: basilisk attacked monkey (843) with  (NEWHP: 16) (13,242,1)
[18:14:47]ATTACK: basilisk attacked monkey (843) with  (NEWHP: 4) (13,242,1)
[18:14:49]ATTACK: basilisk fired at monkey (188) with The freezing blast Monkey Base Station (NEWHP: 100) (15,243,1)
[18:14:49]ATTACK: basilisk shot monkey (188) with The freezing blast (NEWHP: 100) (15,243,1)
[18:14:53]ATTACK: basilisk attacked monkey (188) with  (NEWHP: 95.5) (16,243,1)
[18:14:55]ATTACK: basilisk attacked monkey (188) with  (NEWHP: 82) (16,243,1)
[18:14:57]ATTACK: basilisk attacked monkey (188) with  (NEWHP: 69.5) (16,243,1)
[18:14:59]ATTACK: basilisk attacked monkey (188) with  (NEWHP: 57) (16,243,1)
[18:15:01]ATTACK: basilisk attacked monkey (188) with  (NEWHP: 44.5) (16,243,1)
[18:15:03]ATTACK: basilisk attacked monkey (188) with  (NEWHP: 32.5) (16,242,1)
[18:15:05]ATTACK: basilisk attacked monkey (188) with  (NEWHP: 20.5) (17,242,1)
[18:15:07]ATTACK: basilisk attacked monkey (188) with  (NEWHP: 8.5) (17,242,1)
[18:15:09]ATTACK: basilisk fired at monkey (650) with The freezing blast Monkey Base Station (NEWHP: 100) (12,242,1)
[18:15:09]ATTACK: basilisk shot monkey (650) with The freezing blast (NEWHP: 100) (12,242,1)
[18:15:13]ATTACK: basilisk fired at monkey (650) with The freezing blast Monkey Base Station (NEWHP: 95.5) (12,242,1)
[18:15:13]ATTACK: basilisk shot monkey (650) with The freezing blast (NEWHP: 95.5) (12,242,1)
[18:15:17]ATTACK: basilisk attacked monkey (650) with  (NEWHP: 91) (13,242,1)
[18:15:19]ATTACK: basilisk attacked monkey (650) with  (NEWHP: 77.5) (13,242,1)
[18:15:21]ATTACK: basilisk attacked monkey (650) with  (NEWHP: 65) (13,242,1)
[18:15:23]ATTACK: basilisk attacked monkey (650) with  (NEWHP: 52.5) (13,242,1)
[18:15:25]ATTACK: basilisk attacked monkey (650) with  (NEWHP: 40) (13,242,1)
[18:15:27]ATTACK: basilisk attacked monkey (650) with  (NEWHP: 28) (13,242,1)
[18:15:29]ATTACK: basilisk attacked monkey (650) with  (NEWHP: 16) (13,243,1)
[18:15:30]ATTACK: Flamescale Zakuto(firesho) injected Flamescale Zakuto(firesho) with The species mutator medipen(Unstable Mutation Toxin) (NEWHP: 100) (204,35,4)
[18:15:31]ATTACK: basilisk fired at monkey (650) with The freezing blast Monkey Base Station (NEWHP: 4) (13,244,1)
[18:15:31]ATTACK: basilisk shot monkey (653) with The freezing blast (NEWHP: 100) (14,243,1)
[18:15:33]ATTACK: basilisk attacked monkey (650) with  (NEWHP: 4) (13,244,1)
[18:15:35]ATTACK: basilisk attacked monkey (650) with  (NEWHP: 2) (13,244,1)
[18:15:39]ATTACK: basilisk attacked monkey (653) with  (NEWHP: 93.5) (14,242,1)
[18:15:41]ATTACK: basilisk attacked monkey (653) with  (NEWHP: 81) (14,242,1)
[18:15:43]ATTACK: basilisk attacked monkey (653) with  (NEWHP: 68.5) (14,242,1)
[18:15:45]ATTACK: basilisk attacked monkey (653) with  (NEWHP: 56.5) (14,242,1)
[18:15:47]ATTACK: basilisk attacked monkey (653) with  (NEWHP: 44.5) (14,242,1)
[18:15:49]ATTACK: basilisk attacked monkey (653) with  (NEWHP: 32.5) (14,242,1)
[18:15:51]ATTACK: basilisk attacked monkey (653) with  (NEWHP: 20.5) (14,242,1)
[18:15:51]ATTACK: Flamescale Zakuto(firesho) injected Flamescale Zakuto(firesho) with The species mutator medipen(Unstable Mutation Toxin) (NEWHP: 100) (203,35,4)
[18:15:53]ATTACK: basilisk attacked monkey (653) with  (NEWHP: 8.5) (14,242,1)
[18:15:56]ATTACK: Tim Quirin(hercbeet) attacked Tim Quirin(hercbeet) with cable coil(INTENT: HELP) (DAMTYPE: BRUTE) (NEWHP: 100) (163,180,1)
[18:16:46]ATTACK: Flamescale Zakuto(firesho) injected Flamescale Zakuto(firesho) with The species mutator medipen(Unstable Mutation Toxin) (NEWHP: 100) (203,35,4)
[18:17:12]ATTACK: Flamescale Zakuto(firesho) injected Flamescale Zakuto(firesho) with The species mutator medipen(Unstable Mutation Toxin) (NEWHP: 100) (203,35,4)
[18:18:08]ATTACK: Flamescale Zakuto(firesho) injected Flamescale Zakuto(firesho) with The species mutator medipen(Unstable Mutation Toxin) (NEWHP: 100) (203,35,4)
[18:18:31]ATTACK: Flamescale Zakuto(firesho) injected Flamescale Zakuto(firesho) with The species mutator medipen(Unstable Mutation Toxin) (NEWHP: 100) (203,35,4)
[18:18:59]ATTACK: Flamescale Zakuto(firesho) injected Flamescale Zakuto(firesho) with The species mutator medipen(Unstable Mutation Toxin) (NEWHP: 100) (203,35,4)
[18:19:23]ATTACK: Flamescale Zakuto(firesho) injected Flamescale Zakuto(firesho) with The species mutator medipen(Unstable Mutation Toxin) (NEWHP: 100) (203,35,4)
[18:19:31]ATTACK: Flamescale Zakuto(firesho) injected Flamescale Zakuto(firesho) with The species mutator medipen(Unstable Mutation Toxin) (NEWHP: 100) (203,35,4)
[18:19:42]ATTACK: Flamescale Zakuto(firesho) injected Flamescale Zakuto(firesho) with The species mutator medipen(Unstable Mutation Toxin) (NEWHP: 100) (203,35,4)
[18:19:50]ATTACK: Flamescale Zakuto(firesho) injected Flamescale Zakuto(firesho) with The species mutator medipen(Unstable Mutation Toxin) (NEWHP: 100) (203,35,4)
[18:19:57]ATTACK: Flamescale Zakuto(firesho) injected Flamescale Zakuto(firesho) with The species mutator medipen(Unstable Mutation Toxin) (NEWHP: 100) (203,35,4)
[18:26:30]ATTACK: Flamescale Zakuto(firesho) stripped Tim Quirin(hercbeet) with of the advanced hardsuit helmet (NEWHP: 100) (86,219,1)
[18:28:43]ATTACK: Flamescale Zakuto(firesho) shaked Tim Quirin(hercbeet) with  (NEWHP: 100) (138,120,1)
[18:28:53]ATTACK: Flamescale Zakuto(firesho) stripped Tim Quirin(hercbeet) with of the extended-capacity emergency oxygen tank (NEWHP: 100) (138,120,1)
[18:29:00]ATTACK: Flamescale Zakuto(firesho) stripped Tim Quirin(hercbeet) with of Anti Toxin breathing mask (NEWHP: 100) (138,120,1)
[18:29:11]ATTACK: Flamescale Zakuto(firesho) stripped Tim Quirin(hercbeet) with of the advanced hardsuit (NEWHP: 100) (138,120,1)
[18:30:46]ATTACK: Flamescale Zakuto(firesho) grabbed Tim Quirin(hercbeet) with aggressively (NEWHP: 100) (140,114,1)
[18:31:24]ATTACK: goliath attacked undead eskimo with  (NEWHP: 45) (214,148,5)
[18:31:24]ATTACK: undead eskimo attacked goliath with  (NEWHP: 300) (214,147,5)
[18:31:26]ATTACK: goliath attacked undead eskimo with  (NEWHP: 20) (214,148,5)
[18:31:31]ATTACK: Flamescale Zakuto(firesho) injected Able II with The species mutator medipen(Unstable Mutation Toxin) (NEWHP: 100) (136,135,1)
[18:34:22]ATTACK: Able II attacked Officer Beepsky with  (NEWHP: 999999) (129,130,1)
[18:34:46]ATTACK: Able II attacked Officer Beepsky with  (NEWHP: 999999) (114,141,1)
[18:34:48]ATTACK: Able II attacked Officer Beepsky with  (NEWHP: 999998) (114,141,1)
[18:35:00]ATTACK: Flamescale Zakuto(firesho) fired at mouse with The laser Library (NEWHP: 5) (165,140,1)
[18:35:00]ATTACK: Flamescale Zakuto(firesho) shot mouse with The laser (NEWHP: 0) 
[18:35:02]ATTACK: Flamescale Zakuto(firesho) fired at reinforced window with The laser Library   (163,132,1)
[18:35:08]ATTACK: Able II attacked Officer Beepsky with  (NEWHP: 999997) (113,160,1)
[18:35:56]ATTACK: Flamescale Zakuto(firesho) attacked mouse with  (NEWHP: 2) (183,155,1)
[18:35:57]ATTACK: Flamescale Zakuto(firesho) attacked mouse with  (NEWHP: 0) 
[18:36:24]ATTACK: Flamescale Zakuto(firesho) attacked mouse with  (NEWHP: 2) (156,145,1)
[18:36:25]ATTACK: Flamescale Zakuto(firesho) attacked mouse with  (NEWHP: 0) 
[18:36:48]ATTACK: Flamescale Zakuto(firesho) attacked mouse with  (NEWHP: 2) (141,145,1)
[18:36:48]ATTACK: Flamescale Zakuto(firesho) attacked mouse with  (NEWHP: 0) 
[18:42:25]ATTACK: Able II attacked Officer Beepsky with wrench(INTENT: HARM) (DAMTYPE: BRUTE) (NEWHP: 999993) (113,88,1)
[18:42:25]ATTACK: Officer Beepsky stunned Able II with  (NEWHP: 100) (112,87,1)
[18:42:35]ATTACK: Able II attacked Officer Beepsky with  (NEWHP: 999993) (113,88,1)
[18:42:37]ATTACK: Able II attacked Officer Beepsky with  (NEWHP: 999992) (113,88,1)
[18:47:33]ATTACK: Able II attacked Officer Beepsky with wrench(INTENT: HARM) (DAMTYPE: BRUTE) (NEWHP: 999988) (113,86,1)
[18:47:33]ATTACK: Officer Beepsky stunned Able II with  (NEWHP: 100) (112,87,1)
[18:51:01]ATTACK: Flamescale Zakuto(firesho) attacked mouse with  (NEWHP: 2) (179,78,1)
[18:51:02]ATTACK: Flamescale Zakuto(firesho) attacked mouse with  (NEWHP: 0) 
[19:00:11]ATTACK: Flamescale Zakuto(firesho) fired at commander's closet with The laser Centcom Transport Shuttle Dock   (159,79,2)
[19:00:11]ATTACK: Flamescale Zakuto(firesho) fired at commander's closet with The laser Centcom Transport Shuttle Dock   (159,79,2)
[19:00:12]ATTACK: Flamescale Zakuto(firesho) fired at commander's closet with The laser Centcom Transport Shuttle Dock   (159,79,2)
[19:00:12]ATTACK: Flamescale Zakuto(firesho) fired at commander's closet with The laser Centcom Transport Shuttle Dock   (159,79,2)
[19:00:13]ATTACK: Flamescale Zakuto(firesho) fired at commander's closet with The laser Centcom Transport Shuttle Dock   (159,79,2)
[19:00:13]ATTACK: Flamescale Zakuto(firesho) fired at commander's closet with The laser Centcom Transport Shuttle Dock   (159,79,2)
[19:00:14]ATTACK: Flamescale Zakuto(firesho) fired at commander's closet with The laser Centcom Transport Shuttle Dock   (159,79,2)
[19:00:14]ATTACK: Flamescale Zakuto(firesho) fired at commander's closet with The laser Centcom Transport Shuttle Dock   (159,79,2)
[19:00:15]ATTACK: Flamescale Zakuto(firesho) fired at commander's closet with The laser Centcom Transport Shuttle Dock   (159,79,2)
[19:00:15]ATTACK: Flamescale Zakuto(firesho) fired at commander's closet with The laser Centcom Transport Shuttle Dock   (159,79,2)
[19:00:16]ATTACK: Flamescale Zakuto(firesho) fired at commander's closet with The laser Centcom Transport Shuttle Dock   (159,79,2)
[19:00:16]ATTACK: Flamescale Zakuto(firesho) fired at commander's closet with The laser Centcom Transport Shuttle Dock   (159,79,2)
[19:00:17]ATTACK: Flamescale Zakuto(firesho) fired at commander's closet with The laser Centcom Transport Shuttle Dock   (159,79,2)
[19:00:17]ATTACK: Flamescale Zakuto(firesho) fired at commander's closet with The laser Centcom Transport Shuttle Dock   (159,79,2)
[19:00:17]ATTACK: Flamescale Zakuto(firesho) fired at commander's closet with The laser Centcom Transport Shuttle Dock   (159,79,2)
[19:00:18]ATTACK: Flamescale Zakuto(firesho) fired at commander's closet with The laser Centcom Transport Shuttle Dock   (159,79,2)
[19:00:18]ATTACK: Flamescale Zakuto(firesho) fired at commander's closet with The laser Centcom Transport Shuttle Dock   (159,79,2)
[19:00:19]ATTACK: Flamescale Zakuto(firesho) fired at commander's closet with The laser Centcom Transport Shuttle Dock   (159,79,2)
[19:00:19]ATTACK: Flamescale Zakuto(firesho) fired at commander's closet with The laser Centcom Transport Shuttle Dock   (159,79,2)
[19:00:19]ATTACK: Flamescale Zakuto(firesho) fired at commander's closet with The laser Centcom Transport Shuttle Dock   (159,79,2)
[19:02:28]ATTACK: goliath attacked undead eskimo with  (NEWHP: 55) (207,153,5)
[19:02:28]ATTACK: undead eskimo attacked goliath with  (NEWHP: 282) (206,153,5)
[19:02:30]ATTACK: goliath attacked undead eskimo with  (NEWHP: 30) (207,153,5)
[19:02:30]ATTACK: undead eskimo attacked goliath with  (NEWHP: 263) (206,153,5)
[19:02:32]ATTACK: goliath attacked undead eskimo with  (NEWHP: 5) (207,153,5)
[19:17:55]ATTACK: Flamescale Zakuto(firesho) punched Flamescale Zakuto(firesho) with  (NEWHP: 100) (155,93,2)
[19:18:05]ATTACK: Flamescale Zakuto(firesho) punched Flamescale Zakuto(firesho) with  (NEWHP: 100) (155,93,2)
[19:18:07]ATTACK: Flamescale Zakuto(firesho) punched Flamescale Zakuto(firesho) with  (NEWHP: 100) (155,93,2)
[19:18:25]ATTACK: Flamescale Zakuto(firesho) punched Flamescale Zakuto(firesho) with  (NEWHP: 94.9) (155,93,2)
[19:18:26]ATTACK: Flamescale Zakuto(firesho) punched Flamescale Zakuto(firesho) with  (NEWHP: 91.5) (155,93,2)
[19:18:27]ATTACK: Flamescale Zakuto(firesho) punched Flamescale Zakuto(firesho) with  (NEWHP: 86.4) (155,93,2)
[19:18:28]ATTACK: Flamescale Zakuto(firesho) punched Flamescale Zakuto(firesho) with  (NEWHP: 82.15) (155,93,2)
[19:18:29]ATTACK: Flamescale Zakuto(firesho) punched Flamescale Zakuto(firesho) with  (NEWHP: 76.2) (155,93,2)
[19:18:38]ATTACK: Flamescale Zakuto(firesho) punched Flamescale Zakuto(firesho) with  (NEWHP: 72.8) (155,93,2)
[19:18:39]ATTACK: Flamescale Zakuto(firesho) punched Flamescale Zakuto(firesho) with  (NEWHP: 66.85) (155,93,2)
[19:18:48]ATTACK: Flamescale Zakuto(firesho) punched Flamescale Zakuto(firesho) with  (NEWHP: 63.45) (155,93,2)
[19:18:49]ATTACK: Flamescale Zakuto(firesho) punched Flamescale Zakuto(firesho) with  (NEWHP: 56.65) (155,93,2)
[19:20:27]ATTACK: Flamescale Zakuto(firesho) attacked Flamescale Zakuto(firesho) with potted plant (Wielded)(INTENT: HARM) (DAMTYPE: BRUTE) (NEWHP: 90) (155,93,2)
[19:27:25]ATTACK: basilisk fired at monkey (804) with The freezing blast Monkey Base Station (NEWHP: 100) (7,244,1)
[19:27:27]ATTACK: basilisk attacked monkey (804) with  (NEWHP: 100) (8,244,1)
[19:27:29]ATTACK: basilisk attacked monkey (804) with  (NEWHP: 88) (8,244,1)
[19:27:31]ATTACK: basilisk attacked monkey (804) with  (NEWHP: 76) (8,244,1)
[19:27:33]ATTACK: basilisk attacked monkey (804) with  (NEWHP: 64) (8,244,1)
[19:27:35]ATTACK: basilisk attacked monkey (804) with  (NEWHP: 52) (8,244,1)
[19:27:37]ATTACK: basilisk attacked monkey (804) with  (NEWHP: 40) (8,244,1)
[19:27:39]ATTACK: basilisk attacked monkey (804) with  (NEWHP: 28) (8,244,1)
[19:27:41]ATTACK: basilisk attacked monkey (804) with  (NEWHP: 16) (8,244,1)
[19:27:43]ATTACK: basilisk attacked monkey (804) with  (NEWHP: 4) (9,244,1)
