

Starting up. 11:21:16
---------------------
[11:34:18]ATTACK: NON-EXISTENT USER electrified Security Maintenance with    (133,173,1)
[11:35:25]ATTACK: NON-EXISTENT USER electrified maintenance access with    (179,73,1)
[11:36:14]ATTACK: Space Pirate Gunner fired at turret with The laser The Unexplored Location   (112,93,10)
[11:36:14]ATTACK: Space Pirate Gunner fired at turret with The laser Space   (112,93,10)
[11:36:14]ATTACK: Space Pirate Gunner fired at turret with The laser Space   (112,93,10)
[11:36:24]ATTACK: Able III tackled Ashlyn Seidner(ncaaseawolf) with  (NEWHP: 88.5) (144,136,1)
[11:37:25]ATTACK: Able III attacked Ashlyn Seidner(ncaaseawolf) with Zippo lighter(INTENT: DISARM) (DAMTYPE: BRUTE) (NEWHP: 88.5) (144,136,1)
[11:37:31]ATTACK: Able III attacked Ashlyn Seidner(ncaaseawolf) with stunbaton(INTENT: HARM) (DAMTYPE: BRUTE) (NEWHP: 78.5) (144,136,1)
[11:37:31]ATTACK: Ashlyn Seidner(ncaaseawolf) attacked Able III with  (NEWHP: 85) (143,135,1)
[11:37:42]ATTACK: Ashlyn Seidner(ncaaseawolf) grabbed Able III with aggressively (NEWHP: 85) (143,135,1)
[11:38:04]ATTACK: Ashlyn Seidner(ncaaseawolf) attacked Able III with stunbaton(INTENT: HARM) (DAMTYPE: BRUTE) (NEWHP: 74) (143,136,1)
[11:38:05]ATTACK: Ashlyn Seidner(ncaaseawolf) attacked Able III with stunbaton(INTENT: HARM) (DAMTYPE: BRUTE) (NEWHP: 63) (143,136,1)
[11:38:06]ATTACK: Ashlyn Seidner(ncaaseawolf) attacked Able III with stunbaton(INTENT: HARM) (DAMTYPE: BRUTE) (NEWHP: 53) (143,136,1)
[11:38:07]ATTACK: Ashlyn Seidner(ncaaseawolf) attacked Able III with stunbaton(INTENT: HARM) (DAMTYPE: BRUTE) (NEWHP: 42) (143,136,1)
[11:38:08]ATTACK: Ashlyn Seidner(ncaaseawolf) attacked Able III with stunbaton(INTENT: HARM) (DAMTYPE: BRUTE) (NEWHP: 32) (143,136,1)
[11:38:20]ATTACK: Ashlyn Seidner(ncaaseawolf) attacked Able III with stunbaton(INTENT: HARM) (DAMTYPE: BRUTE) (NEWHP: 22) (144,135,1)
[11:38:21]ATTACK: Ashlyn Seidner(ncaaseawolf) attacked Able III with stunbaton(INTENT: HARM) (DAMTYPE: BRUTE) (NEWHP: 12) (144,135,1)
[11:38:25]ATTACK: Ashlyn Seidner(ncaaseawolf) attacked Able III with stunbaton(INTENT: HARM) (DAMTYPE: BRUTE) (NEWHP: 2) (144,139,1)
[11:38:26]ATTACK: Ashlyn Seidner(ncaaseawolf) attacked Able III with stunbaton(INTENT: HARM) (DAMTYPE: BRUTE) (NEWHP: -8) (144,139,1)
[11:38:58]ATTACK: Ashlyn Seidner(ncaaseawolf) attacked Able III with alien saw(INTENT: HARM) (DAMTYPE: BRUTE) (NEWHP: -39) (144,139,1)
[11:38:59]ATTACK: Ashlyn Seidner(ncaaseawolf) attacked Able III with alien saw(INTENT: HARM) (DAMTYPE: BRUTE) (NEWHP: -55) (144,139,1)
[11:39:00]ATTACK: Ashlyn Seidner(ncaaseawolf) attacked Able III with alien saw(INTENT: HARM) (DAMTYPE: BRUTE) (NEWHP: -70) (144,139,1)
[11:39:01]ATTACK: Ashlyn Seidner(ncaaseawolf) attacked Able III with alien saw(INTENT: HARM) (DAMTYPE: BRUTE) (NEWHP: -85) (144,139,1)
[11:39:02]ATTACK: Ashlyn Seidner(ncaaseawolf) attacked Able III with alien saw(INTENT: HARM) (DAMTYPE: BRUTE) (NEWHP: -101) (144,139,1)
[11:39:55]ATTACK: Space Pirate Gunner fired at Syndicate Salvage Worker with The laser Space (NEWHP: 100) (107,91,10)
[11:39:55]ATTACK: Syndicate Salvage Worker fired at Space Pirate Gunner with The bullet The Unexplored Location (NEWHP: 100) (108,94,10)
[11:39:55]ATTACK: Space Pirate Gunner fired at Syndicate Salvage Worker with The laser Space (NEWHP: 100) (106,90,10)
[11:39:55]ATTACK: Syndicate Salvage Worker fired at Space Pirate Gunner with The bullet The Unexplored Location (NEWHP: 100) (109,95,10)
[11:39:55]ATTACK: Space Pirate Gunner fired at Syndicate Salvage Worker with The laser Space (NEWHP: 100) (106,90,10)
[11:39:55]ATTACK: Syndicate Salvage Worker fired at Space Pirate Gunner with The bullet The Unexplored Location (NEWHP: 100) (110,96,10)
[11:39:59]ATTACK: Space Pirate Gunner fired at Syndicate Salvage Worker with The laser Space (NEWHP: 100) (108,92,10)
[11:39:59]ATTACK: Syndicate Salvage Worker fired at Space Pirate Gunner with The bullet The Unexplored Location (NEWHP: 100) (110,96,10)
[11:39:59]ATTACK: Space Pirate Gunner fired at Syndicate Salvage Worker with The laser Space (NEWHP: 100) (107,91,10)
[11:39:59]ATTACK: Syndicate Salvage Worker fired at Space Pirate Gunner with The bullet The Unexplored Location (NEWHP: 100) (111,97,10)
[11:39:59]ATTACK: Space Pirate Gunner fired at Syndicate Salvage Worker with The laser Space (NEWHP: 100) (107,91,10)
[11:39:59]ATTACK: Syndicate Salvage Worker fired at Space Pirate Gunner with The bullet The Unexplored Location (NEWHP: 100) (111,97,10)
[11:39:59]ATTACK: Space Pirate Gunner shot Syndicate Salvage Worker with The laser (NEWHP: 80) (107,91,10)
[11:40:00]ATTACK: Space Pirate Gunner shot Syndicate Salvage Worker with The laser (NEWHP: 60) (107,91,10)
[11:40:03]ATTACK: Space Pirate Gunner fired at Syndicate Salvage Worker with The laser Space (NEWHP: 60) (107,91,10)
[11:40:03]ATTACK: Syndicate Salvage Worker fired at Space Pirate Gunner with The bullet The Unexplored Location (NEWHP: 100) (110,96,10)
[11:40:03]ATTACK: Space Pirate Gunner fired at Syndicate Salvage Worker with The laser Space (NEWHP: 60) (107,91,10)
[11:40:03]ATTACK: Syndicate Salvage Worker fired at Space Pirate Gunner with The bullet The Unexplored Location (NEWHP: 100) (111,97,10)
[11:40:03]ATTACK: Space Pirate Gunner shot Syndicate Salvage Worker with The laser (NEWHP: 40) (107,91,10)
[11:40:03]ATTACK: Space Pirate Gunner fired at Syndicate Salvage Worker with The laser Space (NEWHP: 40) (107,91,10)
[11:40:03]ATTACK: Syndicate Salvage Worker fired at Space Pirate Gunner with The bullet The Unexplored Location (NEWHP: 100) (111,97,10)
[11:40:03]ATTACK: Space Pirate Gunner shot Syndicate Salvage Worker with The laser (NEWHP: 20) (107,91,10)
[11:40:04]ATTACK: Space Pirate Gunner shot Syndicate Salvage Worker with The laser (NEWHP: 0) 
[11:40:04]ATTACK: Space Pirate Gunner shot Syndicate Salvage Worker with The laser (NEWHP: 0) 
[11:40:55]ATTACK: Syndicate Salvage Leader fired at Space Pirate Gunner with The pellet Space (NEWHP: 100) (109,96,10)
[11:40:55]ATTACK: Syndicate Salvage Leader fired at Space Pirate Gunner with The pellet Space (NEWHP: 100) (109,96,10)
[11:40:55]ATTACK: Syndicate Salvage Leader fired at Space Pirate Gunner with The pellet Space (NEWHP: 100) (109,96,10)
[11:40:55]ATTACK: Syndicate Salvage Leader fired at Space Pirate Gunner with The pellet Space (NEWHP: 100) (109,96,10)
[11:40:55]ATTACK: Syndicate Salvage Leader fired at Space Pirate Gunner with The pellet Space (NEWHP: 100) (109,96,10)
[11:40:55]ATTACK: Syndicate Salvage Leader fired at Space Pirate Gunner with The pellet Space (NEWHP: 100) (109,96,10)
[11:40:55]ATTACK: Syndicate Salvage Leader fired at Space Pirate Gunner with The pellet Space (NEWHP: 100) (109,96,10)
[11:40:55]ATTACK: Syndicate Salvage Leader fired at Space Pirate Gunner with The pellet Space (NEWHP: 100) (109,96,10)
[11:40:55]ATTACK: Syndicate Salvage Leader fired at Space Pirate Gunner with The pellet Space (NEWHP: 100) (109,96,10)
[11:40:55]ATTACK: Syndicate Salvage Leader fired at Space Pirate Gunner with The pellet Space (NEWHP: 100) (109,96,10)
[11:40:55]ATTACK: Syndicate Salvage Leader fired at Space Pirate Gunner with The pellet Space (NEWHP: 100) (109,96,10)
[11:40:55]ATTACK: Syndicate Salvage Leader fired at Space Pirate Gunner with The pellet Space (NEWHP: 100) (109,96,10)
[11:40:56]ATTACK: Syndicate Salvage Leader fired at Space Pirate Gunner with The pellet Space (NEWHP: 100) (109,96,10)
[11:40:56]ATTACK: Syndicate Salvage Leader fired at Space Pirate Gunner with The pellet Space (NEWHP: 100) (109,96,10)
[11:40:56]ATTACK: Syndicate Salvage Leader fired at Space Pirate Gunner with The pellet Space (NEWHP: 100) (109,96,10)
[11:40:56]ATTACK: Syndicate Salvage Leader fired at Space Pirate Gunner with The pellet Space (NEWHP: 100) (109,96,10)
[11:40:56]ATTACK: Syndicate Salvage Leader fired at Space Pirate Gunner with The pellet Space (NEWHP: 100) (109,96,10)
[11:40:56]ATTACK: Syndicate Salvage Leader fired at Space Pirate Gunner with The pellet Space (NEWHP: 100) (109,96,10)
[11:40:57]ATTACK: Space Pirate Gunner fired at Syndicate Salvage Leader with The laser Space (NEWHP: 200) (105,98,10)
[11:40:57]ATTACK: Space Pirate Gunner fired at Syndicate Salvage Leader with The laser Space (NEWHP: 200) (104,99,10)
[11:40:57]ATTACK: Space Pirate Gunner shot Syndicate Salvage Leader with The laser (NEWHP: 180) (104,99,10)
[11:40:57]ATTACK: Space Pirate Gunner fired at Syndicate Salvage Leader with The laser Space (NEWHP: 180) (104,99,10)
[11:40:58]ATTACK: Space Pirate Gunner shot Syndicate Salvage Leader with The laser (NEWHP: 160) (104,99,10)
[11:40:58]ATTACK: Space Pirate Gunner shot Syndicate Salvage Leader with The laser (NEWHP: 140) (104,99,10)
[11:40:59]ATTACK: Syndicate Salvage Leader fired at Space Pirate Gunner with The pellet Space (NEWHP: 100) (109,96,10)
[11:40:59]ATTACK: Syndicate Salvage Leader fired at Space Pirate Gunner with The pellet Space (NEWHP: 100) (109,96,10)
[11:40:59]ATTACK: Syndicate Salvage Leader fired at Space Pirate Gunner with The pellet Space (NEWHP: 100) (109,96,10)
[11:40:59]ATTACK: Syndicate Salvage Leader fired at Space Pirate Gunner with The pellet Space (NEWHP: 100) (109,96,10)
[11:40:59]ATTACK: Syndicate Salvage Leader fired at Space Pirate Gunner with The pellet Space (NEWHP: 100) (109,96,10)
[11:40:59]ATTACK: Syndicate Salvage Leader fired at Space Pirate Gunner with The pellet Space (NEWHP: 100) (109,96,10)
[11:40:59]ATTACK: Syndicate Salvage Leader fired at Space Pirate Gunner with The pellet Space (NEWHP: 100) (109,96,10)
[11:40:59]ATTACK: Syndicate Salvage Leader fired at Space Pirate Gunner with The pellet Space (NEWHP: 100) (109,96,10)
[11:40:59]ATTACK: Syndicate Salvage Leader fired at Space Pirate Gunner with The pellet Space (NEWHP: 100) (109,96,10)
[11:40:59]ATTACK: Syndicate Salvage Leader fired at Space Pirate Gunner with The pellet Space (NEWHP: 100) (109,96,10)
[11:40:59]ATTACK: Syndicate Salvage Leader fired at Space Pirate Gunner with The pellet Space (NEWHP: 100) (109,96,10)
[11:40:59]ATTACK: Syndicate Salvage Leader fired at Space Pirate Gunner with The pellet Space (NEWHP: 100) (109,96,10)
[11:40:59]ATTACK: Syndicate Salvage Leader shot Space Pirate Gunner with The pellet (NEWHP: 91.25) (109,96,10)
[11:40:59]ATTACK: Syndicate Salvage Leader shot Space Pirate Gunner with The pellet (NEWHP: 81) (109,96,10)
[11:40:59]ATTACK: Syndicate Salvage Leader fired at Space Pirate Gunner with The pellet Space (NEWHP: 81) (109,96,10)
[11:40:59]ATTACK: Syndicate Salvage Leader fired at Space Pirate Gunner with The pellet Space (NEWHP: 81) (109,96,10)
[11:40:59]ATTACK: Syndicate Salvage Leader fired at Space Pirate Gunner with The pellet Space (NEWHP: 81) (109,96,10)
[11:40:59]ATTACK: Syndicate Salvage Leader fired at Space Pirate Gunner with The pellet Space (NEWHP: 81) (109,96,10)
[11:40:59]ATTACK: Syndicate Salvage Leader fired at Space Pirate Gunner with The pellet Space (NEWHP: 81) (109,96,10)
[11:40:59]ATTACK: Syndicate Salvage Leader fired at Space Pirate Gunner with The pellet Space (NEWHP: 81) (109,96,10)
[11:41:00]ATTACK: Syndicate Salvage Leader shot Space Pirate Gunner with The pellet (NEWHP: 70.75) (109,96,10)
[11:41:01]ATTACK: Space Pirate Gunner fired at Syndicate Salvage Leader with The laser Space (NEWHP: 140) (104,99,10)
[11:41:01]ATTACK: Space Pirate Gunner fired at Syndicate Salvage Leader with The laser Space (NEWHP: 140) (104,99,10)
[11:41:01]ATTACK: Space Pirate Gunner shot Syndicate Salvage Leader with The laser (NEWHP: 120) (104,99,10)
[11:41:01]ATTACK: Space Pirate Gunner fired at Syndicate Salvage Leader with The laser Space (NEWHP: 120) (104,99,10)
[11:41:02]ATTACK: Space Pirate Gunner shot Syndicate Salvage Leader with The laser (NEWHP: 100) (104,99,10)
[11:41:02]ATTACK: Space Pirate Gunner shot Syndicate Salvage Leader with The laser (NEWHP: 80) (104,99,10)
[11:41:03]ATTACK: Syndicate Salvage Leader fired at Space Pirate Gunner with The pellet Space (NEWHP: 70.75) (110,95,10)
[11:41:03]ATTACK: Syndicate Salvage Leader fired at Space Pirate Gunner with The pellet Space (NEWHP: 70.75) (110,95,10)
[11:41:03]ATTACK: Syndicate Salvage Leader fired at Space Pirate Gunner with The pellet Space (NEWHP: 70.75) (110,95,10)
[11:41:03]ATTACK: Syndicate Salvage Leader fired at Space Pirate Gunner with The pellet Space (NEWHP: 70.75) (110,95,10)
[11:41:03]ATTACK: Syndicate Salvage Leader fired at Space Pirate Gunner with The pellet Space (NEWHP: 70.75) (110,95,10)
[11:41:03]ATTACK: Syndicate Salvage Leader fired at Space Pirate Gunner with The pellet Space (NEWHP: 70.75) (110,95,10)
[11:41:03]ATTACK: Syndicate Salvage Leader fired at Space Pirate Gunner with The pellet Space (NEWHP: 70.75) (109,96,10)
[11:41:03]ATTACK: Syndicate Salvage Leader fired at Space Pirate Gunner with The pellet Space (NEWHP: 70.75) (109,96,10)
[11:41:03]ATTACK: Syndicate Salvage Leader fired at Space Pirate Gunner with The pellet Space (NEWHP: 70.75) (109,96,10)
[11:41:03]ATTACK: Syndicate Salvage Leader fired at Space Pirate Gunner with The pellet Space (NEWHP: 70.75) (109,96,10)
[11:41:03]ATTACK: Syndicate Salvage Leader fired at Space Pirate Gunner with The pellet Space (NEWHP: 70.75) (109,96,10)
[11:41:03]ATTACK: Syndicate Salvage Leader fired at Space Pirate Gunner with The pellet Space (NEWHP: 70.75) (109,96,10)
[11:41:03]ATTACK: Syndicate Salvage Leader shot Space Pirate Gunner with The pellet (NEWHP: 62) (109,96,10)
[11:41:03]ATTACK: Syndicate Salvage Leader shot Space Pirate Gunner with The pellet (NEWHP: 51.75) (109,96,10)
[11:41:03]ATTACK: Syndicate Salvage Leader fired at Space Pirate Gunner with The pellet Space (NEWHP: 51.75) (109,96,10)
[11:41:03]ATTACK: Syndicate Salvage Leader fired at Space Pirate Gunner with The pellet Space (NEWHP: 51.75) (109,96,10)
[11:41:03]ATTACK: Syndicate Salvage Leader fired at Space Pirate Gunner with The pellet Space (NEWHP: 51.75) (109,96,10)
[11:41:03]ATTACK: Syndicate Salvage Leader fired at Space Pirate Gunner with The pellet Space (NEWHP: 51.75) (109,96,10)
[11:41:03]ATTACK: Syndicate Salvage Leader fired at Space Pirate Gunner with The pellet Space (NEWHP: 51.75) (109,96,10)
[11:41:03]ATTACK: Syndicate Salvage Leader fired at Space Pirate Gunner with The pellet Space (NEWHP: 51.75) (109,96,10)
[11:41:04]ATTACK: Syndicate Salvage Leader shot Space Pirate Gunner with The pellet (NEWHP: 41.5) (109,96,10)
[11:41:05]ATTACK: Space Pirate Gunner fired at Syndicate Salvage Leader with The laser Space (NEWHP: 80) (104,99,10)
[11:41:05]ATTACK: Space Pirate Gunner shot Syndicate Salvage Leader with The laser (NEWHP: 60) (104,99,10)
[11:41:05]ATTACK: Space Pirate Gunner fired at Syndicate Salvage Leader with The laser Space (NEWHP: 60) (104,99,10)
[11:41:06]ATTACK: Space Pirate Gunner fired at Syndicate Salvage Leader with The laser Space (NEWHP: 60) (104,99,10)
[11:41:06]ATTACK: Space Pirate Gunner shot Syndicate Salvage Leader with The laser (NEWHP: 40) (104,99,10)
[11:41:06]ATTACK: Space Pirate Gunner shot Syndicate Salvage Leader with The laser (NEWHP: 20) (104,99,10)
[11:41:07]ATTACK: Syndicate Salvage Leader fired at Space Pirate Gunner with The pellet Space (NEWHP: 41.5) (109,96,10)
[11:41:07]ATTACK: Syndicate Salvage Leader fired at Space Pirate Gunner with The pellet Space (NEWHP: 41.5) (109,96,10)
[11:41:07]ATTACK: Syndicate Salvage Leader fired at Space Pirate Gunner with The pellet Space (NEWHP: 41.5) (109,96,10)
[11:41:07]ATTACK: Syndicate Salvage Leader fired at Space Pirate Gunner with The pellet Space (NEWHP: 41.5) (109,96,10)
[11:41:07]ATTACK: Syndicate Salvage Leader fired at Space Pirate Gunner with The pellet Space (NEWHP: 41.5) (109,96,10)
[11:41:07]ATTACK: Syndicate Salvage Leader fired at Space Pirate Gunner with The pellet Space (NEWHP: 41.5) (109,96,10)
[11:41:07]ATTACK: Syndicate Salvage Leader shot Space Pirate Gunner with The pellet (NEWHP: 31.25) (109,96,10)
[11:41:07]ATTACK: Syndicate Salvage Leader fired at Space Pirate Gunner with The pellet Space (NEWHP: 31.25) (109,96,10)
[11:41:07]ATTACK: Syndicate Salvage Leader fired at Space Pirate Gunner with The pellet Space (NEWHP: 31.25) (109,96,10)
[11:41:07]ATTACK: Syndicate Salvage Leader fired at Space Pirate Gunner with The pellet Space (NEWHP: 31.25) (109,96,10)
[11:41:07]ATTACK: Syndicate Salvage Leader fired at Space Pirate Gunner with The pellet Space (NEWHP: 31.25) (109,96,10)
[11:41:07]ATTACK: Syndicate Salvage Leader fired at Space Pirate Gunner with The pellet Space (NEWHP: 31.25) (109,96,10)
[11:41:07]ATTACK: Syndicate Salvage Leader fired at Space Pirate Gunner with The pellet Space (NEWHP: 31.25) (109,96,10)
[11:41:08]ATTACK: Syndicate Salvage Leader shot Space Pirate Gunner with The pellet (NEWHP: 21) (109,96,10)
[11:41:08]ATTACK: Syndicate Salvage Leader fired at Space Pirate Gunner with The pellet Space (NEWHP: 21) (109,96,10)
[11:41:08]ATTACK: Syndicate Salvage Leader fired at Space Pirate Gunner with The pellet Space (NEWHP: 21) (109,96,10)
[11:41:08]ATTACK: Syndicate Salvage Leader fired at Space Pirate Gunner with The pellet Space (NEWHP: 21) (109,96,10)
[11:41:08]ATTACK: Syndicate Salvage Leader fired at Space Pirate Gunner with The pellet Space (NEWHP: 21) (109,96,10)
[11:41:08]ATTACK: Syndicate Salvage Leader fired at Space Pirate Gunner with The pellet Space (NEWHP: 21) (109,96,10)
[11:41:08]ATTACK: Syndicate Salvage Leader fired at Space Pirate Gunner with The pellet Space (NEWHP: 21) (109,96,10)
[11:41:08]ATTACK: Syndicate Salvage Leader shot Space Pirate Gunner with The pellet (NEWHP: 10.75) (109,96,10)
[11:41:09]ATTACK: Space Pirate Gunner fired at Syndicate Salvage Leader with The laser Space (NEWHP: 20) (104,99,10)
[11:41:09]ATTACK: Space Pirate Gunner shot Syndicate Salvage Leader with The laser (NEWHP: 0) 
[11:41:09]ATTACK: Space Pirate Gunner shot Syndicate Salvage Leader with The laser (NEWHP: 0) 
[11:41:36]ATTACK: Ashlyn Seidner(ncaaseawolf) attacked monkey (168) with alien saw(INTENT: HARM) (DAMTYPE: BRUTE) (NEWHP: 85) (161,116,1)
[11:41:36]ATTACK: monkey (168) attacked Ashlyn Seidner(ncaaseawolf) with  (NEWHP: 78.5) (160,115,1)
[11:41:37]ATTACK: Ashlyn Seidner(ncaaseawolf) attacked monkey (168) with alien saw(INTENT: HARM) (DAMTYPE: BRUTE) (NEWHP: 70) (161,116,1)
[11:41:38]ATTACK: Ashlyn Seidner(ncaaseawolf) attacked monkey (168) with  (NEWHP: 64) (161,116,1)
[11:41:39]ATTACK: Ashlyn Seidner(ncaaseawolf) attacked monkey (168) with  (NEWHP: 56) (161,116,1)
[11:41:41]ATTACK: Ashlyn Seidner(ncaaseawolf) attacked monkey (168) with  (NEWHP: 49) (161,116,1)
[11:41:42]ATTACK: Ashlyn Seidner(ncaaseawolf) attacked monkey (168) with  (NEWHP: 41) (161,116,1)
[11:41:43]ATTACK: Ashlyn Seidner(ncaaseawolf) attacked monkey (168) with  (NEWHP: 30) (161,116,1)
[11:41:48]ATTACK: Ashlyn Seidner(ncaaseawolf) attacked monkey (168) with alien saw(INTENT: HARM) (DAMTYPE: BRUTE) (NEWHP: 15) (161,116,1)
[11:41:50]ATTACK: monkey (316) attacked Ashlyn Seidner(ncaaseawolf) with shard(INTENT: HARM) (DAMTYPE: BRUTE) (NEWHP: 70.5) (160,116,1)
[11:41:52]ATTACK: Ashlyn Seidner(ncaaseawolf) attacked monkey (316) with alien saw(INTENT: HARM) (DAMTYPE: BRUTE) (NEWHP: 85) (161,117,1)
[11:41:52]ATTACK: monkey (316) attacked Ashlyn Seidner(ncaaseawolf) with shard(INTENT: DISARM) (DAMTYPE: BRUTE) (NEWHP: 68) (160,116,1)
[11:41:53]ATTACK: Ashlyn Seidner(ncaaseawolf) attacked monkey (316) with alien saw(INTENT: HARM) (DAMTYPE: BRUTE) (NEWHP: 70) (161,117,1)
[11:41:54]ATTACK: Ashlyn Seidner(ncaaseawolf) attacked monkey (316) with alien saw(INTENT: HARM) (DAMTYPE: BRUTE) (NEWHP: 55) (161,117,1)
[11:41:55]ATTACK: Ashlyn Seidner(ncaaseawolf) attacked monkey (316) with  (NEWHP: 47) (161,117,1)
[11:41:56]ATTACK: Ashlyn Seidner(ncaaseawolf) attacked monkey (316) with  (NEWHP: 32) (161,117,1)
[11:41:56]ATTACK: monkey (734) attacked Ashlyn Seidner(ncaaseawolf) with  (NEWHP: 60.5) (160,116,1)
[11:41:57]ATTACK: monkey (3) attacked Ashlyn Seidner(ncaaseawolf) with alien saw(INTENT: HARM) (DAMTYPE: BRUTE) (NEWHP: 59.5) (160,116,1)
[11:41:57]ATTACK: Ashlyn Seidner(ncaaseawolf) attacked monkey (734) with  (NEWHP: 90) (161,117,1)
[11:42:02]ATTACK: monkey (754) attacked Ashlyn Seidner(ncaaseawolf) with  (NEWHP: 52) (160,116,1)
[11:42:03]ATTACK: Ashlyn Seidner(ncaaseawolf) attacked monkey (3) with  (NEWHP: 91) (160,117,1)
[11:42:03]ATTACK: monkey (3) attacked Ashlyn Seidner(ncaaseawolf) with alien saw(INTENT: HARM) (DAMTYPE: BRUTE) (NEWHP: 51) (160,116,1)
[11:42:04]ATTACK: Ashlyn Seidner(ncaaseawolf) attacked monkey (3) with  (NEWHP: 84) (160,117,1)
[11:42:04]ATTACK: monkey (754) attacked Ashlyn Seidner(ncaaseawolf) with  (NEWHP: 43.5) (160,116,1)
[11:42:05]ATTACK: Ashlyn Seidner(ncaaseawolf) attacked monkey (3) with  (NEWHP: 79) (160,117,1)
[11:42:05]ATTACK: monkey (3) attacked Ashlyn Seidner(ncaaseawolf) with alien saw(INTENT: HARM) (DAMTYPE: BRUTE) (NEWHP: 40.5) (160,116,1)
[11:42:05]ATTACK: Ashlyn Seidner(ncaaseawolf) attacked monkey (3) with  (NEWHP: 66) (160,117,1)
[11:42:06]ATTACK: monkey (754) attacked Ashlyn Seidner(ncaaseawolf) with  (NEWHP: 40.5) (160,116,1)
[11:42:08]ATTACK: Ashlyn Seidner(ncaaseawolf) attacked monkey (754) with alien saw(INTENT: HARM) (DAMTYPE: BRUTE) (NEWHP: 85) (161,117,1)
[11:42:09]ATTACK: Ashlyn Seidner(ncaaseawolf) attacked monkey (754) with  (NEWHP: 76) (161,117,1)
[11:42:09]ATTACK: Ashlyn Seidner(ncaaseawolf) attacked monkey (754) with  (NEWHP: 69) (161,117,1)
[11:42:10]ATTACK: monkey (754) attacked Ashlyn Seidner(ncaaseawolf) with  (NEWHP: 39.5) (160,116,1)
[11:42:10]ATTACK: Ashlyn Seidner(ncaaseawolf) attacked monkey (754) with  (NEWHP: 56) (161,117,1)
[11:42:15]ATTACK: Ashlyn Seidner(ncaaseawolf) attacked monkey (168) with alien saw(INTENT: HARM) (DAMTYPE: BRUTE) (NEWHP: 0) (161,116,1)
[11:42:16]ATTACK: Ashlyn Seidner(ncaaseawolf) attacked monkey (241) with  (NEWHP: 89) (161,117,1)
[11:42:17]ATTACK: Ashlyn Seidner(ncaaseawolf) attacked monkey (734) with  (NEWHP: 79) (161,117,1)
[11:42:20]ATTACK: Space Pirate Gunner fired at Syndicate Salvage Worker with The laser Space (NEWHP: 100) (102,89,10)
[11:42:20]ATTACK: Syndicate Salvage Worker fired at Space Pirate Gunner with The bullet The Unexplored Location (NEWHP: 10.75) (110,94,10)
[11:42:21]ATTACK: Space Pirate Gunner fired at Syndicate Salvage Worker with The laser Space (NEWHP: 100) (103,90,10)
[11:42:21]ATTACK: Syndicate Salvage Worker fired at Space Pirate Gunner with The bullet The Unexplored Location (NEWHP: 10.75) (109,93,10)
[11:42:21]ATTACK: Space Pirate Gunner fired at Syndicate Salvage Worker with The laser Space (NEWHP: 100) (104,90,10)
[11:42:21]ATTACK: Syndicate Salvage Worker fired at Space Pirate Gunner with The bullet The Unexplored Location (NEWHP: 10.75) (108,92,10)
[11:42:23]ATTACK: Ashlyn Seidner(ncaaseawolf) hit monkey (316) with The shard (NEWHP: 22) (161,118,1)
[11:42:24]ATTACK: Space Pirate Gunner fired at Syndicate Salvage Worker with The laser Space (NEWHP: 100) (104,90,10)
[11:42:24]ATTACK: Syndicate Salvage Worker fired at Space Pirate Gunner with The bullet The Unexplored Location (NEWHP: 10.75) (108,92,10)
[11:42:25]ATTACK: Space Pirate Gunner fired at Syndicate Salvage Worker with The laser Space (NEWHP: 100) (104,90,10)
[11:42:25]ATTACK: Syndicate Salvage Worker fired at Space Pirate Gunner with The bullet The Unexplored Location (NEWHP: 10.75) (108,92,10)
[11:42:25]ATTACK: Space Pirate Gunner fired at Syndicate Salvage Worker with The laser Space (NEWHP: 100) (104,90,10)
[11:42:25]ATTACK: Syndicate Salvage Worker fired at Space Pirate Gunner with The bullet The Unexplored Location (NEWHP: 10.75) (108,92,10)
[11:42:28]ATTACK: Space Pirate Gunner fired at Syndicate Salvage Worker with The laser Space (NEWHP: 100) (103,89,10)
[11:42:28]ATTACK: Syndicate Salvage Worker fired at Space Pirate Gunner with The bullet The Unexplored Location (NEWHP: 10.75) (109,93,10)
[11:42:29]ATTACK: Space Pirate Gunner fired at Syndicate Salvage Worker with The laser Space (NEWHP: 100) (104,90,10)
[11:42:29]ATTACK: Syndicate Salvage Worker fired at Space Pirate Gunner with The bullet The Unexplored Location (NEWHP: 10.75) (108,92,10)
[11:42:29]ATTACK: Space Pirate Gunner fired at Syndicate Salvage Worker with The laser Space (NEWHP: 100) (104,90,10)
[11:42:29]ATTACK: Syndicate Salvage Worker fired at Space Pirate Gunner with The bullet The Unexplored Location (NEWHP: 10.75) (108,92,10)
[11:42:32]ATTACK: Space Pirate Gunner fired at Syndicate Salvage Worker with The laser Space (NEWHP: 100) (103,89,10)
[11:42:32]ATTACK: Syndicate Salvage Worker fired at Space Pirate Gunner with The bullet The Unexplored Location (NEWHP: 10.75) (108,92,10)
[11:42:33]ATTACK: monkey (754) attacked Ashlyn Seidner(ncaaseawolf) with  (NEWHP: 37.5) (160,118,1)
[11:42:33]ATTACK: Space Pirate Gunner fired at Syndicate Salvage Worker with The laser Space (NEWHP: 100) (104,90,10)
[11:42:33]ATTACK: Syndicate Salvage Worker fired at Space Pirate Gunner with The bullet The Unexplored Location (NEWHP: 10.75) (108,92,10)
[11:42:33]ATTACK: Space Pirate Gunner fired at Syndicate Salvage Worker with The laser Space (NEWHP: 100) (104,90,10)
[11:42:33]ATTACK: Syndicate Salvage Worker fired at Space Pirate Gunner with The bullet The Unexplored Location (NEWHP: 10.75) (108,92,10)
[11:42:36]ATTACK: Space Pirate Gunner fired at Syndicate Salvage Worker with The laser Space (NEWHP: 100) (104,90,10)
[11:42:36]ATTACK: Syndicate Salvage Worker fired at Space Pirate Gunner with The bullet The Unexplored Location (NEWHP: 10.75) (108,92,10)
[11:42:36]ATTACK: monkey (754) attacked Ashlyn Seidner(ncaaseawolf) with  (NEWHP: 36.5) (160,119,1)
[11:42:37]ATTACK: Space Pirate Gunner fired at Syndicate Salvage Worker with The laser Space (NEWHP: 100) (104,90,10)
[11:42:37]ATTACK: Syndicate Salvage Worker fired at Space Pirate Gunner with The bullet The Unexplored Location (NEWHP: 10.75) (108,92,10)
[11:42:37]ATTACK: Space Pirate Gunner fired at Syndicate Salvage Worker with The laser Space (NEWHP: 100) (104,90,10)
[11:42:37]ATTACK: Syndicate Salvage Worker fired at Space Pirate Gunner with The bullet The Unexplored Location (NEWHP: 10.75) (108,92,10)
[11:42:37]ATTACK: Ashlyn Seidner(ncaaseawolf) attacked monkey (754) with  (NEWHP: 42) (161,118,1)
[11:42:39]ATTACK: monkey (3) attacked Ashlyn Seidner(ncaaseawolf) with alien saw(INTENT: HARM) (DAMTYPE: BRUTE) (NEWHP: 28.5) (160,119,1)
[11:42:40]ATTACK: Ashlyn Seidner(ncaaseawolf) attacked monkey (3) with  (NEWHP: 57) (160,118,1)
[11:42:40]ATTACK: Space Pirate Gunner fired at Syndicate Salvage Worker with The laser Space (NEWHP: 100) (104,90,10)
[11:42:40]ATTACK: Syndicate Salvage Worker fired at Space Pirate Gunner with The bullet The Unexplored Location (NEWHP: 10.75) (108,92,10)
[11:42:40]ATTACK: monkey (3) attacked Ashlyn Seidner(ncaaseawolf) with alien saw(INTENT: HARM) (DAMTYPE: BRUTE) (NEWHP: 21) (160,119,1)
[11:42:41]ATTACK: Ashlyn Seidner(ncaaseawolf) attacked monkey (3) with  (NEWHP: 45) (160,118,1)
[11:42:41]ATTACK: Space Pirate Gunner fired at Syndicate Salvage Worker with The laser Space (NEWHP: 100) (104,90,10)
[11:42:41]ATTACK: Syndicate Salvage Worker fired at Space Pirate Gunner with The bullet The Unexplored Location (NEWHP: 10.75) (108,92,10)
[11:42:41]ATTACK: Space Pirate Gunner fired at Syndicate Salvage Worker with The laser Space (NEWHP: 100) (104,90,10)
[11:42:41]ATTACK: Syndicate Salvage Worker fired at Space Pirate Gunner with The bullet The Unexplored Location (NEWHP: 10.75) (108,92,10)
[11:42:44]ATTACK: Space Pirate Gunner fired at Syndicate Salvage Worker with The laser Space (NEWHP: 100) (103,89,10)
[11:42:44]ATTACK: Syndicate Salvage Worker fired at Space Pirate Gunner with The bullet The Unexplored Location (NEWHP: 10.75) (109,93,10)
[11:42:45]ATTACK: Space Pirate Gunner fired at Syndicate Salvage Worker with The laser Space (NEWHP: 100) (104,90,10)
[11:42:45]ATTACK: Syndicate Salvage Worker fired at Space Pirate Gunner with The bullet The Unexplored Location (NEWHP: 10.75) (108,92,10)
[11:42:45]ATTACK: Space Pirate Gunner fired at Syndicate Salvage Worker with The laser Space (NEWHP: 100) (104,90,10)
[11:42:45]ATTACK: Syndicate Salvage Worker fired at Space Pirate Gunner with The bullet The Unexplored Location (NEWHP: 10.75) (108,92,10)
[11:42:45]ATTACK: Ashlyn Seidner(ncaaseawolf) hit monkey (241) with The shard (NEWHP: 79) (161,117,1)
[11:42:47]ATTACK: Ashlyn Seidner(ncaaseawolf) attacked monkey (734) with  (NEWHP: 71) (161,118,1)
[11:42:48]ATTACK: Ashlyn Seidner(ncaaseawolf) attacked monkey (734) with  (NEWHP: 61) (161,118,1)
[11:42:48]ATTACK: monkey (734) attacked Ashlyn Seidner(ncaaseawolf) with alien saw(INTENT: HARM) (DAMTYPE: BRUTE) (NEWHP: 13.5) (160,119,1)
[11:42:48]ATTACK: Space Pirate Gunner fired at Syndicate Salvage Worker with The laser Space (NEWHP: 100) (104,90,10)
[11:42:48]ATTACK: Syndicate Salvage Worker fired at Space Pirate Gunner with The bullet The Unexplored Location (NEWHP: 10.75) (108,92,10)
[11:42:49]ATTACK: Space Pirate Gunner fired at Syndicate Salvage Worker with The laser Space (NEWHP: 100) (104,90,10)
[11:42:49]ATTACK: Syndicate Salvage Worker fired at Space Pirate Gunner with The bullet The Unexplored Location (NEWHP: 10.75) (108,92,10)
[11:42:49]ATTACK: Space Pirate Gunner fired at Syndicate Salvage Worker with The laser Space (NEWHP: 100) (104,90,10)
[11:42:49]ATTACK: Syndicate Salvage Worker fired at Space Pirate Gunner with The bullet The Unexplored Location (NEWHP: 10.75) (108,92,10)
[11:42:50]ATTACK: monkey (734) attacked Ashlyn Seidner(ncaaseawolf) with alien saw(INTENT: HARM) (DAMTYPE: BRUTE) (NEWHP: 5.99999) (160,119,1)
[11:42:51]ATTACK: Ashlyn Seidner(ncaaseawolf) attacked monkey (734) with  (NEWHP: 51) (161,118,1)
[11:42:52]ATTACK: Space Pirate Gunner fired at Syndicate Salvage Worker with The laser Space (NEWHP: 100) (104,90,10)
[11:42:52]ATTACK: Syndicate Salvage Worker fired at Space Pirate Gunner with The bullet The Unexplored Location (NEWHP: 10.75) (108,92,10)
[11:42:53]ATTACK: Space Pirate Gunner fired at Syndicate Salvage Worker with The laser Space (NEWHP: 100) (103,89,10)
[11:42:53]ATTACK: Syndicate Salvage Worker fired at Space Pirate Gunner with The bullet The Unexplored Location (NEWHP: 10.75) (109,93,10)
[11:42:53]ATTACK: Space Pirate Gunner fired at Syndicate Salvage Worker with The laser Space (NEWHP: 100) (103,89,10)
[11:42:53]ATTACK: Syndicate Salvage Worker fired at Space Pirate Gunner with The bullet The Unexplored Location (NEWHP: 10.75) (109,93,10)
[11:42:54]ATTACK: Ashlyn Seidner(ncaaseawolf) attacked monkey (241) with alien saw(INTENT: HARM) (DAMTYPE: BRUTE) (NEWHP: 64) (161,118,1)
[11:42:55]ATTACK: Ashlyn Seidner(ncaaseawolf) attacked monkey (241) with alien saw(INTENT: HARM) (DAMTYPE: BRUTE) (NEWHP: 49) (161,118,1)
[11:42:55]ATTACK: Ashlyn Seidner(ncaaseawolf) attacked monkey (241) with alien saw(INTENT: HARM) (DAMTYPE: BRUTE) (NEWHP: 34) (161,118,1)
[11:42:56]ATTACK: Ashlyn Seidner(ncaaseawolf) attacked monkey (241) with alien saw(INTENT: HARM) (DAMTYPE: BRUTE) (NEWHP: 19) (161,118,1)
[11:42:56]ATTACK: Space Pirate Gunner fired at Syndicate Salvage Worker with The laser Space (NEWHP: 100) (103,89,10)
[11:42:56]ATTACK: Syndicate Salvage Worker fired at Space Pirate Gunner with The bullet The Unexplored Location (NEWHP: 10.75) (109,93,10)
[11:42:57]ATTACK: Space Pirate Gunner fired at Syndicate Salvage Worker with The laser Space (NEWHP: 100) (103,89,10)
[11:42:57]ATTACK: Syndicate Salvage Worker fired at Space Pirate Gunner with The bullet The Unexplored Location (NEWHP: 10.75) (109,93,10)
[11:42:57]ATTACK: Space Pirate Gunner fired at Syndicate Salvage Worker with The laser Space (NEWHP: 100) (103,89,10)
[11:42:57]ATTACK: Syndicate Salvage Worker fired at Space Pirate Gunner with The bullet The Unexplored Location (NEWHP: 10.75) (109,93,10)
[11:42:57]ATTACK: Ashlyn Seidner(ncaaseawolf) attacked monkey (241) with  (NEWHP: 12) (161,118,1)
[11:42:58]ATTACK: Ashlyn Seidner(ncaaseawolf) attacked monkey (241) with  (NEWHP: 5) (161,118,1)
[11:42:59]ATTACK: Ashlyn Seidner(ncaaseawolf) attacked monkey (241) with  (NEWHP: -4) (161,118,1)
[11:43:00]ATTACK: Ashlyn Seidner(ncaaseawolf) attacked monkey (754) with  (NEWHP: 31) (161,118,1)
[11:43:01]ATTACK: Space Pirate Gunner fired at Syndicate Salvage Worker with The laser Space (NEWHP: 100) (104,90,10)
[11:43:01]ATTACK: Syndicate Salvage Worker fired at Space Pirate Gunner with The bullet The Unexplored Location (NEWHP: 10.75) (108,92,10)
[11:43:01]ATTACK: Space Pirate Gunner fired at Syndicate Salvage Worker with The laser Space (NEWHP: 100) (103,89,10)
[11:43:01]ATTACK: Syndicate Salvage Worker fired at Space Pirate Gunner with The bullet The Unexplored Location (NEWHP: 10.75) (109,93,10)
[11:43:01]ATTACK: Space Pirate Gunner fired at Syndicate Salvage Worker with The laser Space (NEWHP: 100) (103,89,10)
[11:43:01]ATTACK: Syndicate Salvage Worker fired at Space Pirate Gunner with The bullet The Unexplored Location (NEWHP: 10.75) (109,93,10)
[11:43:04]ATTACK: Ashlyn Seidner(ncaaseawolf) hit Alden Bluetenberger(lezuskonrad) with The shard (NEWHP: 90) (160,119,1)
[11:43:04]ATTACK: Space Pirate Gunner fired at Syndicate Salvage Worker with The laser Space (NEWHP: 100) (104,90,10)
[11:43:04]ATTACK: Syndicate Salvage Worker fired at Space Pirate Gunner with The bullet The Unexplored Location (NEWHP: 10.75) (108,92,10)
[11:43:05]ATTACK: Space Pirate Gunner fired at Syndicate Salvage Worker with The laser Space (NEWHP: 100) (103,89,10)
[11:43:05]ATTACK: Syndicate Salvage Worker fired at Space Pirate Gunner with The bullet The Unexplored Location (NEWHP: 10.75) (109,93,10)
[11:43:05]ATTACK: Space Pirate Gunner fired at Syndicate Salvage Worker with The laser Space (NEWHP: 100) (103,89,10)
[11:43:05]ATTACK: Syndicate Salvage Worker fired at Space Pirate Gunner with The bullet The Unexplored Location (NEWHP: 10.75) (109,93,10)
[11:43:08]ATTACK: Space Pirate Gunner fired at Syndicate Salvage Worker with The laser Space (NEWHP: 100) (104,90,10)
[11:43:08]ATTACK: Syndicate Salvage Worker fired at Space Pirate Gunner with The bullet The Unexplored Location (NEWHP: 10.75) (108,92,10)
[11:43:09]ATTACK: Space Pirate Gunner fired at Syndicate Salvage Worker with The laser Space (NEWHP: 100) (103,89,10)
[11:43:09]ATTACK: Syndicate Salvage Worker fired at Space Pirate Gunner with The bullet The Unexplored Location (NEWHP: 10.75) (109,93,10)
[11:43:09]ATTACK: Space Pirate Gunner fired at Syndicate Salvage Worker with The laser Space (NEWHP: 100) (103,89,10)
[11:43:09]ATTACK: Syndicate Salvage Worker fired at Space Pirate Gunner with The bullet The Unexplored Location (NEWHP: 10.75) (109,93,10)
[11:43:10]ATTACK: Ashlyn Seidner(ncaaseawolf) attacked monkey (241) with alien saw(INTENT: HARM) (DAMTYPE: BRUTE) (NEWHP: -22) (161,118,1)
[11:43:11]ATTACK: Ashlyn Seidner(ncaaseawolf) attacked monkey (241) with alien saw(INTENT: HARM) (DAMTYPE: BRUTE) (NEWHP: -38) (161,118,1)
[11:43:12]ATTACK: Ashlyn Seidner(ncaaseawolf) attacked monkey (241) with alien saw(INTENT: HARM) (DAMTYPE: BRUTE) (NEWHP: -53) (161,118,1)
[11:43:12]ATTACK: Space Pirate Gunner fired at Syndicate Salvage Worker with The laser Space (NEWHP: 100) (103,89,10)
[11:43:12]ATTACK: Syndicate Salvage Worker fired at Space Pirate Gunner with The bullet The Unexplored Location (NEWHP: 10.75) (109,93,10)
[11:43:13]ATTACK: Ashlyn Seidner(ncaaseawolf) attacked monkey (241) with alien saw(INTENT: HARM) (DAMTYPE: BRUTE) (NEWHP: -69) (161,118,1)
[11:43:13]ATTACK: Space Pirate Gunner fired at Syndicate Salvage Worker with The laser Space (NEWHP: 100) (103,89,10)
[11:43:13]ATTACK: Syndicate Salvage Worker fired at Space Pirate Gunner with The bullet The Unexplored Location (NEWHP: 10.75) (109,93,10)
[11:43:13]ATTACK: Space Pirate Gunner fired at Syndicate Salvage Worker with The laser Space (NEWHP: 100) (103,89,10)
[11:43:13]ATTACK: Syndicate Salvage Worker fired at Space Pirate Gunner with The bullet The Unexplored Location (NEWHP: 10.75) (109,93,10)
[11:43:14]ATTACK: Ashlyn Seidner(ncaaseawolf) attacked monkey (241) with alien saw(INTENT: HARM) (DAMTYPE: BRUTE) (NEWHP: -84) (161,118,1)
[11:43:16]ATTACK: Space Pirate Gunner fired at Syndicate Salvage Worker with The laser Space (NEWHP: 100) (104,90,10)
[11:43:16]ATTACK: Syndicate Salvage Worker fired at Space Pirate Gunner with The bullet The Unexplored Location (NEWHP: 10.75) (108,92,10)
[11:43:17]ATTACK: Space Pirate Gunner fired at Syndicate Salvage Worker with The laser Space (NEWHP: 100) (103,89,10)
[11:43:17]ATTACK: Syndicate Salvage Worker fired at Space Pirate Gunner with The bullet The Unexplored Location (NEWHP: 10.75) (109,93,10)
[11:43:17]ATTACK: Space Pirate Gunner fired at Syndicate Salvage Worker with The laser Space (NEWHP: 100) (103,89,10)
[11:43:17]ATTACK: Syndicate Salvage Worker fired at Space Pirate Gunner with The bullet The Unexplored Location (NEWHP: 10.75) (109,93,10)
[11:43:19]ATTACK: Ashlyn Seidner(ncaaseawolf) attacked monkey (241) with  (NEWHP: -101) (161,118,1)
[11:43:20]ATTACK: Ashlyn Seidner(ncaaseawolf) attacked monkey (241) with  (NEWHP: -112) (161,118,1)
[11:43:21]ATTACK: Ashlyn Seidner(ncaaseawolf) attacked monkey (241) with  (NEWHP: -121) (161,118,1)
[11:43:22]ATTACK: Ashlyn Seidner(ncaaseawolf) attacked monkey (241) with  (NEWHP: -128) (161,118,1)
[11:43:22]ATTACK: monkey (734) attacked Ashlyn Seidner(ncaaseawolf) with alien saw(INTENT: HARM) (DAMTYPE: BRUTE) (NEWHP: -1.50001) (161,118,1)
[11:43:22]ATTACK: Space Pirate Gunner fired at Syndicate Salvage Worker with The laser Space (NEWHP: 100) (104,89,10)
[11:43:22]ATTACK: Syndicate Salvage Worker fired at Space Pirate Gunner with The bullet The Unexplored Location (NEWHP: 10.75) (108,92,10)
[11:43:23]ATTACK: Space Pirate Gunner fired at Syndicate Salvage Worker with The laser Space (NEWHP: 100) (103,89,10)
[11:43:23]ATTACK: Syndicate Salvage Worker fired at Space Pirate Gunner with The bullet The Unexplored Location (NEWHP: 10.75) (109,93,10)
[11:43:23]ATTACK: Space Pirate Gunner fired at Syndicate Salvage Worker with The laser Space (NEWHP: 100) (103,89,10)
[11:43:23]ATTACK: Syndicate Salvage Worker fired at Space Pirate Gunner with The bullet The Unexplored Location (NEWHP: 10.75) (109,93,10)
[11:43:27]ATTACK: Space Pirate Gunner fired at Syndicate Salvage Worker with The laser Space (NEWHP: 100) (103,89,10)
[11:43:27]ATTACK: Syndicate Salvage Worker fired at Space Pirate Gunner with The bullet The Unexplored Location (NEWHP: 10.75) (109,93,10)
[11:43:27]ATTACK: Space Pirate Gunner fired at Syndicate Salvage Worker with The laser Space (NEWHP: 100) (103,89,10)
[11:43:27]ATTACK: Syndicate Salvage Worker fired at Space Pirate Gunner with The bullet The Unexplored Location (NEWHP: 10.75) (109,93,10)
[11:43:27]ATTACK: Space Pirate Gunner fired at Syndicate Salvage Worker with The laser Space (NEWHP: 100) (103,89,10)
[11:43:27]ATTACK: Syndicate Salvage Worker fired at Space Pirate Gunner with The bullet The Unexplored Location (NEWHP: 10.75) (109,93,10)
[11:43:31]ATTACK: Space Pirate Gunner fired at Syndicate Salvage Worker with The laser Space (NEWHP: 100) (104,90,10)
[11:43:31]ATTACK: Syndicate Salvage Worker fired at Space Pirate Gunner with The bullet The Unexplored Location (NEWHP: 10.75) (109,93,10)
[11:43:31]ATTACK: Space Pirate Gunner fired at Syndicate Salvage Worker with The laser Space (NEWHP: 100) (103,89,10)
[11:43:31]ATTACK: Syndicate Salvage Worker fired at Space Pirate Gunner with The bullet The Unexplored Location (NEWHP: 10.75) (109,93,10)
[11:43:31]ATTACK: Space Pirate Gunner fired at Syndicate Salvage Worker with The laser Space (NEWHP: 100) (103,89,10)
[11:43:31]ATTACK: Syndicate Salvage Worker fired at Space Pirate Gunner with The bullet The Unexplored Location (NEWHP: 10.75) (109,93,10)
[11:43:35]ATTACK: Space Pirate Gunner fired at Syndicate Salvage Worker with The laser Space (NEWHP: 100) (104,90,10)
[11:43:35]ATTACK: Syndicate Salvage Worker fired at Space Pirate Gunner with The bullet The Unexplored Location (NEWHP: 10.75) (108,92,10)
[11:43:35]ATTACK: Space Pirate Gunner fired at Syndicate Salvage Worker with The laser Space (NEWHP: 100) (103,89,10)
[11:43:35]ATTACK: Syndicate Salvage Worker fired at Space Pirate Gunner with The bullet The Unexplored Location (NEWHP: 10.75) (109,93,10)
[11:43:35]ATTACK: Space Pirate Gunner fired at Syndicate Salvage Worker with The laser Space (NEWHP: 100) (103,89,10)
[11:43:35]ATTACK: Syndicate Salvage Worker fired at Space Pirate Gunner with The bullet The Unexplored Location (NEWHP: 10.75) (109,93,10)
[11:43:37]ATTACK: Ashlyn Seidner(ncaaseawolf) attacked monkey (734) with  (NEWHP: 42) (161,117,1)
[11:43:38]ATTACK: monkey (3) stuffed Ashlyn Seidner(ncaaseawolf) with into the disposal unit (NEWHP: 100) (157,113,1)
[11:43:39]ATTACK: Space Pirate Gunner fired at Syndicate Salvage Worker with The laser Space (NEWHP: 100) (104,90,10)
[11:43:39]ATTACK: Syndicate Salvage Worker fired at Space Pirate Gunner with The bullet The Unexplored Location (NEWHP: 10.75) (108,92,10)
[11:43:39]ATTACK: Space Pirate Gunner fired at Syndicate Salvage Worker with The laser Space (NEWHP: 100) (103,89,10)
[11:43:39]ATTACK: Syndicate Salvage Worker fired at Space Pirate Gunner with The bullet The Unexplored Location (NEWHP: 10.75) (109,93,10)
[11:43:39]ATTACK: Space Pirate Gunner fired at Syndicate Salvage Worker with The laser Space (NEWHP: 100) (103,89,10)
[11:43:39]ATTACK: Syndicate Salvage Worker fired at Space Pirate Gunner with The bullet The Unexplored Location (NEWHP: 10.75) (109,93,10)
[11:43:43]ATTACK: Space Pirate Gunner fired at Syndicate Salvage Worker with The laser Space (NEWHP: 100) (104,90,10)
[11:43:43]ATTACK: Syndicate Salvage Worker fired at Space Pirate Gunner with The bullet The Unexplored Location (NEWHP: 10.75) (108,92,10)
[11:43:43]ATTACK: Space Pirate Gunner fired at Syndicate Salvage Worker with The laser Space (NEWHP: 100) (103,89,10)
[11:43:43]ATTACK: Syndicate Salvage Worker fired at Space Pirate Gunner with The bullet The Unexplored Location (NEWHP: 10.75) (109,93,10)
[11:43:43]ATTACK: Space Pirate Gunner fired at Syndicate Salvage Worker with The laser Space (NEWHP: 100) (103,89,10)
[11:43:43]ATTACK: Syndicate Salvage Worker fired at Space Pirate Gunner with The bullet The Unexplored Location (NEWHP: 10.75) (109,93,10)
[11:43:47]ATTACK: Space Pirate Gunner fired at Syndicate Salvage Worker with The laser Space (NEWHP: 100) (104,90,10)
[11:43:47]ATTACK: Syndicate Salvage Worker fired at Space Pirate Gunner with The bullet The Unexplored Location (NEWHP: 10.75) (108,92,10)
[11:43:47]ATTACK: Space Pirate Gunner fired at Syndicate Salvage Worker with The laser Space (NEWHP: 100) (103,89,10)
[11:43:47]ATTACK: Syndicate Salvage Worker fired at Space Pirate Gunner with The bullet The Unexplored Location (NEWHP: 10.75) (109,93,10)
[11:43:47]ATTACK: Ashlyn Seidner(ncaaseawolf) attacked monkey (734) with  (NEWHP: 28) (161,117,1)
[11:43:47]ATTACK: Space Pirate Gunner fired at Syndicate Salvage Worker with The laser Space (NEWHP: 100) (103,89,10)
[11:43:47]ATTACK: Syndicate Salvage Worker fired at Space Pirate Gunner with The bullet The Unexplored Location (NEWHP: 10.75) (109,93,10)
[11:43:50]ATTACK: Ashlyn Seidner(ncaaseawolf) attacked monkey (754) with alien saw(INTENT: HARM) (DAMTYPE: BRUTE) (NEWHP: 16) (161,117,1)
[11:43:51]ATTACK: Space Pirate Gunner fired at Syndicate Salvage Worker with The laser Space (NEWHP: 100) (104,90,10)
[11:43:51]ATTACK: Syndicate Salvage Worker fired at Space Pirate Gunner with The bullet The Unexplored Location (NEWHP: 10.75) (108,92,10)
[11:43:51]ATTACK: Space Pirate Gunner fired at Syndicate Salvage Worker with The laser Space (NEWHP: 100) (104,90,10)
[11:43:51]ATTACK: Syndicate Salvage Worker fired at Space Pirate Gunner with The bullet The Unexplored Location (NEWHP: 10.75) (108,92,10)
[11:43:51]ATTACK: Space Pirate Gunner fired at Syndicate Salvage Worker with The laser Space (NEWHP: 100) (104,90,10)
[11:43:51]ATTACK: Syndicate Salvage Worker fired at Space Pirate Gunner with The bullet The Unexplored Location (NEWHP: 10.75) (108,92,10)
[11:43:51]ATTACK: Ashlyn Seidner(ncaaseawolf) attacked monkey (754) with alien saw(INTENT: HARM) (DAMTYPE: BRUTE) (NEWHP: 1) (161,117,1)
[11:43:52]ATTACK: Ashlyn Seidner(ncaaseawolf) attacked monkey (754) with alien saw(INTENT: HARM) (DAMTYPE: BRUTE) (NEWHP: -14) (161,117,1)
[11:43:54]ATTACK: Ashlyn Seidner(ncaaseawolf) attacked monkey (316) with alien saw(INTENT: HARM) (DAMTYPE: BRUTE) (NEWHP: 7) (161,117,1)
[11:43:54]ATTACK: Ashlyn Seidner(ncaaseawolf) attacked monkey (316) with alien saw(INTENT: HARM) (DAMTYPE: BRUTE) (NEWHP: -8) (161,117,1)
[11:43:55]ATTACK: Space Pirate Gunner fired at Syndicate Salvage Worker with The laser Space (NEWHP: 100) (104,90,10)
[11:43:55]ATTACK: Syndicate Salvage Worker fired at Space Pirate Gunner with The bullet The Unexplored Location (NEWHP: 10.75) (108,91,10)
[11:43:55]ATTACK: Space Pirate Gunner fired at Syndicate Salvage Worker with The laser Space (NEWHP: 100) (103,89,10)
[11:43:55]ATTACK: Syndicate Salvage Worker fired at Space Pirate Gunner with The bullet The Unexplored Location (NEWHP: 10.75) (109,92,10)
[11:43:55]ATTACK: Space Pirate Gunner fired at Syndicate Salvage Worker with The laser Space (NEWHP: 100) (103,89,10)
[11:43:55]ATTACK: Syndicate Salvage Worker fired at Space Pirate Gunner with The bullet The Unexplored Location (NEWHP: 10.75) (109,92,10)
[11:43:55]ATTACK: Space Pirate Gunner shot Syndicate Salvage Worker with The laser (NEWHP: 80) (103,89,10)
[11:43:55]ATTACK: Syndicate Salvage Worker shot Space Pirate Gunner with The bullet (NEWHP: 0) 
[11:43:55]ATTACK: Syndicate Salvage Worker shot Space Pirate Gunner with The bullet (NEWHP: 0) 
[11:43:56]ATTACK: Space Pirate Gunner shot Syndicate Salvage Worker with The laser (NEWHP: 60) (103,89,10)
[11:43:56]ATTACK: Ashlyn Seidner(ncaaseawolf) attacked monkey (316) with alien saw(INTENT: HARM) (DAMTYPE: BRUTE) (NEWHP: -23) (161,117,1)
[11:43:57]ATTACK: Ashlyn Seidner(ncaaseawolf) attacked monkey (316) with alien saw(INTENT: HARM) (DAMTYPE: BRUTE) (NEWHP: -38) (161,117,1)
[11:43:58]ATTACK: Ashlyn Seidner(ncaaseawolf) attacked monkey (316) with alien saw(INTENT: HARM) (DAMTYPE: BRUTE) (NEWHP: -53) (161,117,1)
[11:44:02]ATTACK: Ashlyn Seidner(ncaaseawolf) attacked monkey (316) with alien saw(INTENT: HARM) (DAMTYPE: BRUTE) (NEWHP: -69) (161,117,1)
[11:44:03]ATTACK: Ashlyn Seidner(ncaaseawolf) attacked monkey (316) with alien saw(INTENT: HARM) (DAMTYPE: BRUTE) (NEWHP: -85) (161,117,1)
[11:44:04]ATTACK: Ashlyn Seidner(ncaaseawolf) attacked monkey (316) with alien saw(INTENT: HARM) (DAMTYPE: BRUTE) (NEWHP: -100) (161,117,1)
[11:44:09]ATTACK: Ashlyn Seidner(ncaaseawolf) attacked monkey (168) with alien saw(INTENT: HARM) (DAMTYPE: BRUTE) (NEWHP: -71) (161,116,1)
[11:44:18]ATTACK: Ashlyn Seidner(ncaaseawolf) attacked monkey (168) with alien saw(INTENT: HARM) (DAMTYPE: BRUTE) (NEWHP: -91) (161,116,1)
[11:44:25]ATTACK: Ashlyn Seidner(ncaaseawolf) grabbed Alden Bluetenberger(lezuskonrad) with aggressively (NEWHP: 90) (160,114,1)
[11:46:47]ATTACK: Denise Isaman (as Captain)(ncaaseawolf) fired at Arrivals Shuttle Airlock with GREYTIDE TOOLBOX!!!!!! Arrival Shuttle   (45,148,1)
[11:46:48]ATTACK: Denise Isaman (as Captain)(ncaaseawolf) fired at titanium airlock assembly with GREYTIDE TOOLBOX!!!!!! Arrival Shuttle   (45,148,1)
[11:46:50]ATTACK: Denise Isaman (as Captain)(ncaaseawolf) fired at titanium with GREYTIDE TOOLBOX!!!!!! Arrival Shuttle   (45,148,1)
[11:47:06]ATTACK: Denise Isaman (as Captain)(ncaaseawolf) fired at fuel tank with GREYTIDE TOOLBOX!!!!!! Primary Tool Storage   (73,144,1)
[11:47:25]ATTACK: Denise Isaman (as Captain)(ncaaseawolf) fired at reinforced window with GREYTIDE TOOLBOX!!!!!! Central Primary Hallway   (103,143,1)
[11:47:25]ATTACK: Denise Isaman (as Captain)(ncaaseawolf) fired at grille with GREYTIDE TOOLBOX!!!!!! Central Primary Hallway   (103,143,1)
[11:47:28]ATTACK: Denise Isaman (as Captain)(ncaaseawolf) fired at fuel tank with GREYTIDE TOOLBOX!!!!!! Central Primary Hallway   (105,145,1)
[11:47:59]ATTACK: Melanie Lineman(baulo7) injected Melanie Lineman(baulo7) with The epinephrine medipen(Epinephrine) (NEWHP: 63) (97,135,1)
[11:48:09]ATTACK: Denise Isaman (as Captain)(ncaaseawolf) fired at floor with GREYTIDE TOOLBOX!!!!!! Escape Shuttle Hallway   (188,129,1)
[11:48:11]ATTACK: Denise Isaman (as Captain)(ncaaseawolf) fired at Cargo Escape Airlock with GREYTIDE TOOLBOX!!!!!! Escape Shuttle Hallway   (194,129,1)
[11:48:12]ATTACK: Denise Isaman (as Captain)(ncaaseawolf) fired at plating with GREYTIDE TOOLBOX!!!!!! Escape Shuttle Hallway   (194,129,1)
[11:48:18]ATTACK: Denise Isaman (as Captain)(ncaaseawolf) fired at wall with GREYTIDE TOOLBOX!!!!!! Science Maintenance   (198,108,1)
[11:48:19]ATTACK: Denise Isaman (as Captain)(ncaaseawolf) fired at floor with GREYTIDE TOOLBOX!!!!!! Science Maintenance   (198,107,1)
[11:48:20]ATTACK: Denise Isaman (as Captain)(ncaaseawolf) fired at plating with GREYTIDE TOOLBOX!!!!!! Science Maintenance   (195,109,1)
[11:48:20]ATTACK: Denise Isaman (as Captain)(ncaaseawolf) fired at disposal pipe with GREYTIDE TOOLBOX!!!!!! Science Maintenance   (195,109,1)
[11:48:21]ATTACK: Denise Isaman (as Captain)(ncaaseawolf) fired at reinforced wall with GREYTIDE TOOLBOX!!!!!! Science Maintenance   (193,109,1)
[11:48:59]ATTACK: Denise Isaman (as Captain)(ncaaseawolf) fired at solid plasma with GREYTIDE TOOLBOX!!!!!! Xenobiology Lab   (175,100,1)
[11:49:02]ATTACK: Denise Isaman (as Captain)(ncaaseawolf) fired at floor with GREYTIDE TOOLBOX!!!!!! Xenobiology Lab   (167,100,1)
[11:49:03]ATTACK: Denise Isaman (as Captain)(ncaaseawolf) fired at Slime management console with GREYTIDE TOOLBOX!!!!!! Xenobiology Lab   (166,100,1)
[11:49:05]ATTACK: Denise Isaman (as Captain)(ncaaseawolf) fired at Test Chamber Moniter with GREYTIDE TOOLBOX!!!!!! Xenobiology Lab   (166,104,1)
[11:49:08]ATTACK: Denise Isaman (as Captain)(ncaaseawolf) fired at light fixture with GREYTIDE TOOLBOX!!!!!! Xenobiology Lab   (168,109,1)
[11:49:09]ATTACK: Denise Isaman (as Captain)(ncaaseawolf) fired at reinforced floor with GREYTIDE TOOLBOX!!!!!! Xenobiology Lab   (168,109,1)
[11:49:20]ATTACK: Space Pirate Gunner fired at Syndicate Salvage Worker with The laser The Unexplored Location (NEWHP: 100) (102,96,10)
[11:49:20]ATTACK: Space Pirate Gunner fired at Syndicate Salvage Worker with The laser The Unexplored Location (NEWHP: 100) (102,96,10)
[11:49:20]ATTACK: Space Pirate Gunner fired at Syndicate Salvage Worker with The laser The Unexplored Location (NEWHP: 100) (102,96,10)
[11:49:22]ATTACK: Syndicate Salvage Worker fired at Space Pirate Gunner with The bullet The Unexplored Location (NEWHP: 100) (105,102,10)
[11:49:22]ATTACK: Syndicate Salvage Worker fired at Space Pirate Gunner with The bullet The Unexplored Location (NEWHP: 100) (104,101,10)
[11:49:22]ATTACK: Syndicate Salvage Worker fired at Space Pirate Gunner with The bullet The Unexplored Location (NEWHP: 100) (104,101,10)
[11:49:24]ATTACK: Space Pirate Gunner fired at Syndicate Salvage Worker with The laser The Unexplored Location (NEWHP: 100) (101,97,10)
[11:49:24]ATTACK: Space Pirate Gunner fired at Syndicate Salvage Worker with The laser The Unexplored Location (NEWHP: 100) (101,97,10)
[11:49:24]ATTACK: Space Pirate Gunner fired at Syndicate Salvage Worker with The laser The Unexplored Location (NEWHP: 100) (101,97,10)
[11:49:26]ATTACK: Syndicate Salvage Worker fired at Space Pirate Gunner with The bullet The Unexplored Location (NEWHP: 100) (104,102,10)
[11:49:26]ATTACK: Syndicate Salvage Worker fired at Space Pirate Gunner with The bullet Space (NEWHP: 100) (104,102,10)
[11:49:26]ATTACK: Syndicate Salvage Worker fired at Space Pirate Gunner with The bullet Space (NEWHP: 100) (104,102,10)
[11:49:28]ATTACK: Space Pirate Gunner fired at Syndicate Salvage Worker with The laser The Unexplored Location (NEWHP: 100) (102,98,10)
[11:49:28]ATTACK: Space Pirate Gunner fired at Syndicate Salvage Worker with The laser The Unexplored Location (NEWHP: 100) (101,97,10)
[11:49:28]ATTACK: Space Pirate Gunner fired at Syndicate Salvage Worker with The laser The Unexplored Location (NEWHP: 100) (101,97,10)
[11:49:30]ATTACK: Syndicate Salvage Worker fired at Space Pirate Gunner with The bullet Space (NEWHP: 100) (105,103,10)
[11:49:30]ATTACK: Syndicate Salvage Worker fired at Space Pirate Gunner with The bullet Space (NEWHP: 100) (104,102,10)
[11:49:30]ATTACK: Syndicate Salvage Worker fired at Space Pirate Gunner with The bullet Space (NEWHP: 100) (104,102,10)
[11:49:32]ATTACK: Space Pirate Gunner fired at Syndicate Salvage Worker with The laser The Unexplored Location (NEWHP: 100) (102,98,10)
[11:49:32]ATTACK: Space Pirate Gunner fired at Syndicate Salvage Worker with The laser The Unexplored Location (NEWHP: 100) (101,97,10)
[11:49:32]ATTACK: Space Pirate Gunner fired at Syndicate Salvage Worker with The laser The Unexplored Location (NEWHP: 100) (101,97,10)
[11:49:33]ATTACK: Denise Isaman (as Captain)(ncaaseawolf) fired at reinforced wall with GREYTIDE TOOLBOX!!!!!! Xenobiology Lab   (169,87,1)
[11:49:34]ATTACK: Syndicate Salvage Worker fired at Space Pirate Gunner with The bullet The Unexplored Location (NEWHP: 100) (105,103,10)
[11:49:34]ATTACK: Syndicate Salvage Worker fired at Space Pirate Gunner with The bullet Space (NEWHP: 100) (104,102,10)
[11:49:34]ATTACK: Syndicate Salvage Worker fired at Space Pirate Gunner with The bullet Space (NEWHP: 100) (104,102,10)
[11:49:36]ATTACK: Space Pirate Gunner fired at Syndicate Salvage Worker with The laser The Unexplored Location (NEWHP: 100) (101,97,10)
[11:49:36]ATTACK: Space Pirate Gunner fired at Syndicate Salvage Worker with The laser The Unexplored Location (NEWHP: 100) (101,97,10)
[11:49:36]ATTACK: Space Pirate Gunner fired at Syndicate Salvage Worker with The laser The Unexplored Location (NEWHP: 100) (101,97,10)
[11:50:58]ATTACK: Denise Isaman (as Captain)(ncaaseawolf) fired at floor with GREYTIDE TOOLBOX!!!!!! Morgue   (152,123,1)
[11:50:58]ATTACK: Denise Isaman (as Captain)(ncaaseawolf) fired at floor with GREYTIDE TOOLBOX!!!!!! Morgue   (152,123,1)
[11:50:59]ATTACK: Denise Isaman (as Captain)(ncaaseawolf) fired at metal with GREYTIDE TOOLBOX!!!!!! Morgue   (152,123,1)
[11:51:02]ATTACK: Denise Isaman (as Captain)(ncaaseawolf) fired at Morgue Air Alarm with GREYTIDE TOOLBOX!!!!!! Morgue   (156,124,1)
[11:51:02]ATTACK: Denise Isaman (as Captain)(ncaaseawolf) fired at Morgue Air Alarm with GREYTIDE TOOLBOX!!!!!! Morgue   (156,124,1)
[11:51:03]ATTACK: Denise Isaman (as Captain)(ncaaseawolf) fired at wall with GREYTIDE TOOLBOX!!!!!! Morgue   (157,124,1)
[11:51:05]ATTACK: Denise Isaman (as Captain)(ncaaseawolf) fired at security camera with GREYTIDE TOOLBOX!!!!!! Morgue   (156,124,1)
[11:51:23]ATTACK: Denise Isaman (as Captain)(ncaaseawolf) fired at floor with GREYTIDE TOOLBOX!!!!!! Central Primary Hallway   (131,130,1)
[11:51:24]ATTACK: Denise Isaman (as Captain)(ncaaseawolf) fired at floor with GREYTIDE TOOLBOX!!!!!! Central Primary Hallway   (130,127,1)
[11:51:28]ATTACK: Denise Isaman (as Captain)(ncaaseawolf) fired at NanoMed Plus with GREYTIDE TOOLBOX!!!!!! Central Primary Hallway   (136,116,1)
[11:51:29]ATTACK: Denise Isaman (as Captain)(ncaaseawolf) fired at NanoMed Plus with GREYTIDE TOOLBOX!!!!!! Central Primary Hallway   (136,116,1)
[11:51:30]ATTACK: Denise Isaman (as Captain)(ncaaseawolf) fired at NanoMed Plus with GREYTIDE TOOLBOX!!!!!! Central Primary Hallway   (136,116,1)
[11:51:31]ATTACK: Denise Isaman (as Captain)(ncaaseawolf) fired at NanoMed Plus with GREYTIDE TOOLBOX!!!!!! Central Primary Hallway   (136,116,1)
[11:51:31]ATTACK: Denise Isaman (as Captain)(ncaaseawolf) fired at NanoMed Plus with GREYTIDE TOOLBOX!!!!!! Central Primary Hallway   (136,116,1)
[11:51:34]ATTACK: Denise Isaman (as Captain)(ncaaseawolf) fired at Medbay requests console with GREYTIDE TOOLBOX!!!!!! Central Primary Hallway   (133,116,1)
[11:52:19]ATTACK: Captain(ncaaseawolf) fired at fire-safety closet with GREYTIDE TOOLBOX!!!!!! Engineering   (121,82,1)
[11:52:20]ATTACK: Captain(ncaaseawolf) fired at fire-safety closet with GREYTIDE TOOLBOX!!!!!! Engineering   (121,81,1)
[11:52:22]ATTACK: Captain(ncaaseawolf) fired at floor with GREYTIDE TOOLBOX!!!!!! Engineering   (121,81,1)
[11:52:39]ATTACK: Captain(ncaaseawolf) fired at Supermatter Chamber with GREYTIDE TOOLBOX!!!!!! Engineering   (113,70,1)
[11:52:39]ATTACK: Captain(ncaaseawolf) fired at reinforced floor with GREYTIDE TOOLBOX!!!!!! Engineering   (113,70,1)
[11:52:40]ATTACK: Captain(ncaaseawolf) fired at reinforced floor with GREYTIDE TOOLBOX!!!!!! Engineering   (113,70,1)
[11:52:40]ATTACK: Captain(ncaaseawolf) fired at reinforced floor with GREYTIDE TOOLBOX!!!!!! Engineering   (113,70,1)
[11:52:41]ATTACK: Captain(ncaaseawolf) fired at reinforced floor with GREYTIDE TOOLBOX!!!!!! Engineering   (113,70,1)
[11:53:12]ATTACK: Captain(ncaaseawolf) fired at reinforced floor with GREYTIDE TOOLBOX!!!!!! Engineering   (113,69,1)
[11:53:14]ATTACK: Captain(ncaaseawolf) fired at Captain(ncaaseawolf) with GREYTIDE TOOLBOX!!!!!! Engineering (NEWHP: 39) (113,73,1)
[11:53:14]ATTACK: Captain(ncaaseawolf) shot Captain(ncaaseawolf) with GREYTIDE TOOLBOX!!!!!! (NEWHP: 33) (113,73,1)
[11:54:19]ATTACK: Captain(ncaaseawolf) fired at Engineering vent pump #2 with GREYTIDE TOOLBOX!!!!!! Engineering   (109,80,1)
[11:54:19]ATTACK: Captain(ncaaseawolf) fired at Engineering vent pump #2 with GREYTIDE TOOLBOX!!!!!! Engineering   (109,80,1)
[11:54:20]ATTACK: Captain(ncaaseawolf) fired at Engineering vent pump #2 with GREYTIDE TOOLBOX!!!!!! Engineering   (109,80,1)
[11:54:21]ATTACK: Captain(ncaaseawolf) fired at Engineering vent pump #2 with GREYTIDE TOOLBOX!!!!!! Engineering   (109,80,1)
[11:54:28]ATTACK: Captain(ncaaseawolf) fired at reinforced wall with GREYTIDE TOOLBOX!!!!!! Engineering   (114,70,1)
[11:54:29]ATTACK: Captain(ncaaseawolf) fired at reinforced floor with GREYTIDE TOOLBOX!!!!!! Engineering   (113,70,1)
[11:54:29]ATTACK: Captain(ncaaseawolf) fired at reinforced floor with GREYTIDE TOOLBOX!!!!!! Engineering   (113,70,1)
[11:54:30]ATTACK: Captain(ncaaseawolf) fired at reinforced floor with GREYTIDE TOOLBOX!!!!!! Engineering   (113,70,1)
[11:54:31]ATTACK: Captain(ncaaseawolf) fired at reinforced floor with GREYTIDE TOOLBOX!!!!!! Engineering   (113,70,1)
[11:54:31]ATTACK: Captain(ncaaseawolf) fired at reinforced floor with GREYTIDE TOOLBOX!!!!!! Engineering   (113,70,1)
[11:54:32]ATTACK: Captain(ncaaseawolf) fired at reinforced floor with GREYTIDE TOOLBOX!!!!!! Engineering   (113,70,1)
[11:54:40]ATTACK: Captain(ncaaseawolf) fired at reinforced floor with GREYTIDE TOOLBOX!!!!!! Engineering   (113,70,1)
[11:54:48]ATTACK: Captain(ncaaseawolf) fired at supermatter crystal with GREYTIDE TOOLBOX!!!!!! Engineering   (113,66,1)
[11:55:20]ATTACK: Captain(ncaaseawolf) fired at supermatter crystal with GREYTIDE TOOLBOX!!!!!! Supermatter Engine   (113,66,1)
[11:55:20]ATTACK: Captain(ncaaseawolf) fired at supermatter crystal with GREYTIDE TOOLBOX!!!!!! Supermatter Engine   (113,66,1)
[11:55:40]ATTACK: Captain(ncaaseawolf) fired at supermatter crystal with GREYTIDE TOOLBOX!!!!!! Supermatter Engine   (113,66,1)
[11:55:40]ATTACK: Captain(ncaaseawolf) fired at supermatter crystal with GREYTIDE TOOLBOX!!!!!! Supermatter Engine   (113,66,1)
[11:55:41]ATTACK: Captain(ncaaseawolf) fired at supermatter crystal with GREYTIDE TOOLBOX!!!!!! Supermatter Engine   (113,66,1)
[11:56:02]ATTACK: Captain(ncaaseawolf) fired at supermatter crystal with GREYTIDE TOOLBOX!!!!!! Supermatter Engine   (113,66,1)
[11:56:03]ATTACK: Captain(ncaaseawolf) fired at supermatter crystal with GREYTIDE TOOLBOX!!!!!! Supermatter Engine   (113,66,1)
[11:57:08]ATTACK: goliath attacked undead eskimo with  (NEWHP: 15) (164,159,5)
[12:00:28]ATTACK: Space Pirate Gunner fired at Syndicate Salvage Worker with The laser Space (NEWHP: 100) (81,105,10)
[12:00:28]ATTACK: Space Pirate Gunner fired at Syndicate Salvage Worker with The laser Space (NEWHP: 100) (81,105,10)
[12:00:28]ATTACK: Space Pirate Gunner fired at Syndicate Salvage Worker with The laser Space (NEWHP: 100) (81,105,10)
[12:00:28]ATTACK: Space Pirate Gunner shot Syndicate Salvage Worker with The laser (NEWHP: 80) (81,105,10)
[12:00:29]ATTACK: Space Pirate Gunner shot Syndicate Salvage Worker with The laser (NEWHP: 60) (81,105,10)
[12:00:30]ATTACK: Syndicate Salvage Worker fired at Space Pirate Gunner with The bullet Space (NEWHP: 100) (88,104,10)
[12:00:30]ATTACK: Syndicate Salvage Worker fired at Space Pirate Gunner with The bullet Space (NEWHP: 100) (88,104,10)
[12:00:30]ATTACK: Syndicate Salvage Worker shot Space Pirate Gunner with The bullet (NEWHP: 70) (88,104,10)
[12:00:30]ATTACK: Syndicate Salvage Worker fired at Space Pirate Gunner with The bullet Space (NEWHP: 70) (89,103,10)
[12:00:30]ATTACK: Syndicate Salvage Worker fired at Space Pirate Gunner with The bullet Space (NEWHP: 70) (89,103,10)
[12:00:30]ATTACK: Syndicate Salvage Worker shot Syndicate Salvage Worker with The bullet (NEWHP: 30) (83,108,10)
[12:00:30]ATTACK: Syndicate Salvage Worker fired at Space Pirate Gunner with The bullet Space (NEWHP: 70) (89,103,10)
[12:00:30]ATTACK: Syndicate Salvage Worker fired at Space Pirate Gunner with The bullet Space (NEWHP: 70) (89,103,10)
[12:00:31]ATTACK: Syndicate Salvage Worker shot Space Pirate Gunner with The bullet (NEWHP: 40) (89,103,10)
[12:00:31]ATTACK: Syndicate Salvage Worker shot Syndicate Salvage Worker with The bullet (NEWHP: 0) 
[12:00:31]ATTACK: Syndicate Salvage Worker shot Space Pirate Gunner with The bullet (NEWHP: 10) (89,103,10)
[12:00:31]ATTACK: Syndicate Salvage Worker shot Space Pirate Gunner with The bullet (NEWHP: 0) 
[12:00:31]ATTACK: Syndicate Salvage Worker shot Space Pirate Gunner with The bullet (NEWHP: 0) 
[12:01:45]ATTACK: NON-EXISTENT USER electrified maintenance access with    (82,160,1)
[12:02:02]ATTACK: NON-EXISTENT USER electrified maintenance access with    (97,143,1)
[12:02:08]ATTACK: NON-EXISTENT USER electrified Law Office Maintenance with    (106,157,1)
[12:02:09]ATTACK: NON-EXISTENT USER electrified Long-Term Cell 1 with    (106,180,1)
[12:02:28]ATTACK: NON-EXISTENT USER electrified maintenance access with    (125,133,1)
[12:02:28]ATTACK: NON-EXISTENT USER electrified maintenance access with    (125,134,1)
[12:02:28]ATTACK: NON-EXISTENT USER electrified maintenance access with    (125,135,1)
[12:02:39]ATTACK: NON-EXISTENT USER electrified maintenance access with    (126,110,1)
[12:02:42]ATTACK: NON-EXISTENT USER electrified Surgery Maintenance with    (131,108,1)
[12:02:44]ATTACK: NON-EXISTENT USER electrified Bar Maintenance with    (140,144,1)
[12:02:45]ATTACK: NON-EXISTENT USER electrified Atmospherics Maintenance with    (127,103,1)
[12:02:51]ATTACK: NON-EXISTENT USER electrified maintenance access with    (146,133,1)


Starting up. 12:03:20
---------------------


Starting up. 12:12:20
---------------------
[12:18:15]ATTACK: Space Pirate Gunner fired at Syndicate Salvage Worker with The laser Hierophant's Arena (NEWHP: 100) (98,137,8)
[12:18:15]ATTACK: Syndicate Salvage Worker fired at Space Pirate Gunner with The bullet The Unexplored Location (NEWHP: 100) (100,142,8)
[12:18:15]ATTACK: Space Pirate Gunner fired at Syndicate Salvage Worker with The laser Hierophant's Arena (NEWHP: 100) (99,136,8)
[12:18:15]ATTACK: Syndicate Salvage Worker fired at Space Pirate Gunner with The bullet The Unexplored Location (NEWHP: 100) (100,142,8)
[12:18:16]ATTACK: Space Pirate Gunner fired at Syndicate Salvage Worker with The laser Hierophant's Arena (NEWHP: 100) (99,136,8)
[12:18:16]ATTACK: Syndicate Salvage Worker fired at Space Pirate Gunner with The bullet The Unexplored Location (NEWHP: 100) (100,142,8)
[12:40:42]ATTACK: Riki(riki2321gamer) grabbed Terk with aggressively (NEWHP: 100) (152,141,1)
[12:40:52]ATTACK: Riki(riki2321gamer) gibbed Aldo with  (NEWHP: 100) (153,140,1)
[12:41:05]ATTACK: Riki(riki2321gamer) gibbed Terk with  (NEWHP: 100) (153,140,1)
[12:41:17]ATTACK: Riki(riki2321gamer) gibbed Norbit with  (NEWHP: 100) (153,140,1)
[12:41:37]ATTACK: Riki(riki2321gamer) gibbed Mojo with  (NEWHP: 100) (153,140,1)
[12:41:55]ATTACK: Riki(riki2321gamer) attacked Riki(riki2321gamer) with monkey hide(INTENT: HELP) (DAMTYPE: BRUTE) (NEWHP: 99.5) (150,141,1)
[12:50:36]ATTACK: hierophant struck with a vortex blast legion with  (NEWHP: 15) (184,157,5)
[12:50:36]ATTACK: hierophant struck with a vortex blast legion with  (NEWHP: 0) 
[12:50:36]ATTACK: hierophant attacked legion with  (NEWHP: 15) (184,157,5)
[12:50:40]ATTACK: hierophant attacked Unknown with  (NEWHP: -466.67) (184,157,5)
[13:08:20]ATTACK: Dee Leslie(ncaaseawolf) fired at plating with GREYTIDE TOOLBOX!!!!!! Arrival Shuttle   (44,139,1)
[13:08:21]ATTACK: Dee Leslie(ncaaseawolf) fired at plating with GREYTIDE TOOLBOX!!!!!! Arrival Shuttle   (44,139,1)
[13:08:22]ATTACK: Dee Leslie(ncaaseawolf) fired at plating with GREYTIDE TOOLBOX!!!!!! Arrival Shuttle   (44,139,1)
[13:08:22]ATTACK: Dee Leslie(ncaaseawolf) fired at reinforced window with GREYTIDE TOOLBOX!!!!!! Arrival Shuttle   (44,139,1)
[13:08:25]ATTACK: Dee Leslie(ncaaseawolf) fired at reinforced window with GREYTIDE TOOLBOX!!!!!! Arrival Shuttle   (44,139,1)
[13:08:25]ATTACK: Dee Leslie(ncaaseawolf) fired at reinforced window with GREYTIDE TOOLBOX!!!!!! Arrival Shuttle   (44,139,1)
[13:08:27]ATTACK: Dee Leslie(ncaaseawolf) fired at heater with GREYTIDE TOOLBOX!!!!!! Arrival Shuttle   (46,144,1)
[13:08:28]ATTACK: Dee Leslie(ncaaseawolf) fired at heater with GREYTIDE TOOLBOX!!!!!! Arrival Shuttle   (46,144,1)
[13:08:29]ATTACK: Dee Leslie(ncaaseawolf) fired at reinforced window with GREYTIDE TOOLBOX!!!!!! Arrival Shuttle   (46,144,1)
[13:08:30]ATTACK: Dee Leslie(ncaaseawolf) fired at reinforced window with GREYTIDE TOOLBOX!!!!!! Arrival Shuttle   (46,144,1)
[13:08:30]ATTACK: Dee Leslie(ncaaseawolf) fired at reinforced window with GREYTIDE TOOLBOX!!!!!! Arrival Shuttle   (46,144,1)
[13:08:33]ATTACK: Dee Leslie(ncaaseawolf) fired at propulsion with GREYTIDE TOOLBOX!!!!!! Arrival Shuttle   (47,144,1)
[13:09:53]ATTACK: Dee Leslie(ncaaseawolf) fired at plating with GREYTIDE TOOLBOX!!!!!! Science Maintenance   (191,79,1)
[13:09:53]ATTACK: NON-EXISTENT USER electrified Research Delivery access with    (193,83,1)
[13:10:42]ATTACK: Dee Leslie(ncaaseawolf) fired at plating with GREYTIDE TOOLBOX!!!!!! Science Maintenance   (194,109,1)
[13:10:43]ATTACK: Dee Leslie(ncaaseawolf) fired at plating with GREYTIDE TOOLBOX!!!!!! Science Maintenance   (194,109,1)
[13:10:44]ATTACK: Dee Leslie(ncaaseawolf) fired at plating with GREYTIDE TOOLBOX!!!!!! Science Maintenance   (194,109,1)
[13:10:44]ATTACK: Dee Leslie(ncaaseawolf) fired at metal with GREYTIDE TOOLBOX!!!!!! Science Maintenance   (194,109,1)
[13:11:23]ATTACK: Dee Leslie(ncaaseawolf) fired at dried blood with GREYTIDE TOOLBOX!!!!!! Medbay Central   (144,124,1)
[13:12:33]ATTACK: Space Pirate Gunner fired at Syndicate Salvage Worker with The laser Space (NEWHP: 170) (77,150,8)
[13:12:33]ATTACK: Space Pirate Gunner fired at Syndicate Salvage Worker with The laser Space (NEWHP: 170) (78,151,8)
[13:12:34]ATTACK: Space Pirate Gunner fired at Syndicate Salvage Worker with The laser Space (NEWHP: 170) (79,152,8)
[13:12:34]ATTACK: Space Pirate Gunner shot Syndicate Salvage Worker with The laser (NEWHP: 150) (80,153,8)
[13:12:35]ATTACK: Space Pirate Gunner attacked Syndicate Salvage Worker with  (NEWHP: 150) (81,156,8)
[13:12:35]ATTACK: Syndicate Salvage Worker attacked Space Pirate Gunner with  (NEWHP: 100) (81,157,8)
[13:12:39]ATTACK: Space Pirate Gunner fired at Syndicate Salvage Worker with The laser Space (NEWHP: 120) (82,162,8)
[13:12:39]ATTACK: Space Pirate Gunner shot Syndicate Salvage Worker with The laser (NEWHP: 100) (82,162,8)
[13:12:39]ATTACK: Space Pirate Gunner fired at Syndicate Salvage Worker with The laser Space (NEWHP: 100) (82,163,8)
[13:12:40]ATTACK: Space Pirate Gunner fired at Syndicate Salvage Worker with The laser Space (NEWHP: 100) (82,164,8)
[13:12:43]ATTACK: Space Pirate Gunner fired at Syndicate Salvage Worker with The laser Space (NEWHP: 100) (82,175,8)
[13:12:43]ATTACK: Space Pirate Gunner fired at Syndicate Salvage Worker with The laser Space (NEWHP: 100) (82,176,8)
[13:12:44]ATTACK: Space Pirate Gunner fired at Syndicate Salvage Worker with The laser Space (NEWHP: 100) (82,177,8)
[13:12:44]ATTACK: Space Pirate Gunner shot Syndicate Salvage Worker with The laser (NEWHP: 80) (82,177,8)
[13:12:47]ATTACK: Space Pirate Gunner fired at Syndicate Salvage Worker with The laser Space (NEWHP: 80) (82,189,8)
[13:12:47]ATTACK: Space Pirate Gunner fired at Syndicate Salvage Worker with The laser Space (NEWHP: 80) (82,190,8)
[13:12:48]ATTACK: Space Pirate Gunner shot Syndicate Salvage Worker with The laser (NEWHP: 60) (82,190,8)
[13:12:48]ATTACK: Space Pirate Gunner fired at Syndicate Salvage Worker with The laser Space (NEWHP: 60) (82,190,8)
[13:12:51]ATTACK: Space Pirate Gunner fired at Syndicate Salvage Worker with The laser Space (NEWHP: 60) (82,202,8)
[13:12:51]ATTACK: Space Pirate Gunner fired at Syndicate Salvage Worker with The laser Space (NEWHP: 60) (82,203,8)
[13:12:52]ATTACK: Space Pirate Gunner shot Syndicate Salvage Worker with The laser (NEWHP: 40) (82,203,8)
[13:12:52]ATTACK: Space Pirate Gunner fired at Syndicate Salvage Worker with The laser Space (NEWHP: 40) (82,204,8)
[13:12:52]ATTACK: Space Pirate Gunner shot Syndicate Salvage Worker with The laser (NEWHP: 20) (82,204,8)
[13:12:55]ATTACK: Space Pirate Gunner fired at Syndicate Salvage Worker with The laser Space (NEWHP: 20) (82,215,8)
[13:12:55]ATTACK: Space Pirate Gunner fired at Syndicate Salvage Worker with The laser Space (NEWHP: 20) (82,216,8)
[13:12:56]ATTACK: Space Pirate Gunner shot Syndicate Salvage Worker with The laser (NEWHP: 0) 
[13:57:44]ATTACK: Riki(riki2321gamer) slipped NON-EXISTENT SUBJECT with on soap   


Starting up. 23:11:42
---------------------
[23:19:16]ATTACK: Riki(riki2321gamer) attacked Riki(riki2321gamer) with pocket crowbar(INTENT: HELP) (DAMTYPE: BRUTE) (NEWHP: 99.5) (72,145,1)
[23:19:21]ATTACK: Riki(riki2321gamer) attacked Riki(riki2321gamer) with pocket crowbar(INTENT: HELP) (DAMTYPE: BRUTE) (NEWHP: 99.5) (72,145,1)
[23:19:22]ATTACK: Riki(riki2321gamer) attacked Riki(riki2321gamer) with pocket crowbar(INTENT: HELP) (DAMTYPE: BRUTE) (NEWHP: 99) (72,145,1)
[23:21:58]ATTACK: Riki(riki2321gamer) attacked Riki(riki2321gamer) with space carp plushie(INTENT: HELP) (DAMTYPE: BRUTE) (NEWHP: 100) (19,175,1)
[23:22:05]ATTACK: Riki(riki2321gamer) attacked Riki(riki2321gamer) with space carp plushie(INTENT: HELP) (DAMTYPE: BRUTE) (NEWHP: 100) (19,175,1)
[23:22:06]ATTACK: Riki(riki2321gamer) attacked Riki(riki2321gamer) with space carp plushie(INTENT: HELP) (DAMTYPE: BRUTE) (NEWHP: 100) (19,172,1)
[23:22:07]ATTACK: Riki(riki2321gamer) attacked Riki(riki2321gamer) with space carp plushie(INTENT: HELP) (DAMTYPE: BRUTE) (NEWHP: 100) (19,172,1)
[23:22:08]ATTACK: Riki(riki2321gamer) attacked Riki(riki2321gamer) with space carp plushie(INTENT: HELP) (DAMTYPE: BRUTE) (NEWHP: 100) (19,172,1)
[23:22:09]ATTACK: Riki(riki2321gamer) attacked Riki(riki2321gamer) with space carp plushie(INTENT: HELP) (DAMTYPE: BRUTE) (NEWHP: 100) (19,172,1)
[23:22:10]ATTACK: Riki(riki2321gamer) attacked Riki(riki2321gamer) with space carp plushie(INTENT: HELP) (DAMTYPE: BRUTE) (NEWHP: 100) (19,172,1)
[23:22:14]ATTACK: Riki(riki2321gamer) attacked Riki(riki2321gamer) with replica katana(INTENT: HELP) (DAMTYPE: BRUTE) (NEWHP: 99.5) (19,178,1)
[23:25:09]ATTACK: Riki(riki2321gamer) grabbed Lisa with aggressively (NEWHP: 20) (67,201,1)
[23:28:36]ATTACK: hierophant struck with a vortex blast legion with  (NEWHP: 55) (189,163,5)
[23:28:36]ATTACK: hierophant struck with a vortex blast legion with  (NEWHP: 0) 
[23:28:38]ATTACK: legion attacked hierophant with  (NEWHP: 2500) (190,163,5)
[23:28:40]ATTACK: legion attacked hierophant with  (NEWHP: 2488) (188,163,5)
[23:28:40]ATTACK: hierophant attacked legion with  (NEWHP: 55) (186,163,5)
[23:28:41]ATTACK: hierophant struck with a vortex blast legion with  (NEWHP: 20) (186,163,5)
[23:28:41]ATTACK: hierophant struck with a vortex blast legion with  (NEWHP: 0) 
[23:28:41]ATTACK: hierophant struck with a vortex blast legion with  (NEWHP: 0) 
[23:28:41]ATTACK: hierophant struck with a vortex blast legion with  (NEWHP: 0) 
[23:28:45]ATTACK: hierophant attacked Unknown with  (NEWHP: -466.67) (186,163,5)
[23:28:50]ATTACK: hierophant struck with a vortex blast legion with  (NEWHP: 55) (171,146,5)
[23:29:02]ATTACK: hierophant struck with a vortex blast legion with  (NEWHP: 35) (170,145,5)
[23:29:06]ATTACK: hierophant struck with a vortex blast legion with  (NEWHP: 15) (172,145,5)
[23:29:10]ATTACK: hierophant struck with a vortex blast legion with  (NEWHP: 0) 
[23:29:14]ATTACK: hierophant attacked Unknown with  (NEWHP: -500) (173,145,5)
[23:29:18]ATTACK: hierophant struck with a vortex blast goliath with  (NEWHP: 280) (173,139,5)
[23:29:21]ATTACK: hierophant attacked goliath with  (NEWHP: 280) (173,140,5)
[23:29:22]ATTACK: hierophant struck with a vortex blast goliath with  (NEWHP: 245) (173,140,5)
[23:29:22]ATTACK: hierophant struck with a vortex blast goliath with  (NEWHP: 225) (173,140,5)
[23:29:23]ATTACK: goliath attacked hierophant with  (NEWHP: 2437) (173,141,5)
[23:29:23]ATTACK: hierophant attacked goliath with  (NEWHP: 225) (173,140,5)
[23:29:24]ATTACK: hierophant struck with a vortex blast goliath with  (NEWHP: 190) (173,140,5)
[23:29:25]ATTACK: goliath attacked hierophant with  (NEWHP: 2412) (173,141,5)
[23:29:25]ATTACK: hierophant attacked goliath with  (NEWHP: 190) (173,140,5)
[23:29:26]ATTACK: hierophant struck with a vortex blast goliath with  (NEWHP: 155) (173,140,5)
[23:29:26]ATTACK: hierophant struck with a vortex blast goliath with  (NEWHP: 135) (173,140,5)
[23:29:26]ATTACK: hierophant struck with a vortex blast goliath with  (NEWHP: 115) (173,140,5)
[23:29:27]ATTACK: goliath attacked hierophant with  (NEWHP: 2387) (173,141,5)
[23:29:27]ATTACK: hierophant attacked goliath with  (NEWHP: 115) (173,140,5)
[23:29:28]ATTACK: hierophant struck with a vortex blast goliath with  (NEWHP: 80) (173,140,5)
[23:29:28]ATTACK: hierophant struck with a vortex blast goliath with  (NEWHP: 60) (173,140,5)
[23:29:29]ATTACK: hierophant struck with a vortex blast goliath with  (NEWHP: 40) (173,140,5)
[23:29:29]ATTACK: hierophant struck with a vortex blast goliath with  (NEWHP: 20) (173,140,5)
[23:29:29]ATTACK: goliath attacked hierophant with  (NEWHP: 2362) (173,141,5)
[23:29:29]ATTACK: hierophant attacked goliath with  (NEWHP: 20) (173,140,5)
[23:29:30]ATTACK: hierophant struck with a vortex blast goliath with  (NEWHP: 0) (173,140,5)
[23:29:31]ATTACK: hierophant attacked goliath with  (NEWHP: 0) (173,140,5)
[23:38:48]ATTACK: NON-EXISTENT USER shot Riki(riki2321gamer) with The plasma beam (NEWHP: 100) (37,157,1)
[23:40:29]ATTACK: NON-EXISTENT USER shot legion with The full strength plasma beam (NEWHP: 51) (225,44,5)
[23:40:30]ATTACK: NON-EXISTENT USER shot legion with The full strength plasma beam (NEWHP: 27) (225,44,5)
[23:40:31]ATTACK: NON-EXISTENT USER shot legion with The full strength plasma beam (NEWHP: 0) 
[23:40:31]ATTACK: NON-EXISTENT USER shot legion with The full strength plasma beam (NEWHP: 0) 
[23:40:32]ATTACK: NON-EXISTENT USER shot legion with The full strength plasma beam (NEWHP: 3) (226,43,5)
[23:40:34]ATTACK: NON-EXISTENT USER shot legion with The full strength plasma beam (NEWHP: 0) 
[23:40:34]ATTACK: NON-EXISTENT USER shot legion with The full strength plasma beam (NEWHP: 0) 
[23:40:34]ATTACK: NON-EXISTENT USER shot legion with The full strength plasma beam (NEWHP: 0) 
[23:48:06]ATTACK: Riki(riki2321gamer) attacked Ian with alarm helmet(INTENT: HELP) (DAMTYPE: BRUTE) (NEWHP: 20) (62,199,1)
[23:49:06]ATTACK: Riki(riki2321gamer) attacked Ian with oxygen tank(INTENT: HELP) (DAMTYPE: BRUTE) (NEWHP: 10) (62,199,1)
[23:49:09]ATTACK: Riki(riki2321gamer) attacked Ian with oxygen tank(INTENT: HELP) (DAMTYPE: BRUTE) (NEWHP: 0) (62,199,1)
