

Starting up. 13:18:51
---------------------
[17:18:23]ATTACK: The Faithless attacked necropolis tendril with  (NEWHP: 250) (214,63,5)
[17:18:25]ATTACK: The Faithless attacked necropolis tendril with  (NEWHP: 235) (214,63,5)
[17:18:27]ATTACK: goliath attacked The Faithless with  (NEWHP: 68) (213,64,5)
[17:18:27]ATTACK: The Faithless attacked necropolis tendril with  (NEWHP: 220) (214,63,5)
[17:18:29]ATTACK: goliath attacked The Faithless with  (NEWHP: 43) (213,64,5)
[17:18:29]ATTACK: The Faithless attacked goliath with  (NEWHP: 300) (214,64,5)
[17:18:31]ATTACK: goliath attacked The Faithless with  (NEWHP: 18) (213,64,5)


Starting up. 17:18:47
---------------------
[17:27:28]ATTACK: Riki(riki2321gamer) electrified maintenance access with    (125,133,1)
[17:27:29]ATTACK: Riki(riki2321gamer) electrified maintenance access with    (124,134,1)
[17:27:29]ATTACK: Riki(riki2321gamer) electrified maintenance access with    (126,135,1)
[17:27:29]ATTACK: Riki(riki2321gamer) electrified maintenance access with    (123,133,1)
[17:27:30]ATTACK: Riki(riki2321gamer) electrified maintenance access with    (123,135,1)
[17:27:30]ATTACK: Riki(riki2321gamer) electrified maintenance access with    (122,134,1)
[17:27:32]ATTACK: Riki(riki2321gamer) electrified Teleporter Maintenance with    (126,119,1)
[17:27:55]ATTACK: Riki(riki2321gamer) electrified Captain's Quarters with    (121,123,1)
[17:27:55]ATTACK: Riki(riki2321gamer) electrified Diner with    (136,131,1)
[17:27:56]ATTACK: Riki(riki2321gamer) electrified Diner with    (138,131,1)
[17:27:57]ATTACK: Riki(riki2321gamer) electrified Bar Maintenance with    (140,144,1)
[17:27:57]ATTACK: Riki(riki2321gamer) electrified Dormitory with    (123,145,1)
[17:27:57]ATTACK: Riki(riki2321gamer) electrified Unit B with    (132,145,1)
[17:27:58]ATTACK: Riki(riki2321gamer) electrified Surgery Observation with    (134,114,1)
[17:28:22]ATTACK: Riki(@riki2321gamer) electrified Theatre Maintenance with    (137,148,1)
[17:28:22]ATTACK: Riki(@riki2321gamer) electrified AI Upload Access with    (113,133,1)
[17:28:47]ATTACK: Riki(@riki2321gamer) electrified Dorm 1 with    (121,148,1)
[17:28:48]ATTACK: Riki(@riki2321gamer) electrified maintenance access with    (138,150,1)
[17:29:13]ATTACK: Riki(@riki2321gamer) electrified Dorm 2 with    (121,151,1)
[17:29:15]ATTACK: Riki(@riki2321gamer) electrified maintenance access with    (115,154,1)
[17:29:15]ATTACK: Riki(@riki2321gamer) electrified maintenance access with    (104,134,1)
[17:29:36]ATTACK: Riki(@riki2321gamer) electrified Central Access with    (112,145,1)
[17:29:39]ATTACK: Riki(@riki2321gamer) electrified Conference Room with    (106,132,1)
[17:29:39]ATTACK: Riki(@riki2321gamer) electrified Dorm 3 with    (121,154,1)
[17:32:14]ATTACK: Riki(riki2321gamer) grabbed Tom with aggressively (NEWHP: 5) (99,189,1)
[17:32:16]ATTACK: Riki(riki2321gamer) devoured Tom with  (NEWHP: 5) (100,190,1)


Starting up. 17:52:04
---------------------
[17:56:27]ATTACK: Riki(riki2321gamer) grabbed corgi puppy with aggressively (NEWHP: 20) (56,203,1)
[18:00:19]ATTACK: monkey (852) attacked Seymour Hawkins(riki2321gamer) with  (NEWHP: 94) (83,209,1)
[18:00:19]ATTACK: monkey (20) attacked Seymour Hawkins(riki2321gamer) with  (NEWHP: 91) (83,209,1)
[18:00:19]ATTACK: monkey (809) attacked Seymour Hawkins(riki2321gamer) with  (NEWHP: 89) (83,209,1)
[18:00:21]ATTACK: monkey (852) attacked Seymour Hawkins(riki2321gamer) with  (NEWHP: 85) (83,209,1)
[18:00:21]ATTACK: monkey (20) attacked Seymour Hawkins(riki2321gamer) with  (NEWHP: 83) (83,209,1)
[18:00:21]ATTACK: monkey (808) attacked Seymour Hawkins(riki2321gamer) with  (NEWHP: 82) (83,209,1)
[18:00:21]ATTACK: monkey (809) attacked Seymour Hawkins(riki2321gamer) with  (NEWHP: 80) (83,209,1)
[18:00:23]ATTACK: monkey (852) attacked Seymour Hawkins(riki2321gamer) with  (NEWHP: 76) (83,209,1)
[18:00:27]ATTACK: monkey (852) attacked Seymour Hawkins(@riki2321gamer) with  (NEWHP: 68) (83,209,1)
[18:00:27]ATTACK: monkey (809) attacked Seymour Hawkins(@riki2321gamer) with  (NEWHP: 66) (83,209,1)
[18:00:29]ATTACK: monkey (852) attacked Seymour Hawkins(@riki2321gamer) with  (NEWHP: 60) (83,209,1)
[18:00:29]ATTACK: monkey (808) attacked Seymour Hawkins(@riki2321gamer) with  (NEWHP: 59) (83,209,1)
[18:00:31]ATTACK: monkey (852) attacked Seymour Hawkins(@riki2321gamer) with  (NEWHP: 55) (83,209,1)
[18:00:31]ATTACK: monkey (808) attacked Seymour Hawkins(@riki2321gamer) with  (NEWHP: 54) (83,209,1)
[18:00:33]ATTACK: monkey (20) attacked Seymour Hawkins(@riki2321gamer) with  (NEWHP: 50) (83,209,1)
[18:00:37]ATTACK: monkey (694) attacked Seymour Hawkins(@riki2321gamer) with  (NEWHP: 42) (83,209,1)
[18:00:39]ATTACK: monkey (694) attacked Seymour Hawkins(@riki2321gamer) with  (NEWHP: 36) (83,209,1)
[18:00:39]ATTACK: monkey (809) attacked Seymour Hawkins(@riki2321gamer) with  (NEWHP: 33) (83,209,1)
[18:00:41]ATTACK: monkey (694) attacked Seymour Hawkins(@riki2321gamer) with  (NEWHP: 29) (83,209,1)
[18:00:41]ATTACK: monkey (809) attacked Seymour Hawkins(@riki2321gamer) with  (NEWHP: 28) (83,209,1)
[18:00:45]ATTACK: monkey (694) attacked Seymour Hawkins(@riki2321gamer) with  (NEWHP: 21) (83,209,1)
[18:00:45]ATTACK: monkey (20) attacked Seymour Hawkins(@riki2321gamer) with  (NEWHP: 19) (83,209,1)
[18:00:47]ATTACK: monkey (694) attacked Seymour Hawkins(@riki2321gamer) with  (NEWHP: 15) (83,209,1)
[18:00:47]ATTACK: monkey (20) attacked Seymour Hawkins(@riki2321gamer) with  (NEWHP: 12) (83,209,1)
[18:00:49]ATTACK: monkey (999) attacked Seymour Hawkins(@riki2321gamer) with  (NEWHP: 8) (83,209,1)
[18:00:50]ATTACK: monkey (20) attacked Seymour Hawkins(@riki2321gamer) with  (NEWHP: 6) (83,209,1)
[18:00:51]ATTACK: monkey (20) attacked Seymour Hawkins(@riki2321gamer) with  (NEWHP: 1) (83,209,1)
[18:01:13]ATTACK: monkey (309) attacked Seymour Hawkins(@riki2321gamer) with  (NEWHP: 94) (83,209,1)
[18:01:15]ATTACK: monkey (309) attacked Seymour Hawkins(@riki2321gamer) with  (NEWHP: 88) (83,209,1)
[18:01:15]ATTACK: monkey (999) attacked Seymour Hawkins(@riki2321gamer) with  (NEWHP: 87) (83,209,1)
[18:01:17]ATTACK: monkey (309) attacked Seymour Hawkins(@riki2321gamer) with  (NEWHP: 83) (83,209,1)
[18:01:17]ATTACK: monkey (999) attacked Seymour Hawkins(@riki2321gamer) with  (NEWHP: 82) (83,209,1)
[18:01:19]ATTACK: monkey (309) attacked Seymour Hawkins(@riki2321gamer) with  (NEWHP: 76) (83,209,1)
[18:01:21]ATTACK: monkey (309) attacked Seymour Hawkins(@riki2321gamer) with  (NEWHP: 72) (83,209,1)
[18:01:21]ATTACK: monkey (999) attacked Seymour Hawkins(@riki2321gamer) with  (NEWHP: 69) (83,209,1)
[18:01:27]ATTACK: monkey (809) attacked Seymour Hawkins(@riki2321gamer) with  (NEWHP: 59) (82,209,1)
[18:12:45]ATTACK: NON-EXISTENT USER shot Ian with The plasma beam (NEWHP: 14) (43,158,1)
[18:12:47]ATTACK: NON-EXISTENT USER shot Ian with The plasma beam (NEWHP: 8) (43,158,1)
[18:21:53]ATTACK: Riki(riki2321gamer) slipped NON-EXISTENT SUBJECT with on floor   
[19:03:58]ATTACK: Riki(riki2321gamer) shaked Patricia Bowchiew(@riki2321gamer) with  (NEWHP: 100) (113,114,5)
[19:49:17]ATTACK: orange baby slime (669) attacked Flamescale Zakuto(firesho) with  (NEWHP: 100) (97,121,1)
[19:49:22]ATTACK: orange baby slime (669) attacked Flamescale Zakuto(firesho) with  (NEWHP: 98.9) (97,116,1)
[19:55:35]ATTACK: legion attacked undead eskimo with  (NEWHP: 55) (166,171,5)
[19:55:35]ATTACK: undead eskimo attacked legion with  (NEWHP: 5) (167,170,5)
[19:55:37]ATTACK: legion attacked undead eskimo with  (NEWHP: 43) (166,171,5)
[19:55:39]ATTACK: legion attacked undead eskimo with  (NEWHP: 31) (166,171,5)
[19:55:39]ATTACK: legion attacked undead eskimo with  (NEWHP: 19) (166,171,5)
[19:55:39]ATTACK: undead eskimo attacked legion with  (NEWHP: 5) (165,170,5)
[19:55:41]ATTACK: legion attacked undead eskimo with  (NEWHP: 7) (166,171,5)
[20:03:09]ATTACK: Flamescale Zakuto(firesho) attacked mouse with  (NEWHP: 2) (64,159,1)
[20:03:10]ATTACK: Flamescale Zakuto(firesho) attacked mouse with  (NEWHP: 0) 
[20:03:16]ATTACK: Flamescale Zakuto(firesho) attacked mouse with  (NEWHP: 2) (64,166,1)
[20:03:17]ATTACK: Flamescale Zakuto(firesho) attacked mouse with  (NEWHP: 0) 
[20:11:03]ATTACK: Flamescale Zakuto(firesho) fired at floor with The pulse Monkey Base Station   (30,242,1)
[20:11:03]ATTACK: Flamescale Zakuto(firesho) shot monkey (867) with The pulse (NEWHP: 50) (30,242,1)
[20:11:03]ATTACK: Flamescale Zakuto(firesho) fired at monkey (867) with The pulse Monkey Base Station (NEWHP: 50) (30,242,1)
[20:11:03]ATTACK: Flamescale Zakuto(firesho) shot monkey (867) with The pulse (NEWHP: 0) (30,242,1)
[20:11:04]ATTACK: Flamescale Zakuto(firesho) fired at donut box with The pulse Monkey Base Station   (30,242,1)
[20:11:07]ATTACK: Flamescale Zakuto(firesho) fired at floor with The pulse Monkey Base Station   (23,241,1)
[20:11:07]ATTACK: Flamescale Zakuto(firesho) shot monkey (431) with The pulse (NEWHP: 50) (23,241,1)
[20:11:08]ATTACK: Flamescale Zakuto(firesho) fired at monkey (431) with The pulse Monkey Base Station (NEWHP: 50) (23,241,1)
[20:11:08]ATTACK: Flamescale Zakuto(firesho) shot monkey (431) with The pulse (NEWHP: 0) (24,241,1)
[20:11:11]ATTACK: Flamescale Zakuto(firesho) fired at monkey (749) with The pulse Monkey Base Station (NEWHP: 100) (26,243,1)
[20:11:12]ATTACK: Flamescale Zakuto(firesho) shot monkey (749) with The pulse (NEWHP: 50) (26,243,1)
[20:11:12]ATTACK: Flamescale Zakuto(firesho) fired at monkey (749) with The pulse Monkey Base Station (NEWHP: 50) (26,243,1)
[20:11:12]ATTACK: Flamescale Zakuto(firesho) shot monkey (749) with The pulse (NEWHP: 0) (26,243,1)
[20:11:13]ATTACK: Flamescale Zakuto(firesho) fired at monkey (749) with The pulse Monkey Base Station (NEWHP: 0) (26,243,1)
[20:11:14]ATTACK: Flamescale Zakuto(firesho) shot monkey (749) with The pulse (NEWHP: -51) (26,243,1)
[20:11:17]ATTACK: Flamescale Zakuto(firesho) fired at monkey (305) with The pulse Monkey Base Station (NEWHP: 100) (27,234,1)
[20:11:17]ATTACK: Flamescale Zakuto(firesho) shot monkey (305) with The pulse (NEWHP: 50) (27,234,1)
[20:11:17]ATTACK: Flamescale Zakuto(firesho) fired at monkey (305) with The pulse Monkey Base Station (NEWHP: 50) (27,234,1)
[20:11:17]ATTACK: Flamescale Zakuto(firesho) shot monkey (305) with The pulse (NEWHP: 0) (27,234,1)
[20:11:19]ATTACK: Flamescale Zakuto(firesho) fired at monkey (425) with The pulse Monkey Base Station (NEWHP: 100) (31,233,1)
[20:11:19]ATTACK: Flamescale Zakuto(firesho) shot monkey (425) with The pulse (NEWHP: 50) (31,233,1)
[20:11:19]ATTACK: Flamescale Zakuto(firesho) fired at monkey (425) with The pulse Monkey Base Station (NEWHP: 50) (30,233,1)
[20:11:20]ATTACK: Flamescale Zakuto(firesho) shot monkey (425) with The pulse (NEWHP: 0) (30,233,1)
[20:11:26]ATTACK: Flamescale Zakuto(firesho) fired at monkey (502) with The pulse Monkey Base Station (NEWHP: 100) (19,238,1)
[20:11:26]ATTACK: Flamescale Zakuto(firesho) shot monkey (502) with The pulse (NEWHP: 50) (19,238,1)
[20:11:26]ATTACK: Flamescale Zakuto(firesho) fired at monkey (502) with The pulse Monkey Base Station (NEWHP: 50) (19,238,1)
[20:11:27]ATTACK: Flamescale Zakuto(firesho) shot monkey (502) with The pulse (NEWHP: 0) (19,238,1)
[20:11:30]ATTACK: Flamescale Zakuto(firesho) fired at monkey (338) with The pulse Monkey Base Station (NEWHP: 100) (11,240,1)
[20:11:30]ATTACK: Flamescale Zakuto(firesho) shot monkey (338) with The pulse (NEWHP: 50) (11,240,1)
[20:11:31]ATTACK: Flamescale Zakuto(firesho) fired at monkey (338) with The pulse Monkey Base Station (NEWHP: 50) (11,240,1)
[20:11:31]ATTACK: Flamescale Zakuto(firesho) shot monkey (338) with The pulse (NEWHP: 0) (11,240,1)
[20:11:36]ATTACK: Flamescale Zakuto(firesho) fired at monkey (415) with The pulse Monkey Base Station (NEWHP: 100) (15,244,1)
[20:11:36]ATTACK: Flamescale Zakuto(firesho) shot monkey (415) with The pulse (NEWHP: 50) (15,244,1)
[20:11:37]ATTACK: Flamescale Zakuto(firesho) fired at table with The pulse Monkey Base Station   (15,244,1)
[20:11:37]ATTACK: Flamescale Zakuto(firesho) shot monkey (415) with The pulse (NEWHP: 0) (15,244,1)
[20:11:39]ATTACK: Flamescale Zakuto(firesho) fired at monkey (500) with The pulse Monkey Base Station (NEWHP: 100) (15,243,1)
[20:11:39]ATTACK: Flamescale Zakuto(firesho) shot monkey (500) with The pulse (NEWHP: 50) (15,243,1)
[20:11:40]ATTACK: Flamescale Zakuto(firesho) fired at monkey (500) with The pulse Monkey Base Station (NEWHP: 50) (15,243,1)
[20:11:40]ATTACK: Flamescale Zakuto(firesho) shot monkey (500) with The pulse (NEWHP: 0) (15,243,1)
[20:11:42]ATTACK: Flamescale Zakuto(firesho) fired at monkey (840) with The pulse Monkey Base Station (NEWHP: 100) (18,243,1)
[20:11:42]ATTACK: Flamescale Zakuto(firesho) shot monkey (840) with The pulse (NEWHP: 50) (18,243,1)
[20:11:43]ATTACK: Flamescale Zakuto(firesho) fired at monkey (840) with The pulse Monkey Base Station (NEWHP: 50) (18,243,1)
[20:11:43]ATTACK: Flamescale Zakuto(firesho) shot monkey (840) with The pulse (NEWHP: 0) (18,243,1)
[20:11:51]ATTACK: Flamescale Zakuto(firesho) fired at monkey (100) with The pulse Monkey Base Station (NEWHP: 100) (9,248,1)
[20:11:51]ATTACK: Flamescale Zakuto(firesho) shot monkey (100) with The pulse (NEWHP: 50) (9,248,1)
[20:11:51]ATTACK: Flamescale Zakuto(firesho) fired at monkey (100) with The pulse Monkey Base Station (NEWHP: 50) (9,249,1)
[20:12:24]ATTACK: lesser ash drake(firesho) attacked monkey (100) with  (NEWHP: -27.5764) (229,35,11)
[20:12:25]ATTACK: lesser ash drake(firesho) attacked monkey (100) with  (NEWHP: -57.5764) (229,35,11)
[20:12:26]ATTACK: lesser ash drake(firesho) attacked monkey (100) with  (NEWHP: -93.5764) (229,35,11)
[20:16:10]ATTACK: NON-EXISTENT USER shot lesser ash drake(firesho) with The electrode (NEWHP: 200) (190,138,9)
[20:16:12]ATTACK: NON-EXISTENT USER shot lesser ash drake(firesho) with The electrode (NEWHP: 200) (190,140,9)
[20:16:14]ATTACK: NON-EXISTENT USER shot lesser ash drake(firesho) with The electrode (NEWHP: 200) (190,140,9)
[20:16:16]ATTACK: NON-EXISTENT USER shot lesser ash drake(firesho) with The electrode (NEWHP: 200) (190,140,9)
[20:20:06]ATTACK: Flamescale Zakuto(firesho) fired at cockroach with The laser Vacant Office A (NEWHP: 1) (54,133,1)
[20:20:06]ATTACK: Flamescale Zakuto(firesho) shot cockroach with The laser (NEWHP: 0) 
[20:20:08]ATTACK: Flamescale Zakuto(firesho) fired at cockroach with The laser Vacant Office A (NEWHP: 1) (55,131,1)
[20:20:09]ATTACK: Flamescale Zakuto(firesho) fired at cockroach with The laser Vacant Office A (NEWHP: 1) (57,133,1)
[20:20:10]ATTACK: Flamescale Zakuto(firesho) shot cockroach with The laser (NEWHP: 0) 
[20:20:11]ATTACK: Flamescale Zakuto(firesho) fired at cockroach with The laser Vacant Office A (NEWHP: 1) (55,132,1)
[20:20:11]ATTACK: Flamescale Zakuto(firesho) shot cockroach with The laser (NEWHP: 0) 
[20:23:27]ATTACK: Flamescale Zakuto(firesho) hit monkey (922) with Bio terror foam grenade (NEWHP: 100) (161,118,1)
[20:23:33]ATTACK: monkey (922) slipped NON-EXISTENT SUBJECT with on foam   
[20:23:33]ATTACK: monkey (435) slipped NON-EXISTENT SUBJECT with on foam   
[20:23:33]ATTACK: monkey (435) slipped NON-EXISTENT SUBJECT with on foam   
[20:23:33]ATTACK: monkey (922) slipped NON-EXISTENT SUBJECT with on foam   
[20:23:33]ATTACK: monkey (922) slipped NON-EXISTENT SUBJECT with on foam   
[20:23:33]ATTACK: monkey (435) slipped NON-EXISTENT SUBJECT with on foam   
[20:23:33]ATTACK: monkey (435) slipped NON-EXISTENT SUBJECT with on foam   
[20:23:34]ATTACK: monkey (435) slipped NON-EXISTENT SUBJECT with on foam   
[20:23:34]ATTACK: monkey (435) slipped NON-EXISTENT SUBJECT with on foam   
[20:23:36]ATTACK: monkey (633) slipped NON-EXISTENT SUBJECT with on foam   
[20:23:36]ATTACK: monkey (47) slipped NON-EXISTENT SUBJECT with on foam   
[20:23:37]ATTACK: monkey (633) slipped NON-EXISTENT SUBJECT with on foam   
[20:23:37]ATTACK: monkey (273) slipped NON-EXISTENT SUBJECT with on foam   
[20:23:37]ATTACK: monkey (47) slipped NON-EXISTENT SUBJECT with on foam   
[20:24:52]ATTACK: monkey (435) attacked Flamescale Zakuto(firesho) with cleaner grenade(INTENT: HARM) (DAMTYPE: BRUTE) (NEWHP: 99.8) (160,120,1)
[20:24:56]ATTACK: monkey (273) slipped NON-EXISTENT SUBJECT with on foam   
[20:24:56]ATTACK: monkey (633) slipped NON-EXISTENT SUBJECT with on foam   
[20:24:57]ATTACK: monkey (273) slipped NON-EXISTENT SUBJECT with on foam   
[20:24:57]ATTACK: monkey (633) slipped NON-EXISTENT SUBJECT with on foam   
[20:24:57]ATTACK: monkey (633) slipped NON-EXISTENT SUBJECT with on foam   
[20:24:57]ATTACK: monkey (273) slipped NON-EXISTENT SUBJECT with on foam   
[20:25:00]ATTACK: monkey (435) slipped NON-EXISTENT SUBJECT with on foam   
[20:25:46]ATTACK: Flamescale Zakuto(firesho) hit monkey (273) with The acid grenade (NEWHP: 68) (160,118,1)
[20:30:10]ATTACK: Flamescale Zakuto(firesho) hit monkey (273) with The teargas grenade (NEWHP: 100) (161,118,1)
[20:31:06]ATTACK: monkey (435) attacked Flamescale Zakuto(firesho) with blue glitter bomb(INTENT: HARM) (DAMTYPE: BRUTE) (NEWHP: 100) (161,117,1)
[20:32:43]ATTACK: monkey (435) hit monkey (633) with The blue glitter bomb (NEWHP: 93) (160,118,1)
[20:33:30]ATTACK: monkey (922) attacked Flamescale Zakuto(firesho) with Ninja Vanish(INTENT: HARM) (DAMTYPE: BRUTE) (NEWHP: 100) (161,120,1)
[20:33:32]ATTACK: monkey (47) attacked Flamescale Zakuto(firesho) with Ninja Vanish(INTENT: HARM) (DAMTYPE: BRUTE) (NEWHP: 100) (161,120,1)
[20:33:34]ATTACK: monkey (47) attacked Flamescale Zakuto(firesho) with Ninja Vanish(INTENT: HARM) (DAMTYPE: BRUTE) (NEWHP: 100) (161,120,1)
[20:33:35]ATTACK: monkey (47) attacked Flamescale Zakuto(firesho) with Ninja Vanish(INTENT: HARM) (DAMTYPE: BRUTE) (NEWHP: 100) (161,120,1)
[20:33:37]ATTACK: monkey (47) attacked Flamescale Zakuto(firesho) with Ninja Vanish(INTENT: HARM) (DAMTYPE: BRUTE) (NEWHP: 100) (161,120,1)
[20:33:39]ATTACK: Flamescale Zakuto(firesho) pushed monkey (565) with  (NEWHP: 87) (160,120,1)
[20:33:40]ATTACK: Flamescale Zakuto(firesho) pushed monkey (47) with  (NEWHP: 84) (160,120,1)
[20:33:42]ATTACK: monkey (435) hit monkey (922) with The blue glitter bomb (NEWHP: 87) (161,119,1)
[20:33:49]ATTACK: monkey (922) hit monkey (435) with Ninja Vanish (NEWHP: 86) (161,116,1)
[20:33:57]ATTACK: monkey (273) attacked Flamescale Zakuto(firesho) with blue glitter bomb(INTENT: HARM) (DAMTYPE: BRUTE) (NEWHP: 100) (161,119,1)
[20:33:59]ATTACK: monkey (273) attacked Flamescale Zakuto(firesho) with blue glitter bomb(INTENT: HARM) (DAMTYPE: BRUTE) (NEWHP: 100) (161,119,1)
[20:34:05]ATTACK: monkey (435) hit monkey (273) with The blue glitter bomb (NEWHP: 85) (160,120,1)
[20:35:04]ATTACK: monkey (633) hit monkey (273) with The blue glitter bomb (NEWHP: 85) (160,118,1)
[20:35:18]ATTACK: Flamescale Zakuto(firesho) hit Pun Pun with Fungal tuberculosis grenade (NEWHP: 100) (135,135,1)
[20:35:27]ATTACK: Pun Pun attacked Officer Beepsky with fork(INTENT: HARM) (DAMTYPE: BRUTE) (NEWHP: 999997) (130,129,1)
[20:35:27]ATTACK: Officer Beepsky stunned Pun Pun with  (NEWHP: 100) (130,129,1)
[20:35:29]ATTACK: monkey (633) hit monkey (273) with The blue glitter bomb (NEWHP: 85) (161,116,1)
[20:35:37]ATTACK: Pun Pun attacked Officer Beepsky with  (NEWHP: 999997) (130,129,1)
[20:36:04]ATTACK: monkey (633) hit monkey (565) with The blue glitter bomb (NEWHP: 85) (160,117,1)
[20:36:16]ATTACK: monkey (633) hit monkey (47) with The blue glitter bomb (NEWHP: 84) (161,119,1)
[20:36:37]ATTACK: monkey (633) hit monkey (633) with The blue glitter bomb (NEWHP: 84) (161,118,1)
[20:36:45]ATTACK: Pun Pun attacked Officer Beepsky with  (NEWHP: 999996) (129,130,1)
[20:37:02]ATTACK: monkey (565) hit monkey (47) with The blue glitter bomb (NEWHP: 84) (160,116,1)
[20:37:07]ATTACK: Flamescale Zakuto(firesho) slipped NON-EXISTENT SUBJECT with on foam   
[20:37:17]ATTACK: monkey (565) hit monkey (565) with The blue glitter bomb (NEWHP: 85) (160,118,1)
[20:37:33]ATTACK: Flamescale Zakuto(firesho) slipped NON-EXISTENT SUBJECT with on foam   
[20:37:39]ATTACK: monkey (633) slipped NON-EXISTENT SUBJECT with on floor   
[20:37:40]ATTACK: monkey (47) hit monkey (435) with The blue glitter bomb (NEWHP: 86) (160,118,1)
[20:37:40]ATTACK: monkey (273) slipped NON-EXISTENT SUBJECT with on floor   
[20:37:40]ATTACK: monkey (435) slipped NON-EXISTENT SUBJECT with on floor   
[20:37:47]ATTACK: monkey (47) slipped NON-EXISTENT SUBJECT with on floor   
[20:37:48]ATTACK: monkey (47) slipped NON-EXISTENT SUBJECT with on floor   
[20:37:48]ATTACK: monkey (565) slipped NON-EXISTENT SUBJECT with on floor   
[20:37:48]ATTACK: monkey (565) slipped NON-EXISTENT SUBJECT with on floor   
[20:37:48]ATTACK: monkey (565) slipped NON-EXISTENT SUBJECT with on floor   
[20:37:48]ATTACK: monkey (565) slipped NON-EXISTENT SUBJECT with on floor   
[20:37:49]ATTACK: monkey (565) slipped NON-EXISTENT SUBJECT with on floor   
[20:37:49]ATTACK: monkey (922) slipped NON-EXISTENT SUBJECT with on floor   
[20:37:49]ATTACK: monkey (633) slipped NON-EXISTENT SUBJECT with on floor   
[20:37:50]ATTACK: monkey (633) slipped NON-EXISTENT SUBJECT with on floor   
[20:37:50]ATTACK: monkey (633) slipped NON-EXISTENT SUBJECT with on floor   
[20:37:50]ATTACK: monkey (633) slipped NON-EXISTENT SUBJECT with on floor   
[20:37:51]ATTACK: monkey (273) slipped NON-EXISTENT SUBJECT with on floor   
[20:37:57]ATTACK: monkey (435) slipped NON-EXISTENT SUBJECT with on floor   
[20:38:04]ATTACK: monkey (273) slipped NON-EXISTENT SUBJECT with on floor   
[20:38:06]ATTACK: monkey (922) slipped NON-EXISTENT SUBJECT with on floor   
[20:38:06]ATTACK: monkey (565) slipped NON-EXISTENT SUBJECT with on floor   
[20:38:06]ATTACK: monkey (633) slipped NON-EXISTENT SUBJECT with on floor   
[20:38:06]ATTACK: monkey (633) slipped NON-EXISTENT SUBJECT with on floor   
[20:38:06]ATTACK: monkey (565) slipped NON-EXISTENT SUBJECT with on floor   
[20:38:06]ATTACK: monkey (922) slipped NON-EXISTENT SUBJECT with on floor   
[20:38:06]ATTACK: monkey (633) slipped NON-EXISTENT SUBJECT with on floor   
[20:38:06]ATTACK: monkey (633) slipped NON-EXISTENT SUBJECT with on floor   
[20:38:06]ATTACK: monkey (633) slipped NON-EXISTENT SUBJECT with on floor   
[20:38:06]ATTACK: monkey (922) slipped NON-EXISTENT SUBJECT with on floor   
[20:38:06]ATTACK: monkey (922) slipped NON-EXISTENT SUBJECT with on floor   
[20:38:06]ATTACK: monkey (633) slipped NON-EXISTENT SUBJECT with on floor   
[20:38:06]ATTACK: monkey (633) slipped NON-EXISTENT SUBJECT with on floor   
[20:38:07]ATTACK: monkey (633) slipped NON-EXISTENT SUBJECT with on floor   
[20:38:10]ATTACK: monkey (435) slipped NON-EXISTENT SUBJECT with on floor   
[20:38:12]ATTACK: Pun Pun attacked Flamescale Zakuto(firesho) with fork(INTENT: HARM) (DAMTYPE: BRUTE) (NEWHP: 100) (136,132,1)
[20:38:16]ATTACK: Pun Pun slipped NON-EXISTENT SUBJECT with on foam   
[20:38:16]ATTACK: Pun Pun slipped NON-EXISTENT SUBJECT with on foam   
[20:38:16]ATTACK: Pun Pun slipped NON-EXISTENT SUBJECT with on foam   
[20:38:17]ATTACK: Pun Pun slipped NON-EXISTENT SUBJECT with on foam   
[20:38:17]ATTACK: Pun Pun slipped NON-EXISTENT SUBJECT with on foam   
[20:38:18]ATTACK: Pun Pun slipped NON-EXISTENT SUBJECT with on foam   
[20:38:18]ATTACK: Pun Pun slipped NON-EXISTENT SUBJECT with on foam   
[20:38:19]ATTACK: Flamescale Zakuto(firesho) slipped NON-EXISTENT SUBJECT with on foam   
[20:38:30]ATTACK: monkey (565) slipped NON-EXISTENT SUBJECT with on floor   
[20:38:30]ATTACK: monkey (565) slipped NON-EXISTENT SUBJECT with on floor   
[20:38:30]ATTACK: monkey (565) slipped NON-EXISTENT SUBJECT with on floor   
[20:38:30]ATTACK: monkey (565) slipped NON-EXISTENT SUBJECT with on floor   
[20:38:34]ATTACK: monkey (633) slipped NON-EXISTENT SUBJECT with on floor   
[20:38:34]ATTACK: monkey (633) slipped NON-EXISTENT SUBJECT with on floor   
[20:38:40]ATTACK: monkey (435) slipped NON-EXISTENT SUBJECT with on floor   
[20:38:40]ATTACK: monkey (922) slipped NON-EXISTENT SUBJECT with on floor   
[20:38:40]ATTACK: monkey (435) slipped NON-EXISTENT SUBJECT with on floor   
[20:38:40]ATTACK: monkey (435) slipped NON-EXISTENT SUBJECT with on floor   
[20:38:40]ATTACK: monkey (435) slipped NON-EXISTENT SUBJECT with on floor   
[20:38:46]ATTACK: monkey (565) slipped NON-EXISTENT SUBJECT with on floor   
[20:38:46]ATTACK: monkey (47) slipped NON-EXISTENT SUBJECT with on floor   
[20:38:50]ATTACK: monkey (273) slipped NON-EXISTENT SUBJECT with on floor   
[20:38:50]ATTACK: monkey (633) hit monkey (273) with The blue glitter bomb (NEWHP: 85) (161,116,1)
[20:38:54]ATTACK: monkey (922) slipped NON-EXISTENT SUBJECT with on floor   
[20:38:54]ATTACK: monkey (633) slipped NON-EXISTENT SUBJECT with on floor   
[20:39:00]ATTACK: monkey (47) slipped NON-EXISTENT SUBJECT with on floor   
[20:39:00]ATTACK: monkey (565) slipped NON-EXISTENT SUBJECT with on floor   
[20:39:08]ATTACK: monkey (435) slipped NON-EXISTENT SUBJECT with on floor   
[20:39:08]ATTACK: monkey (273) slipped NON-EXISTENT SUBJECT with on floor   
[20:39:08]ATTACK: monkey (273) slipped NON-EXISTENT SUBJECT with on floor   
[20:39:08]ATTACK: monkey (273) slipped NON-EXISTENT SUBJECT with on floor   
[20:39:08]ATTACK: monkey (273) slipped NON-EXISTENT SUBJECT with on floor   
[20:39:10]ATTACK: monkey (922) slipped NON-EXISTENT SUBJECT with on floor   
[20:39:10]ATTACK: monkey (922) slipped NON-EXISTENT SUBJECT with on floor   
[20:39:10]ATTACK: monkey (922) slipped NON-EXISTENT SUBJECT with on floor   
[20:39:10]ATTACK: monkey (922) slipped NON-EXISTENT SUBJECT with on floor   
[20:39:12]ATTACK: monkey (47) slipped NON-EXISTENT SUBJECT with on floor   
[20:39:12]ATTACK: monkey (633) slipped NON-EXISTENT SUBJECT with on floor   
[20:39:12]ATTACK: monkey (633) slipped NON-EXISTENT SUBJECT with on floor   
[20:39:12]ATTACK: monkey (47) slipped NON-EXISTENT SUBJECT with on floor   
[20:39:12]ATTACK: monkey (47) slipped NON-EXISTENT SUBJECT with on floor   
[20:39:12]ATTACK: monkey (633) slipped NON-EXISTENT SUBJECT with on floor   
[20:39:12]ATTACK: monkey (633) slipped NON-EXISTENT SUBJECT with on floor   
[20:39:12]ATTACK: monkey (47) slipped NON-EXISTENT SUBJECT with on floor   
[20:39:20]ATTACK: monkey (435) slipped NON-EXISTENT SUBJECT with on floor   
[20:39:20]ATTACK: monkey (435) slipped NON-EXISTENT SUBJECT with on floor   
[20:39:20]ATTACK: monkey (435) slipped NON-EXISTENT SUBJECT with on floor   
[20:39:20]ATTACK: monkey (435) slipped NON-EXISTENT SUBJECT with on floor   
[20:39:24]ATTACK: monkey (922) slipped NON-EXISTENT SUBJECT with on floor   
[20:39:24]ATTACK: monkey (273) slipped NON-EXISTENT SUBJECT with on floor   
[20:39:26]ATTACK: monkey (565) slipped NON-EXISTENT SUBJECT with on floor   
[20:39:26]ATTACK: monkey (633) slipped NON-EXISTENT SUBJECT with on floor   
[20:39:26]ATTACK: monkey (565) slipped NON-EXISTENT SUBJECT with on floor   
[20:39:26]ATTACK: monkey (565) slipped NON-EXISTENT SUBJECT with on floor   
[20:39:26]ATTACK: monkey (565) slipped NON-EXISTENT SUBJECT with on floor   
[20:39:38]ATTACK: monkey (47) slipped NON-EXISTENT SUBJECT with on floor   
[20:39:38]ATTACK: monkey (565) slipped NON-EXISTENT SUBJECT with on floor   
[20:39:40]ATTACK: monkey (435) slipped NON-EXISTENT SUBJECT with on floor   
[20:39:40]ATTACK: monkey (435) slipped NON-EXISTENT SUBJECT with on floor   
[20:39:40]ATTACK: monkey (435) slipped NON-EXISTENT SUBJECT with on floor   
[20:39:40]ATTACK: monkey (435) slipped NON-EXISTENT SUBJECT with on floor   
[20:39:48]ATTACK: monkey (273) slipped NON-EXISTENT SUBJECT with on floor   
[20:39:48]ATTACK: monkey (922) slipped NON-EXISTENT SUBJECT with on floor   
[20:39:52]ATTACK: monkey (47) slipped NON-EXISTENT SUBJECT with on floor   
[20:39:52]ATTACK: monkey (565) slipped NON-EXISTENT SUBJECT with on floor   
[20:39:54]ATTACK: monkey (435) slipped NON-EXISTENT SUBJECT with on floor   
[20:39:54]ATTACK: monkey (633) slipped NON-EXISTENT SUBJECT with on floor   
[20:40:08]ATTACK: monkey (47) slipped NON-EXISTENT SUBJECT with on floor   
[20:40:08]ATTACK: monkey (565) slipped NON-EXISTENT SUBJECT with on floor   
[20:40:16]ATTACK: monkey (273) slipped NON-EXISTENT SUBJECT with on floor   
[20:40:16]ATTACK: monkey (273) slipped NON-EXISTENT SUBJECT with on floor   
[20:40:16]ATTACK: monkey (273) slipped NON-EXISTENT SUBJECT with on floor   
[20:40:16]ATTACK: monkey (273) slipped NON-EXISTENT SUBJECT with on floor   
[20:40:20]ATTACK: monkey (633) slipped NON-EXISTENT SUBJECT with on floor   
[20:40:20]ATTACK: monkey (633) slipped NON-EXISTENT SUBJECT with on floor   
[20:40:20]ATTACK: monkey (633) slipped NON-EXISTENT SUBJECT with on floor   
[20:40:20]ATTACK: monkey (633) slipped NON-EXISTENT SUBJECT with on floor   
[20:40:24]ATTACK: monkey (565) slipped NON-EXISTENT SUBJECT with on floor   
[20:40:24]ATTACK: monkey (565) slipped NON-EXISTENT SUBJECT with on floor   
[20:40:24]ATTACK: monkey (565) slipped NON-EXISTENT SUBJECT with on floor   
[20:40:24]ATTACK: monkey (565) slipped NON-EXISTENT SUBJECT with on floor   
[20:40:28]ATTACK: monkey (435) slipped NON-EXISTENT SUBJECT with on floor   
[20:40:30]ATTACK: monkey (47) slipped NON-EXISTENT SUBJECT with on floor   
[20:40:32]ATTACK: monkey (922) slipped NON-EXISTENT SUBJECT with on floor   
[20:40:32]ATTACK: Pun Pun attacked cockroach with  (NEWHP: 1) (132,140,1)
[20:40:36]ATTACK: monkey (565) slipped NON-EXISTENT SUBJECT with on floor   
[20:40:36]ATTACK: Pun Pun attacked cockroach with  (NEWHP: 1) (132,141,1)
[20:40:36]ATTACK: monkey (565) slipped NON-EXISTENT SUBJECT with on floor   
[20:40:36]ATTACK: monkey (565) slipped NON-EXISTENT SUBJECT with on floor   
[20:40:37]ATTACK: monkey (565) slipped NON-EXISTENT SUBJECT with on floor   
[20:40:38]ATTACK: monkey (633) slipped NON-EXISTENT SUBJECT with on floor   
[20:40:42]ATTACK: monkey (435) slipped NON-EXISTENT SUBJECT with on floor   
[20:40:42]ATTACK: monkey (435) slipped NON-EXISTENT SUBJECT with on floor   
[20:40:43]ATTACK: monkey (435) slipped NON-EXISTENT SUBJECT with on floor   
[20:40:43]ATTACK: monkey (435) slipped NON-EXISTENT SUBJECT with on floor   
[20:40:46]ATTACK: monkey (922) slipped NON-EXISTENT SUBJECT with on floor   
[20:40:50]ATTACK: monkey (633) slipped NON-EXISTENT SUBJECT with on floor   
[20:40:50]ATTACK: monkey (633) slipped NON-EXISTENT SUBJECT with on floor   
[20:40:50]ATTACK: monkey (633) slipped NON-EXISTENT SUBJECT with on floor   
[20:40:51]ATTACK: monkey (633) slipped NON-EXISTENT SUBJECT with on floor   
[20:40:54]ATTACK: monkey (273) slipped NON-EXISTENT SUBJECT with on floor   
[20:40:54]ATTACK: monkey (47) slipped NON-EXISTENT SUBJECT with on floor   
[20:40:54]ATTACK: monkey (47) hit monkey (47) with The blue glitter bomb (NEWHP: 84) (161,116,1)
[20:41:08]ATTACK: monkey (922) slipped NON-EXISTENT SUBJECT with on floor   
[20:41:08]ATTACK: monkey (922) slipped NON-EXISTENT SUBJECT with on floor   
[20:41:08]ATTACK: monkey (922) slipped NON-EXISTENT SUBJECT with on floor   
[20:41:09]ATTACK: monkey (922) slipped NON-EXISTENT SUBJECT with on floor   
[20:41:10]ATTACK: monkey (633) slipped NON-EXISTENT SUBJECT with on floor   
[20:41:14]ATTACK: monkey (565) slipped NON-EXISTENT SUBJECT with on floor   
[20:41:14]ATTACK: monkey (435) slipped NON-EXISTENT SUBJECT with on floor   
[20:41:14]ATTACK: monkey (47) slipped NON-EXISTENT SUBJECT with on floor   
[20:41:14]ATTACK: monkey (47) slipped NON-EXISTENT SUBJECT with on floor   
[20:41:15]ATTACK: monkey (47) slipped NON-EXISTENT SUBJECT with on floor   
[20:41:15]ATTACK: monkey (47) slipped NON-EXISTENT SUBJECT with on floor   
[20:41:20]ATTACK: monkey (273) slipped NON-EXISTENT SUBJECT with on floor   
[20:41:20]ATTACK: monkey (273) slipped NON-EXISTENT SUBJECT with on floor   
[20:41:20]ATTACK: monkey (273) slipped NON-EXISTENT SUBJECT with on floor   
[20:41:21]ATTACK: monkey (273) slipped NON-EXISTENT SUBJECT with on floor   
[20:41:22]ATTACK: monkey (922) slipped NON-EXISTENT SUBJECT with on floor   
[20:41:22]ATTACK: monkey (922) slipped NON-EXISTENT SUBJECT with on floor   
[20:41:23]ATTACK: monkey (922) slipped NON-EXISTENT SUBJECT with on floor   
[20:41:23]ATTACK: monkey (922) slipped NON-EXISTENT SUBJECT with on floor   
[20:41:24]ATTACK: monkey (633) slipped NON-EXISTENT SUBJECT with on floor   
[20:41:27]ATTACK: monkey (565) slipped NON-EXISTENT SUBJECT with on floor   
[20:41:27]ATTACK: monkey (435) slipped NON-EXISTENT SUBJECT with on floor   
[20:41:34]ATTACK: monkey (273) slipped NON-EXISTENT SUBJECT with on floor   
[20:41:34]ATTACK: monkey (47) slipped NON-EXISTENT SUBJECT with on floor   
[20:41:41]ATTACK: monkey (435) slipped NON-EXISTENT SUBJECT with on floor   
[20:41:41]ATTACK: monkey (435) slipped NON-EXISTENT SUBJECT with on floor   
[20:41:41]ATTACK: monkey (435) slipped NON-EXISTENT SUBJECT with on floor   
[20:41:41]ATTACK: monkey (435) slipped NON-EXISTENT SUBJECT with on floor   
[20:41:50]ATTACK: monkey (922) slipped NON-EXISTENT SUBJECT with on floor   
[20:41:50]ATTACK: monkey (922) slipped NON-EXISTENT SUBJECT with on floor   
[20:41:50]ATTACK: monkey (922) slipped NON-EXISTENT SUBJECT with on floor   
[20:41:50]ATTACK: monkey (922) slipped NON-EXISTENT SUBJECT with on floor   
[20:41:52]ATTACK: monkey (273) slipped NON-EXISTENT SUBJECT with on floor   
[20:41:52]ATTACK: monkey (47) slipped NON-EXISTENT SUBJECT with on floor   
[20:41:52]ATTACK: monkey (565) slipped NON-EXISTENT SUBJECT with on floor   
[20:41:53]ATTACK: monkey (565) slipped NON-EXISTENT SUBJECT with on floor   
[20:41:53]ATTACK: monkey (565) slipped NON-EXISTENT SUBJECT with on floor   
[20:41:53]ATTACK: monkey (565) slipped NON-EXISTENT SUBJECT with on floor   
[20:42:01]ATTACK: monkey (435) slipped NON-EXISTENT SUBJECT with on floor   
[20:42:01]ATTACK: monkey (435) slipped NON-EXISTENT SUBJECT with on floor   
[20:42:01]ATTACK: monkey (435) slipped NON-EXISTENT SUBJECT with on floor   
[20:42:01]ATTACK: monkey (435) slipped NON-EXISTENT SUBJECT with on floor   
[20:42:05]ATTACK: monkey (922) slipped NON-EXISTENT SUBJECT with on floor   
[20:42:09]ATTACK: monkey (47) slipped NON-EXISTENT SUBJECT with on floor   
[20:42:09]ATTACK: monkey (565) slipped NON-EXISTENT SUBJECT with on floor   
[20:42:09]ATTACK: monkey (633) slipped NON-EXISTENT SUBJECT with on floor   
[20:42:09]ATTACK: monkey (47) slipped NON-EXISTENT SUBJECT with on floor   
[20:42:09]ATTACK: monkey (47) slipped NON-EXISTENT SUBJECT with on floor   
[20:42:10]ATTACK: monkey (47) slipped NON-EXISTENT SUBJECT with on floor   
[20:42:18]ATTACK: Pun Pun slipped NON-EXISTENT SUBJECT with on foam   
[20:42:18]ATTACK: monkey (435) slipped NON-EXISTENT SUBJECT with on floor   
[20:42:19]ATTACK: Pun Pun slipped NON-EXISTENT SUBJECT with on foam   
[20:42:21]ATTACK: monkey (273) slipped NON-EXISTENT SUBJECT with on floor   
[20:42:23]ATTACK: monkey (922) slipped NON-EXISTENT SUBJECT with on floor   
[20:42:24]ATTACK: monkey (922) slipped NON-EXISTENT SUBJECT with on floor   
[20:42:24]ATTACK: monkey (922) slipped NON-EXISTENT SUBJECT with on floor   
[20:42:24]ATTACK: monkey (922) slipped NON-EXISTENT SUBJECT with on floor   
[20:42:25]ATTACK: monkey (565) slipped NON-EXISTENT SUBJECT with on floor   
[20:42:26]ATTACK: monkey (565) slipped NON-EXISTENT SUBJECT with on floor   
[20:42:26]ATTACK: monkey (565) slipped NON-EXISTENT SUBJECT with on floor   
[20:42:26]ATTACK: monkey (565) slipped NON-EXISTENT SUBJECT with on floor   
[20:42:30]ATTACK: monkey (633) slipped NON-EXISTENT SUBJECT with on floor   
[20:42:31]ATTACK: monkey (633) slipped NON-EXISTENT SUBJECT with on floor   
[20:42:31]ATTACK: monkey (633) slipped NON-EXISTENT SUBJECT with on floor   
[20:42:31]ATTACK: monkey (633) slipped NON-EXISTENT SUBJECT with on floor   
[20:42:33]ATTACK: Pun Pun slipped NON-EXISTENT SUBJECT with on foam   
[20:42:34]ATTACK: Pun Pun slipped NON-EXISTENT SUBJECT with on foam   
[20:42:34]ATTACK: Pun Pun slipped NON-EXISTENT SUBJECT with on foam   
[20:42:35]ATTACK: Pun Pun slipped NON-EXISTENT SUBJECT with on foam   
[20:42:37]ATTACK: Pun Pun slipped NON-EXISTENT SUBJECT with on foam   
[20:42:37]ATTACK: monkey (435) slipped NON-EXISTENT SUBJECT with on floor   
[20:42:37]ATTACK: monkey (922) slipped NON-EXISTENT SUBJECT with on floor   
[20:42:37]ATTACK: monkey (47) slipped NON-EXISTENT SUBJECT with on floor   
[20:42:38]ATTACK: monkey (47) slipped NON-EXISTENT SUBJECT with on floor   
[20:42:38]ATTACK: monkey (47) slipped NON-EXISTENT SUBJECT with on floor   
[20:42:38]ATTACK: monkey (47) slipped NON-EXISTENT SUBJECT with on floor   
[20:42:38]ATTACK: monkey (435) slipped NON-EXISTENT SUBJECT with on floor   
[20:42:38]ATTACK: monkey (435) slipped NON-EXISTENT SUBJECT with on floor   
[20:42:38]ATTACK: monkey (435) slipped NON-EXISTENT SUBJECT with on floor   
[20:42:44]ATTACK: monkey (633) slipped NON-EXISTENT SUBJECT with on floor   
[20:42:44]ATTACK: monkey (633) slipped NON-EXISTENT SUBJECT with on floor   
[20:42:44]ATTACK: monkey (633) slipped NON-EXISTENT SUBJECT with on floor   
[20:42:44]ATTACK: monkey (633) slipped NON-EXISTENT SUBJECT with on floor   
[20:42:46]ATTACK: monkey (565) slipped NON-EXISTENT SUBJECT with on floor   
[20:42:47]ATTACK: monkey (565) slipped NON-EXISTENT SUBJECT with on floor   
[20:42:47]ATTACK: monkey (565) slipped NON-EXISTENT SUBJECT with on floor   
[20:42:47]ATTACK: monkey (565) slipped NON-EXISTENT SUBJECT with on floor   
[20:42:49]ATTACK: monkey (273) slipped NON-EXISTENT SUBJECT with on floor   
[20:42:49]ATTACK: monkey (273) slipped NON-EXISTENT SUBJECT with on floor   
[20:42:49]ATTACK: monkey (273) slipped NON-EXISTENT SUBJECT with on floor   
[20:42:49]ATTACK: monkey (273) slipped NON-EXISTENT SUBJECT with on floor   
[20:42:53]ATTACK: monkey (47) slipped NON-EXISTENT SUBJECT with on floor   
[20:42:53]ATTACK: monkey (435) slipped NON-EXISTENT SUBJECT with on floor   
[20:43:02]ATTACK: monkey (273) slipped NON-EXISTENT SUBJECT with on floor   
[20:43:02]ATTACK: monkey (633) slipped NON-EXISTENT SUBJECT with on floor   
[20:43:03]ATTACK: monkey (633) slipped NON-EXISTENT SUBJECT with on floor   
[20:43:03]ATTACK: monkey (633) slipped NON-EXISTENT SUBJECT with on floor   
[20:43:03]ATTACK: monkey (633) slipped NON-EXISTENT SUBJECT with on floor   
[20:43:14]ATTACK: monkey (922) slipped NON-EXISTENT SUBJECT with on floor   
[20:43:14]ATTACK: monkey (565) slipped NON-EXISTENT SUBJECT with on floor   
[20:43:20]ATTACK: monkey (47) slipped NON-EXISTENT SUBJECT with on floor   
[20:43:20]ATTACK: monkey (435) slipped NON-EXISTENT SUBJECT with on floor   
[20:43:20]ATTACK: monkey (633) slipped NON-EXISTENT SUBJECT with on floor   
[20:43:20]ATTACK: monkey (633) slipped NON-EXISTENT SUBJECT with on floor   
[20:43:20]ATTACK: monkey (633) slipped NON-EXISTENT SUBJECT with on floor   
[20:43:20]ATTACK: monkey (633) slipped NON-EXISTENT SUBJECT with on floor   
[20:43:26]ATTACK: monkey (273) slipped NON-EXISTENT SUBJECT with on floor   
[20:43:32]ATTACK: monkey (435) slipped NON-EXISTENT SUBJECT with on floor   
[20:43:32]ATTACK: monkey (565) slipped NON-EXISTENT SUBJECT with on floor   
[20:43:32]ATTACK: monkey (922) slipped NON-EXISTENT SUBJECT with on floor   
[20:43:32]ATTACK: monkey (435) slipped NON-EXISTENT SUBJECT with on floor   
[20:43:32]ATTACK: monkey (435) slipped NON-EXISTENT SUBJECT with on floor   
[20:43:32]ATTACK: monkey (435) slipped NON-EXISTENT SUBJECT with on floor   
[20:43:34]ATTACK: monkey (633) slipped NON-EXISTENT SUBJECT with on floor   
[20:43:38]ATTACK: monkey (47) slipped NON-EXISTENT SUBJECT with on floor   
[20:43:38]ATTACK: monkey (47) slipped NON-EXISTENT SUBJECT with on floor   
[20:43:38]ATTACK: monkey (47) slipped NON-EXISTENT SUBJECT with on floor   
[20:43:38]ATTACK: monkey (47) slipped NON-EXISTENT SUBJECT with on floor   
[20:43:46]ATTACK: monkey (273) slipped NON-EXISTENT SUBJECT with on floor   
[20:43:46]ATTACK: monkey (565) slipped NON-EXISTENT SUBJECT with on floor   
[20:43:46]ATTACK: monkey (922) slipped NON-EXISTENT SUBJECT with on floor   
[20:43:46]ATTACK: monkey (273) slipped NON-EXISTENT SUBJECT with on floor   
[20:43:46]ATTACK: monkey (273) slipped NON-EXISTENT SUBJECT with on floor   
[20:43:46]ATTACK: monkey (273) slipped NON-EXISTENT SUBJECT with on floor   
[20:43:54]ATTACK: monkey (47) slipped NON-EXISTENT SUBJECT with on floor   
[20:43:54]ATTACK: monkey (435) slipped NON-EXISTENT SUBJECT with on floor   
[20:43:59]ATTACK: monkey (273) slipped NON-EXISTENT SUBJECT with on floor   
[20:43:59]ATTACK: monkey (273) slipped NON-EXISTENT SUBJECT with on floor   
[20:43:59]ATTACK: monkey (273) slipped NON-EXISTENT SUBJECT with on floor   
[20:43:59]ATTACK: monkey (273) slipped NON-EXISTENT SUBJECT with on floor   
[20:43:59]ATTACK: monkey (273) slipped NON-EXISTENT SUBJECT with on floor   
[20:43:59]ATTACK: monkey (273) slipped NON-EXISTENT SUBJECT with on floor   
[20:44:00]ATTACK: monkey (273) slipped NON-EXISTENT SUBJECT with on floor   
[20:44:02]ATTACK: monkey (633) slipped NON-EXISTENT SUBJECT with on floor   
[20:44:02]ATTACK: monkey (633) slipped NON-EXISTENT SUBJECT with on floor   
[20:44:02]ATTACK: monkey (633) slipped NON-EXISTENT SUBJECT with on floor   
[20:44:02]ATTACK: monkey (633) slipped NON-EXISTENT SUBJECT with on floor   
[20:44:06]ATTACK: monkey (435) slipped NON-EXISTENT SUBJECT with on floor   
[20:44:06]ATTACK: monkey (435) slipped NON-EXISTENT SUBJECT with on floor   
[20:44:06]ATTACK: monkey (435) slipped NON-EXISTENT SUBJECT with on floor   
[20:44:06]ATTACK: monkey (435) slipped NON-EXISTENT SUBJECT with on floor   
[20:44:08]ATTACK: monkey (922) slipped NON-EXISTENT SUBJECT with on floor   
[20:44:08]ATTACK: monkey (922) slipped NON-EXISTENT SUBJECT with on floor   
[20:44:08]ATTACK: monkey (922) slipped NON-EXISTENT SUBJECT with on floor   
[20:44:08]ATTACK: monkey (922) slipped NON-EXISTENT SUBJECT with on floor   
[20:44:10]ATTACK: monkey (565) slipped NON-EXISTENT SUBJECT with on floor   
[20:44:18]ATTACK: monkey (633) slipped NON-EXISTENT SUBJECT with on floor   
[20:44:18]ATTACK: monkey (633) slipped NON-EXISTENT SUBJECT with on floor   
[20:44:18]ATTACK: monkey (633) slipped NON-EXISTENT SUBJECT with on floor   
[20:44:18]ATTACK: monkey (633) slipped NON-EXISTENT SUBJECT with on floor   
[20:44:26]ATTACK: monkey (47) slipped NON-EXISTENT SUBJECT with on floor   
[20:44:26]ATTACK: monkey (922) slipped NON-EXISTENT SUBJECT with on floor   
[20:44:28]ATTACK: monkey (273) slipped NON-EXISTENT SUBJECT with on floor   
[20:44:30]ATTACK: monkey (565) slipped NON-EXISTENT SUBJECT with on floor   
[20:44:30]ATTACK: monkey (565) slipped NON-EXISTENT SUBJECT with on floor   
[20:44:30]ATTACK: monkey (565) slipped NON-EXISTENT SUBJECT with on floor   
[20:44:30]ATTACK: monkey (565) slipped NON-EXISTENT SUBJECT with on floor   
[20:44:32]ATTACK: monkey (435) slipped NON-EXISTENT SUBJECT with on floor   
[20:44:32]ATTACK: monkey (435) slipped NON-EXISTENT SUBJECT with on floor   
[20:44:32]ATTACK: monkey (435) slipped NON-EXISTENT SUBJECT with on floor   
[20:44:32]ATTACK: monkey (435) slipped NON-EXISTENT SUBJECT with on floor   
[20:44:34]ATTACK: monkey (633) slipped NON-EXISTENT SUBJECT with on floor   
[20:44:38]ATTACK: monkey (47) slipped NON-EXISTENT SUBJECT with on floor   
[20:44:38]ATTACK: monkey (922) slipped NON-EXISTENT SUBJECT with on floor   
[20:44:46]ATTACK: monkey (633) slipped NON-EXISTENT SUBJECT with on floor   
[20:44:46]ATTACK: monkey (633) slipped NON-EXISTENT SUBJECT with on floor   
[20:44:46]ATTACK: monkey (633) slipped NON-EXISTENT SUBJECT with on floor   
[20:44:46]ATTACK: monkey (633) slipped NON-EXISTENT SUBJECT with on floor   
[20:44:48]ATTACK: monkey (273) slipped NON-EXISTENT SUBJECT with on floor   
[20:44:48]ATTACK: monkey (273) slipped NON-EXISTENT SUBJECT with on floor   
[20:44:48]ATTACK: monkey (273) slipped NON-EXISTENT SUBJECT with on floor   
[20:44:50]ATTACK: monkey (435) slipped NON-EXISTENT SUBJECT with on floor   
[20:44:50]ATTACK: monkey (435) slipped NON-EXISTENT SUBJECT with on floor   
[20:44:50]ATTACK: monkey (435) slipped NON-EXISTENT SUBJECT with on floor   
[20:44:50]ATTACK: monkey (435) slipped NON-EXISTENT SUBJECT with on floor   
[20:44:52]ATTACK: monkey (47) slipped NON-EXISTENT SUBJECT with on floor   
[20:44:52]ATTACK: monkey (922) slipped NON-EXISTENT SUBJECT with on floor   
[20:44:57]ATTACK: monkey (565) slipped NON-EXISTENT SUBJECT with on floor   
[20:44:57]ATTACK: monkey (565) slipped NON-EXISTENT SUBJECT with on floor   
[20:44:57]ATTACK: monkey (565) slipped NON-EXISTENT SUBJECT with on floor   
[20:44:57]ATTACK: monkey (565) slipped NON-EXISTENT SUBJECT with on floor   
[20:44:57]ATTACK: monkey (565) slipped NON-EXISTENT SUBJECT with on floor   
[20:44:58]ATTACK: monkey (565) slipped NON-EXISTENT SUBJECT with on floor   
[20:44:58]ATTACK: monkey (565) slipped NON-EXISTENT SUBJECT with on floor   
[20:45:03]ATTACK: monkey (633) slipped NON-EXISTENT SUBJECT with on floor   
[20:45:03]ATTACK: monkey (633) slipped NON-EXISTENT SUBJECT with on floor   
[20:45:03]ATTACK: monkey (633) slipped NON-EXISTENT SUBJECT with on floor   
[20:45:03]ATTACK: monkey (633) slipped NON-EXISTENT SUBJECT with on floor   
[20:45:03]ATTACK: monkey (633) slipped NON-EXISTENT SUBJECT with on floor   
[20:45:04]ATTACK: monkey (633) slipped NON-EXISTENT SUBJECT with on floor   
[20:45:04]ATTACK: monkey (633) slipped NON-EXISTENT SUBJECT with on floor   
[20:45:08]ATTACK: monkey (435) slipped NON-EXISTENT SUBJECT with on floor   
[20:45:08]ATTACK: monkey (273) slipped NON-EXISTENT SUBJECT with on floor   
[20:45:11]ATTACK: monkey (47) slipped NON-EXISTENT SUBJECT with on floor   
[20:45:11]ATTACK: monkey (922) slipped NON-EXISTENT SUBJECT with on floor   
[20:45:19]ATTACK: monkey (565) slipped NON-EXISTENT SUBJECT with on floor   
[20:45:19]ATTACK: monkey (633) slipped NON-EXISTENT SUBJECT with on floor   
[20:45:19]ATTACK: monkey (273) hit monkey (633) with The blue glitter bomb (NEWHP: 84) (161,118,1)
[20:45:19]ATTACK: monkey (633) slipped NON-EXISTENT SUBJECT with on floor   
[20:45:19]ATTACK: monkey (633) slipped NON-EXISTENT SUBJECT with on floor   
[20:45:23]ATTACK: monkey (435) slipped NON-EXISTENT SUBJECT with on floor   
[20:45:23]ATTACK: monkey (435) slipped NON-EXISTENT SUBJECT with on floor   
[20:45:23]ATTACK: monkey (435) slipped NON-EXISTENT SUBJECT with on floor   
[20:45:23]ATTACK: monkey (435) slipped NON-EXISTENT SUBJECT with on floor   
[20:45:23]ATTACK: monkey (273) slipped NON-EXISTENT SUBJECT with on floor   
[20:45:23]ATTACK: monkey (273) slipped NON-EXISTENT SUBJECT with on floor   
[20:45:24]ATTACK: monkey (273) slipped NON-EXISTENT SUBJECT with on floor   
[20:45:24]ATTACK: monkey (273) slipped NON-EXISTENT SUBJECT with on floor   
[20:45:24]ATTACK: monkey (273) slipped NON-EXISTENT SUBJECT with on floor   
[20:45:24]ATTACK: monkey (273) slipped NON-EXISTENT SUBJECT with on floor   
[20:45:24]ATTACK: monkey (273) slipped NON-EXISTENT SUBJECT with on floor   
[20:45:25]ATTACK: monkey (273) slipped NON-EXISTENT SUBJECT with on floor   
[20:45:25]ATTACK: monkey (273) slipped NON-EXISTENT SUBJECT with on floor   
[20:45:29]ATTACK: monkey (47) slipped NON-EXISTENT SUBJECT with on floor   
[20:45:29]ATTACK: monkey (922) slipped NON-EXISTENT SUBJECT with on floor   
[20:45:29]ATTACK: monkey (47) slipped NON-EXISTENT SUBJECT with on floor   
[20:45:29]ATTACK: monkey (47) slipped NON-EXISTENT SUBJECT with on floor   
[20:45:37]ATTACK: monkey (633) slipped NON-EXISTENT SUBJECT with on floor   
[20:45:37]ATTACK: monkey (273) slipped NON-EXISTENT SUBJECT with on floor   
[20:45:37]ATTACK: monkey (633) slipped NON-EXISTENT SUBJECT with on floor   
[20:45:37]ATTACK: monkey (633) slipped NON-EXISTENT SUBJECT with on floor   
[20:45:37]ATTACK: monkey (633) slipped NON-EXISTENT SUBJECT with on floor   
[20:45:39]ATTACK: monkey (47) slipped NON-EXISTENT SUBJECT with on floor   
[20:45:39]ATTACK: monkey (47) slipped NON-EXISTENT SUBJECT with on floor   
[20:45:39]ATTACK: monkey (47) slipped NON-EXISTENT SUBJECT with on floor   
[20:45:40]ATTACK: monkey (47) slipped NON-EXISTENT SUBJECT with on floor   
[20:45:41]ATTACK: monkey (565) slipped NON-EXISTENT SUBJECT with on floor   
[20:45:41]ATTACK: monkey (435) slipped NON-EXISTENT SUBJECT with on floor   
[20:45:51]ATTACK: monkey (273) slipped NON-EXISTENT SUBJECT with on floor   
[20:45:51]ATTACK: monkey (922) slipped NON-EXISTENT SUBJECT with on floor   
[20:45:51]ATTACK: monkey (922) slipped NON-EXISTENT SUBJECT with on floor   
[20:45:51]ATTACK: monkey (922) slipped NON-EXISTENT SUBJECT with on floor   
[20:45:51]ATTACK: monkey (273) slipped NON-EXISTENT SUBJECT with on floor   
[20:45:51]ATTACK: monkey (273) slipped NON-EXISTENT SUBJECT with on floor   
[20:45:52]ATTACK: monkey (922) slipped NON-EXISTENT SUBJECT with on floor   
[20:45:52]ATTACK: monkey (273) slipped NON-EXISTENT SUBJECT with on floor   
[20:45:53]ATTACK: monkey (565) slipped NON-EXISTENT SUBJECT with on floor   
[20:45:53]ATTACK: monkey (633) slipped NON-EXISTENT SUBJECT with on floor   
[20:45:53]ATTACK: monkey (565) slipped NON-EXISTENT SUBJECT with on floor   
[20:45:53]ATTACK: monkey (565) slipped NON-EXISTENT SUBJECT with on floor   
[20:45:54]ATTACK: monkey (565) slipped NON-EXISTENT SUBJECT with on floor   
[20:45:57]ATTACK: monkey (435) slipped NON-EXISTENT SUBJECT with on floor   
[20:45:57]ATTACK: monkey (435) slipped NON-EXISTENT SUBJECT with on floor   
[20:45:57]ATTACK: monkey (435) slipped NON-EXISTENT SUBJECT with on floor   
[20:45:58]ATTACK: monkey (435) slipped NON-EXISTENT SUBJECT with on floor   
[20:46:05]ATTACK: monkey (922) slipped NON-EXISTENT SUBJECT with on floor   
[20:46:05]ATTACK: monkey (565) slipped NON-EXISTENT SUBJECT with on floor   
[20:46:05]ATTACK: monkey (633) slipped NON-EXISTENT SUBJECT with on floor   
[20:46:05]ATTACK: monkey (633) slipped NON-EXISTENT SUBJECT with on floor   
[20:46:06]ATTACK: monkey (633) slipped NON-EXISTENT SUBJECT with on floor   
[20:46:06]ATTACK: monkey (633) slipped NON-EXISTENT SUBJECT with on floor   
[20:46:11]ATTACK: monkey (47) slipped NON-EXISTENT SUBJECT with on floor   
[20:46:11]ATTACK: monkey (47) slipped NON-EXISTENT SUBJECT with on floor   
[20:46:11]ATTACK: monkey (47) slipped NON-EXISTENT SUBJECT with on floor   
[20:46:23]ATTACK: monkey (633) slipped NON-EXISTENT SUBJECT with on floor   
[20:46:23]ATTACK: monkey (922) slipped NON-EXISTENT SUBJECT with on floor   
[20:46:23]ATTACK: monkey (565) slipped NON-EXISTENT SUBJECT with on floor   
[20:46:23]ATTACK: monkey (565) slipped NON-EXISTENT SUBJECT with on floor   
[20:46:23]ATTACK: monkey (565) slipped NON-EXISTENT SUBJECT with on floor   
[20:46:23]ATTACK: monkey (565) slipped NON-EXISTENT SUBJECT with on floor   
[20:46:25]ATTACK: monkey (273) slipped NON-EXISTENT SUBJECT with on floor   
[20:46:25]ATTACK: monkey (47) slipped NON-EXISTENT SUBJECT with on floor   
[20:46:25]ATTACK: monkey (47) slipped NON-EXISTENT SUBJECT with on floor   
[20:46:25]ATTACK: monkey (273) slipped NON-EXISTENT SUBJECT with on floor   
[20:46:25]ATTACK: monkey (47) slipped NON-EXISTENT SUBJECT with on floor   
[20:46:25]ATTACK: monkey (47) slipped NON-EXISTENT SUBJECT with on floor   
[20:46:25]ATTACK: monkey (273) slipped NON-EXISTENT SUBJECT with on floor   
[20:46:25]ATTACK: monkey (273) slipped NON-EXISTENT SUBJECT with on floor   
[20:46:39]ATTACK: monkey (47) slipped NON-EXISTENT SUBJECT with on floor   
[20:46:39]ATTACK: monkey (47) slipped NON-EXISTENT SUBJECT with on floor   
[20:46:39]ATTACK: monkey (47) slipped NON-EXISTENT SUBJECT with on floor   
[20:46:39]ATTACK: monkey (47) slipped NON-EXISTENT SUBJECT with on floor   
[20:46:39]ATTACK: monkey (47) slipped NON-EXISTENT SUBJECT with on floor   
[20:46:39]ATTACK: monkey (47) slipped NON-EXISTENT SUBJECT with on floor   
[20:46:39]ATTACK: monkey (47) slipped NON-EXISTENT SUBJECT with on floor   
[20:46:39]ATTACK: monkey (47) slipped NON-EXISTENT SUBJECT with on floor   
[20:46:40]ATTACK: monkey (47) slipped NON-EXISTENT SUBJECT with on floor   
[20:46:44]ATTACK: monkey (435) slipped NON-EXISTENT SUBJECT with on floor   
[20:46:44]ATTACK: monkey (922) slipped NON-EXISTENT SUBJECT with on floor   
[20:46:44]ATTACK: monkey (565) slipped NON-EXISTENT SUBJECT with on floor   
[20:46:44]ATTACK: monkey (47) hit monkey (565) with The blue glitter bomb (NEWHP: 85) (160,116,1)
[20:46:56]ATTACK: monkey (435) slipped NON-EXISTENT SUBJECT with on floor   
[20:46:56]ATTACK: monkey (273) slipped NON-EXISTENT SUBJECT with on floor   
[20:46:58]ATTACK: monkey (922) slipped NON-EXISTENT SUBJECT with on floor   
[20:46:59]ATTACK: monkey (922) slipped NON-EXISTENT SUBJECT with on floor   
[20:46:59]ATTACK: monkey (922) slipped NON-EXISTENT SUBJECT with on floor   
[20:46:59]ATTACK: monkey (922) slipped NON-EXISTENT SUBJECT with on floor   
[20:47:02]ATTACK: monkey (47) slipped NON-EXISTENT SUBJECT with on floor   
[20:47:02]ATTACK: monkey (633) slipped NON-EXISTENT SUBJECT with on floor   
[20:47:02]ATTACK: monkey (633) slipped NON-EXISTENT SUBJECT with on floor   
[20:47:02]ATTACK: monkey (633) slipped NON-EXISTENT SUBJECT with on floor   
[20:47:02]ATTACK: monkey (633) slipped NON-EXISTENT SUBJECT with on floor   
[20:47:06]ATTACK: monkey (565) slipped NON-EXISTENT SUBJECT with on floor   
[20:47:10]ATTACK: monkey (273) slipped NON-EXISTENT SUBJECT with on floor   
[20:47:10]ATTACK: monkey (435) slipped NON-EXISTENT SUBJECT with on floor   
[20:47:18]ATTACK: monkey (47) slipped NON-EXISTENT SUBJECT with on floor   
[20:47:18]ATTACK: monkey (922) slipped NON-EXISTENT SUBJECT with on floor   
[20:47:18]ATTACK: monkey (633) slipped NON-EXISTENT SUBJECT with on floor   
[20:47:18]ATTACK: monkey (47) hit monkey (633) with The blue glitter bomb (NEWHP: 84) (161,117,1)
[20:47:19]ATTACK: monkey (633) slipped NON-EXISTENT SUBJECT with on floor   
[20:47:19]ATTACK: monkey (633) slipped NON-EXISTENT SUBJECT with on floor   
[20:47:19]ATTACK: monkey (633) slipped NON-EXISTENT SUBJECT with on floor   
[20:47:19]ATTACK: monkey (922) slipped NON-EXISTENT SUBJECT with on floor   
[20:47:19]ATTACK: monkey (922) slipped NON-EXISTENT SUBJECT with on floor   
[20:47:19]ATTACK: monkey (922) slipped NON-EXISTENT SUBJECT with on floor   
[20:47:27]ATTACK: monkey (273) slipped NON-EXISTENT SUBJECT with on floor   
[20:47:27]ATTACK: monkey (435) slipped NON-EXISTENT SUBJECT with on floor   
[20:47:32]ATTACK: monkey (47) slipped NON-EXISTENT SUBJECT with on floor   
[20:47:40]ATTACK: monkey (922) slipped NON-EXISTENT SUBJECT with on floor   
[20:47:40]ATTACK: monkey (273) slipped NON-EXISTENT SUBJECT with on floor   
[20:47:40]ATTACK: monkey (633) slipped NON-EXISTENT SUBJECT with on floor   
[20:47:40]ATTACK: monkey (922) slipped NON-EXISTENT SUBJECT with on floor   
[20:47:40]ATTACK: monkey (922) slipped NON-EXISTENT SUBJECT with on floor   
[20:47:40]ATTACK: monkey (922) slipped NON-EXISTENT SUBJECT with on floor   
[20:47:44]ATTACK: monkey (435) slipped NON-EXISTENT SUBJECT with on floor   
[20:47:44]ATTACK: monkey (435) slipped NON-EXISTENT SUBJECT with on floor   
[20:47:44]ATTACK: monkey (435) slipped NON-EXISTENT SUBJECT with on floor   
[20:47:44]ATTACK: monkey (435) slipped NON-EXISTENT SUBJECT with on floor   
[20:47:46]ATTACK: monkey (47) slipped NON-EXISTENT SUBJECT with on floor   
[20:47:46]ATTACK: monkey (565) slipped NON-EXISTENT SUBJECT with on floor   
[20:47:46]ATTACK: monkey (47) slipped NON-EXISTENT SUBJECT with on floor   
[20:47:46]ATTACK: monkey (47) slipped NON-EXISTENT SUBJECT with on floor   
[20:47:46]ATTACK: monkey (47) slipped NON-EXISTENT SUBJECT with on floor   
[20:47:58]ATTACK: monkey (435) slipped NON-EXISTENT SUBJECT with on floor   
[20:47:58]ATTACK: monkey (435) slipped NON-EXISTENT SUBJECT with on floor   
[20:47:58]ATTACK: monkey (435) slipped NON-EXISTENT SUBJECT with on floor   
[20:47:58]ATTACK: monkey (435) slipped NON-EXISTENT SUBJECT with on floor   
[20:48:00]ATTACK: monkey (633) slipped NON-EXISTENT SUBJECT with on floor   
[20:48:00]ATTACK: monkey (273) slipped NON-EXISTENT SUBJECT with on floor   
[20:48:08]ATTACK: monkey (47) slipped NON-EXISTENT SUBJECT with on floor   
[20:48:16]ATTACK: monkey (273) slipped NON-EXISTENT SUBJECT with on floor   
[20:48:16]ATTACK: monkey (273) slipped NON-EXISTENT SUBJECT with on floor   
[20:48:16]ATTACK: monkey (273) slipped NON-EXISTENT SUBJECT with on floor   
[20:48:16]ATTACK: monkey (273) slipped NON-EXISTENT SUBJECT with on floor   
[20:48:22]ATTACK: monkey (565) slipped NON-EXISTENT SUBJECT with on floor   
[20:48:22]ATTACK: monkey (922) slipped NON-EXISTENT SUBJECT with on floor   
[20:48:22]ATTACK: monkey (633) slipped NON-EXISTENT SUBJECT with on floor   
[20:48:28]ATTACK: monkey (435) slipped NON-EXISTENT SUBJECT with on floor   
[20:48:28]ATTACK: monkey (47) slipped NON-EXISTENT SUBJECT with on floor   
[20:48:28]ATTACK: monkey (435) slipped NON-EXISTENT SUBJECT with on floor   
[20:48:28]ATTACK: monkey (435) slipped NON-EXISTENT SUBJECT with on floor   
[20:48:28]ATTACK: monkey (435) slipped NON-EXISTENT SUBJECT with on floor   
[20:48:30]ATTACK: monkey (273) slipped NON-EXISTENT SUBJECT with on floor   
[20:48:35]ATTACK: monkey (633) slipped NON-EXISTENT SUBJECT with on floor   
[20:48:39]ATTACK: monkey (922) slipped NON-EXISTENT SUBJECT with on floor   
[20:48:39]ATTACK: monkey (922) slipped NON-EXISTENT SUBJECT with on floor   
[20:48:39]ATTACK: monkey (922) slipped NON-EXISTENT SUBJECT with on floor   
[20:48:39]ATTACK: monkey (922) slipped NON-EXISTENT SUBJECT with on floor   
[20:48:41]ATTACK: monkey (565) slipped NON-EXISTENT SUBJECT with on floor   
[20:48:49]ATTACK: monkey (633) slipped NON-EXISTENT SUBJECT with on floor   
[20:48:49]ATTACK: monkey (47) slipped NON-EXISTENT SUBJECT with on floor   
[20:48:53]ATTACK: monkey (273) slipped NON-EXISTENT SUBJECT with on floor   
[20:48:53]ATTACK: monkey (565) hit monkey (273) with The blue glitter bomb (NEWHP: 85) (160,116,1)
[20:48:59]ATTACK: monkey (435) slipped NON-EXISTENT SUBJECT with on floor   
[20:48:59]ATTACK: monkey (565) slipped NON-EXISTENT SUBJECT with on floor   
[20:49:06]ATTACK: monkey (273) slipped NON-EXISTENT SUBJECT with on floor   
[20:49:10]ATTACK: monkey (633) slipped NON-EXISTENT SUBJECT with on floor   
[20:49:10]ATTACK: monkey (633) slipped NON-EXISTENT SUBJECT with on floor   
[20:49:10]ATTACK: monkey (633) slipped NON-EXISTENT SUBJECT with on floor   
[20:49:11]ATTACK: monkey (633) slipped NON-EXISTENT SUBJECT with on floor   
[20:49:12]ATTACK: monkey (435) slipped NON-EXISTENT SUBJECT with on floor   
[20:49:15]ATTACK: monkey (565) slipped NON-EXISTENT SUBJECT with on floor   
[20:49:17]ATTACK: monkey (47) slipped NON-EXISTENT SUBJECT with on floor   
[20:49:17]ATTACK: monkey (922) slipped NON-EXISTENT SUBJECT with on floor   
[20:49:25]ATTACK: monkey (633) slipped NON-EXISTENT SUBJECT with on floor   
[20:49:25]ATTACK: monkey (435) slipped NON-EXISTENT SUBJECT with on floor   
[20:49:33]ATTACK: monkey (47) slipped NON-EXISTENT SUBJECT with on floor   
[20:49:33]ATTACK: monkey (47) slipped NON-EXISTENT SUBJECT with on floor   
[20:49:33]ATTACK: monkey (47) slipped NON-EXISTENT SUBJECT with on floor   
[20:49:33]ATTACK: monkey (47) slipped NON-EXISTENT SUBJECT with on floor   
[20:49:35]ATTACK: monkey (922) slipped NON-EXISTENT SUBJECT with on floor   
[20:49:37]ATTACK: monkey (565) slipped NON-EXISTENT SUBJECT with on floor   
[20:49:37]ATTACK: monkey (633) slipped NON-EXISTENT SUBJECT with on floor   
[20:49:39]ATTACK: monkey (435) slipped NON-EXISTENT SUBJECT with on floor   
[20:49:39]ATTACK: monkey (273) slipped NON-EXISTENT SUBJECT with on floor   
[20:49:45]ATTACK: monkey (47) slipped NON-EXISTENT SUBJECT with on floor   
[20:49:51]ATTACK: monkey (565) slipped NON-EXISTENT SUBJECT with on floor   
[20:49:51]ATTACK: monkey (273) slipped NON-EXISTENT SUBJECT with on floor   
