

Starting up. 13:15:39
---------------------


Starting up. 13:16:15
---------------------


Starting up. 13:16:45
---------------------
[13:18:00]ATTACK: Abel Kuznetsov slipped NON-EXISTENT SUBJECT with on floor   
[13:18:02]ATTACK: Shannah Hujsak slipped NON-EXISTENT SUBJECT with on floor   
[13:25:51]ATTACK: Flamescale Zakuto(firesho) grabbed Anjelica Gettemy with aggressively (NEWHP: 100) (134,109,1)
[13:26:16]ATTACK: Flamescale Zakuto(firesho) operated Anjelica Gettemy with Operation type: organ manipulation, location: head (NEWHP: 100) (134,108,1)
[13:28:05]ATTACK: Flamescale Zakuto(firesho) shaked Anjelica Gettemy with  (NEWHP: 70) (134,108,1)
[13:28:13]ATTACK: Flamescale Zakuto(firesho) grabbed Anjelica Gettemy with aggressively (NEWHP: 70) (134,108,1)
[13:28:19]ATTACK: Flamescale Zakuto(firesho) disarmed Anjelica Gettemy with  pushing them to the ground (NEWHP: 70) (134,108,1)
[13:28:31]ATTACK: Flamescale Zakuto(firesho) attacked Anjelica Gettemy with hemostat(INTENT: DISARM) (DAMTYPE: BRUTE) (NEWHP: 70) (134,108,1)
[13:29:25]ATTACK: Flamescale Zakuto(firesho) fed Anjelica Gettemy with styptic_powder(20 units);  (NEWHP: 100) (134,108,1)
[13:29:47]ATTACK: Flamescale Zakuto(firesho) operated Anjelica Gettemy with Operation type: organ manipulation, location: eyes (NEWHP: 100) (134,108,1)
[13:29:57]ATTACK: Flamescale Zakuto(firesho) attacked Anjelica Gettemy with electric razor(INTENT: HELP) (DAMTYPE: BRUTE) (NEWHP: 100) (134,108,1)
[13:30:23]ATTACK: Flamescale Zakuto(firesho) attacked Anjelica Gettemy with scalpel(INTENT: HELP) (DAMTYPE: BRUTE) (NEWHP: 90) (134,108,1)
[13:31:45]ATTACK: Flamescale Zakuto(firesho) surgically removed eyes from Anjelica Gettemy with INTENT: HELP (NEWHP: 100) (134,108,1)
[13:32:49]ATTACK: Flamescale Zakuto(firesho) attacked Anjelica Gettemy with surgical drill(INTENT: HELP) (DAMTYPE: BRUTE) (NEWHP: 85) (134,108,1)
[13:32:54]ATTACK: Flamescale Zakuto(firesho) attacked Anjelica Gettemy with surgical drill(INTENT: HELP) (DAMTYPE: BRUTE) (NEWHP: 70) (134,108,1)
[13:33:49]ATTACK: Flamescale Zakuto(firesho) operated Anjelica Gettemy with Operation type: amputation, location: l_arm (NEWHP: 100) (134,108,1)
[13:35:21]ATTACK: Flamescale Zakuto(firesho) operated Anjelica Gettemy with Operation type: amputation, location: l_leg (NEWHP: 100) (134,108,1)
[13:35:46]ATTACK: Flamescale Zakuto(firesho) attacked Anjelica Gettemy with circular saw(INTENT: HELP) (DAMTYPE: BRUTE) (NEWHP: 85) (134,108,1)
[13:37:47]ATTACK: Flamescale Zakuto(firesho) attacked Anjelica Gettemy with left leg(INTENT: HELP) (DAMTYPE: BRUTE) (NEWHP: 97) (134,108,1)
[13:37:58]ATTACK: Flamescale Zakuto(firesho) operated Anjelica Gettemy with Operation type: prosthetic replacement, location: l_leg (NEWHP: 97) (134,108,1)
[13:40:48]ATTACK: Flamescale Zakuto(firesho) operated Anjelica Gettemy with Operation type: amputation, location: r_leg (NEWHP: 97) (134,108,1)
[13:43:16]ATTACK: Flamescale Zakuto(firesho) operated Anjelica Gettemy with Operation type: prosthetic replacement, location: r_leg (NEWHP: 100) (134,108,1)
[13:44:26]ATTACK: Flamescale Zakuto(firesho) shaked Anjelica Gettemy with  (NEWHP: 76) (134,108,1)
[13:45:19]ATTACK: Flamescale Zakuto(firesho) grabbed Anjelica Gettemy with aggressively (NEWHP: 100) (133,108,1)
[13:45:30]ATTACK: Flamescale Zakuto(firesho) shaked Anjelica Gettemy with  (NEWHP: 100) (134,108,1)
[13:46:00]ATTACK: Flamescale Zakuto(firesho) attacked Anjelica Gettemy with scalpel(INTENT: GRAB) (DAMTYPE: BRUTE) (NEWHP: 90) (133,108,1)
[13:46:04]ATTACK: Flamescale Zakuto(firesho) grabbed Anjelica Gettemy with aggressively (NEWHP: 90) (133,108,1)
[13:47:31]ATTACK: Flamescale Zakuto(firesho) operated Anjelica Gettemy with Operation type: amputation, location: r_leg (NEWHP: 100) (134,108,1)
[13:47:57]ATTACK: Flamescale Zakuto(firesho) attacked Anjelica Gettemy with scalpel(INTENT: GRAB) (DAMTYPE: BRUTE) (NEWHP: 90) (134,108,1)
[13:48:51]ATTACK: Flamescale Zakuto(firesho) attacked Anjelica Gettemy with retractor(INTENT: HELP) (DAMTYPE: BRUTE) (NEWHP: 100) (134,108,1)
[13:48:57]ATTACK: Flamescale Zakuto(firesho) attacked Anjelica Gettemy with retractor(INTENT: HELP) (DAMTYPE: BRUTE) (NEWHP: 100) (134,108,1)
[13:49:35]ATTACK: Flamescale Zakuto(firesho) shaked Anjelica Gettemy with  (NEWHP: 84) (134,108,1)
[13:49:43]ATTACK: Flamescale Zakuto(firesho) grabbed Anjelica Gettemy with aggressively (NEWHP: 94) (134,108,1)
[13:49:51]ATTACK: Flamescale Zakuto(firesho) attacked Anjelica Gettemy with scalpel(INTENT: GRAB) (DAMTYPE: BRUTE) (NEWHP: 90) (134,108,1)
[13:50:31]ATTACK: Flamescale Zakuto(firesho) operated Anjelica Gettemy with Operation type: prosthetic replacement, location: r_leg (NEWHP: 100) (134,108,1)
[13:52:04]ATTACK: Flamescale Zakuto(firesho) operated Anjelica Gettemy with Operation type: prosthetic replacement, location: l_leg (NEWHP: 100) (134,108,1)
[13:53:01]ATTACK: Flamescale Zakuto(firesho) shaked Anjelica Gettemy with  (NEWHP: 96) (134,108,1)
[15:29:14]ATTACK: Tob shell 653 - Default(riki2321gamer) flashed Flamescale Zakuto(firesho) with The flash (NEWHP: 100) (172,98,2)
[16:53:31]ATTACK: Colton Sanders(athirson) implanted Colton Sanders(athirson) with mindshield implant (NEWHP: 100) (155,76,2)
[16:55:24]ATTACK: Colton Sanders(athirson) attacked Colton Sanders(athirson) with spellbook of forcewall(INTENT: HELP) (DAMTYPE: BRUTE) (NEWHP: 100) (154,76,2)
[17:07:12]ATTACK: Angry Stick Man fired at Colton Sanders(athirson) with The bullet The Unexplored Location (NEWHP: 100) (144,163,8)
[17:07:12]ATTACK: Angry Stick Man fired at Colton Sanders(athirson) with The bullet The Unexplored Location (NEWHP: 100) (144,163,8)
[17:07:13]ATTACK: Angry Stick Man shot Colton Sanders(athirson) with The bullet (NEWHP: 100) (144,163,8)
[17:07:14]ATTACK: Angry Stick Man attacked Colton Sanders(athirson) with  (NEWHP: 100) (144,163,8)
[17:07:14]ATTACK: Angry Stick Man attacked Colton Sanders(athirson) with  (NEWHP: 100) (144,163,8)
[17:07:14]ATTACK: Angry Stick Dog attacked Colton Sanders(athirson) with  (NEWHP: 100) (144,163,8)
[17:07:16]ATTACK: Angry Stick Man attacked Colton Sanders(athirson) with  (NEWHP: 100) (144,162,8)
[17:07:16]ATTACK: Angry Stick Dog attacked Colton Sanders(athirson) with  (NEWHP: 100) (144,162,8)
[17:07:16]ATTACK: Angry Stick Man fired at Colton Sanders(athirson) with The bullet The Unexplored Location (NEWHP: 100) (144,162,8)
[17:07:16]ATTACK: Angry Stick Man attacked Colton Sanders(athirson) with  (NEWHP: 100) (144,162,8)
[17:07:16]ATTACK: Angry Stick Dog attacked Colton Sanders(athirson) with  (NEWHP: 100) (144,162,8)
[17:07:16]ATTACK: Angry Stick Man fired at Colton Sanders(athirson) with The bullet The Unexplored Location (NEWHP: 100) (144,162,8)
[17:07:16]ATTACK: Angry Stick Dog attacked Colton Sanders(athirson) with  (NEWHP: 100) (144,162,8)
[17:07:17]ATTACK: Angry Stick Man shot Angry Stick Dog with The bullet (NEWHP: 70) (145,162,8)
[17:07:18]ATTACK: Angry Stick Dog attacked Colton Sanders(athirson) with  (NEWHP: 100) (142,162,8)
[17:07:18]ATTACK: Angry Stick Dog attacked Colton Sanders(athirson) with  (NEWHP: 100) (141,162,8)
[17:07:18]ATTACK: Angry Stick Dog attacked Colton Sanders(athirson) with  (NEWHP: 100) (141,162,8)
[17:07:18]ATTACK: Angry Stick Man fired at Colton Sanders(athirson) with The bullet The Unexplored Location (NEWHP: 100) (141,162,8)
[17:07:19]ATTACK: Angry Stick Man shot Angry Stick Dog with The bullet (NEWHP: 70) (142,161,8)
[17:07:20]ATTACK: Angry Stick Man attacked Colton Sanders(athirson) with  (NEWHP: 100) (141,165,8)
[17:07:20]ATTACK: Angry Stick Man attacked Colton Sanders(athirson) with  (NEWHP: 100) (141,165,8)
[17:07:20]ATTACK: Angry Stick Dog attacked Colton Sanders(athirson) with  (NEWHP: 100) (141,165,8)
[17:07:22]ATTACK: Angry Stick Man attacked Colton Sanders(athirson) with  (NEWHP: 100) (141,165,8)
[17:07:22]ATTACK: Angry Stick Man attacked Colton Sanders(athirson) with  (NEWHP: 100) (141,165,8)
[17:07:22]ATTACK: Angry Stick Dog attacked Colton Sanders(athirson) with  (NEWHP: 100) (141,165,8)
[17:08:08]ATTACK: Colton Sanders(athirson) slipped NON-EXISTENT SUBJECT with on floor   
[17:08:08]ATTACK: Colton Sanders(athirson) slipped NON-EXISTENT SUBJECT with on floor   
[17:08:08]ATTACK: Colton Sanders(athirson) slipped NON-EXISTENT SUBJECT with on floor   
[17:08:08]ATTACK: Colton Sanders(athirson) slipped NON-EXISTENT SUBJECT with on floor   
[17:08:09]ATTACK: Colton Sanders(athirson) slipped NON-EXISTENT SUBJECT with on floor   
[17:08:23]ATTACK: Colton Sanders(athirson) slipped NON-EXISTENT SUBJECT with on floor   
[17:08:23]ATTACK: Colton Sanders(athirson) slipped NON-EXISTENT SUBJECT with on floor   
[17:08:23]ATTACK: Colton Sanders(athirson) slipped NON-EXISTENT SUBJECT with on floor   
[17:08:23]ATTACK: Colton Sanders(athirson) slipped NON-EXISTENT SUBJECT with on floor   
[17:08:38]ATTACK: Colton Sanders(athirson) slipped NON-EXISTENT SUBJECT with on floor   
[17:08:38]ATTACK: Colton Sanders(athirson) slipped NON-EXISTENT SUBJECT with on floor   
[17:08:38]ATTACK: Colton Sanders(athirson) slipped NON-EXISTENT SUBJECT with on floor   
[17:08:38]ATTACK: Colton Sanders(athirson) slipped NON-EXISTENT SUBJECT with on floor   
[17:08:38]ATTACK: Colton Sanders(athirson) slipped NON-EXISTENT SUBJECT with on floor   
[17:08:48]ATTACK: Colton Sanders(athirson) slipped NON-EXISTENT SUBJECT with on floor   
[17:08:48]ATTACK: Colton Sanders(athirson) slipped NON-EXISTENT SUBJECT with on floor   
[17:08:48]ATTACK: Colton Sanders(athirson) slipped NON-EXISTENT SUBJECT with on floor   
[17:08:48]ATTACK: Colton Sanders(athirson) slipped NON-EXISTENT SUBJECT with on floor   
[17:08:58]ATTACK: Colton Sanders(athirson) slipped NON-EXISTENT SUBJECT with on floor   
[17:08:58]ATTACK: Colton Sanders(athirson) slipped NON-EXISTENT SUBJECT with on floor   
[17:08:58]ATTACK: Colton Sanders(athirson) slipped NON-EXISTENT SUBJECT with on floor   
[17:08:58]ATTACK: Colton Sanders(athirson) slipped NON-EXISTENT SUBJECT with on floor   
[17:10:09]ATTACK: Colton Sanders(athirson) slipped NON-EXISTENT SUBJECT with on floor   
[17:10:09]ATTACK: Colton Sanders(athirson) slipped NON-EXISTENT SUBJECT with on floor   
[17:10:09]ATTACK: Colton Sanders(athirson) slipped NON-EXISTENT SUBJECT with on floor   
[17:10:21]ATTACK: Colton Sanders(athirson) slipped NON-EXISTENT SUBJECT with on floor   
[17:10:21]ATTACK: Colton Sanders(athirson) slipped NON-EXISTENT SUBJECT with on floor   
[17:10:21]ATTACK: Colton Sanders(athirson) slipped NON-EXISTENT SUBJECT with on floor   
[17:10:22]ATTACK: Colton Sanders(athirson) slipped NON-EXISTENT SUBJECT with on floor   
[17:10:29]ATTACK: Colton Sanders(athirson) slipped NON-EXISTENT SUBJECT with on floor   
[17:10:37]ATTACK: Colton Sanders(athirson) slipped NON-EXISTENT SUBJECT with on floor   
[17:10:37]ATTACK: Colton Sanders(athirson) slipped NON-EXISTENT SUBJECT with on floor   
[17:10:50]ATTACK: Colton Sanders(athirson) slipped NON-EXISTENT SUBJECT with on floor   
[17:10:50]ATTACK: Colton Sanders(athirson) slipped NON-EXISTENT SUBJECT with on floor   
[17:10:51]ATTACK: Colton Sanders(athirson) slipped NON-EXISTENT SUBJECT with on floor   
[17:11:21]ATTACK: Colton Sanders(athirson) fired at bananium airlock with The bullet The Unexplored Location   (80,171,5)
[17:11:25]ATTACK: Colton Sanders(athirson) fired at reinforced wall with The bullet The Unexplored Location   (83,172,5)
[17:11:27]ATTACK: Colton Sanders(athirson) shot watcher with The bullet (NEWHP: 200) (111,171,5)
[17:11:30]ATTACK: Colton Sanders(athirson) shot goliath with The bullet (NEWHP: 300) (148,170,5)
[17:11:30]ATTACK: Colton Sanders(athirson) shot goliath with The bullet (NEWHP: 300) (153,170,5)
[17:11:30]ATTACK: Colton Sanders(athirson) shot goliath with The bullet (NEWHP: 300) (154,170,5)
[17:11:59]ATTACK: Colton Sanders(athirson) fired at Jo Jo Bobo Bo with The bullet The Unexplored Location (NEWHP: -500) (79,195,5)
[17:11:59]ATTACK: Colton Sanders(athirson) shot Jo Jo Bobo Bo with The bullet (NEWHP: -500) (79,195,5)
[17:12:13]ATTACK: Colton Sanders(athirson) fired at watcher with The bullet Lavaland Wastes (NEWHP: 200) (63,187,5)
[17:12:13]ATTACK: watcher fired at Colton Sanders(athirson) with The freezing blast Lavaland Wastes (NEWHP: 100) (67,191,5)
[17:12:13]ATTACK: Colton Sanders(athirson) shot watcher with The bullet (NEWHP: 200) (63,187,5)
[17:12:14]ATTACK: Colton Sanders(athirson) fired at watcher with The bullet Lavaland Wastes (NEWHP: 200) (63,187,5)
[17:12:14]ATTACK: Colton Sanders(athirson) shot watcher with The bullet (NEWHP: 200) (63,187,5)
[17:12:15]ATTACK: Colton Sanders(athirson) fired at watcher with The bullet Lavaland Wastes (NEWHP: 200) (63,186,5)
[17:12:15]ATTACK: Colton Sanders(athirson) shot watcher with The bullet (NEWHP: 200) (64,187,5)
[17:12:16]ATTACK: Colton Sanders(athirson) shot watcher with The bullet (NEWHP: 200) (51,174,5)
[17:12:16]ATTACK: watcher fired at Colton Sanders(athirson) with The freezing blast Lavaland Wastes (NEWHP: 100) (68,191,5)
[17:12:17]ATTACK: Colton Sanders(athirson) shot watcher with The bullet (NEWHP: 200) (51,174,5)
[17:12:17]ATTACK: watcher shot Colton Sanders(athirson) with The freezing blast (NEWHP: 100) (68,191,5)
[17:12:20]ATTACK: watcher fired at Colton Sanders(athirson) with The freezing blast Lavaland Wastes (NEWHP: 100) (70,192,5)
[17:14:36]ATTACK: Colton Sanders(athirson) fired at healing fountain with The bullet The Unexplored Location   (129,131,5)
[17:14:37]ATTACK: Colton Sanders(athirson) fired at butterfly with The bullet The Unexplored Location (NEWHP: 2) (128,130,5)
[17:14:37]ATTACK: Colton Sanders(athirson) shot butterfly with The bullet (NEWHP: 2) (128,130,5)
[17:14:39]ATTACK: Colton Sanders(athirson) fired at butterfly with The bullet The Unexplored Location (NEWHP: 2) (130,130,5)
[17:14:39]ATTACK: Colton Sanders(athirson) shot butterfly with The bullet (NEWHP: 2) (130,130,5)
[17:14:41]ATTACK: Colton Sanders(athirson) fired at rock with The bullet The Unexplored Location   (129,133,5)
[17:15:03]ATTACK: undead eskimo attacked Colton Sanders(athirson) with  (NEWHP: 100) (96,63,5)
[17:15:05]ATTACK: undead eskimo attacked Colton Sanders(athirson) with  (NEWHP: 100) (96,65,5)
[17:15:05]ATTACK: Colton Sanders(athirson) fired at snow with The instagib laser The Unexplored Location   (96,62,5)
[17:15:06]ATTACK: Colton Sanders(athirson) shot undead eskimo with The instagib laser (NEWHP: 0) 
[17:16:06]ATTACK: Colton Sanders(athirson) fired at plating with The instagib laser The Unexplored Location   (97,70,5)
[17:16:06]ATTACK: Colton Sanders(athirson) shot undead eskimo with The instagib laser (NEWHP: 0) 
[17:17:58]ATTACK: Colton Sanders(athirson) fired at display case with The instagib laser The Unexplored Location   (92,64,5)
[17:18:06]ATTACK: Colton Sanders(athirson) fired at dog bed with The accelerator banana The Unexplored Location   (99,64,5)
[17:20:06]ATTACK: Colton Sanders(athirson) fired at rock with The instagib laser Lavaland Wastes   (168,161,5)
[17:26:59]ATTACK: Colton Sanders(athirson) fired at plating with The bullet The Unexplored Location   (66,199,8)
[17:26:59]ATTACK: Colton Sanders(athirson) shot Carl Johnson(kauasilvaferreiradia) with The bullet (NEWHP: 87) (66,199,8)
[17:27:11]ATTACK: Carl Johnson(kauasilvaferreiradia) attempted to touch Colton Sanders(athirson) with  (NEWHP: 100) (63,198,8)
[17:30:07]ATTACK: Flamescale Zakuto(firesho) fired at reinforced wall with The blade energy The Unexplored Location   (59,197,8)
[17:30:08]ATTACK: Flamescale Zakuto(firesho) fired at reinforced wall with The blade energy The Unexplored Location   (59,197,8)
[17:30:08]ATTACK: Flamescale Zakuto(firesho) fired at reinforced wall with The blade energy The Unexplored Location   (59,197,8)
[17:30:09]ATTACK: Flamescale Zakuto(firesho) fired at reinforced wall with The blade energy The Unexplored Location   (59,197,8)
[17:30:09]ATTACK: Flamescale Zakuto(firesho) fired at reinforced wall with The blade energy The Unexplored Location   (59,197,8)
[17:30:36]ATTACK: Flamescale Zakuto(firesho) fired at Colton Sanders(athirson) with The blade energy The Unexplored Location (NEWHP: 100) (63,197,8)
[17:30:36]ATTACK: Flamescale Zakuto(firesho) shot Colton Sanders(athirson) with The blade energy (NEWHP: 100) (63,197,8)
[17:36:36]ATTACK: Flamescale Zakuto(firesho) fired at space with The pulse Space   (40,130,7)
[17:37:51]ATTACK: lesser ash drake(firesho) electrified Escape Pod Airlock with    (40,181,7)
[17:37:55]ATTACK: Carl Johnson(kauasilvaferreiradia) attacked Leeann Laborde with katana(INTENT: HELP) (DAMTYPE: BRUTE) (NEWHP: 65) (49,143,1)
[17:37:56]ATTACK: Leeann Laborde attempted to touch Carl Johnson(kauasilvaferreiradia) with  (NEWHP: 87) (50,143,1)
[17:37:56]ATTACK: Carl Johnson(kauasilvaferreiradia) attacked Leeann Laborde with katana(INTENT: HELP) (DAMTYPE: BRUTE) (NEWHP: 30) (49,143,1)
[17:37:57]ATTACK: Carl Johnson(kauasilvaferreiradia) attacked Leeann Laborde with katana(INTENT: HELP) (DAMTYPE: BRUTE) (NEWHP: -5) (49,143,1)
[17:37:59]ATTACK: Carl Johnson(kauasilvaferreiradia) attacked Leeann Laborde with katana(INTENT: HELP) (DAMTYPE: BRUTE) (NEWHP: -40) (49,143,1)
[17:38:00]ATTACK: Carl Johnson(kauasilvaferreiradia) attacked Leeann Laborde with katana(INTENT: HELP) (DAMTYPE: BRUTE) (NEWHP: -76) (49,143,1)
[17:38:01]ATTACK: Carl Johnson(kauasilvaferreiradia) attacked Leeann Laborde with katana(INTENT: HELP) (DAMTYPE: BRUTE) (NEWHP: -101) (49,143,1)
[17:38:02]ATTACK: Carl Johnson(kauasilvaferreiradia) attacked Leeann Laborde with katana(INTENT: HELP) (DAMTYPE: BRUTE) (NEWHP: -101.8) (49,143,1)
[17:38:02]ATTACK: Carl Johnson(kauasilvaferreiradia) attacked Leeann Laborde with katana(INTENT: HELP) (DAMTYPE: BRUTE) (NEWHP: -101.8) (49,143,1)
[17:38:03]ATTACK: Carl Johnson(kauasilvaferreiradia) attacked Leeann Laborde with katana(INTENT: HELP) (DAMTYPE: BRUTE) (NEWHP: -102.8) (49,143,1)
[17:38:04]ATTACK: Carl Johnson(kauasilvaferreiradia) attacked Leeann Laborde with katana(INTENT: HELP) (DAMTYPE: BRUTE) (NEWHP: -102.8) (49,143,1)
[17:38:05]ATTACK: Carl Johnson(kauasilvaferreiradia) attacked Leeann Laborde with katana(INTENT: HELP) (DAMTYPE: BRUTE) (NEWHP: -137.8) (49,143,1)
[17:38:06]ATTACK: Carl Johnson(kauasilvaferreiradia) attacked Leeann Laborde with katana(INTENT: HELP) (DAMTYPE: BRUTE) (NEWHP: -178.8) (49,143,1)
[17:38:07]ATTACK: Carl Johnson(kauasilvaferreiradia) attacked Leeann Laborde with katana(INTENT: HELP) (DAMTYPE: BRUTE) (NEWHP: -219.6) (49,143,1)
[17:38:08]ATTACK: Carl Johnson(kauasilvaferreiradia) attacked Leeann Laborde with katana(INTENT: HELP) (DAMTYPE: BRUTE) (NEWHP: -259.6) (49,143,1)
[17:38:09]ATTACK: Carl Johnson(kauasilvaferreiradia) attacked Leeann Laborde with katana(INTENT: HELP) (DAMTYPE: BRUTE) (NEWHP: -260.6) (49,143,1)
[17:38:18]ATTACK: Carl Johnson(kauasilvaferreiradia) attacked Jamar Hoover with katana(INTENT: HELP) (DAMTYPE: BRUTE) (NEWHP: 60) (50,143,1)
[17:38:22]ATTACK: Jamar Hoover punched Carl Johnson(kauasilvaferreiradia) with  (NEWHP: 87) (50,140,1)
[17:38:24]ATTACK: Carl Johnson(kauasilvaferreiradia) attacked Jamar Hoover with katana(INTENT: HELP) (DAMTYPE: BRUTE) (NEWHP: 20) (50,142,1)
[17:38:28]ATTACK: Jamar Hoover attempted to touch Carl Johnson(kauasilvaferreiradia) with  (NEWHP: 87) (50,140,1)
[17:38:29]ATTACK: Carl Johnson(kauasilvaferreiradia) attacked Jamar Hoover with katana(INTENT: HELP) (DAMTYPE: BRUTE) (NEWHP: -20) (50,139,1)
[17:38:31]ATTACK: Carl Johnson(kauasilvaferreiradia) attacked Jamar Hoover with katana(INTENT: HELP) (DAMTYPE: BRUTE) (NEWHP: -62) (50,140,1)
[17:38:32]ATTACK: Carl Johnson(kauasilvaferreiradia) attacked Jamar Hoover with katana(INTENT: HELP) (DAMTYPE: BRUTE) (NEWHP: -102) (50,140,1)
[17:38:33]ATTACK: Carl Johnson(kauasilvaferreiradia) attacked Jamar Hoover with katana(INTENT: HELP) (DAMTYPE: BRUTE) (NEWHP: -142) (50,140,1)
[17:38:34]ATTACK: Carl Johnson(kauasilvaferreiradia) attacked Jamar Hoover with katana(INTENT: HELP) (DAMTYPE: BRUTE) (NEWHP: -182.5) (50,140,1)
[17:38:34]ATTACK: Carl Johnson(kauasilvaferreiradia) attacked Jamar Hoover with katana(INTENT: HELP) (DAMTYPE: BRUTE) (NEWHP: -182.5) (50,140,1)
[17:38:35]ATTACK: Carl Johnson(kauasilvaferreiradia) attacked Jamar Hoover with katana(INTENT: HELP) (DAMTYPE: BRUTE) (NEWHP: -183.5) (50,140,1)
[17:38:36]ATTACK: Carl Johnson(kauasilvaferreiradia) attacked Jamar Hoover with katana(INTENT: HELP) (DAMTYPE: BRUTE) (NEWHP: -183.5) (50,140,1)
[17:38:44]ATTACK: Carl Johnson(kauasilvaferreiradia) attacked security monkey (208) with katana(INTENT: HELP) (DAMTYPE: BRUTE) (NEWHP: 999959) (50,141,1)
[17:38:45]ATTACK: Carl Johnson(kauasilvaferreiradia) attacked security monkey (208) with katana(INTENT: HELP) (DAMTYPE: BRUTE) (NEWHP: 999919) (50,141,1)
[17:38:45]ATTACK: security monkey (208) attacked Carl Johnson(kauasilvaferreiradia) with  (NEWHP: 87) (49,141,1)
[17:38:51]ATTACK: security monkey (208) attacked Carl Johnson(kauasilvaferreiradia) with katana(INTENT: HARM) (DAMTYPE: BRUTE) (NEWHP: 87) (49,141,1)
[17:38:53]ATTACK: security monkey (208) attacked Carl Johnson(kauasilvaferreiradia) with katana(INTENT: HARM) (DAMTYPE: BRUTE) (NEWHP: 87) (49,141,1)
[17:38:55]ATTACK: security monkey (208) attacked Carl Johnson(kauasilvaferreiradia) with  (NEWHP: 87) (49,141,1)
[17:38:55]ATTACK: Carl Johnson(kauasilvaferreiradia) attacked security monkey (208) with katana(INTENT: DISARM) (DAMTYPE: BRUTE) (NEWHP: 999879) (50,141,1)
[17:38:56]ATTACK: Carl Johnson(kauasilvaferreiradia) attacked security monkey (208) with katana(INTENT: DISARM) (DAMTYPE: BRUTE) (NEWHP: 999839) (50,141,1)
[17:38:57]ATTACK: security monkey (208) attacked Carl Johnson(kauasilvaferreiradia) with  (NEWHP: 87) (49,141,1)
[17:38:57]ATTACK: Carl Johnson(kauasilvaferreiradia) attacked security monkey (208) with katana(INTENT: DISARM) (DAMTYPE: BRUTE) (NEWHP: 999799) (50,141,1)
[17:38:58]ATTACK: Carl Johnson(kauasilvaferreiradia) attacked security monkey (208) with katana(INTENT: DISARM) (DAMTYPE: BRUTE) (NEWHP: 999709) (50,141,1)
[17:41:12]ATTACK: Colton Sanders(athirson) fired at rock with The hook Space   (38,194,7)
[17:45:21]ATTACK: Colton Sanders(athirson) fired at rock with The hook Space   (184,102,9)
[17:45:23]ATTACK: Colton Sanders(athirson) fired at rock with The hook Space   (184,102,9)
[17:45:38]ATTACK: Colton Sanders(athirson) fired at rock with The hook Space   (170,95,9)
[17:45:47]ATTACK: Colton Sanders(athirson) fired at space with The hook Space   (187,93,9)
[17:46:19]ATTACK: Colton Sanders(athirson) fired at space with The hook Space   (163,79,9)
[17:46:34]ATTACK: Colton Sanders(athirson) fired at space with The hook Space   (149,83,9)
[17:46:37]ATTACK: Colton Sanders(athirson) fired at space with The hook Space   (140,76,9)
[17:47:16]ATTACK: Colton Sanders(athirson) fired at gelatinous floor with The instagib laser Derelict Outpost Cargo Bay   (88,80,7)
[17:47:16]ATTACK: Colton Sanders(athirson) shot hatchling with The instagib laser (NEWHP: 0) (88,78,7)
[17:47:17]ATTACK: Colton Sanders(athirson) fired at hatchling with The instagib laser Derelict Outpost Cargo Bay (NEWHP: 0) (88,78,7)
[17:47:17]ATTACK: Colton Sanders(athirson) shot hatchling with The instagib laser (NEWHP: 0) (88,78,7)
[17:47:36]ATTACK: Colton Sanders(athirson) fired at gelatinous floor with The instagib laser Derelict Outpost Cargo Bay   (83,79,7)
[17:47:36]ATTACK: Colton Sanders(athirson) shot hatchling with The instagib laser (NEWHP: 0) (86,79,7)
[17:47:43]ATTACK: Carl Johnson(kauasilvaferreiradia) shone in the eyes Carl Johnson(kauasilvaferreiradia) with The laser pointer (NEWHP: 87) (69,140,1)
[17:48:01]ATTACK: Colton Sanders(athirson) fired at hatchling with The instagib laser Derelict Outpost Cargo Bay (NEWHP: 25) (106,79,7)
[17:48:01]ATTACK: Colton Sanders(athirson) shot hatchling with The instagib laser (NEWHP: 0) (106,79,7)
[17:48:15]ATTACK: Colton Sanders(athirson) fired at gelatinous wall with The instagib laser Derelict Outpost Cargo Bay   (102,66,7)
[17:48:15]ATTACK: Colton Sanders(athirson) shot Miss Tiggles with The instagib laser (NEWHP: 0) (102,68,7)
[17:48:17]ATTACK: Colton Sanders(athirson) fired at hatchling with The instagib laser Derelict Outpost Cargo Bay (NEWHP: 25) (99,70,7)
[17:48:19]ATTACK: Colton Sanders(athirson) fired at hatchling with The instagib laser Derelict Outpost Cargo Bay (NEWHP: 25) (98,70,7)
[17:48:19]ATTACK: Colton Sanders(athirson) shot hatchling with The instagib laser (NEWHP: 0) (99,69,7)
[17:48:21]ATTACK: Colton Sanders(athirson) fired at gelatinous mound with The instagib laser Derelict Outpost Cargo Bay   (99,70,7)
[17:48:21]ATTACK: Colton Sanders(athirson) shot hatchling with The instagib laser (NEWHP: 0) (100,68,7)
[17:48:38]ATTACK: Colton Sanders(athirson) fired at hatchling with The instagib laser Derelict Outpost Cargo Bay (NEWHP: 25) (84,66,7)
[17:48:39]ATTACK: Colton Sanders(athirson) shot hatchling with The instagib laser (NEWHP: 0) (85,66,7)
[17:54:37]ATTACK: Colton Sanders(athirson) climbed onto critter crate - mr.tiggles with    (83,85,7)
[17:54:44]ATTACK: Colton Sanders(athirson) climbed onto radiation crate with    (83,86,7)
[17:54:52]ATTACK: Colton Sanders(athirson) climbed onto medical crate with    (83,87,7)
[17:54:57]ATTACK: Colton Sanders(athirson) climbed onto medical crate with    (82,87,7)
[17:55:01]ATTACK: Colton Sanders(athirson) climbed onto medical crate with    (83,87,7)
[17:55:06]ATTACK: Colton Sanders(athirson) climbed onto engineering crate with    (84,87,7)
[17:55:13]ATTACK: Colton Sanders(athirson) climbed onto engineering crate with    (84,86,7)
[17:55:20]ATTACK: Colton Sanders(athirson) climbed onto radiation crate with    (83,86,7)
[17:55:24]ATTACK: Colton Sanders(athirson) climbed onto critter crate - mr.tiggles with    (83,85,7)
[17:55:26]ATTACK: Colton Sanders(athirson) climbed onto radiation crate with    (83,86,7)
[17:55:29]ATTACK: Colton Sanders(athirson) climbed onto critter crate - mr.tiggles with    (83,85,7)
[17:55:57]ATTACK: Flamescale Zakuto(firesho) fired at hyper-reinforced wall with The pulse Monkey Base Station   (239,188,1)
[17:55:58]ATTACK: Flamescale Zakuto(firesho) fired at hyper-reinforced wall with The pulse Monkey Base Station   (239,188,1)
[17:55:58]ATTACK: Flamescale Zakuto(firesho) fired at hyper-reinforced wall with The pulse Monkey Base Station   (239,188,1)
[17:55:59]ATTACK: Flamescale Zakuto(firesho) fired at hyper-reinforced wall with The pulse Monkey Base Station   (239,188,1)
[17:55:59]ATTACK: Flamescale Zakuto(firesho) fired at hyper-reinforced wall with The pulse Monkey Base Station   (239,188,1)
[17:56:00]ATTACK: Flamescale Zakuto(firesho) fired at hyper-reinforced wall with The pulse Monkey Base Station   (239,188,1)
[17:56:01]ATTACK: Flamescale Zakuto(firesho) fired at hyper-reinforced wall with The pulse Monkey Base Station   (239,188,1)
[17:56:02]ATTACK: Flamescale Zakuto(firesho) fired at hyper-reinforced wall with The pulse Monkey Base Station   (239,188,1)
[17:56:02]ATTACK: Flamescale Zakuto(firesho) fired at hyper-reinforced wall with The pulse Monkey Base Station   (239,188,1)
[17:56:03]ATTACK: Flamescale Zakuto(firesho) fired at hyper-reinforced wall with The pulse Monkey Base Station   (239,188,1)
[17:56:03]ATTACK: Flamescale Zakuto(firesho) fired at hyper-reinforced wall with The pulse Monkey Base Station   (239,188,1)
[17:56:04]ATTACK: Flamescale Zakuto(firesho) fired at hyper-reinforced wall with The pulse Monkey Base Station   (239,188,1)
[17:56:04]ATTACK: Flamescale Zakuto(firesho) fired at hyper-reinforced wall with The pulse Monkey Base Station   (239,187,1)
[17:56:05]ATTACK: Flamescale Zakuto(firesho) fired at hyper-reinforced wall with The pulse Monkey Base Station   (239,187,1)
[17:56:05]ATTACK: Flamescale Zakuto(firesho) fired at hyper-reinforced wall with The pulse Monkey Base Station   (239,187,1)
[17:56:06]ATTACK: Flamescale Zakuto(firesho) fired at hyper-reinforced wall with The pulse Monkey Base Station   (239,187,1)
[17:56:06]ATTACK: Flamescale Zakuto(firesho) fired at hyper-reinforced wall with The pulse Monkey Base Station   (239,187,1)
[17:56:07]ATTACK: Flamescale Zakuto(firesho) fired at hyper-reinforced wall with The pulse Monkey Base Station   (239,187,1)
[17:57:50]ATTACK: NON-EXISTENT USER electrified gold airlock with    (191,205,1)
[17:58:14]ATTACK: NON-EXISTENT USER electrified Solar Maintenance with    (195,74,1)
[17:58:25]ATTACK: NON-EXISTENT USER electrified External Access with    (175,69,1)
[17:58:27]ATTACK: NON-EXISTENT USER electrified External Access with    (176,70,1)
[17:58:29]ATTACK: NON-EXISTENT USER electrified Port Docking Bay 2 with    (46,133,1)
[17:58:52]ATTACK: NON-EXISTENT USER electrified Solar Maintenance with    (195,76,1)
[17:58:58]ATTACK: NON-EXISTENT USER electrified Cargo Escape Airlock with    (199,129,1)
[17:59:08]ATTACK: NON-EXISTENT USER electrified MiniSat Service Bay with    (152,51,1)
[17:59:42]ATTACK: NON-EXISTENT USER electrified Supply Dock Airlock with    (69,116,1)
[17:59:44]ATTACK: NON-EXISTENT USER electrified Engineering External Access with    (104,68,1)
[17:59:59]ATTACK: NON-EXISTENT USER electrified Construction Zone with    (35,159,1)
[18:00:26]ATTACK: NON-EXISTENT USER electrified maintenance access with    (179,73,1)
[18:01:00]ATTACK: NON-EXISTENT USER electrified external airlock with    (201,85,1)
[18:01:27]ATTACK: NON-EXISTENT USER electrified MiniSat Atmospherics with    (148,51,1)
[18:01:50]ATTACK: NON-EXISTENT USER electrified Port Docking Bay 3 with    (45,125,1)
[18:01:50]ATTACK: NON-EXISTENT USER electrified MiniSat Access with    (127,68,1)
[18:02:01]ATTACK: NON-EXISTENT USER electrified Disposal Access with    (58,124,1)
[18:02:08]ATTACK: NON-EXISTENT USER electrified Cargo Escape Airlock with    (194,129,1)
[18:02:28]ATTACK: NON-EXISTENT USER electrified Port Docking Bay 3 with    (45,127,1)
[18:02:44]ATTACK: Carl Johnson(kauasilvaferreiradia) punched Carl Johnson(kauasilvaferreiradia) with  (NEWHP: 87) (120,116,1)
[18:02:47]ATTACK: Carl Johnson(kauasilvaferreiradia) punched Carl Johnson(kauasilvaferreiradia) with  (NEWHP: 87) (120,116,1)
[18:02:48]ATTACK: Carl Johnson(kauasilvaferreiradia) punched Carl Johnson(kauasilvaferreiradia) with  (NEWHP: 87) (120,116,1)
[18:03:18]ATTACK: Colton Sanders(athirson) fired at space with The hook Space   (216,76,10)
[18:04:08]ATTACK: Angry Stick Man fired at Colton Sanders(athirson) with The bullet The Unexplored Location (NEWHP: 100) (144,163,8)
[18:04:08]ATTACK: Angry Stick Man fired at Colton Sanders(athirson) with The bullet The Unexplored Location (NEWHP: 100) (144,163,8)
[18:04:08]ATTACK: Angry Stick Man fired at Colton Sanders(athirson) with The bullet The Unexplored Location (NEWHP: 100) (144,163,8)
[18:04:08]ATTACK: Angry Stick Man fired at Colton Sanders(athirson) with The bullet The Unexplored Location (NEWHP: 100) (144,163,8)
[18:04:08]ATTACK: Angry Stick Man shot Colton Sanders(athirson) with The bullet (NEWHP: 100) (144,163,8)
[18:04:08]ATTACK: Angry Stick Man shot Angry Stick Man with The bullet (NEWHP: 70) (141,163,8)
[18:05:05]ATTACK: Colton Sanders(athirson) fired at thick paper wall with The instagib laser The Unexplored Location   (147,170,8)
[18:05:06]ATTACK: Colton Sanders(athirson) fired at thick paper wall with The instagib laser The Unexplored Location   (148,169,8)
[18:05:06]ATTACK: Colton Sanders(athirson) shot Angry Stick Dog with The instagib laser (NEWHP: 0) (150,169,8)
[18:05:14]ATTACK: Angry Stick Man fired at Colton Sanders(athirson) with The bullet The Unexplored Location (NEWHP: 100) (143,172,8)
[18:05:14]ATTACK: Angry Stick Man shot Colton Sanders(athirson) with The bullet (NEWHP: 100) (143,172,8)
[18:05:14]ATTACK: Colton Sanders(athirson) fired at dense lining of papers with The instagib laser The Unexplored Location   (143,168,8)
[18:05:15]ATTACK: Colton Sanders(athirson) fired at notebook floor with The instagib laser The Unexplored Location   (143,167,8)
[18:05:16]ATTACK: Angry Stick Man fired at Colton Sanders(athirson) with The bullet The Unexplored Location (NEWHP: 100) (143,170,8)
[18:05:18]ATTACK: Angry Stick Man fired at Colton Sanders(athirson) with The bullet The Unexplored Location (NEWHP: 100) (143,167,8)
[18:05:20]ATTACK: Angry Stick Man fired at Colton Sanders(athirson) with The bullet The Unexplored Location (NEWHP: 100) (146,165,8)
[18:05:20]ATTACK: Angry Stick Man shot Colton Sanders(athirson) with The bullet (NEWHP: 100) (146,165,8)
[18:05:21]ATTACK: Colton Sanders(athirson) fired at notebook floor with The instagib laser The Unexplored Location   (151,165,8)
[18:05:21]ATTACK: Colton Sanders(athirson) shot Angry Stick Man with The instagib laser (NEWHP: 0) (150,165,8)
[18:05:22]ATTACK: Colton Sanders(athirson) fired at Angry Stick Man with The instagib laser The Unexplored Location (NEWHP: 100) (150,165,8)
[18:05:22]ATTACK: Colton Sanders(athirson) shot Angry Stick Man with The instagib laser (NEWHP: 0) (150,165,8)
[18:05:24]ATTACK: Colton Sanders(athirson) fired at notebook floor with The instagib laser The Unexplored Location   (152,165,8)
[18:05:24]ATTACK: Colton Sanders(athirson) shot Angry Stick Man with The instagib laser (NEWHP: 0) (151,165,8)
[18:05:27]ATTACK: Colton Sanders(athirson) fired at notebook floor with The instagib laser The Unexplored Location   (152,165,8)
[18:05:28]ATTACK: Colton Sanders(athirson) shot Angry Stick Man with The instagib laser (NEWHP: 0) (149,165,8)
[18:06:06]ATTACK: Mjor the Creative fired at Colton Sanders(athirson) with The freeze beam The Unexplored Location (NEWHP: 100) (158,162,8)
[18:06:10]ATTACK: Mjor the Creative fired at Colton Sanders(athirson) with The freeze beam The Unexplored Location (NEWHP: 100) (159,162,8)
[18:06:12]ATTACK: Colton Sanders(athirson) fired at dense lining of papers with The instagib laser The Unexplored Location   (160,159,8)
[18:06:12]ATTACK: Colton Sanders(athirson) shot Mjor the Creative with The instagib laser (NEWHP: 800) (160,159,8)
[18:06:13]ATTACK: Colton Sanders(athirson) fired at notebook floor with The instagib laser The Unexplored Location   (160,159,8)
[18:06:13]ATTACK: Colton Sanders(athirson) shot Mjor the Creative with The instagib laser (NEWHP: 1) 
[18:06:16]ATTACK: Mjor the Creative fired at Colton Sanders(athirson) with The freeze beam The Unexplored Location (NEWHP: 100) (159,162,8)
[18:06:17]ATTACK: Colton Sanders(athirson) fired at notebook floor with The instagib laser The Unexplored Location   (159,159,8)
[18:06:19]ATTACK: Colton Sanders(athirson) fired at Mjor the Creative with The instagib laser The Unexplored Location (NEWHP: 800) (161,157,8)
[18:06:19]ATTACK: Colton Sanders(athirson) fired at dense lining of papers with The instagib laser The Unexplored Location   (161,155,8)
[18:06:19]ATTACK: Colton Sanders(athirson) shot Mjor the Creative with The instagib laser (NEWHP: 600) (161,157,8)
[18:06:20]ATTACK: Colton Sanders(athirson) fired at notebook floor with The instagib laser The Unexplored Location   (161,155,8)
[18:06:20]ATTACK: Colton Sanders(athirson) shot Mjor the Creative with The instagib laser (NEWHP: 400) (161,157,8)
[18:06:20]ATTACK: Mjor the Creative fired at Colton Sanders(athirson) with The freeze beam The Unexplored Location (NEWHP: 100) (161,159,8)
[18:06:21]ATTACK: bob(kauasilvaferreiradia) grabbed Carl Johnson with aggressively (NEWHP: -160) (139,204,1)
[18:06:21]ATTACK: Mjor the Creative shot Colton Sanders(athirson) with The freeze beam (NEWHP: 100) (161,159,8)
[18:06:23]ATTACK: Colton Sanders(athirson) fired at notebook floor with The instagib laser The Unexplored Location   (161,156,8)
[18:06:23]ATTACK: Colton Sanders(athirson) shot Mjor the Creative with The instagib laser (NEWHP: 200) (161,155,8)
[18:06:24]ATTACK: Colton Sanders(athirson) fired at Mjor the Creative with The instagib laser The Unexplored Location (NEWHP: 200) (161,155,8)
[18:06:24]ATTACK: Colton Sanders(athirson) shot Mjor the Creative with The instagib laser (NEWHP: 0) 
[18:06:24]ATTACK: Colton Sanders(athirson) shot Mjor the Creative with The instagib laser (NEWHP: 0) 
[18:06:42]ATTACK: bob(kauasilvaferreiradia) devoured Carl Johnson with  (NEWHP: -160) (137,210,1)
[18:06:58]ATTACK: Angry Stick Dog attacked Colton Sanders(athirson) with  (NEWHP: 100) (147,150,8)
[18:07:00]ATTACK: Angry Stick Dog attacked Colton Sanders(athirson) with  (NEWHP: 100) (150,149,8)
[18:07:02]ATTACK: Angry Stick Dog attacked Colton Sanders(athirson) with  (NEWHP: 100) (153,147,8)
[18:07:04]ATTACK: Angry Stick Dog attacked Colton Sanders(athirson) with  (NEWHP: 100) (159,148,8)
[18:07:09]ATTACK: Colton Sanders(athirson) fired at notebook floor with The instagib laser The Unexplored Location   (160,151,8)
[18:07:09]ATTACK: Colton Sanders(athirson) shot Angry Stick Dog with The instagib laser (NEWHP: 0) (160,153,8)
[18:08:20]ATTACK: Colton Sanders(athirson) fired at thick paper wall with The instagib laser The Unexplored Location   (134,151,8)
[18:08:20]ATTACK: Colton Sanders(athirson) shot Angry Stick Man with The instagib laser (NEWHP: 0) (137,151,8)
[18:08:23]ATTACK: Colton Sanders(athirson) fired at dense stack of papers with The instagib laser The Unexplored Location   (133,157,8)
[18:08:23]ATTACK: Colton Sanders(athirson) shot Angry Stick Man with The instagib laser (NEWHP: 0) (133,154,8)
[18:08:26]ATTACK: Colton Sanders(athirson) fired at notebook floor with The instagib laser The Unexplored Location   (133,166,8)
[18:08:26]ATTACK: Colton Sanders(athirson) shot Angry Stick Dog with The instagib laser (NEWHP: 0) (133,163,8)
[18:08:27]ATTACK: Colton Sanders(athirson) fired at notebook floor with The instagib laser The Unexplored Location   (133,166,8)
[18:08:31]ATTACK: Angry Stick Man fired at Colton Sanders(athirson) with The bullet The Unexplored Location (NEWHP: 100) (134,167,8)
[18:08:31]ATTACK: Colton Sanders(athirson) fired at Angry Stick Man with The instagib laser The Unexplored Location (NEWHP: 70) (140,166,8)
[18:08:31]ATTACK: Angry Stick Man shot Angry Stick Man with The bullet (NEWHP: 40) (140,166,8)
[18:08:32]ATTACK: Colton Sanders(athirson) fired at Angry Stick Man with The instagib laser The Unexplored Location (NEWHP: 100) (139,167,8)
[18:08:32]ATTACK: Colton Sanders(athirson) shot Angry Stick Man with The instagib laser (NEWHP: 0) (136,167,8)
[18:08:33]ATTACK: Colton Sanders(athirson) fired at Angry Stick Man with The instagib laser The Unexplored Location (NEWHP: 100) (139,167,8)
[18:08:33]ATTACK: Colton Sanders(athirson) shot Angry Stick Dog with The instagib laser (NEWHP: 0) (135,167,8)
[18:08:34]ATTACK: Colton Sanders(athirson) fired at Angry Stick Man with The instagib laser The Unexplored Location (NEWHP: 100) (140,167,8)
[18:08:34]ATTACK: Colton Sanders(athirson) shot Angry Stick Man with The instagib laser (NEWHP: 0) (140,167,8)
[18:08:36]ATTACK: Colton Sanders(athirson) fired at Angry Stick Man with The instagib laser The Unexplored Location (NEWHP: 0) (140,167,8)
[18:08:36]ATTACK: Colton Sanders(athirson) shot Angry Stick Dog with The instagib laser (NEWHP: 0) (136,167,8)
[18:08:37]ATTACK: Colton Sanders(athirson) fired at notebook floor with The instagib laser The Unexplored Location   (141,165,8)
[18:08:38]ATTACK: Angry Stick Man fired at Colton Sanders(athirson) with The bullet The Unexplored Location (NEWHP: 100) (137,167,8)
[18:08:38]ATTACK: Colton Sanders(athirson) shot Angry Stick Man with The instagib laser (NEWHP: 0) (140,165,8)
[18:08:38]ATTACK: Angry Stick Man shot Angry Stick Man with The bullet (NEWHP: 70) (138,162,8)
[18:08:44]ATTACK: Colton Sanders(athirson) fired at dense stack of papers with The instagib laser The Unexplored Location   (139,162,8)
[18:08:44]ATTACK: Colton Sanders(athirson) shot Angry Stick Man with The instagib laser (NEWHP: 0) (139,163,8)
[18:08:45]ATTACK: Angry Stick Man fired at Colton Sanders(athirson) with The bullet The Unexplored Location (NEWHP: 100) (139,164,8)
[18:08:45]ATTACK: Colton Sanders(athirson) fired at notebook floor with The instagib laser The Unexplored Location   (139,161,8)
[18:08:45]ATTACK: Angry Stick Man shot Colton Sanders(athirson) with The bullet (NEWHP: 100) (139,164,8)
[18:08:47]ATTACK: Angry Stick Man fired at Colton Sanders(athirson) with The bullet The Unexplored Location (NEWHP: 100) (140,161,8)
[18:08:48]ATTACK: Angry Stick Man shot Colton Sanders(athirson) with The bullet (NEWHP: 100) (140,161,8)
[18:08:48]ATTACK: Colton Sanders(athirson) fired at notebook floor with The instagib laser The Unexplored Location   (139,156,8)
[18:08:49]ATTACK: Colton Sanders(athirson) fired at notebook floor with The instagib laser The Unexplored Location   (141,157,8)
[18:08:49]ATTACK: Angry Stick Man fired at Colton Sanders(athirson) with The bullet The Unexplored Location (NEWHP: 100) (140,164,8)
[18:08:50]ATTACK: Colton Sanders(athirson) fired at notebook floor with The instagib laser The Unexplored Location   (140,159,8)
[18:08:50]ATTACK: Colton Sanders(athirson) shot Angry Stick Man with The instagib laser (NEWHP: 0) (140,163,8)
[18:08:51]ATTACK: Colton Sanders(athirson) fired at Angry Stick Man with The instagib laser The Unexplored Location (NEWHP: 100) (140,159,8)
[18:08:51]ATTACK: Colton Sanders(athirson) shot Angry Stick Man with The instagib laser (NEWHP: 0) (140,159,8)
[18:08:53]ATTACK: Colton Sanders(athirson) fired at notebook floor with The instagib laser The Unexplored Location   (145,162,8)
[18:08:53]ATTACK: Colton Sanders(athirson) shot Angry Stick Man with The instagib laser (NEWHP: 0) (146,161,8)
[18:08:54]ATTACK: Colton Sanders(athirson) fired at notebook floor with The instagib laser The Unexplored Location   (139,159,8)
[18:08:55]ATTACK: Colton Sanders(athirson) shot Angry Stick Man with The instagib laser (NEWHP: 0) (139,159,8)
[18:09:01]ATTACK: Colton Sanders(athirson) fired at dense lining of papers with The instagib laser The Unexplored Location   (150,159,8)
[18:09:01]ATTACK: Colton Sanders(athirson) shot Angry Stick Man with The instagib laser (NEWHP: 0) (146,158,8)
[18:09:05]ATTACK: Colton Sanders(athirson) fired at dense stack of papers with The instagib laser The Unexplored Location   (152,157,8)
[18:09:05]ATTACK: Colton Sanders(athirson) shot Angry Stick Dog with The instagib laser (NEWHP: 0) (150,157,8)
[18:09:06]ATTACK: Angry Stick Man fired at Colton Sanders(athirson) with The bullet The Unexplored Location (NEWHP: 100) (148,157,8)
[18:09:06]ATTACK: Angry Stick Man fired at Colton Sanders(athirson) with The bullet The Unexplored Location (NEWHP: 100) (148,157,8)
[18:09:06]ATTACK: Angry Stick Man shot Angry Stick Man with The bullet (NEWHP: 20) (152,155,8)
[18:09:08]ATTACK: Angry Stick Dog attacked Colton Sanders(athirson) with  (NEWHP: 100) (151,157,8)
[18:09:08]ATTACK: Colton Sanders(athirson) fired at thick paper wall with The instagib laser The Unexplored Location   (157,157,8)
[18:09:08]ATTACK: Colton Sanders(athirson) shot Angry Stick Dog with The instagib laser (NEWHP: 0) (152,157,8)
[18:09:09]ATTACK: Colton Sanders(athirson) fired at Angry Stick Man with The instagib laser The Unexplored Location (NEWHP: 20) (153,153,8)
[18:09:09]ATTACK: Colton Sanders(athirson) shot Angry Stick Man with The instagib laser (NEWHP: 0) (153,153,8)
[18:09:10]ATTACK: Angry Stick Man fired at Colton Sanders(athirson) with The bullet The Unexplored Location (NEWHP: 100) (151,157,8)
[18:09:10]ATTACK: Angry Stick Man shot Colton Sanders(athirson) with The bullet (NEWHP: 100) (151,157,8)
[18:09:11]ATTACK: Colton Sanders(athirson) fired at notebook floor with The instagib laser The Unexplored Location   (155,151,8)
[18:09:11]ATTACK: Colton Sanders(athirson) shot Angry Stick Man with The instagib laser (NEWHP: 0) (153,153,8)
[18:09:42]ATTACK: Colton Sanders(athirson) attacked Angry Stick Man with black crayon(INTENT: HELP) (DAMTYPE: BRUTE) (NEWHP: 0) (139,159,8)
[18:09:45]ATTACK: Colton Sanders(athirson) attacked Angry Stick Man with black crayon(INTENT: HELP) (DAMTYPE: BRUTE) (NEWHP: 0) (139,159,8)
[18:18:53]ATTACK: Colton Sanders(athirson) attacked alcaro (200) with rainbow slime extract(INTENT: HELP) (DAMTYPE: BRUTE) (NEWHP: 999998) (51,185,1)
[18:21:15]ATTACK: Colton Sanders(athirson) flamethrowered asteroid sand with The flamethrower   (94,213,1)
[18:21:16]ATTACK: Colton Sanders(athirson) flamethrowered asteroid sand with The flamethrower   (95,213,1)
[18:21:23]ATTACK: Colton Sanders(athirson) flamethrowered asteroid sand with The flamethrower   (93,213,1)
[18:21:47]ATTACK: Colton Sanders(athirson) flamethrowered asteroid sand with The flamethrower   (103,213,1)
[18:26:32]ATTACK: Flamescale Zakuto(firesho) slipped NON-EXISTENT SUBJECT with on bluespace banana peel   
[18:27:15]ATTACK: Colton Sanders(athirson) attacked Clown with honk render(INTENT: HELP) (DAMTYPE: BRUTE) (NEWHP: 60) (111,212,1)
[18:27:16]ATTACK: Colton Sanders(athirson) attacked Clown with honk render(INTENT: HELP) (DAMTYPE: BRUTE) (NEWHP: 45) (111,212,1)
[18:27:18]ATTACK: Clown attacked Colton Sanders(athirson) with  (NEWHP: 100) (110,213,1)
[18:27:18]ATTACK: Clown attacked Colton Sanders(athirson) with  (NEWHP: 100) (110,213,1)
[18:27:20]ATTACK: Clown attacked Colton Sanders(athirson) with  (NEWHP: 100) (110,213,1)
[18:27:20]ATTACK: Clown attacked Colton Sanders(athirson) with  (NEWHP: 100) (110,213,1)
[18:27:24]ATTACK: Clown attacked Colton Sanders(athirson) with  (NEWHP: 100) (100,213,1)
[18:27:24]ATTACK: Clown attacked Colton Sanders(athirson) with  (NEWHP: 100) (100,213,1)
[18:27:26]ATTACK: Clown attacked Colton Sanders(athirson) with  (NEWHP: 100) (96,213,1)
[18:27:26]ATTACK: Clown attacked Colton Sanders(athirson) with  (NEWHP: 100) (96,213,1)
[18:28:13]ATTACK: Colton Sanders(athirson) fired at asteroid sand with The instagib laser Monkey Base Station   (95,212,1)
[18:28:13]ATTACK: Colton Sanders(athirson) shot Clown with The instagib laser (NEWHP: 0) 
[18:28:14]ATTACK: Clown attacked Colton Sanders(athirson) with  (NEWHP: 100) (100,213,1)
[18:28:14]ATTACK: Colton Sanders(athirson) fired at dense rock with The instagib laser Monkey Base Station   (99,211,1)
[18:28:14]ATTACK: Colton Sanders(athirson) shot Clown with The instagib laser (NEWHP: 0) 
[18:28:18]ATTACK: Colton Sanders(athirson) fired at asteroid sand with The instagib laser Monkey Base Station   (111,213,1)
[18:28:18]ATTACK: Colton Sanders(athirson) shot Clown with The instagib laser (NEWHP: 0) 
[18:28:19]ATTACK: Colton Sanders(athirson) fired at Clown with The instagib laser Monkey Base Station (NEWHP: 75) (111,212,1)
[18:28:20]ATTACK: Colton Sanders(athirson) shot Clown with The instagib laser (NEWHP: 0) 
[18:28:20]ATTACK: Colton Sanders(athirson) shot Clown with The instagib laser (NEWHP: 0) 
[18:29:20]ATTACK: Colton Sanders(athirson) hit Jingle with The telecrystal (NEWHP: 100) (99,212,1)
[18:30:26]ATTACK: Colton Sanders(athirson) hit Jingle with The bluespace polycrystal (NEWHP: 95) (99,212,1)
[18:31:09]ATTACK: Colton Sanders(athirson) attacked Jingle with lesser gems(INTENT: HELP) (DAMTYPE: BRUTE) (NEWHP: 90) (99,212,1)
[18:31:11]ATTACK: Colton Sanders(athirson) attacked Jingle with greater gems(INTENT: HELP) (DAMTYPE: BRUTE) (NEWHP: 85) (99,212,1)
[18:35:40]ATTACK: Colton Sanders(athirson) hit Jingle with The energy weapon lens (NEWHP: 85) (99,212,1)
[18:37:44]ATTACK: Flamescale Zakuto(firesho) carded NON-EXISTENT SUBJECT with The intelliCard- Tob   
[18:37:49]ATTACK: Colton Sanders(athirson) attacked Jingle with Gumball(INTENT: HELP) (DAMTYPE: BRUTE) (NEWHP: 85) (99,212,1)
[18:40:44]ATTACK: lesser ash drake(firesho) attacked ghost of Nikolas Mildred with  (NEWHP: 40) (7,186,1)
[18:40:45]ATTACK: lesser ash drake(firesho) attacked ghost of Nikolas Mildred with  (NEWHP: 10) (7,186,1)
[18:41:01]ATTACK: Colton Sanders(athirson) attacked Colton Sanders(athirson) with autosurgeon (CNS Rebooter implant)(INTENT: HELP) (DAMTYPE: BRUTE) (NEWHP: 100) (108,214,1)
[18:42:31]ATTACK: lesser ash drake(firesho) attacked Angry Stick Man with  (NEWHP: 100) (89,142,1)
[18:42:37]ATTACK: lesser ash drake(firesho) attacked lesser ash drake(firesho) with  (NEWHP: 200) (89,142,1)
[18:42:39]ATTACK: lesser ash drake(firesho) attacked Angry Stick Man with  (NEWHP: 50) (88,142,1)
[18:42:40]ATTACK: lesser ash drake(firesho) attacked Angry Stick Man with  (NEWHP: 20) (88,142,1)


Starting up. 18:45:51
---------------------
[18:48:15]ATTACK: Duncan Taggart slipped NON-EXISTENT SUBJECT with on floor   
[18:48:18]ATTACK: Morgan Rowley slipped NON-EXISTENT SUBJECT with on floor   
[19:10:01]ATTACK: ash drake attacked cockroach with  (NEWHP: 1) (144,153,5)
[19:11:26]ATTACK: Colton Sanders(athirson) attacked Colton Sanders(athirson) with cap gun(INTENT: HELP) (DAMTYPE: BRUTE) (NEWHP: 100) (146,224,1)
[19:11:31]ATTACK: Colton Sanders(athirson) attacked Colton Sanders(athirson) with cap gun(INTENT: HELP) (DAMTYPE: BRUTE) (NEWHP: 100) (146,224,1)
[19:53:49]ATTACK: cogscarab (733)(firesho) attacked cogscarab (733)(firesho) with brass wrench(INTENT: HELP) (DAMTYPE: BRUTE) (NEWHP: 45) (101,158,1)
[19:57:35]ATTACK: <font color='red'>Colton Sanders (athirson) injected Colton Sanders (athirson) with lethal injection syringe, which had Chloral Hydrate (INTENT: HELP)</font>
[20:04:23]ATTACK: Colton Sanders(athirson) attacked Tob shell 822 - Engineering(riki2321gamer) with zombie claw(INTENT: HARM) (DAMTYPE: BRUTE) (NEWHP: 80) (152,193,9)
[20:04:24]ATTACK: Colton Sanders(athirson) attacked Tob shell 822 - Engineering(riki2321gamer) with zombie claw(INTENT: HARM) (DAMTYPE: BRUTE) (NEWHP: 60) (152,193,9)
[20:04:25]ATTACK: Colton Sanders(athirson) attacked Tob shell 822 - Engineering(riki2321gamer) with zombie claw(INTENT: HARM) (DAMTYPE: BRUTE) (NEWHP: 40) (152,193,9)
[20:04:26]ATTACK: Colton Sanders(athirson) attacked Tob shell 822 - Engineering(riki2321gamer) with zombie claw(INTENT: HARM) (DAMTYPE: BRUTE) (NEWHP: 20) (152,193,9)
[20:04:27]ATTACK: Colton Sanders(athirson) attacked Tob shell 822 - Engineering(riki2321gamer) with zombie claw(INTENT: HARM) (DAMTYPE: BRUTE) (NEWHP: 0) (152,193,9)
[20:04:27]ATTACK: Colton Sanders(athirson) attacked Tob shell 822 - Engineering(riki2321gamer) with zombie claw(INTENT: HARM) (DAMTYPE: BRUTE) (NEWHP: -20) (152,193,9)
[20:04:28]ATTACK: Colton Sanders(athirson) attacked Tob shell 822 - Engineering(riki2321gamer) with zombie claw(INTENT: HARM) (DAMTYPE: BRUTE) (NEWHP: -40) (152,193,9)
[20:06:57]ATTACK: power cable electrocuted Tob shell 822 - Engineering(riki2321gamer) with  (NEWHP: 100) (154,175,9)
[20:07:06]ATTACK: power cable electrocuted Tob shell 822 - Engineering(riki2321gamer) with  (NEWHP: 100) (153,175,9)
[20:07:12]ATTACK: power cable electrocuted Tob shell 822 - Engineering(riki2321gamer) with  (NEWHP: 100) (154,175,9)
[20:10:00]ATTACK: Tob shell 691 - Default(riki2321gamer) flashed Colton Sanders(athirson) with The flash (NEWHP: 100) (112,157,1)
[20:10:10]ATTACK: Colton Sanders(athirson) attacked Tob shell 691 - Default(riki2321gamer) with zombie claw(INTENT: HARM) (DAMTYPE: BRUTE) (NEWHP: 80) (112,153,1)
[20:10:11]ATTACK: Colton Sanders(athirson) attacked Tob shell 691 - Default(riki2321gamer) with zombie claw(INTENT: HARM) (DAMTYPE: BRUTE) (NEWHP: 60) (112,153,1)
[20:10:13]ATTACK: Colton Sanders(athirson) attacked Tob shell 691 - Default(riki2321gamer) with zombie claw(INTENT: HARM) (DAMTYPE: BRUTE) (NEWHP: 40) (112,153,1)
[20:10:16]ATTACK: Colton Sanders(athirson) attacked Tob shell 691 - Default(riki2321gamer) with zombie claw(INTENT: HARM) (DAMTYPE: BRUTE) (NEWHP: 20) (112,146,1)
[20:10:28]ATTACK: Tob shell 691 - Default(riki2321gamer) fired at floor with The disabler beam Fore Primary Hallway   (112,157,1)
[20:10:28]ATTACK: Tob shell 691 - Default(riki2321gamer) shot Colton Sanders(athirson) with The disabler beam (NEWHP: 100) (112,157,1)
[20:10:29]ATTACK: Tob shell 691 - Default(riki2321gamer) fired at floor with The disabler beam Fore Primary Hallway   (112,157,1)
[20:10:29]ATTACK: Tob shell 691 - Default(riki2321gamer) shot Colton Sanders(athirson) with The disabler beam (NEWHP: 100) (112,157,1)
[20:10:30]ATTACK: Tob shell 691 - Default(riki2321gamer) fired at floor with The disabler beam Fore Primary Hallway   (112,157,1)
[20:10:30]ATTACK: Tob shell 691 - Default(riki2321gamer) shot Colton Sanders(athirson) with The disabler beam (NEWHP: 100) (112,156,1)
[20:10:30]ATTACK: Tob shell 691 - Default(riki2321gamer) fired at floor with The disabler beam Fore Primary Hallway   (112,156,1)
[20:10:31]ATTACK: Tob shell 691 - Default(riki2321gamer) shot Colton Sanders(athirson) with The disabler beam (NEWHP: 100) (112,154,1)
[20:10:31]ATTACK: Tob shell 691 - Default(riki2321gamer) fired at floor with The disabler beam Fore Primary Hallway   (112,152,1)
[20:10:34]ATTACK: Tob shell 691 - Default(riki2321gamer) fired at floor with The disabler beam Fore Primary Hallway   (112,151,1)
[20:10:34]ATTACK: Tob shell 691 - Default(riki2321gamer) fired at floor with The disabler beam Fore Primary Hallway   (112,152,1)
[20:10:35]ATTACK: Tob shell 691 - Default(riki2321gamer) fired at floor with The disabler beam Fore Primary Hallway   (112,155,1)
[20:10:45]ATTACK: Colton Sanders(athirson) attacked Tob shell 949 - Default with zombie claw(INTENT: HARM) (DAMTYPE: BRUTE) (NEWHP: 80) (114,159,1)
[20:10:53]ATTACK: Colton Sanders(athirson) attacked Tob shell 691 - Default(riki2321gamer) with zombie claw(INTENT: HARM) (DAMTYPE: BRUTE) (NEWHP: 80) (119,163,1)
[20:10:54]ATTACK: Colton Sanders(athirson) attacked Tob shell 691 - Default(riki2321gamer) with zombie claw(INTENT: HARM) (DAMTYPE: BRUTE) (NEWHP: 60) (119,163,1)
[20:10:55]ATTACK: Colton Sanders(athirson) attacked Tob shell 691 - Default(riki2321gamer) with zombie claw(INTENT: HARM) (DAMTYPE: BRUTE) (NEWHP: 40) (119,163,1)
[20:11:17]ATTACK: Colton Sanders(athirson) attacked Tob shell 691 - Default with zombie claw(INTENT: HARM) (DAMTYPE: BRUTE) (NEWHP: -100) (119,162,1)
[20:11:42]ATTACK: cogscarab (733)(firesho) bound with Geis Colton Sanders(athirson) with  (NEWHP: 100) (118,169,1)
[20:12:00]ATTACK: NON-EXISTENT USER shot Hartley Brandenburg(riki2321gamer) with The electrode (NEWHP: 100) (151,34,1)
[20:12:00]ATTACK: NON-EXISTENT USER shot Hartley Brandenburg(riki2321gamer) with The electrode (NEWHP: 100) (151,34,1)
[20:12:02]ATTACK: NON-EXISTENT USER shot Hartley Brandenburg(riki2321gamer) with The electrode (NEWHP: 100) (150,35,1)
[20:12:02]ATTACK: NON-EXISTENT USER shot Hartley Brandenburg(riki2321gamer) with The electrode (NEWHP: 100) (150,35,1)
[20:12:02]ATTACK: NON-EXISTENT USER shot Hartley Brandenburg(riki2321gamer) with The electrode (NEWHP: 100) (150,35,1)
[20:12:04]ATTACK: NON-EXISTENT USER shot Hartley Brandenburg(riki2321gamer) with The electrode (NEWHP: 100) (150,35,1)
[20:12:04]ATTACK: NON-EXISTENT USER shot Hartley Brandenburg(riki2321gamer) with The electrode (NEWHP: 100) (150,35,1)
[20:12:04]ATTACK: NON-EXISTENT USER shot Hartley Brandenburg(riki2321gamer) with The electrode (NEWHP: 100) (150,35,1)
[20:12:06]ATTACK: NON-EXISTENT USER shot Hartley Brandenburg(@riki2321gamer) with The electrode (NEWHP: 100) (150,35,1)
[20:12:06]ATTACK: NON-EXISTENT USER shot Hartley Brandenburg(@riki2321gamer) with The electrode (NEWHP: 100) (150,35,1)
[20:12:06]ATTACK: NON-EXISTENT USER shot Hartley Brandenburg(@riki2321gamer) with The electrode (NEWHP: 100) (150,35,1)
[20:12:08]ATTACK: NON-EXISTENT USER shot Hartley Brandenburg(@riki2321gamer) with The electrode (NEWHP: 100) (150,35,1)
[20:12:08]ATTACK: NON-EXISTENT USER shot Hartley Brandenburg(@riki2321gamer) with The electrode (NEWHP: 100) (150,35,1)
[20:12:08]ATTACK: NON-EXISTENT USER shot Hartley Brandenburg(@riki2321gamer) with The electrode (NEWHP: 100) (150,35,1)
[20:12:10]ATTACK: NON-EXISTENT USER shot Hartley Brandenburg(@riki2321gamer) with The electrode (NEWHP: 100) (150,35,1)
[20:12:10]ATTACK: NON-EXISTENT USER shot Hartley Brandenburg(@riki2321gamer) with The electrode (NEWHP: 100) (150,35,1)
[20:12:10]ATTACK: NON-EXISTENT USER shot Hartley Brandenburg(@riki2321gamer) with The electrode (NEWHP: 100) (150,35,1)
[20:12:12]ATTACK: NON-EXISTENT USER shot Hartley Brandenburg(@riki2321gamer) with The electrode (NEWHP: 100) (150,35,1)
[20:12:12]ATTACK: NON-EXISTENT USER shot Hartley Brandenburg(@riki2321gamer) with The electrode (NEWHP: 100) (150,35,1)
[20:12:12]ATTACK: NON-EXISTENT USER shot Hartley Brandenburg(@riki2321gamer) with The electrode (NEWHP: 100) (150,35,1)
[20:12:14]ATTACK: NON-EXISTENT USER shot Hartley Brandenburg(@riki2321gamer) with The electrode (NEWHP: 100) (150,35,1)
[20:12:14]ATTACK: NON-EXISTENT USER shot Hartley Brandenburg(@riki2321gamer) with The electrode (NEWHP: 100) (150,35,1)
[20:12:14]ATTACK: NON-EXISTENT USER shot Hartley Brandenburg(@riki2321gamer) with The electrode (NEWHP: 100) (150,35,1)
[20:12:16]ATTACK: NON-EXISTENT USER shot Hartley Brandenburg(@riki2321gamer) with The electrode (NEWHP: 100) (150,35,1)
[20:12:16]ATTACK: NON-EXISTENT USER shot Hartley Brandenburg(@riki2321gamer) with The electrode (NEWHP: 100) (150,35,1)
[20:12:16]ATTACK: NON-EXISTENT USER shot Hartley Brandenburg(@riki2321gamer) with The electrode (NEWHP: 100) (150,35,1)
[20:12:18]ATTACK: NON-EXISTENT USER shot Hartley Brandenburg(@riki2321gamer) with The electrode (NEWHP: 100) (150,35,1)
[20:12:18]ATTACK: NON-EXISTENT USER shot Hartley Brandenburg(@riki2321gamer) with The electrode (NEWHP: 100) (150,35,1)
[20:12:18]ATTACK: NON-EXISTENT USER shot Hartley Brandenburg(@riki2321gamer) with The electrode (NEWHP: 100) (150,35,1)
[20:12:20]ATTACK: NON-EXISTENT USER shot Hartley Brandenburg(@riki2321gamer) with The electrode (NEWHP: 100) (150,35,1)
[20:12:20]ATTACK: NON-EXISTENT USER shot Hartley Brandenburg(@riki2321gamer) with The electrode (NEWHP: 100) (150,35,1)
[20:12:20]ATTACK: NON-EXISTENT USER shot Hartley Brandenburg(@riki2321gamer) with The electrode (NEWHP: 100) (150,35,1)
[20:12:22]ATTACK: NON-EXISTENT USER shot Hartley Brandenburg(@riki2321gamer) with The electrode (NEWHP: 100) (150,35,1)
[20:12:22]ATTACK: NON-EXISTENT USER shot Hartley Brandenburg(@riki2321gamer) with The electrode (NEWHP: 100) (150,35,1)
[20:12:22]ATTACK: NON-EXISTENT USER shot Hartley Brandenburg(@riki2321gamer) with The electrode (NEWHP: 100) (150,35,1)
[20:12:24]ATTACK: NON-EXISTENT USER shot Hartley Brandenburg(@riki2321gamer) with The electrode (NEWHP: 100) (150,35,1)
[20:12:24]ATTACK: NON-EXISTENT USER shot Hartley Brandenburg(@riki2321gamer) with The electrode (NEWHP: 100) (150,35,1)
[20:12:24]ATTACK: NON-EXISTENT USER shot Hartley Brandenburg(@riki2321gamer) with The electrode (NEWHP: 100) (150,35,1)
[20:12:26]ATTACK: NON-EXISTENT USER shot Hartley Brandenburg(@riki2321gamer) with The electrode (NEWHP: 100) (150,35,1)
[20:12:26]ATTACK: NON-EXISTENT USER shot Hartley Brandenburg(@riki2321gamer) with The electrode (NEWHP: 100) (150,35,1)
[20:12:26]ATTACK: NON-EXISTENT USER shot Hartley Brandenburg(@riki2321gamer) with The electrode (NEWHP: 100) (150,35,1)
[20:12:28]ATTACK: NON-EXISTENT USER shot Hartley Brandenburg(@riki2321gamer) with The electrode (NEWHP: 100) (150,35,1)
[20:12:28]ATTACK: NON-EXISTENT USER shot Hartley Brandenburg(@riki2321gamer) with The electrode (NEWHP: 100) (150,35,1)
[20:12:28]ATTACK: NON-EXISTENT USER shot Hartley Brandenburg(@riki2321gamer) with The electrode (NEWHP: 100) (150,35,1)
[20:12:30]ATTACK: NON-EXISTENT USER shot Hartley Brandenburg(@riki2321gamer) with The electrode (NEWHP: 100) (150,35,1)
[20:12:30]ATTACK: NON-EXISTENT USER shot Hartley Brandenburg(@riki2321gamer) with The electrode (NEWHP: 100) (150,35,1)
[20:12:30]ATTACK: NON-EXISTENT USER shot Hartley Brandenburg(@riki2321gamer) with The electrode (NEWHP: 100) (150,35,1)
[20:12:32]ATTACK: NON-EXISTENT USER shot Hartley Brandenburg(@riki2321gamer) with The electrode (NEWHP: 100) (150,35,1)
[20:12:32]ATTACK: NON-EXISTENT USER shot Hartley Brandenburg(@riki2321gamer) with The electrode (NEWHP: 100) (150,35,1)
[20:12:32]ATTACK: NON-EXISTENT USER shot Hartley Brandenburg(@riki2321gamer) with The electrode (NEWHP: 100) (150,35,1)
[20:15:31]ATTACK: Unknown(athirson) attacked cockroach with wrench(INTENT: HARM) (DAMTYPE: BRUTE) (NEWHP: 0) 
[20:15:51]ATTACK: Unknown(athirson) attacked cockroach with wrench(INTENT: HARM) (DAMTYPE: BRUTE) (NEWHP: 0) 
[20:18:12]ATTACK: Unknown(athirson) attacked cockroach with  (NEWHP: 0) 
[20:26:07]ATTACK: cogscarab (733)(firesho) bound with Geis Tob shell 796 - Engineering(riki2321gamer) with  (NEWHP: 100) (106,142,1)
[20:26:08]ATTACK: cogscarab (733)(firesho) attacked Tob shell 796 - Engineering with clockwork slab(INTENT: HELP) (DAMTYPE: BRUTE) (NEWHP: 100) (106,142,1)
[20:26:18]ATTACK: cogscarab (733)(firesho) attacked Tob shell 796 - Engineering with clockwork slab(INTENT: HELP) (DAMTYPE: BRUTE) (NEWHP: 100) (105,142,1)
[20:26:30]ATTACK: cogscarab (733)(firesho) attacked Tob shell 796 - Engineering with brass(INTENT: HELP) (DAMTYPE: BRUTE) (NEWHP: 99) (105,142,1)
[20:26:31]ATTACK: cogscarab (733)(firesho) attacked Tob shell 796 - Engineering with brass(INTENT: HELP) (DAMTYPE: BRUTE) (NEWHP: 98) (105,142,1)
[20:26:32]ATTACK: cogscarab (733)(firesho) attacked Tob shell 796 - Engineering with brass(INTENT: HELP) (DAMTYPE: BRUTE) (NEWHP: 97) (105,142,1)
[20:26:32]ATTACK: cogscarab (733)(firesho) attacked Tob shell 796 - Engineering with brass(INTENT: HELP) (DAMTYPE: BRUTE) (NEWHP: 96) (105,142,1)
[20:26:33]ATTACK: cogscarab (733)(firesho) attacked Tob shell 796 - Engineering with brass(INTENT: HELP) (DAMTYPE: BRUTE) (NEWHP: 95) (105,142,1)
[20:26:34]ATTACK: cogscarab (733)(firesho) attacked Tob shell 796 - Engineering with brass(INTENT: HELP) (DAMTYPE: BRUTE) (NEWHP: 94) (105,142,1)
[20:26:35]ATTACK: cogscarab (733)(firesho) attacked Tob shell 796 - Engineering with brass(INTENT: HELP) (DAMTYPE: BRUTE) (NEWHP: 93) (105,142,1)
[20:26:36]ATTACK: cogscarab (733)(firesho) attacked Tob shell 796 - Engineering with brass(INTENT: HELP) (DAMTYPE: BRUTE) (NEWHP: 92) (105,142,1)
[20:26:37]ATTACK: cogscarab (733)(firesho) attacked Tob shell 796 - Engineering with brass(INTENT: HELP) (DAMTYPE: BRUTE) (NEWHP: 91) (105,142,1)
[20:26:38]ATTACK: cogscarab (733)(firesho) attacked Tob shell 796 - Engineering with brass(INTENT: HELP) (DAMTYPE: BRUTE) (NEWHP: 90) (105,142,1)
[20:26:40]ATTACK: cogscarab (733)(firesho) attacked Tob shell 796 - Engineering with brass(INTENT: HELP) (DAMTYPE: BRUTE) (NEWHP: 89) (105,142,1)
[20:26:41]ATTACK: cogscarab (733)(firesho) attacked Tob shell 796 - Engineering with brass(INTENT: HELP) (DAMTYPE: BRUTE) (NEWHP: 88) (105,142,1)
[20:26:43]ATTACK: cogscarab (733)(firesho) attacked Tob shell 796 - Engineering with brass(INTENT: HELP) (DAMTYPE: BRUTE) (NEWHP: 87) (105,142,1)
[20:26:44]ATTACK: cogscarab (733)(firesho) attacked Tob shell 796 - Engineering with brass(INTENT: HELP) (DAMTYPE: BRUTE) (NEWHP: 86) (105,142,1)
[20:26:44]ATTACK: cogscarab (733)(firesho) attacked Tob shell 796 - Engineering with brass(INTENT: HELP) (DAMTYPE: BRUTE) (NEWHP: 85) (105,142,1)
[20:26:45]ATTACK: cogscarab (733)(firesho) attacked Tob shell 796 - Engineering with brass(INTENT: HELP) (DAMTYPE: BRUTE) (NEWHP: 84) (105,142,1)
[20:26:46]ATTACK: cogscarab (733)(firesho) attacked Tob shell 796 - Engineering with brass(INTENT: HELP) (DAMTYPE: BRUTE) (NEWHP: 83) (105,142,1)
[20:26:47]ATTACK: cogscarab (733)(firesho) attacked Tob shell 796 - Engineering with brass(INTENT: HELP) (DAMTYPE: BRUTE) (NEWHP: 82) (105,142,1)
[20:26:48]ATTACK: cogscarab (733)(firesho) attacked Tob shell 796 - Engineering with brass(INTENT: HELP) (DAMTYPE: BRUTE) (NEWHP: 81) (105,142,1)
[20:26:49]ATTACK: cogscarab (733)(firesho) attacked Tob shell 796 - Engineering with brass(INTENT: HELP) (DAMTYPE: BRUTE) (NEWHP: 80) (105,142,1)
[20:26:50]ATTACK: cogscarab (733)(firesho) attacked Tob shell 796 - Engineering with brass(INTENT: HELP) (DAMTYPE: BRUTE) (NEWHP: 79) (105,142,1)
[20:26:51]ATTACK: cogscarab (733)(firesho) attacked Tob shell 796 - Engineering with brass(INTENT: HELP) (DAMTYPE: BRUTE) (NEWHP: 78) (105,142,1)
[20:26:52]ATTACK: cogscarab (733)(firesho) attacked Tob shell 796 - Engineering with brass(INTENT: HELP) (DAMTYPE: BRUTE) (NEWHP: 77) (105,142,1)
[20:26:52]ATTACK: cogscarab (733)(firesho) attacked Tob shell 796 - Engineering with brass(INTENT: HELP) (DAMTYPE: BRUTE) (NEWHP: 76) (105,142,1)
[20:26:53]ATTACK: cogscarab (733)(firesho) attacked Tob shell 796 - Engineering with brass(INTENT: HELP) (DAMTYPE: BRUTE) (NEWHP: 75) (105,142,1)
[20:26:54]ATTACK: cogscarab (733)(firesho) attacked Tob shell 796 - Engineering with brass(INTENT: HELP) (DAMTYPE: BRUTE) (NEWHP: 74) (105,142,1)
[20:26:55]ATTACK: cogscarab (733)(firesho) attacked Tob shell 796 - Engineering with brass(INTENT: HELP) (DAMTYPE: BRUTE) (NEWHP: 73) (105,142,1)
[20:26:56]ATTACK: cogscarab (733)(firesho) attacked Tob shell 796 - Engineering with brass(INTENT: HELP) (DAMTYPE: BRUTE) (NEWHP: 72) (105,142,1)
[20:26:57]ATTACK: cogscarab (733)(firesho) attacked Tob shell 796 - Engineering with brass(INTENT: HELP) (DAMTYPE: BRUTE) (NEWHP: 71) (105,142,1)
[20:26:58]ATTACK: cogscarab (733)(firesho) attacked Tob shell 796 - Engineering with brass(INTENT: HELP) (DAMTYPE: BRUTE) (NEWHP: 70) (105,142,1)
[20:26:59]ATTACK: cogscarab (733)(firesho) attacked Tob shell 796 - Engineering with brass(INTENT: HELP) (DAMTYPE: BRUTE) (NEWHP: 69) (105,142,1)
[20:27:00]ATTACK: cogscarab (733)(firesho) attacked Tob shell 796 - Engineering with brass(INTENT: HELP) (DAMTYPE: BRUTE) (NEWHP: 68) (105,142,1)
[20:27:01]ATTACK: cogscarab (733)(firesho) attacked Tob shell 796 - Engineering with brass(INTENT: HELP) (DAMTYPE: BRUTE) (NEWHP: 67) (105,142,1)
[20:27:01]ATTACK: cogscarab (733)(firesho) attacked Tob shell 796 - Engineering with brass(INTENT: HELP) (DAMTYPE: BRUTE) (NEWHP: 66) (105,142,1)
[20:27:02]ATTACK: cogscarab (733)(firesho) attacked Tob shell 796 - Engineering with brass(INTENT: HELP) (DAMTYPE: BRUTE) (NEWHP: 65) (105,142,1)
[20:27:03]ATTACK: cogscarab (733)(firesho) attacked Tob shell 796 - Engineering with brass(INTENT: HELP) (DAMTYPE: BRUTE) (NEWHP: 64) (105,142,1)
[20:27:04]ATTACK: cogscarab (733)(firesho) attacked Tob shell 796 - Engineering with brass(INTENT: HELP) (DAMTYPE: BRUTE) (NEWHP: 63) (105,142,1)
[20:27:05]ATTACK: cogscarab (733)(firesho) attacked Tob shell 796 - Engineering with brass(INTENT: HELP) (DAMTYPE: BRUTE) (NEWHP: 62) (105,142,1)
[20:27:06]ATTACK: cogscarab (733)(firesho) attacked Tob shell 796 - Engineering with brass(INTENT: HELP) (DAMTYPE: BRUTE) (NEWHP: 61) (105,142,1)
[20:27:07]ATTACK: cogscarab (733)(firesho) attacked Tob shell 796 - Engineering with brass(INTENT: HELP) (DAMTYPE: BRUTE) (NEWHP: 60) (105,142,1)
[20:27:08]ATTACK: cogscarab (733)(firesho) attacked Tob shell 796 - Engineering with brass(INTENT: HELP) (DAMTYPE: BRUTE) (NEWHP: 59) (105,142,1)
[20:27:09]ATTACK: cogscarab (733)(firesho) attacked Tob shell 796 - Engineering with brass(INTENT: HELP) (DAMTYPE: BRUTE) (NEWHP: 58) (105,142,1)
[20:27:10]ATTACK: cogscarab (733)(firesho) attacked Tob shell 796 - Engineering with brass(INTENT: HELP) (DAMTYPE: BRUTE) (NEWHP: 57) (105,142,1)
[20:27:10]ATTACK: cogscarab (733)(firesho) attacked Tob shell 796 - Engineering with brass(INTENT: HELP) (DAMTYPE: BRUTE) (NEWHP: 56) (105,142,1)
[20:27:11]ATTACK: cogscarab (733)(firesho) attacked Tob shell 796 - Engineering with brass(INTENT: HELP) (DAMTYPE: BRUTE) (NEWHP: 55) (105,142,1)
[20:27:12]ATTACK: cogscarab (733)(firesho) attacked Tob shell 796 - Engineering with brass(INTENT: HELP) (DAMTYPE: BRUTE) (NEWHP: 54) (105,142,1)
[20:27:13]ATTACK: cogscarab (733)(firesho) attacked Tob shell 796 - Engineering with brass(INTENT: HELP) (DAMTYPE: BRUTE) (NEWHP: 53) (105,142,1)
[20:27:14]ATTACK: cogscarab (733)(firesho) attacked Tob shell 796 - Engineering with brass(INTENT: HELP) (DAMTYPE: BRUTE) (NEWHP: 52) (105,142,1)
[20:27:15]ATTACK: cogscarab (733)(firesho) attacked Tob shell 796 - Engineering with brass(INTENT: HELP) (DAMTYPE: BRUTE) (NEWHP: 51) (105,142,1)
[20:27:16]ATTACK: cogscarab (733)(firesho) attacked Tob shell 796 - Engineering with brass(INTENT: HELP) (DAMTYPE: BRUTE) (NEWHP: 50) (105,142,1)
[20:27:17]ATTACK: cogscarab (733)(firesho) attacked Tob shell 796 - Engineering with brass(INTENT: HELP) (DAMTYPE: BRUTE) (NEWHP: 49) (105,142,1)
[20:27:18]ATTACK: cogscarab (733)(firesho) attacked Tob shell 796 - Engineering with brass(INTENT: HELP) (DAMTYPE: BRUTE) (NEWHP: 48) (105,142,1)
[20:27:19]ATTACK: cogscarab (733)(firesho) attacked Tob shell 796 - Engineering with brass(INTENT: HELP) (DAMTYPE: BRUTE) (NEWHP: 47) (105,142,1)
[20:27:20]ATTACK: cogscarab (733)(firesho) attacked Tob shell 796 - Engineering with brass(INTENT: HELP) (DAMTYPE: BRUTE) (NEWHP: 46) (105,142,1)
[20:27:21]ATTACK: cogscarab (733)(firesho) attacked Tob shell 796 - Engineering with brass(INTENT: HELP) (DAMTYPE: BRUTE) (NEWHP: 45) (105,142,1)
[20:27:22]ATTACK: cogscarab (733)(firesho) attacked Tob shell 796 - Engineering with brass(INTENT: HELP) (DAMTYPE: BRUTE) (NEWHP: 44) (105,142,1)
[20:27:22]ATTACK: cogscarab (733)(firesho) attacked Tob shell 796 - Engineering with brass(INTENT: HELP) (DAMTYPE: BRUTE) (NEWHP: 43) (105,142,1)
[20:27:23]ATTACK: cogscarab (733)(firesho) attacked Tob shell 796 - Engineering with brass(INTENT: HELP) (DAMTYPE: BRUTE) (NEWHP: 42) (105,142,1)
[20:27:30]ATTACK: cogscarab (733)(firesho) attacked Tob shell 796 - Engineering with brass(INTENT: HELP) (DAMTYPE: BRUTE) (NEWHP: 41) (105,142,1)
[20:27:30]ATTACK: cogscarab (733)(firesho) attacked Tob shell 796 - Engineering with brass(INTENT: HELP) (DAMTYPE: BRUTE) (NEWHP: 40) (105,142,1)
[20:27:31]ATTACK: cogscarab (733)(firesho) attacked Tob shell 796 - Engineering with brass(INTENT: HELP) (DAMTYPE: BRUTE) (NEWHP: 39) (105,142,1)
[20:27:32]ATTACK: cogscarab (733)(firesho) attacked Tob shell 796 - Engineering with brass(INTENT: HELP) (DAMTYPE: BRUTE) (NEWHP: 38) (105,142,1)
[20:27:33]ATTACK: cogscarab (733)(firesho) attacked Tob shell 796 - Engineering with brass(INTENT: HELP) (DAMTYPE: BRUTE) (NEWHP: 37) (105,142,1)
[20:27:34]ATTACK: cogscarab (733)(firesho) attacked Tob shell 796 - Engineering with brass(INTENT: HELP) (DAMTYPE: BRUTE) (NEWHP: 36) (105,142,1)
[20:27:35]ATTACK: cogscarab (733)(firesho) attacked Tob shell 796 - Engineering with brass(INTENT: HELP) (DAMTYPE: BRUTE) (NEWHP: 35) (105,142,1)
[20:27:36]ATTACK: cogscarab (733)(firesho) attacked Tob shell 796 - Engineering with brass(INTENT: HELP) (DAMTYPE: BRUTE) (NEWHP: 34) (105,142,1)
[20:27:37]ATTACK: cogscarab (733)(firesho) attacked Tob shell 796 - Engineering with brass(INTENT: HELP) (DAMTYPE: BRUTE) (NEWHP: 33) (105,142,1)
[20:27:38]ATTACK: cogscarab (733)(firesho) attacked Tob shell 796 - Engineering with brass(INTENT: HELP) (DAMTYPE: BRUTE) (NEWHP: 32) (105,142,1)
[20:27:38]ATTACK: cogscarab (733)(firesho) attacked Tob shell 796 - Engineering with brass(INTENT: HELP) (DAMTYPE: BRUTE) (NEWHP: 31) (105,142,1)
[20:27:39]ATTACK: cogscarab (733)(firesho) attacked Tob shell 796 - Engineering with brass(INTENT: HELP) (DAMTYPE: BRUTE) (NEWHP: 30) (105,142,1)
[20:27:40]ATTACK: cogscarab (733)(firesho) attacked Tob shell 796 - Engineering with brass(INTENT: HELP) (DAMTYPE: BRUTE) (NEWHP: 29) (105,142,1)
[20:27:41]ATTACK: cogscarab (733)(firesho) attacked Tob shell 796 - Engineering with brass(INTENT: HELP) (DAMTYPE: BRUTE) (NEWHP: 28) (105,142,1)
[20:27:42]ATTACK: cogscarab (733)(firesho) attacked Tob shell 796 - Engineering with brass(INTENT: HELP) (DAMTYPE: BRUTE) (NEWHP: 27) (105,142,1)
[20:27:43]ATTACK: cogscarab (733)(firesho) attacked Tob shell 796 - Engineering with brass(INTENT: HELP) (DAMTYPE: BRUTE) (NEWHP: 26) (105,142,1)
[20:27:44]ATTACK: cogscarab (733)(firesho) attacked Tob shell 796 - Engineering with brass(INTENT: HELP) (DAMTYPE: BRUTE) (NEWHP: 25) (105,142,1)
[20:27:45]ATTACK: cogscarab (733)(firesho) attacked Tob shell 796 - Engineering with brass(INTENT: HELP) (DAMTYPE: BRUTE) (NEWHP: 24) (105,142,1)
[20:27:46]ATTACK: cogscarab (733)(firesho) attacked Tob shell 796 - Engineering with brass(INTENT: HELP) (DAMTYPE: BRUTE) (NEWHP: 23) (105,142,1)
[20:27:47]ATTACK: cogscarab (733)(firesho) attacked Tob shell 796 - Engineering with brass(INTENT: HELP) (DAMTYPE: BRUTE) (NEWHP: 22) (105,142,1)
[20:27:48]ATTACK: cogscarab (733)(firesho) attacked Tob shell 796 - Engineering with brass(INTENT: HELP) (DAMTYPE: BRUTE) (NEWHP: 21) (105,142,1)
[20:27:49]ATTACK: cogscarab (733)(firesho) attacked Tob shell 796 - Engineering with brass(INTENT: HELP) (DAMTYPE: BRUTE) (NEWHP: 20) (105,142,1)
[20:27:49]ATTACK: cogscarab (733)(firesho) attacked Tob shell 796 - Engineering with brass(INTENT: HELP) (DAMTYPE: BRUTE) (NEWHP: 19) (105,142,1)
[20:27:50]ATTACK: cogscarab (733)(firesho) attacked Tob shell 796 - Engineering with brass(INTENT: HELP) (DAMTYPE: BRUTE) (NEWHP: 18) (105,142,1)
[20:27:51]ATTACK: cogscarab (733)(firesho) attacked Tob shell 796 - Engineering with brass(INTENT: HELP) (DAMTYPE: BRUTE) (NEWHP: 17) (105,142,1)
[20:27:52]ATTACK: cogscarab (733)(firesho) attacked Tob shell 796 - Engineering with brass(INTENT: HELP) (DAMTYPE: BRUTE) (NEWHP: 16) (105,142,1)
[20:27:53]ATTACK: cogscarab (733)(firesho) attacked Tob shell 796 - Engineering with brass(INTENT: HELP) (DAMTYPE: BRUTE) (NEWHP: 15) (105,142,1)
[20:27:54]ATTACK: cogscarab (733)(firesho) attacked Tob shell 796 - Engineering with brass(INTENT: HELP) (DAMTYPE: BRUTE) (NEWHP: 14) (105,142,1)
[20:28:13]ATTACK: hierophant struck with a vortex blast goliath with  (NEWHP: 280) (161,216,5)
[20:28:13]ATTACK: goliath attacked hierophant with  (NEWHP: 2486) (160,216,5)
[20:28:13]ATTACK: hierophant attacked goliath with  (NEWHP: 280) (161,216,5)
[20:28:14]ATTACK: hierophant struck with a vortex blast goliath with  (NEWHP: 245) (161,216,5)
[20:28:14]ATTACK: hierophant struck with a vortex blast goliath with  (NEWHP: 225) (161,216,5)
[20:28:15]ATTACK: goliath attacked hierophant with  (NEWHP: 2461) (160,216,5)
[20:28:15]ATTACK: hierophant attacked goliath with  (NEWHP: 225) (161,216,5)
[20:28:16]ATTACK: hierophant struck with a vortex blast goliath with  (NEWHP: 190) (161,216,5)
[20:28:17]ATTACK: goliath attacked hierophant with  (NEWHP: 2436) (160,216,5)
[20:28:17]ATTACK: hierophant attacked goliath with  (NEWHP: 190) (161,216,5)
[20:28:18]ATTACK: hierophant struck with a vortex blast goliath with  (NEWHP: 155) (161,216,5)
[20:28:18]ATTACK: hierophant struck with a vortex blast goliath with  (NEWHP: 135) (161,216,5)
[20:28:19]ATTACK: goliath attacked hierophant with  (NEWHP: 2411) (160,216,5)
[20:28:19]ATTACK: hierophant attacked goliath with  (NEWHP: 135) (161,216,5)
[20:28:20]ATTACK: hierophant struck with a vortex blast goliath with  (NEWHP: 100) (161,216,5)
[20:28:21]ATTACK: goliath attacked hierophant with  (NEWHP: 2386) (160,216,5)
[20:28:21]ATTACK: hierophant attacked goliath with  (NEWHP: 100) (161,216,5)
[20:28:22]ATTACK: hierophant struck with a vortex blast goliath with  (NEWHP: 65) (161,216,5)
[20:28:22]ATTACK: hierophant struck with a vortex blast goliath with  (NEWHP: 45) (161,216,5)
[20:28:22]ATTACK: hierophant struck with a vortex blast goliath with  (NEWHP: 25) (161,216,5)
[20:28:23]ATTACK: goliath attacked hierophant with  (NEWHP: 2361) (160,216,5)
[20:28:23]ATTACK: hierophant attacked goliath with  (NEWHP: 25) (161,216,5)
[20:28:24]ATTACK: hierophant struck with a vortex blast goliath with  (NEWHP: 0) (161,216,5)
[20:28:25]ATTACK: hierophant attacked goliath with  (NEWHP: 0) (161,216,5)
[20:28:30]ATTACK: hierophant struck with a vortex blast legion with  (NEWHP: 55) (149,219,5)
[20:28:36]ATTACK: hierophant struck with a vortex blast legion with  (NEWHP: 0) 
[20:28:40]ATTACK: hierophant attacked Unknown with  (NEWHP: -466.67) (147,218,5)
[20:41:56]ATTACK: cogscarab (733)(firesho) attacked Tob shell 796 - Engineering with supermatter sword(INTENT: HELP) (DAMTYPE: BRUTE) (NEWHP: 13.999) (106,142,1)
[20:45:59]ATTACK: cogscarab (733)(firesho) attacked Poly with supermatter sword(INTENT: HELP) (DAMTYPE: BRUTE) (NEWHP: 79.999) (119,80,1)
[20:51:07]ATTACK: NON-EXISTENT USER shot cogscarab (733)(firesho) with The electrode (NEWHP: 50) (150,33,1)
[20:51:09]ATTACK: NON-EXISTENT USER shot cogscarab (733)(firesho) with The electrode (NEWHP: 50) (150,33,1)
[20:51:11]ATTACK: NON-EXISTENT USER shot cogscarab (733)(firesho) with The electrode (NEWHP: 50) (150,33,1)
[20:51:13]ATTACK: NON-EXISTENT USER shot cogscarab (733)(firesho) with The electrode (NEWHP: 50) (150,33,1)
[20:51:15]ATTACK: NON-EXISTENT USER shot cogscarab (733)(firesho) with The electrode (NEWHP: 50) (150,33,1)
[20:51:37]ATTACK: NON-EXISTENT USER shot cogscarab (733)(firesho) with The electrode (NEWHP: 50) (149,35,1)
[20:51:39]ATTACK: NON-EXISTENT USER shot cogscarab (733)(firesho) with The electrode (NEWHP: 50) (149,35,1)
[20:51:39]ATTACK: NON-EXISTENT USER shot cogscarab (733)(firesho) with The electrode (NEWHP: 50) (149,35,1)
[20:51:41]ATTACK: NON-EXISTENT USER shot cogscarab (733)(firesho) with The electrode (NEWHP: 50) (149,35,1)
[20:51:41]ATTACK: NON-EXISTENT USER shot cogscarab (733)(firesho) with The electrode (NEWHP: 50) (149,35,1)
[20:52:35]ATTACK: NON-EXISTENT USER shot cogscarab (733)(firesho) with The electrode (NEWHP: 50) (150,35,1)
[20:52:36]ATTACK: NON-EXISTENT USER shot cogscarab (733)(firesho) with The electrode (NEWHP: 50) (150,35,1)
[20:52:39]ATTACK: NON-EXISTENT USER shot cogscarab (733)(firesho) with The electrode (NEWHP: 50) (150,35,1)
[20:52:41]ATTACK: NON-EXISTENT USER shot cogscarab (733)(firesho) with The electrode (NEWHP: 50) (150,35,1)
[20:52:43]ATTACK: NON-EXISTENT USER shot cogscarab (733)(firesho) with The electrode (NEWHP: 50) (150,35,1)
[20:53:42]ATTACK: hierophant struck with a vortex blast legion with  (NEWHP: 55) (152,211,5)
[20:53:42]ATTACK: hierophant struck with a vortex blast legion with  (NEWHP: 0) 
[20:53:47]ATTACK: legion attacked hierophant with  (NEWHP: 2500) (153,212,5)
[20:53:48]ATTACK: hierophant struck with a vortex blast legion with  (NEWHP: 35) (150,212,5)
[20:53:48]ATTACK: hierophant struck with a vortex blast legion with  (NEWHP: 0) 
[20:53:49]ATTACK: legion attacked hierophant with  (NEWHP: 2488) (153,212,5)
[20:53:51]ATTACK: legion attacked hierophant with  (NEWHP: 2476) (153,212,5)
[20:53:51]ATTACK: hierophant attacked legion with  (NEWHP: 5) (152,212,5)
[20:53:53]ATTACK: hierophant struck with a vortex blast legion with  (NEWHP: 0) 
[20:53:56]ATTACK: legion attacked hierophant with  (NEWHP: 2464.5) (153,212,5)
[20:53:57]ATTACK: hierophant struck with a vortex blast legion with  (NEWHP: 0) 
[20:53:58]ATTACK: hierophant struck with a vortex blast legion with  (NEWHP: 0) 
[20:53:58]ATTACK: hierophant struck with a vortex blast legion with  (NEWHP: 15) (149,212,5)
[20:53:59]ATTACK: hierophant struck with a vortex blast legion with  (NEWHP: 0) 
[20:53:59]ATTACK: hierophant struck with a vortex blast legion with  (NEWHP: 0) 
[20:54:05]ATTACK: hierophant attacked Unknown with  (NEWHP: -490) (149,212,5)
